#
# There is insufficient memory for the Java Runtime Environment to continue.
# Native memory allocation (mmap) failed to map 284164096 bytes for G1 virtual space
# Possible reasons:
#   The system is out of physical RAM or swap space
#   The process is running with CompressedOops enabled, and the Java Heap may be blocking the growth of the native heap
# Possible solutions:
#   Reduce memory load on the system
#   Increase physical memory or swap space
#   Check if swap backing store is full
#   Decrease Java heap size (-Xmx/-Xms)
#   Decrease number of Java threads
#   Decrease Java thread stack sizes (-Xss)
#   Set larger code cache with -XX:ReservedCodeCacheSize=
#   JVM is running with Unscaled Compressed Oops mode in which the Java heap is
#     placed in the first 4GB address space. The Java Heap base address is the
#     maximum limit for the native heap growth. Please use -XX:HeapBaseMinAddress
#     to set the Java Heap base and to place the Java Heap above 4GB virtual address.
# This output file may be truncated or incomplete.
#
#  Out of Memory Error (os_windows.cpp:3825), pid=4144, tid=12620
#
# JRE version: OpenJDK Runtime Environment (17.0.9) (build 17.0.9+0--11185874)
# Java VM: OpenJDK 64-Bit Server VM (17.0.9+0--11185874, mixed mode, tiered, compressed oops, compressed class ptrs, g1 gc, windows-amd64)
# No core dump will be written. Minidumps are not enabled by default on client versions of Windows
#

---------------  S U M M A R Y ------------

Command Line: --add-opens=java.base/java.util=ALL-UNNAMED --add-opens=java.base/java.lang=ALL-UNNAMED --add-opens=java.base/java.lang.invoke=ALL-UNNAMED --add-opens=java.prefs/java.util.prefs=ALL-UNNAMED --add-opens=java.base/java.nio.charset=ALL-UNNAMED --add-opens=java.base/java.net=ALL-UNNAMED --add-opens=java.base/java.util.concurrent.atomic=ALL-UNNAMED -Xmx2048m -Dfile.encoding=UTF-8 -Duser.country=IN -Duser.language=en -Duser.variant -javaagent:C:\Users\a\.gradle\wrapper\dists\gradle-8.4-bin\1w5dpkrfk8irigvoxmyhowfim\gradle-8.4\lib\agents\gradle-instrumentation-agent-8.4.jar org.gradle.launcher.daemon.bootstrap.GradleDaemon 8.4

Host: 11th Gen Intel(R) Core(TM) i5-1135G7 @ 2.40GHz, 8 cores, 7G,  Windows 10 , 64 bit Build 19041 (10.0.19041.4717)
Time: Tue Sep  3 22:00:24 2024 India Standard Time elapsed time: 7.274467 seconds (0d 0h 0m 7s)

---------------  T H R E A D  ---------------

Current thread (0x00000206aedbe3f0):  VMThread "VM Thread" [stack: 0x000000a3c2b00000,0x000000a3c2c00000] [id=12620]

Stack: [0x000000a3c2b00000,0x000000a3c2c00000]
Native frames: (J=compiled Java code, j=interpreted, Vv=VM code, C=native code)
V  [jvm.dll+0x6886e9]
V  [jvm.dll+0x841e4a]
V  [jvm.dll+0x843a8e]
V  [jvm.dll+0x8440f3]
V  [jvm.dll+0x24c14f]
V  [jvm.dll+0x685499]
V  [jvm.dll+0x679c2a]
V  [jvm.dll+0x30cf9b]
V  [jvm.dll+0x314446]
V  [jvm.dll+0x36425e]
V  [jvm.dll+0x36448f]
V  [jvm.dll+0x2e2d68]
V  [jvm.dll+0x2e0f44]
V  [jvm.dll+0x2e054c]
V  [jvm.dll+0x3253fb]
V  [jvm.dll+0x8487eb]
V  [jvm.dll+0x849531]
V  [jvm.dll+0x849a4d]
V  [jvm.dll+0x849e24]
V  [jvm.dll+0x849ef0]
V  [jvm.dll+0x7f06aa]
V  [jvm.dll+0x687565]
C  [ucrtbase.dll+0x21bb2]
C  [KERNEL32.DLL+0x17374]
C  [ntdll.dll+0x4cc91]

VM_Operation (0x000000a3c44f1610): G1CollectForAllocation, mode: safepoint, requested by thread 0x00000206b3c480d0


---------------  P R O C E S S  ---------------

Threads class SMR info:
_java_thread_list=0x00000206b9603340, length=52, elements={
0x0000020692f5eb30, 0x00000206aeda4520, 0x00000206aedaa620, 0x00000206b3039b20,
0x00000206b303c400, 0x00000206b30339a0, 0x00000206b3034270, 0x00000206b3034e70,
0x00000206b3035780, 0x00000206b304ad10, 0x00000206aed42b40, 0x00000206b32f6590,
0x00000206b4f8e230, 0x00000206b3c471a0, 0x00000206b3c476b0, 0x00000206b3c4a950,
0x00000206b3c47bc0, 0x00000206b3c49000, 0x00000206b3c480d0, 0x00000206b3c49a20,
0x00000206b3c48af0, 0x00000206b3c49510, 0x00000206b54b9ed0, 0x00000206b54b8a90,
0x00000206b54ba8f0, 0x00000206b54bae00, 0x00000206b54b99c0, 0x00000206b54b8070,
0x00000206b54b8580, 0x00000206b555f530, 0x00000206b5565050, 0x00000206b5560e80,
0x00000206b5563c10, 0x00000206b555fa40, 0x00000206b555ff50, 0x00000206b5561db0,
0x00000206b5560460, 0x00000206b55618a0, 0x00000206b5565560, 0x00000206b5564120,
0x00000206b55631f0, 0x00000206b8e647d0, 0x00000206b8e638a0, 0x00000206b8e63db0,
0x00000206b8e62e80, 0x00000206b8e64ce0, 0x00000206b8e642c0, 0x00000206b8e62460,
0x00000206b8e63390, 0x00000206b8e651f0, 0x00000206b8e65700, 0x00000206b8d91080
}

Java Threads: ( => current thread )
  0x0000020692f5eb30 JavaThread "main" [_thread_blocked, id=17312, stack(0x000000a3c2500000,0x000000a3c2600000)]
  0x00000206aeda4520 JavaThread "Reference Handler" daemon [_thread_blocked, id=3120, stack(0x000000a3c2c00000,0x000000a3c2d00000)]
  0x00000206aedaa620 JavaThread "Finalizer" daemon [_thread_blocked, id=8128, stack(0x000000a3c2d00000,0x000000a3c2e00000)]
  0x00000206b3039b20 JavaThread "Signal Dispatcher" daemon [_thread_blocked, id=3896, stack(0x000000a3c2e00000,0x000000a3c2f00000)]
  0x00000206b303c400 JavaThread "Attach Listener" daemon [_thread_blocked, id=13576, stack(0x000000a3c2f00000,0x000000a3c3000000)]
  0x00000206b30339a0 JavaThread "Service Thread" daemon [_thread_blocked, id=15876, stack(0x000000a3c3000000,0x000000a3c3100000)]
  0x00000206b3034270 JavaThread "Monitor Deflation Thread" daemon [_thread_blocked, id=9036, stack(0x000000a3c3100000,0x000000a3c3200000)]
  0x00000206b3034e70 JavaThread "C2 CompilerThread0" daemon [_thread_blocked, id=13776, stack(0x000000a3c3200000,0x000000a3c3300000)]
  0x00000206b3035780 JavaThread "C1 CompilerThread0" daemon [_thread_blocked, id=14600, stack(0x000000a3c3300000,0x000000a3c3400000)]
  0x00000206b304ad10 JavaThread "Sweeper thread" daemon [_thread_blocked, id=12188, stack(0x000000a3c3400000,0x000000a3c3500000)]
  0x00000206aed42b40 JavaThread "Common-Cleaner" daemon [_thread_blocked, id=6036, stack(0x000000a3c3500000,0x000000a3c3600000)]
  0x00000206b32f6590 JavaThread "Notification Thread" daemon [_thread_blocked, id=14072, stack(0x000000a3c3600000,0x000000a3c3700000)]
  0x00000206b4f8e230 JavaThread "Daemon health stats" [_thread_blocked, id=15116, stack(0x000000a3c3e00000,0x000000a3c3f00000)]
  0x00000206b3c471a0 JavaThread "Incoming local TCP Connector on port 58487" [_thread_in_native, id=14784, stack(0x000000a3c3f00000,0x000000a3c4000000)]
  0x00000206b3c476b0 JavaThread "Daemon periodic checks" [_thread_blocked, id=7952, stack(0x000000a3c4000000,0x000000a3c4100000)]
  0x00000206b3c4a950 JavaThread "Daemon" [_thread_blocked, id=17436, stack(0x000000a3c4100000,0x000000a3c4200000)]
  0x00000206b3c47bc0 JavaThread "Handler for socket connection from /127.0.0.1:58487 to /127.0.0.1:58488" [_thread_in_native, id=14508, stack(0x000000a3c4200000,0x000000a3c4300000)]
  0x00000206b3c49000 JavaThread "Cancel handler" [_thread_blocked, id=15292, stack(0x000000a3c4300000,0x000000a3c4400000)]
  0x00000206b3c480d0 JavaThread "Daemon worker" [_thread_blocked, id=9612, stack(0x000000a3c4400000,0x000000a3c4500000)]
  0x00000206b3c49a20 JavaThread "Asynchronous log dispatcher for DefaultDaemonConnection: socket connection from /127.0.0.1:58487 to /127.0.0.1:58488" [_thread_blocked, id=12248, stack(0x000000a3c4500000,0x000000a3c4600000)]
  0x00000206b3c48af0 JavaThread "Stdin handler" [_thread_blocked, id=17904, stack(0x000000a3c4600000,0x000000a3c4700000)]
  0x00000206b3c49510 JavaThread "Daemon client event forwarder" [_thread_blocked, id=18080, stack(0x000000a3c4700000,0x000000a3c4800000)]
  0x00000206b54b9ed0 JavaThread "Cache worker for journal cache (C:\Users\a\.gradle\caches\journal-1)" [_thread_blocked, id=8292, stack(0x000000a3c4c00000,0x000000a3c4d00000)]
  0x00000206b54b8a90 JavaThread "File lock request listener" [_thread_in_native, id=15284, stack(0x000000a3c4d00000,0x000000a3c4e00000)]
  0x00000206b54ba8f0 JavaThread "Cache worker for file hash cache (C:\Users\a\.gradle\caches\8.4\fileHashes)" [_thread_blocked, id=16436, stack(0x000000a3c4e00000,0x000000a3c4f00000)]
  0x00000206b54bae00 JavaThread "File watcher server" daemon [_thread_blocked, id=11104, stack(0x000000a3c4f00000,0x000000a3c5000000)]
  0x00000206b54b99c0 JavaThread "File watcher consumer" daemon [_thread_blocked, id=144, stack(0x000000a3c5000000,0x000000a3c5100000)]
  0x00000206b54b8070 JavaThread "jar transforms" [_thread_blocked, id=5060, stack(0x000000a3c5100000,0x000000a3c5200000)]
  0x00000206b54b8580 JavaThread "jar transforms Thread 2" [_thread_blocked, id=17004, stack(0x000000a3c5200000,0x000000a3c5300000)]
  0x00000206b555f530 JavaThread "jar transforms Thread 3" [_thread_blocked, id=7660, stack(0x000000a3c5300000,0x000000a3c5400000)]
  0x00000206b5565050 JavaThread "jar transforms Thread 4" [_thread_blocked, id=3584, stack(0x000000a3c5400000,0x000000a3c5500000)]
  0x00000206b5560e80 JavaThread "jar transforms Thread 5" [_thread_blocked, id=1596, stack(0x000000a3c5500000,0x000000a3c5600000)]
  0x00000206b5563c10 JavaThread "jar transforms Thread 6" [_thread_blocked, id=1820, stack(0x000000a3c5600000,0x000000a3c5700000)]
  0x00000206b555fa40 JavaThread "jar transforms Thread 7" [_thread_blocked, id=16260, stack(0x000000a3c5700000,0x000000a3c5800000)]
  0x00000206b555ff50 JavaThread "jar transforms Thread 8" [_thread_blocked, id=12888, stack(0x000000a3c5800000,0x000000a3c5900000)]
  0x00000206b5561db0 JavaThread "Cache worker for checksums cache (C:\Users\a\AndroidStudioProjects\ItsMovieTime\.gradle\8.4\checksums)" [_thread_blocked, id=8436, stack(0x000000a3c5900000,0x000000a3c5a00000)]
  0x00000206b5560460 JavaThread "Cache worker for file hash cache (C:\Users\a\AndroidStudioProjects\ItsMovieTime\.gradle\8.4\fileHashes)" [_thread_blocked, id=9176, stack(0x000000a3c5a00000,0x000000a3c5b00000)]
  0x00000206b55618a0 JavaThread "Cache worker for cache directory md-supplier (C:\Users\a\.gradle\caches\8.4\md-supplier)" [_thread_blocked, id=6176, stack(0x000000a3c5d00000,0x000000a3c5e00000)]
  0x00000206b5565560 JavaThread "Cache worker for file content cache (C:\Users\a\.gradle\caches\8.4\fileContent)" [_thread_blocked, id=6108, stack(0x000000a3c5e00000,0x000000a3c5f00000)]
  0x00000206b5564120 JavaThread "Cache worker for cache directory md-rule (C:\Users\a\.gradle\caches\8.4\md-rule)" [_thread_blocked, id=18156, stack(0x000000a3c5f00000,0x000000a3c6000000)]
  0x00000206b55631f0 JavaThread "Cache worker for execution history cache (C:\Users\a\.gradle\caches\8.4\executionHistory)" [_thread_blocked, id=6636, stack(0x000000a3c6000000,0x000000a3c6100000)]
  0x00000206b8e647d0 JavaThread "Cache worker for kotlin-dsl (C:\Users\a\.gradle\caches\8.4\kotlin-dsl)" [_thread_blocked, id=7536, stack(0x000000a3c3d00000,0x000000a3c3e00000)]
  0x00000206b8e638a0 JavaThread "Cache worker for dependencies-accessors (C:\Users\a\AndroidStudioProjects\ItsMovieTime\.gradle\8.4\dependencies-accessors)" [_thread_blocked, id=18288, stack(0x000000a3c6100000,0x000000a3c6200000)]
  0x00000206b8e63db0 JavaThread "Cache worker for Build Output Cleanup Cache (C:\Users\a\AndroidStudioProjects\ItsMovieTime\.gradle\buildOutputCleanup)" [_thread_blocked, id=13744, stack(0x000000a3c6200000,0x000000a3c6300000)]
  0x00000206b8e62e80 JavaThread "Unconstrained build operations" [_thread_blocked, id=2528, stack(0x000000a3c6300000,0x000000a3c6400000)]
  0x00000206b8e64ce0 JavaThread "Unconstrained build operations Thread 2" [_thread_blocked, id=1860, stack(0x000000a3c6400000,0x000000a3c6500000)]
  0x00000206b8e642c0 JavaThread "Unconstrained build operations Thread 3" [_thread_blocked, id=12368, stack(0x000000a3c6500000,0x000000a3c6600000)]
  0x00000206b8e62460 JavaThread "Unconstrained build operations Thread 4" [_thread_blocked, id=1560, stack(0x000000a3c6600000,0x000000a3c6700000)]
  0x00000206b8e63390 JavaThread "Unconstrained build operations Thread 5" [_thread_blocked, id=17392, stack(0x000000a3c6700000,0x000000a3c6800000)]
  0x00000206b8e651f0 JavaThread "Unconstrained build operations Thread 6" [_thread_blocked, id=13772, stack(0x000000a3c6800000,0x000000a3c6900000)]
  0x00000206b8e65700 JavaThread "Unconstrained build operations Thread 7" [_thread_blocked, id=1592, stack(0x000000a3c6900000,0x000000a3c6a00000)]
  0x00000206b8d91080 JavaThread "C2 CompilerThread1" daemon [_thread_blocked, id=12104, stack(0x000000a3c3800000,0x000000a3c3900000)]

Other Threads:
=>0x00000206aedbe3f0 VMThread "VM Thread" [stack: 0x000000a3c2b00000,0x000000a3c2c00000] [id=12620]
  0x0000020692f5fa00 WatcherThread [stack: 0x000000a3c3700000,0x000000a3c3800000] [id=16564]
  0x0000020692fbb7a0 GCTaskThread "GC Thread#0" [stack: 0x000000a3c2600000,0x000000a3c2700000] [id=11800]
  0x00000206b41b3970 GCTaskThread "GC Thread#1" [stack: 0x000000a3c3900000,0x000000a3c3a00000] [id=10308]
  0x00000206b3e35e50 GCTaskThread "GC Thread#2" [stack: 0x000000a3c3a00000,0x000000a3c3b00000] [id=15080]
  0x00000206b371ec80 GCTaskThread "GC Thread#3" [stack: 0x000000a3c3b00000,0x000000a3c3c00000] [id=5356]
  0x00000206b430ebb0 GCTaskThread "GC Thread#4" [stack: 0x000000a3c3c00000,0x000000a3c3d00000] [id=8724]
  0x00000206b4f85f70 GCTaskThread "GC Thread#5" [stack: 0x000000a3c4800000,0x000000a3c4900000] [id=18388]
  0x00000206b65a1ce0 GCTaskThread "GC Thread#6" [stack: 0x000000a3c4900000,0x000000a3c4a00000] [id=15700]
  0x00000206b4624260 GCTaskThread "GC Thread#7" [stack: 0x000000a3c4a00000,0x000000a3c4b00000] [id=3104]
  0x0000020692fcc600 ConcurrentGCThread "G1 Main Marker" [stack: 0x000000a3c2700000,0x000000a3c2800000] [id=3700]
  0x0000020692fcd6d0 ConcurrentGCThread "G1 Conc#0" [stack: 0x000000a3c2800000,0x000000a3c2900000] [id=12052]
  0x00000206b55f5d10 ConcurrentGCThread "G1 Conc#1" [stack: 0x000000a3c4b00000,0x000000a3c4c00000] [id=12268]
  0x000002069301d640 ConcurrentGCThread "G1 Refine#0" [stack: 0x000000a3c2900000,0x000000a3c2a00000] [id=7580]
  0x00000206b77742c0 ConcurrentGCThread "G1 Refine#1" [stack: 0x000000a3c5b00000,0x000000a3c5c00000] [id=13112]
  0x00000206b77745b0 ConcurrentGCThread "G1 Refine#2" [stack: 0x000000a3c5c00000,0x000000a3c5d00000] [id=15656]
  0x00000206aec0e120 ConcurrentGCThread "G1 Service" [stack: 0x000000a3c2a00000,0x000000a3c2b00000] [id=1524]

Threads with active compile tasks:

VM state: at safepoint (normal execution)

VM Mutex/Monitor currently owned by a thread:  ([mutex/lock_event])
[0x0000020692f59cd0] Threads_lock - owner thread: 0x00000206aedbe3f0
[0x0000020692f5a540] Heap_lock - owner thread: 0x00000206b3c480d0

Heap address: 0x0000000080000000, size: 2048 MB, Compressed Oops mode: 32-bit

CDS archive(s) not mapped
Compressed class space mapped at: 0x0000000100000000-0x0000000140000000, reserved size: 1073741824
Narrow klass base: 0x0000000000000000, Narrow klass shift: 3, Narrow klass range: 0x140000000

GC Precious Log:
 CPUs: 8 total, 8 available
 Memory: 7834M
 Large Page Support: Disabled
 NUMA Support: Disabled
 Compressed Oops: Enabled (32-bit)
 Heap Region Size: 1M
 Heap Min Capacity: 8M
 Heap Initial Capacity: 124M
 Heap Max Capacity: 2G
 Pre-touch: Disabled
 Parallel Workers: 8
 Concurrent Workers: 2
 Concurrent Refinement Workers: 8
 Periodic GC: Disabled

Heap:
 garbage-first heap   total 183296K, used 119500K [0x0000000080000000, 0x0000000100000000)
  region size 1024K, 6 young (6144K), 6 survivors (6144K)
 Metaspace       used 83149K, committed 83840K, reserved 1179648K
  class space    used 11582K, committed 11904K, reserved 1048576K

Heap Regions: E=young(eden), S=young(survivor), O=old, HS=humongous(starts), HC=humongous(continues), CS=collection set, F=free, OA=open archive, CA=closed archive, TAMS=top-at-mark-start (previous, next)
|   0|0x0000000080000000, 0x0000000080100000, 0x0000000080100000|100%|HS|  |TAMS 0x0000000080100000, 0x0000000080100000| Complete 
|   1|0x0000000080100000, 0x0000000080200000, 0x0000000080200000|100%|HC|  |TAMS 0x0000000080200000, 0x0000000080200000| Complete 
|   2|0x0000000080200000, 0x0000000080300000, 0x0000000080300000|100%|HC|  |TAMS 0x0000000080300000, 0x0000000080300000| Complete 
|   3|0x0000000080300000, 0x0000000080400000, 0x0000000080400000|100%|HC|  |TAMS 0x0000000080400000, 0x0000000080400000| Complete 
|   4|0x0000000080400000, 0x0000000080500000, 0x0000000080500000|100%| O|  |TAMS 0x0000000080500000, 0x0000000080500000| Untracked 
|   5|0x0000000080500000, 0x0000000080600000, 0x0000000080600000|100%| O|  |TAMS 0x0000000080600000, 0x0000000080600000| Untracked 
|   6|0x0000000080600000, 0x0000000080700000, 0x0000000080700000|100%| O|  |TAMS 0x0000000080700000, 0x0000000080700000| Untracked 
|   7|0x0000000080700000, 0x0000000080800000, 0x0000000080800000|100%| O|  |TAMS 0x0000000080800000, 0x0000000080800000| Untracked 
|   8|0x0000000080800000, 0x0000000080900000, 0x0000000080900000|100%| O|  |TAMS 0x0000000080900000, 0x0000000080900000| Untracked 
|   9|0x0000000080900000, 0x0000000080a00000, 0x0000000080a00000|100%|HS|  |TAMS 0x0000000080900000, 0x0000000080a00000| Complete 
|  10|0x0000000080a00000, 0x0000000080b00000, 0x0000000080b00000|100%| O|  |TAMS 0x0000000080a00000, 0x0000000080b00000| Untracked 
|  11|0x0000000080b00000, 0x0000000080c00000, 0x0000000080c00000|100%| O|  |TAMS 0x0000000080c00000, 0x0000000080c00000| Untracked 
|  12|0x0000000080c00000, 0x0000000080d00000, 0x0000000080d00000|100%| O|  |TAMS 0x0000000080d00000, 0x0000000080d00000| Untracked 
|  13|0x0000000080d00000, 0x0000000080e00000, 0x0000000080e00000|100%| O|  |TAMS 0x0000000080e00000, 0x0000000080e00000| Untracked 
|  14|0x0000000080e00000, 0x0000000080f00000, 0x0000000080f00000|100%| O|  |TAMS 0x0000000080f00000, 0x0000000080f00000| Untracked 
|  15|0x0000000080f00000, 0x0000000081000000, 0x0000000081000000|100%| O|  |TAMS 0x0000000081000000, 0x0000000081000000| Untracked 
|  16|0x0000000081000000, 0x0000000081100000, 0x0000000081100000|100%| O|  |TAMS 0x0000000081100000, 0x0000000081100000| Untracked 
|  17|0x0000000081100000, 0x0000000081200000, 0x0000000081200000|100%| O|  |TAMS 0x0000000081200000, 0x0000000081200000| Untracked 
|  18|0x0000000081200000, 0x0000000081300000, 0x0000000081300000|100%| O|  |TAMS 0x0000000081300000, 0x0000000081300000| Untracked 
|  19|0x0000000081300000, 0x0000000081400000, 0x0000000081400000|100%|HS|  |TAMS 0x0000000081400000, 0x0000000081400000| Complete 
|  20|0x0000000081400000, 0x0000000081500000, 0x0000000081500000|100%|HC|  |TAMS 0x0000000081500000, 0x0000000081500000| Complete 
|  21|0x0000000081500000, 0x0000000081600000, 0x0000000081600000|100%|HS|  |TAMS 0x0000000081600000, 0x0000000081600000| Complete 
|  22|0x0000000081600000, 0x0000000081700000, 0x0000000081700000|100%|HC|  |TAMS 0x0000000081700000, 0x0000000081700000| Complete 
|  23|0x0000000081700000, 0x0000000081800000, 0x0000000081800000|100%|HC|  |TAMS 0x0000000081800000, 0x0000000081800000| Complete 
|  24|0x0000000081800000, 0x0000000081900000, 0x0000000081900000|100%|HS|  |TAMS 0x0000000081900000, 0x0000000081900000| Complete 
|  25|0x0000000081900000, 0x0000000081a00000, 0x0000000081a00000|100%|HC|  |TAMS 0x0000000081a00000, 0x0000000081a00000| Complete 
|  26|0x0000000081a00000, 0x0000000081b00000, 0x0000000081b00000|100%|HC|  |TAMS 0x0000000081b00000, 0x0000000081b00000| Complete 
|  27|0x0000000081b00000, 0x0000000081c00000, 0x0000000081c00000|100%|HS|  |TAMS 0x0000000081c00000, 0x0000000081c00000| Complete 
|  28|0x0000000081c00000, 0x0000000081d00000, 0x0000000081d00000|100%|HC|  |TAMS 0x0000000081d00000, 0x0000000081d00000| Complete 
|  29|0x0000000081d00000, 0x0000000081e00000, 0x0000000081e00000|100%|HC|  |TAMS 0x0000000081e00000, 0x0000000081e00000| Complete 
|  30|0x0000000081e00000, 0x0000000081f00000, 0x0000000081f00000|100%| O|  |TAMS 0x0000000081f00000, 0x0000000081f00000| Untracked 
|  31|0x0000000081f00000, 0x0000000082000000, 0x0000000082000000|100%| O|  |TAMS 0x0000000082000000, 0x0000000082000000| Untracked 
|  32|0x0000000082000000, 0x0000000082100000, 0x0000000082100000|100%| O|  |TAMS 0x0000000082100000, 0x0000000082100000| Untracked 
|  33|0x0000000082100000, 0x0000000082200000, 0x0000000082200000|100%| O|  |TAMS 0x0000000082200000, 0x0000000082200000| Untracked 
|  34|0x0000000082200000, 0x0000000082300000, 0x0000000082300000|100%| O|  |TAMS 0x0000000082300000, 0x0000000082300000| Untracked 
|  35|0x0000000082300000, 0x0000000082400000, 0x0000000082400000|100%| O|  |TAMS 0x0000000082400000, 0x0000000082400000| Untracked 
|  36|0x0000000082400000, 0x0000000082500000, 0x0000000082500000|100%| O|  |TAMS 0x0000000082500000, 0x0000000082500000| Untracked 
|  37|0x0000000082500000, 0x0000000082600000, 0x0000000082600000|100%| O|  |TAMS 0x0000000082600000, 0x0000000082600000| Untracked 
|  38|0x0000000082600000, 0x0000000082700000, 0x0000000082700000|100%| O|  |TAMS 0x0000000082700000, 0x0000000082700000| Untracked 
|  39|0x0000000082700000, 0x0000000082800000, 0x0000000082800000|100%| O|  |TAMS 0x0000000082800000, 0x0000000082800000| Untracked 
|  40|0x0000000082800000, 0x0000000082900000, 0x0000000082900000|100%| O|  |TAMS 0x0000000082900000, 0x0000000082900000| Untracked 
|  41|0x0000000082900000, 0x0000000082a00000, 0x0000000082a00000|100%| O|  |TAMS 0x0000000082a00000, 0x0000000082a00000| Untracked 
|  42|0x0000000082a00000, 0x0000000082b00000, 0x0000000082b00000|100%| O|  |TAMS 0x0000000082b00000, 0x0000000082b00000| Untracked 
|  43|0x0000000082b00000, 0x0000000082c00000, 0x0000000082c00000|100%| O|  |TAMS 0x0000000082b00000, 0x0000000082c00000| Untracked 
|  44|0x0000000082c00000, 0x0000000082d00000, 0x0000000082d00000|100%|HS|  |TAMS 0x0000000082d00000, 0x0000000082d00000| Complete 
|  45|0x0000000082d00000, 0x0000000082e00000, 0x0000000082e00000|100%|HC|  |TAMS 0x0000000082e00000, 0x0000000082e00000| Complete 
|  46|0x0000000082e00000, 0x0000000082f00000, 0x0000000082f00000|100%|HC|  |TAMS 0x0000000082f00000, 0x0000000082f00000| Complete 
|  47|0x0000000082f00000, 0x0000000083000000, 0x0000000083000000|100%| O|  |TAMS 0x0000000083000000, 0x0000000083000000| Untracked 
|  48|0x0000000083000000, 0x0000000083100000, 0x0000000083100000|100%| O|  |TAMS 0x0000000083100000, 0x0000000083100000| Untracked 
|  49|0x0000000083100000, 0x0000000083200000, 0x0000000083200000|100%| O|  |TAMS 0x0000000083200000, 0x0000000083200000| Untracked 
|  50|0x0000000083200000, 0x0000000083300000, 0x0000000083300000|100%| O|  |TAMS 0x0000000083300000, 0x0000000083300000| Untracked 
|  51|0x0000000083300000, 0x0000000083400000, 0x0000000083400000|100%| O|  |TAMS 0x0000000083400000, 0x0000000083400000| Untracked 
|  52|0x0000000083400000, 0x0000000083500000, 0x0000000083500000|100%| O|  |TAMS 0x0000000083500000, 0x0000000083500000| Untracked 
|  53|0x0000000083500000, 0x0000000083600000, 0x0000000083600000|100%| O|  |TAMS 0x0000000083600000, 0x0000000083600000| Untracked 
|  54|0x0000000083600000, 0x0000000083700000, 0x0000000083700000|100%| O|  |TAMS 0x0000000083700000, 0x0000000083700000| Untracked 
|  55|0x0000000083700000, 0x0000000083800000, 0x0000000083800000|100%| O|  |TAMS 0x0000000083800000, 0x0000000083800000| Untracked 
|  56|0x0000000083800000, 0x0000000083900000, 0x0000000083900000|100%| O|  |TAMS 0x0000000083900000, 0x0000000083900000| Untracked 
|  57|0x0000000083900000, 0x0000000083a00000, 0x0000000083a00000|100%| O|  |TAMS 0x0000000083a00000, 0x0000000083a00000| Untracked 
|  58|0x0000000083a00000, 0x0000000083b00000, 0x0000000083b00000|100%| O|  |TAMS 0x0000000083b00000, 0x0000000083b00000| Untracked 
|  59|0x0000000083b00000, 0x0000000083c00000, 0x0000000083c00000|100%| O|  |TAMS 0x0000000083c00000, 0x0000000083c00000| Untracked 
|  60|0x0000000083c00000, 0x0000000083d00000, 0x0000000083d00000|100%| O|  |TAMS 0x0000000083d00000, 0x0000000083d00000| Untracked 
|  61|0x0000000083d00000, 0x0000000083e00000, 0x0000000083e00000|100%| O|  |TAMS 0x0000000083e00000, 0x0000000083e00000| Untracked 
|  62|0x0000000083e00000, 0x0000000083f00000, 0x0000000083f00000|100%| O|  |TAMS 0x0000000083f00000, 0x0000000083f00000| Untracked 
|  63|0x0000000083f00000, 0x0000000084000000, 0x0000000084000000|100%| O|  |TAMS 0x0000000084000000, 0x0000000084000000| Untracked 
|  64|0x0000000084000000, 0x0000000084100000, 0x0000000084100000|100%| O|  |TAMS 0x0000000084100000, 0x0000000084100000| Untracked 
|  65|0x0000000084100000, 0x0000000084200000, 0x0000000084200000|100%| O|  |TAMS 0x0000000084200000, 0x0000000084200000| Untracked 
|  66|0x0000000084200000, 0x0000000084300000, 0x0000000084300000|100%| O|  |TAMS 0x0000000084200000, 0x0000000084300000| Untracked 
|  67|0x0000000084300000, 0x0000000084400000, 0x0000000084400000|100%| O|  |TAMS 0x0000000084300000, 0x0000000084400000| Untracked 
|  68|0x0000000084400000, 0x0000000084500000, 0x0000000084500000|100%| O|  |TAMS 0x0000000084400000, 0x0000000084500000| Untracked 
|  69|0x0000000084500000, 0x0000000084600000, 0x0000000084600000|100%| O|  |TAMS 0x0000000084500000, 0x0000000084600000| Untracked 
|  70|0x0000000084600000, 0x0000000084700000, 0x0000000084700000|100%| O|  |TAMS 0x0000000084600000, 0x0000000084700000| Untracked 
|  71|0x0000000084700000, 0x0000000084800000, 0x0000000084800000|100%| O|  |TAMS 0x0000000084700000, 0x0000000084800000| Untracked 
|  72|0x0000000084800000, 0x0000000084900000, 0x0000000084900000|100%| O|  |TAMS 0x0000000084900000, 0x0000000084900000| Untracked 
|  73|0x0000000084900000, 0x0000000084a00000, 0x0000000084a00000|100%| O|  |TAMS 0x0000000084a00000, 0x0000000084a00000| Untracked 
|  74|0x0000000084a00000, 0x0000000084b00000, 0x0000000084b00000|100%| O|  |TAMS 0x0000000084b00000, 0x0000000084b00000| Untracked 
|  75|0x0000000084b00000, 0x0000000084c00000, 0x0000000084c00000|100%| O|  |TAMS 0x0000000084c00000, 0x0000000084c00000| Untracked 
|  76|0x0000000084c00000, 0x0000000084d00000, 0x0000000084d00000|100%| O|  |TAMS 0x0000000084d00000, 0x0000000084d00000| Untracked 
|  77|0x0000000084d00000, 0x0000000084e00000, 0x0000000084e00000|100%| O|  |TAMS 0x0000000084e00000, 0x0000000084e00000| Untracked 
|  78|0x0000000084e00000, 0x0000000084f00000, 0x0000000084f00000|100%| O|  |TAMS 0x0000000084e43c00, 0x0000000084f00000| Untracked 
|  79|0x0000000084f00000, 0x0000000085000000, 0x0000000085000000|100%| O|  |TAMS 0x0000000084f00000, 0x0000000085000000| Untracked 
|  80|0x0000000085000000, 0x0000000085100000, 0x0000000085100000|100%| O|  |TAMS 0x0000000085000000, 0x0000000085100000| Untracked 
|  81|0x0000000085100000, 0x0000000085200000, 0x0000000085200000|100%| O|  |TAMS 0x0000000085100000, 0x0000000085200000| Untracked 
|  82|0x0000000085200000, 0x0000000085300000, 0x0000000085300000|100%| O|  |TAMS 0x0000000085200000, 0x0000000085300000| Untracked 
|  83|0x0000000085300000, 0x0000000085400000, 0x0000000085400000|100%| O|  |TAMS 0x0000000085300000, 0x0000000085400000| Untracked 
|  84|0x0000000085400000, 0x0000000085500000, 0x0000000085500000|100%| O|  |TAMS 0x0000000085400000, 0x0000000085500000| Untracked 
|  85|0x0000000085500000, 0x0000000085600000, 0x0000000085600000|100%| O|  |TAMS 0x0000000085500000, 0x0000000085600000| Untracked 
|  86|0x0000000085600000, 0x0000000085700000, 0x0000000085700000|100%| O|  |TAMS 0x0000000085600000, 0x0000000085700000| Untracked 
|  87|0x0000000085700000, 0x0000000085800000, 0x0000000085800000|100%| O|  |TAMS 0x0000000085700000, 0x0000000085800000| Untracked 
|  88|0x0000000085800000, 0x0000000085900000, 0x0000000085900000|100%| O|  |TAMS 0x0000000085800000, 0x0000000085900000| Untracked 
|  89|0x0000000085900000, 0x0000000085a00000, 0x0000000085a00000|100%| O|  |TAMS 0x0000000085900000, 0x0000000085a00000| Untracked 
|  90|0x0000000085a00000, 0x0000000085b00000, 0x0000000085b00000|100%| O|  |TAMS 0x0000000085a00000, 0x0000000085b00000| Untracked 
|  91|0x0000000085b00000, 0x0000000085c00000, 0x0000000085c00000|100%| O|  |TAMS 0x0000000085b00000, 0x0000000085c00000| Untracked 
|  92|0x0000000085c00000, 0x0000000085d00000, 0x0000000085d00000|100%| O|  |TAMS 0x0000000085c00000, 0x0000000085d00000| Untracked 
|  93|0x0000000085d00000, 0x0000000085e00000, 0x0000000085e00000|100%| O|  |TAMS 0x0000000085d00000, 0x0000000085e00000| Untracked 
|  94|0x0000000085e00000, 0x0000000085f00000, 0x0000000085f00000|100%| O|  |TAMS 0x0000000085e00000, 0x0000000085f00000| Untracked 
|  95|0x0000000085f00000, 0x0000000085fcfa00, 0x0000000086000000| 81%| O|  |TAMS 0x0000000085f00000, 0x0000000085fcfa00| Untracked 
|  96|0x0000000086000000, 0x0000000086100000, 0x0000000086100000|100%|HS|  |TAMS 0x0000000086000000, 0x0000000086100000| Complete 
|  97|0x0000000086100000, 0x0000000086200000, 0x0000000086200000|100%|HC|  |TAMS 0x0000000086100000, 0x0000000086200000| Complete 
|  98|0x0000000086200000, 0x0000000086300000, 0x0000000086300000|100%|HC|  |TAMS 0x0000000086200000, 0x0000000086300000| Complete 
|  99|0x0000000086300000, 0x0000000086400000, 0x0000000086400000|100%|HC|  |TAMS 0x0000000086300000, 0x0000000086400000| Complete 
| 100|0x0000000086400000, 0x0000000086500000, 0x0000000086500000|100%|HC|  |TAMS 0x0000000086400000, 0x0000000086500000| Complete 
| 101|0x0000000086500000, 0x0000000086600000, 0x0000000086600000|100%|HC|  |TAMS 0x0000000086500000, 0x0000000086600000| Complete 
| 102|0x0000000086600000, 0x0000000086700000, 0x0000000086700000|100%|HS|  |TAMS 0x0000000086600000, 0x0000000086700000| Complete 
| 103|0x0000000086700000, 0x0000000086800000, 0x0000000086800000|100%|HS|  |TAMS 0x0000000086700000, 0x0000000086800000| Complete 
| 104|0x0000000086800000, 0x0000000086900000, 0x0000000086900000|100%|HS|  |TAMS 0x0000000086800000, 0x0000000086900000| Complete 
| 105|0x0000000086900000, 0x0000000086a00000, 0x0000000086a00000|100%|HC|  |TAMS 0x0000000086900000, 0x0000000086a00000| Complete 
| 106|0x0000000086a00000, 0x0000000086b00000, 0x0000000086b00000|100%|HS|  |TAMS 0x0000000086a00000, 0x0000000086b00000| Complete 
| 107|0x0000000086b00000, 0x0000000086c00000, 0x0000000086c00000|100%|HS|  |TAMS 0x0000000086b00000, 0x0000000086c00000| Complete 
| 108|0x0000000086c00000, 0x0000000086d00000, 0x0000000086d00000|100%|HC|  |TAMS 0x0000000086c00000, 0x0000000086d00000| Complete 
| 109|0x0000000086d00000, 0x0000000086e00000, 0x0000000086e00000|100%|HC|  |TAMS 0x0000000086d00000, 0x0000000086e00000| Complete 
| 110|0x0000000086e00000, 0x0000000086f00000, 0x0000000086f00000|100%|HC|  |TAMS 0x0000000086e00000, 0x0000000086f00000| Complete 
| 111|0x0000000086f00000, 0x0000000086f00000, 0x0000000087000000|  0%| F|  |TAMS 0x0000000086f00000, 0x0000000086f00000| Untracked 
| 112|0x0000000087000000, 0x0000000087000000, 0x0000000087100000|  0%| F|  |TAMS 0x0000000087000000, 0x0000000087000000| Untracked 
| 113|0x0000000087100000, 0x0000000087100000, 0x0000000087200000|  0%| F|  |TAMS 0x0000000087100000, 0x0000000087100000| Untracked 
| 114|0x0000000087200000, 0x0000000087200000, 0x0000000087300000|  0%| F|  |TAMS 0x0000000087200000, 0x0000000087200000| Untracked 
| 115|0x0000000087300000, 0x0000000087300000, 0x0000000087400000|  0%| F|  |TAMS 0x0000000087300000, 0x0000000087300000| Untracked 
| 116|0x0000000087400000, 0x0000000087400000, 0x0000000087500000|  0%| F|  |TAMS 0x0000000087400000, 0x0000000087400000| Untracked 
| 117|0x0000000087500000, 0x0000000087500000, 0x0000000087600000|  0%| F|  |TAMS 0x0000000087500000, 0x0000000087500000| Untracked 
| 118|0x0000000087600000, 0x0000000087600000, 0x0000000087700000|  0%| F|  |TAMS 0x0000000087600000, 0x0000000087600000| Untracked 
| 119|0x0000000087700000, 0x0000000087700000, 0x0000000087800000|  0%| F|  |TAMS 0x0000000087700000, 0x0000000087700000| Untracked 
| 120|0x0000000087800000, 0x0000000087800000, 0x0000000087900000|  0%| F|  |TAMS 0x0000000087800000, 0x0000000087800000| Untracked 
| 121|0x0000000087900000, 0x0000000087900000, 0x0000000087a00000|  0%| F|  |TAMS 0x0000000087900000, 0x0000000087900000| Untracked 
| 122|0x0000000087a00000, 0x0000000087a00000, 0x0000000087b00000|  0%| F|  |TAMS 0x0000000087a00000, 0x0000000087a00000| Untracked 
| 123|0x0000000087b00000, 0x0000000087b00000, 0x0000000087c00000|  0%| F|  |TAMS 0x0000000087b00000, 0x0000000087b00000| Untracked 
| 124|0x0000000087c00000, 0x0000000087c00000, 0x0000000087d00000|  0%| F|  |TAMS 0x0000000087c00000, 0x0000000087c00000| Untracked 
| 125|0x0000000087d00000, 0x0000000087d00000, 0x0000000087e00000|  0%| F|  |TAMS 0x0000000087d00000, 0x0000000087d00000| Untracked 
| 126|0x0000000087e00000, 0x0000000087e00000, 0x0000000087f00000|  0%| F|  |TAMS 0x0000000087e00000, 0x0000000087e00000| Untracked 
| 127|0x0000000087f00000, 0x0000000087f00000, 0x0000000088000000|  0%| F|  |TAMS 0x0000000087f00000, 0x0000000087f00000| Untracked 
| 128|0x0000000088000000, 0x0000000088000000, 0x0000000088100000|  0%| F|  |TAMS 0x0000000088000000, 0x0000000088000000| Untracked 
| 129|0x0000000088100000, 0x0000000088100000, 0x0000000088200000|  0%| F|  |TAMS 0x0000000088100000, 0x0000000088100000| Untracked 
| 130|0x0000000088200000, 0x0000000088200000, 0x0000000088300000|  0%| F|  |TAMS 0x0000000088200000, 0x0000000088200000| Untracked 
| 131|0x0000000088300000, 0x00000000883e3790, 0x0000000088400000| 88%| S|CS|TAMS 0x0000000088300000, 0x0000000088300000| Complete 
| 132|0x0000000088400000, 0x0000000088500000, 0x0000000088500000|100%| S|CS|TAMS 0x0000000088400000, 0x0000000088400000| Complete 
| 133|0x0000000088500000, 0x0000000088600000, 0x0000000088600000|100%| S|CS|TAMS 0x0000000088500000, 0x0000000088500000| Complete 
| 134|0x0000000088600000, 0x0000000088700000, 0x0000000088700000|100%| S|CS|TAMS 0x0000000088600000, 0x0000000088600000| Complete 
| 135|0x0000000088700000, 0x0000000088800000, 0x0000000088800000|100%| S|CS|TAMS 0x0000000088700000, 0x0000000088700000| Complete 
| 136|0x0000000088800000, 0x0000000088900000, 0x0000000088900000|100%| S|CS|TAMS 0x0000000088800000, 0x0000000088800000| Complete 
| 137|0x0000000088900000, 0x0000000088900000, 0x0000000088a00000|  0%| F|  |TAMS 0x0000000088900000, 0x0000000088900000| Untracked 
| 138|0x0000000088a00000, 0x0000000088a00000, 0x0000000088b00000|  0%| F|  |TAMS 0x0000000088a00000, 0x0000000088a00000| Untracked 
| 139|0x0000000088b00000, 0x0000000088b00000, 0x0000000088c00000|  0%| F|  |TAMS 0x0000000088b00000, 0x0000000088b00000| Untracked 
| 140|0x0000000088c00000, 0x0000000088c00000, 0x0000000088d00000|  0%| F|  |TAMS 0x0000000088c00000, 0x0000000088c00000| Untracked 
| 141|0x0000000088d00000, 0x0000000088d00000, 0x0000000088e00000|  0%| F|  |TAMS 0x0000000088d00000, 0x0000000088d00000| Untracked 
| 142|0x0000000088e00000, 0x0000000088e00000, 0x0000000088f00000|  0%| F|  |TAMS 0x0000000088e00000, 0x0000000088e00000| Untracked 
| 143|0x0000000088f00000, 0x0000000088f00000, 0x0000000089000000|  0%| F|  |TAMS 0x0000000088f00000, 0x0000000088f00000| Untracked 
| 144|0x0000000089000000, 0x0000000089000000, 0x0000000089100000|  0%| F|  |TAMS 0x0000000089000000, 0x0000000089000000| Untracked 
| 145|0x0000000089100000, 0x0000000089100000, 0x0000000089200000|  0%| F|  |TAMS 0x0000000089100000, 0x0000000089100000| Untracked 
| 146|0x0000000089200000, 0x0000000089200000, 0x0000000089300000|  0%| F|  |TAMS 0x0000000089200000, 0x0000000089200000| Untracked 
| 147|0x0000000089300000, 0x0000000089300000, 0x0000000089400000|  0%| F|  |TAMS 0x0000000089300000, 0x0000000089300000| Untracked 
| 148|0x0000000089400000, 0x0000000089400000, 0x0000000089500000|  0%| F|  |TAMS 0x0000000089400000, 0x0000000089400000| Untracked 
| 149|0x0000000089500000, 0x0000000089500000, 0x0000000089600000|  0%| F|  |TAMS 0x0000000089500000, 0x0000000089500000| Untracked 
| 150|0x0000000089600000, 0x0000000089600000, 0x0000000089700000|  0%| F|  |TAMS 0x0000000089600000, 0x0000000089600000| Untracked 
| 151|0x0000000089700000, 0x0000000089700000, 0x0000000089800000|  0%| F|  |TAMS 0x0000000089700000, 0x0000000089700000| Untracked 
| 152|0x0000000089800000, 0x0000000089800000, 0x0000000089900000|  0%| F|  |TAMS 0x0000000089800000, 0x0000000089800000| Untracked 
| 153|0x0000000089900000, 0x0000000089900000, 0x0000000089a00000|  0%| F|  |TAMS 0x0000000089900000, 0x0000000089900000| Untracked 
| 154|0x0000000089a00000, 0x0000000089a00000, 0x0000000089b00000|  0%| F|  |TAMS 0x0000000089a00000, 0x0000000089a00000| Untracked 
| 155|0x0000000089b00000, 0x0000000089b00000, 0x0000000089c00000|  0%| F|  |TAMS 0x0000000089b00000, 0x0000000089b00000| Untracked 
| 156|0x0000000089c00000, 0x0000000089c00000, 0x0000000089d00000|  0%| F|  |TAMS 0x0000000089c00000, 0x0000000089c00000| Untracked 
| 157|0x0000000089d00000, 0x0000000089d00000, 0x0000000089e00000|  0%| F|  |TAMS 0x0000000089d00000, 0x0000000089d00000| Untracked 
| 158|0x0000000089e00000, 0x0000000089e00000, 0x0000000089f00000|  0%| F|  |TAMS 0x0000000089e00000, 0x0000000089e00000| Untracked 
| 159|0x0000000089f00000, 0x0000000089f00000, 0x000000008a000000|  0%| F|  |TAMS 0x0000000089f00000, 0x0000000089f00000| Untracked 
| 160|0x000000008a000000, 0x000000008a000000, 0x000000008a100000|  0%| F|  |TAMS 0x000000008a000000, 0x000000008a000000| Untracked 
| 161|0x000000008a100000, 0x000000008a100000, 0x000000008a200000|  0%| F|  |TAMS 0x000000008a100000, 0x000000008a100000| Untracked 
| 162|0x000000008a200000, 0x000000008a200000, 0x000000008a300000|  0%| F|  |TAMS 0x000000008a200000, 0x000000008a200000| Untracked 
| 163|0x000000008a300000, 0x000000008a300000, 0x000000008a400000|  0%| F|  |TAMS 0x000000008a300000, 0x000000008a300000| Untracked 
| 164|0x000000008a400000, 0x000000008a400000, 0x000000008a500000|  0%| F|  |TAMS 0x000000008a400000, 0x000000008a400000| Untracked 
| 165|0x000000008a500000, 0x000000008a500000, 0x000000008a600000|  0%| F|  |TAMS 0x000000008a500000, 0x000000008a500000| Untracked 
| 166|0x000000008a600000, 0x000000008a600000, 0x000000008a700000|  0%| F|  |TAMS 0x000000008a600000, 0x000000008a600000| Untracked 
| 167|0x000000008a700000, 0x000000008a700000, 0x000000008a800000|  0%| F|  |TAMS 0x000000008a700000, 0x000000008a700000| Untracked 
| 168|0x000000008a800000, 0x000000008a800000, 0x000000008a900000|  0%| F|  |TAMS 0x000000008a800000, 0x000000008a800000| Untracked 
| 169|0x000000008a900000, 0x000000008a900000, 0x000000008aa00000|  0%| F|  |TAMS 0x000000008a900000, 0x000000008a900000| Untracked 
| 170|0x000000008aa00000, 0x000000008aa00000, 0x000000008ab00000|  0%| F|  |TAMS 0x000000008aa00000, 0x000000008aa00000| Untracked 
| 171|0x000000008ab00000, 0x000000008ab00000, 0x000000008ac00000|  0%| F|  |TAMS 0x000000008ab00000, 0x000000008ab00000| Untracked 
| 172|0x000000008ac00000, 0x000000008ac00000, 0x000000008ad00000|  0%| F|  |TAMS 0x000000008ac00000, 0x000000008ac00000| Untracked 
| 173|0x000000008ad00000, 0x000000008ad00000, 0x000000008ae00000|  0%| F|  |TAMS 0x000000008ad00000, 0x000000008ad00000| Untracked 
| 174|0x000000008ae00000, 0x000000008ae00000, 0x000000008af00000|  0%| F|  |TAMS 0x000000008ae00000, 0x000000008ae00000| Untracked 
| 175|0x000000008af00000, 0x000000008af00000, 0x000000008b000000|  0%| F|  |TAMS 0x000000008af00000, 0x000000008af00000| Untracked 
| 176|0x000000008b000000, 0x000000008b000000, 0x000000008b100000|  0%| F|  |TAMS 0x000000008b000000, 0x000000008b000000| Untracked 
| 177|0x000000008b100000, 0x000000008b100000, 0x000000008b200000|  0%| F|  |TAMS 0x000000008b100000, 0x000000008b100000| Untracked 
| 178|0x000000008b200000, 0x000000008b200000, 0x000000008b300000|  0%| F|  |TAMS 0x000000008b200000, 0x000000008b200000| Untracked 

Card table byte_map: [0x00000206a7ac0000,0x00000206a7ec0000] _byte_map_base: 0x00000206a76c0000

Marking Bits (Prev, Next): (CMBitMap*) 0x0000020692fbbd10, (CMBitMap*) 0x0000020692fbbcd0
 Prev Bits: [0x00000206aa2c0000, 0x00000206ac2c0000)
 Next Bits: [0x00000206a82c0000, 0x00000206aa2c0000)

Polling page: 0x0000020693020000

Metaspace:

Usage:
  Non-class:     69.89 MB used.
      Class:     11.31 MB used.
       Both:     81.20 MB used.

Virtual space:
  Non-class space:      128.00 MB reserved,      70.25 MB ( 55%) committed,  2 nodes.
      Class space:        1.00 GB reserved,      11.62 MB (  1%) committed,  1 nodes.
             Both:        1.12 GB reserved,      81.88 MB (  7%) committed. 

Chunk freelists:
   Non-Class:  8.91 MB
       Class:  4.42 MB
        Both:  13.33 MB

MaxMetaspaceSize: unlimited
CompressedClassSpaceSize: 1.00 GB
Initial GC threshold: 21.00 MB
Current GC threshold: 129.06 MB
CDS: off
MetaspaceReclaimPolicy: balanced
 - commit_granule_bytes: 65536.
 - commit_granule_words: 8192.
 - virtual_space_node_default_size: 8388608.
 - enlarge_chunks_in_place: 1.
 - new_chunks_are_fully_committed: 0.
 - uncommit_free_chunks: 1.
 - use_allocation_guard: 0.
 - handle_deallocations: 1.


Internal statistics:

num_allocs_failed_limit: 6.
num_arena_births: 814.
num_arena_deaths: 0.
num_vsnodes_births: 3.
num_vsnodes_deaths: 0.
num_space_committed: 1308.
num_space_uncommitted: 0.
num_chunks_returned_to_freelist: 6.
num_chunks_taken_from_freelist: 3673.
num_chunk_merges: 3.
num_chunk_splits: 2597.
num_chunks_enlarged: 1923.
num_inconsistent_stats: 0.

CodeHeap 'non-profiled nmethods': size=120000Kb used=3795Kb max_used=3795Kb free=116204Kb
 bounds [0x000002069f720000, 0x000002069fae0000, 0x00000206a6c50000]
CodeHeap 'profiled nmethods': size=120000Kb used=12735Kb max_used=12735Kb free=107264Kb
 bounds [0x0000020697c50000, 0x00000206988c0000, 0x000002069f180000]
CodeHeap 'non-nmethods': size=5760Kb used=2387Kb max_used=2436Kb free=3372Kb
 bounds [0x000002069f180000, 0x000002069f3f0000, 0x000002069f720000]
 total_blobs=7657 nmethods=6752 adapters=817
 compilation: enabled
              stopped_count=0, restarted_count=0
 full_count=0

Compilation events (20 events):
Event: 7.251 Thread 0x00000206b3035780 7498       3       org.jetbrains.kotlin.com.intellij.util.io.FileAccessorCache$Handle::get (13 bytes)
Event: 7.251 Thread 0x00000206b3035780 nmethod 7498 0x00000206988bbd10 code [0x00000206988bbec0, 0x00000206988bc048]
Event: 7.251 Thread 0x00000206b3035780 7502       3       kotlin.collections.MapsKt__MapsKt::getValue (12 bytes)
Event: 7.252 Thread 0x00000206b3035780 nmethod 7502 0x00000206988bc110 code [0x00000206988bc320, 0x00000206988bc8c8]
Event: 7.252 Thread 0x00000206b3035780 7503       3       kotlin.collections.MapsKt__MapWithDefaultKt::getOrImplicitDefaultNullable (90 bytes)
Event: 7.252 Thread 0x00000206b3035780 nmethod 7503 0x00000206988bcb10 code [0x00000206988bce60, 0x00000206988be128]
Event: 7.252 Thread 0x00000206b3035780 7506       3       org.jetbrains.kotlin.com.intellij.openapi.vfs.VirtualFile::getExtension (24 bytes)
Event: 7.252 Thread 0x00000206b3035780 nmethod 7506 0x00000206988be710 code [0x00000206988be8e0, 0x00000206988bebe8]
Event: 7.252 Thread 0x00000206b3035780 7507       3       org.jetbrains.kotlin.com.intellij.openapi.util.Comparing::equal (80 bytes)
Event: 7.253 Thread 0x00000206b3035780 nmethod 7507 0x00000206988bed10 code [0x00000206988bef60, 0x00000206988bfbc8]
Event: 7.254 Thread 0x00000206b3034e70 nmethod 7489 0x000002069fad0490 code [0x000002069fad06a0, 0x000002069fad0fd8]
Event: 7.254 Thread 0x00000206b3034e70 7491       4       org.jetbrains.kotlin.protobuf.LazyStringArrayList::add (22 bytes)
Event: 7.255 Thread 0x00000206b8d91080 nmethod 7488 0x000002069fad1810 code [0x000002069fad1a20, 0x000002069fad2358]
Event: 7.255 Thread 0x00000206b8d91080 7494       4       org.jetbrains.kotlin.protobuf.ByteString::newOutput (11 bytes)
Event: 7.256 Thread 0x00000206b8d91080 nmethod 7494 0x000002069fad2b90 code [0x000002069fad2d20, 0x000002069fad3078]
Event: 7.256 Thread 0x00000206b8d91080 7500       4       org.jetbrains.kotlin.protobuf.CodedOutputStream::newInstance (12 bytes)
Event: 7.258 Thread 0x00000206b3034e70 nmethod 7491 0x000002069fad3190 code [0x000002069fad3320, 0x000002069fad3b78]
Event: 7.258 Thread 0x00000206b3034e70 7490       4       org.jetbrains.kotlin.protobuf.CodedInputStream::readMessage (74 bytes)
Event: 7.258 Thread 0x00000206b8d91080 nmethod 7500 0x000002069fad3e90 code [0x000002069fad4020, 0x000002069fad4378]
Event: 7.262 Thread 0x00000206b3034e70 nmethod 7490 0x000002069fad4490 code [0x000002069fad4640, 0x000002069fad4ba8]

GC Heap History (20 events):
Event: 5.748 GC heap after
{Heap after GC invocations=27 (full 0):
 garbage-first heap   total 129024K, used 65163K [0x0000000080000000, 0x0000000100000000)
  region size 1024K, 2 young (2048K), 2 survivors (2048K)
 Metaspace       used 63333K, committed 63936K, reserved 1114112K
  class space    used 8804K, committed 9088K, reserved 1048576K
}
Event: 5.989 GC heap before
{Heap before GC invocations=28 (full 0):
 garbage-first heap   total 129024K, used 102027K [0x0000000080000000, 0x0000000100000000)
  region size 1024K, 38 young (38912K), 2 survivors (2048K)
 Metaspace       used 68010K, committed 68608K, reserved 1114112K
  class space    used 9722K, committed 9984K, reserved 1048576K
}
Event: 5.992 GC heap after
{Heap after GC invocations=29 (full 0):
 garbage-first heap   total 129024K, used 65874K [0x0000000080000000, 0x0000000100000000)
  region size 1024K, 3 young (3072K), 3 survivors (3072K)
 Metaspace       used 68010K, committed 68608K, reserved 1114112K
  class space    used 9722K, committed 9984K, reserved 1048576K
}
Event: 6.009 GC heap before
{Heap before GC invocations=29 (full 0):
 garbage-first heap   total 129024K, used 67922K [0x0000000080000000, 0x0000000100000000)
  region size 1024K, 6 young (6144K), 3 survivors (3072K)
 Metaspace       used 68413K, committed 69056K, reserved 1114112K
  class space    used 9767K, committed 10048K, reserved 1048576K
}
Event: 6.011 GC heap after
{Heap after GC invocations=30 (full 0):
 garbage-first heap   total 129024K, used 66266K [0x0000000080000000, 0x0000000100000000)
  region size 1024K, 1 young (1024K), 1 survivors (1024K)
 Metaspace       used 68413K, committed 69056K, reserved 1114112K
  class space    used 9767K, committed 10048K, reserved 1048576K
}
Event: 6.265 GC heap before
{Heap before GC invocations=30 (full 0):
 garbage-first heap   total 129024K, used 104154K [0x0000000080000000, 0x0000000100000000)
  region size 1024K, 38 young (38912K), 1 survivors (1024K)
 Metaspace       used 73607K, committed 74240K, reserved 1114112K
  class space    used 10427K, committed 10752K, reserved 1048576K
}
Event: 6.267 GC heap after
{Heap after GC invocations=31 (full 0):
 garbage-first heap   total 129024K, used 66840K [0x0000000080000000, 0x0000000100000000)
  region size 1024K, 2 young (2048K), 2 survivors (2048K)
 Metaspace       used 73607K, committed 74240K, reserved 1114112K
  class space    used 10427K, committed 10752K, reserved 1048576K
}
Event: 6.533 GC heap before
{Heap before GC invocations=32 (full 0):
 garbage-first heap   total 129024K, used 111896K [0x0000000080000000, 0x0000000100000000)
  region size 1024K, 39 young (39936K), 2 survivors (2048K)
 Metaspace       used 78455K, committed 79104K, reserved 1179648K
  class space    used 11046K, committed 11328K, reserved 1048576K
}
Event: 6.536 GC heap after
{Heap after GC invocations=33 (full 0):
 garbage-first heap   total 129024K, used 76540K [0x0000000080000000, 0x0000000100000000)
  region size 1024K, 4 young (4096K), 4 survivors (4096K)
 Metaspace       used 78455K, committed 79104K, reserved 1179648K
  class space    used 11046K, committed 11328K, reserved 1048576K
}
Event: 6.545 GC heap before
{Heap before GC invocations=33 (full 0):
 garbage-first heap   total 129024K, used 78588K [0x0000000080000000, 0x0000000100000000)
  region size 1024K, 6 young (6144K), 4 survivors (4096K)
 Metaspace       used 78455K, committed 79104K, reserved 1179648K
  class space    used 11046K, committed 11328K, reserved 1048576K
}
Event: 6.550 GC heap after
{Heap after GC invocations=34 (full 0):
 garbage-first heap   total 173056K, used 76865K [0x0000000080000000, 0x0000000100000000)
  region size 1024K, 1 young (1024K), 1 survivors (1024K)
 Metaspace       used 78455K, committed 79104K, reserved 1179648K
  class space    used 11046K, committed 11328K, reserved 1048576K
}
Event: 6.687 GC heap before
{Heap before GC invocations=34 (full 0):
 garbage-first heap   total 173056K, used 106561K [0x0000000080000000, 0x0000000100000000)
  region size 1024K, 30 young (30720K), 1 survivors (1024K)
 Metaspace       used 78583K, committed 79296K, reserved 1179648K
  class space    used 11051K, committed 11328K, reserved 1048576K
}
Event: 6.696 GC heap after
{Heap after GC invocations=35 (full 0):
 garbage-first heap   total 173056K, used 81167K [0x0000000080000000, 0x0000000100000000)
  region size 1024K, 8 young (8192K), 8 survivors (8192K)
 Metaspace       used 78583K, committed 79296K, reserved 1179648K
  class space    used 11051K, committed 11328K, reserved 1048576K
}
Event: 6.768 GC heap before
{Heap before GC invocations=35 (full 0):
 garbage-first heap   total 173056K, used 112911K [0x0000000080000000, 0x0000000100000000)
  region size 1024K, 36 young (36864K), 8 survivors (8192K)
 Metaspace       used 78595K, committed 79296K, reserved 1179648K
  class space    used 11052K, committed 11328K, reserved 1048576K
}
Event: 6.777 GC heap after
{Heap after GC invocations=36 (full 0):
 garbage-first heap   total 173056K, used 88538K [0x0000000080000000, 0x0000000100000000)
  region size 1024K, 8 young (8192K), 8 survivors (8192K)
 Metaspace       used 78595K, committed 79296K, reserved 1179648K
  class space    used 11052K, committed 11328K, reserved 1048576K
}
Event: 6.984 GC heap before
{Heap before GC invocations=37 (full 0):
 garbage-first heap   total 183296K, used 134618K [0x0000000080000000, 0x0000000100000000)
  region size 1024K, 49 young (50176K), 8 survivors (8192K)
 Metaspace       used 79545K, committed 80192K, reserved 1179648K
  class space    used 11187K, committed 11456K, reserved 1048576K
}
Event: 6.992 GC heap after
{Heap after GC invocations=38 (full 0):
 garbage-first heap   total 183296K, used 96908K [0x0000000080000000, 0x0000000100000000)
  region size 1024K, 7 young (7168K), 7 survivors (7168K)
 Metaspace       used 79545K, committed 80192K, reserved 1179648K
  class space    used 11187K, committed 11456K, reserved 1048576K
}
Event: 6.999 GC heap before
{Heap before GC invocations=38 (full 0):
 garbage-first heap   total 183296K, used 96908K [0x0000000080000000, 0x0000000100000000)
  region size 1024K, 8 young (8192K), 7 survivors (7168K)
 Metaspace       used 79686K, committed 80384K, reserved 1179648K
  class space    used 11205K, committed 11520K, reserved 1048576K
}
Event: 7.003 GC heap after
{Heap after GC invocations=39 (full 0):
 garbage-first heap   total 183296K, used 98110K [0x0000000080000000, 0x0000000100000000)
  region size 1024K, 1 young (1024K), 1 survivors (1024K)
 Metaspace       used 79686K, committed 80384K, reserved 1179648K
  class space    used 11205K, committed 11520K, reserved 1048576K
}
Event: 7.270 GC heap before
{Heap before GC invocations=39 (full 0):
 garbage-first heap   total 183296K, used 156478K [0x0000000080000000, 0x0000000100000000)
  region size 1024K, 42 young (43008K), 1 survivors (1024K)
 Metaspace       used 83149K, committed 83840K, reserved 1179648K
  class space    used 11582K, committed 11904K, reserved 1048576K
}

Dll operation events (3 events):
Event: 0.006 Loaded shared library C:\Program Files\Android\Android Studio1\jbr\bin\java.dll
Event: 0.139 Loaded shared library C:\Program Files\Android\Android Studio1\jbr\bin\zip.dll
Event: 0.508 Loaded shared library C:\Program Files\Android\Android Studio1\jbr\bin\verify.dll

Deoptimization events (20 events):
Event: 7.163 Thread 0x00000206b3c480d0 Uncommon trap: trap_request=0xffffffde fr.pc=0x000002069fab6a40 relative=0x0000000000000560
Event: 7.163 Thread 0x00000206b3c480d0 Uncommon trap: reason=class_check action=maybe_recompile pc=0x000002069fab6a40 method=org.jetbrains.kotlin.protobuf.CodedInputStream.tryRefillBuffer(I)Z @ 177 c2
Event: 7.163 Thread 0x00000206b3c480d0 DEOPT PACKING pc=0x000002069fab6a40 sp=0x000000a3c44f4350
Event: 7.163 Thread 0x00000206b3c480d0 DEOPT UNPACKING pc=0x000002069f1da1a3 sp=0x000000a3c44f4238 mode 2
Event: 7.164 Thread 0x00000206b3c480d0 Uncommon trap: trap_request=0xffffffde fr.pc=0x000002069fab6a40 relative=0x0000000000000560
Event: 7.164 Thread 0x00000206b3c480d0 Uncommon trap: reason=class_check action=maybe_recompile pc=0x000002069fab6a40 method=org.jetbrains.kotlin.protobuf.CodedInputStream.tryRefillBuffer(I)Z @ 177 c2
Event: 7.164 Thread 0x00000206b3c480d0 DEOPT PACKING pc=0x000002069fab6a40 sp=0x000000a3c44f4350
Event: 7.164 Thread 0x00000206b3c480d0 DEOPT UNPACKING pc=0x000002069f1da1a3 sp=0x000000a3c44f4238 mode 2
Event: 7.166 Thread 0x00000206b3c480d0 Uncommon trap: trap_request=0xffffffde fr.pc=0x000002069fab6a40 relative=0x0000000000000560
Event: 7.166 Thread 0x00000206b3c480d0 Uncommon trap: reason=class_check action=maybe_recompile pc=0x000002069fab6a40 method=org.jetbrains.kotlin.protobuf.CodedInputStream.tryRefillBuffer(I)Z @ 177 c2
Event: 7.166 Thread 0x00000206b3c480d0 DEOPT PACKING pc=0x000002069fab6a40 sp=0x000000a3c44f4350
Event: 7.166 Thread 0x00000206b3c480d0 DEOPT UNPACKING pc=0x000002069f1da1a3 sp=0x000000a3c44f4238 mode 2
Event: 7.166 Thread 0x00000206b3c480d0 Uncommon trap: trap_request=0xffffffde fr.pc=0x000002069fab6a40 relative=0x0000000000000560
Event: 7.166 Thread 0x00000206b3c480d0 Uncommon trap: reason=class_check action=maybe_recompile pc=0x000002069fab6a40 method=org.jetbrains.kotlin.protobuf.CodedInputStream.tryRefillBuffer(I)Z @ 177 c2
Event: 7.166 Thread 0x00000206b3c480d0 DEOPT PACKING pc=0x000002069fab6a40 sp=0x000000a3c44f4350
Event: 7.166 Thread 0x00000206b3c480d0 DEOPT UNPACKING pc=0x000002069f1da1a3 sp=0x000000a3c44f4238 mode 2
Event: 7.250 Thread 0x00000206b3c480d0 Uncommon trap: trap_request=0xffffffdc fr.pc=0x000002069faa6f44 relative=0x0000000000000224
Event: 7.250 Thread 0x00000206b3c480d0 Uncommon trap: reason=class_check action=make_not_entrant pc=0x000002069faa6f44 method=java.util.ArrayList.toArray([Ljava/lang/Object;)[Ljava/lang/Object; @ 21 c2
Event: 7.250 Thread 0x00000206b3c480d0 DEOPT PACKING pc=0x000002069faa6f44 sp=0x000000a3c44f4660
Event: 7.250 Thread 0x00000206b3c480d0 DEOPT UNPACKING pc=0x000002069f1da1a3 sp=0x000000a3c44f4630 mode 2

Classes unloaded (0 events):
No events

Classes redefined (0 events):
No events

Internal exceptions (20 events):
Event: 5.638 Thread 0x00000206b3c480d0 Exception <a 'java/lang/NoSuchMethodError'{0x0000000085ebb040}: 'void java.lang.invoke.DirectMethodHandle$Holder.invokeVirtual(java.lang.Object, java.lang.Object)'> (0x0000000085ebb040) 
thrown [s\src\hotspot\share\interpreter\linkResolver.cpp, line 771]
Event: 5.659 Thread 0x00000206b3c480d0 Exception <a 'java/lang/NoSuchMethodError'{0x0000000085b0e370}: 'java.lang.Object java.lang.invoke.DirectMethodHandle$Holder.invokeStaticInit(java.lang.Object, int)'> (0x0000000085b0e370) 
thrown [s\src\hotspot\share\interpreter\linkResolver.cpp, line 771]
Event: 5.920 Thread 0x00000206b3c480d0 Implicit null exception at 0x000002069f75ad72 to 0x000002069f75b3b4
Event: 5.970 Thread 0x00000206b3c480d0 Implicit null exception at 0x000002069f76c372 to 0x000002069f76c9c8
Event: 6.075 Thread 0x00000206b3c480d0 Exception <a 'sun/nio/fs/WindowsException'{0x0000000087491ec8}> (0x0000000087491ec8) 
thrown [s\src\hotspot\share\prims\jni.cpp, line 517]
Event: 6.075 Thread 0x00000206b3c480d0 Exception <a 'sun/nio/fs/WindowsException'{0x0000000087493f30}> (0x0000000087493f30) 
thrown [s\src\hotspot\share\prims\jni.cpp, line 517]
Event: 6.121 Thread 0x00000206b3c480d0 Exception <a 'java/lang/NoSuchMethodError'{0x0000000086de14b8}: 'long java.lang.invoke.DirectMethodHandle$Holder.invokeStatic(java.lang.Object)'> (0x0000000086de14b8) 
thrown [s\src\hotspot\share\interpreter\linkResolver.cpp, line 771]
Event: 6.121 Thread 0x00000206b3c480d0 Exception <a 'java/lang/NoSuchMethodError'{0x0000000086de6300}: 'long java.lang.invoke.DirectMethodHandle$Holder.invokeStaticInit(java.lang.Object)'> (0x0000000086de6300) 
thrown [s\src\hotspot\share\interpreter\linkResolver.cpp, line 771]
Event: 6.157 Thread 0x00000206b3c480d0 Exception <a 'java/lang/NoSuchMethodError'{0x00000000867401a8}: 'long java.lang.invoke.Invokers$Holder.invoke_MT(java.lang.Object, java.lang.Object, java.lang.Object, java.lang.Object)'> (0x00000000867401a8) 
thrown [s\src\hotspot\share\interpreter\linkResolver.cpp, line 771]
Event: 6.157 Thread 0x00000206b3c480d0 Exception <a 'java/lang/NoSuchMethodError'{0x00000000867497f8}: 'int java.lang.invoke.Invokers$Holder.invoke_MT(java.lang.Object, java.lang.Object, java.lang.Object, java.lang.Object)'> (0x00000000867497f8) 
thrown [s\src\hotspot\share\interpreter\linkResolver.cpp, line 771]
Event: 6.158 Thread 0x00000206b3c480d0 Exception <a 'java/lang/NoSuchMethodError'{0x000000008675a2c8}: 'void java.lang.invoke.DelegatingMethodHandle$Holder.reinvoke_L(java.lang.Object, java.lang.Object, java.lang.Object, long, java.lang.Object)'> (0x000000008675a2c8) 
thrown [s\src\hotspot\share\interpreter\linkResolver.cpp, line 771]
Event: 6.158 Thread 0x00000206b3c480d0 Exception <a 'java/lang/NoSuchMethodError'{0x0000000086762ea0}: 'java.lang.Object java.lang.invoke.DirectMethodHandle$Holder.invokeSpecial(java.lang.Object, java.lang.Object, java.lang.Object, java.lang.Object, long)'> (0x0000000086762ea0) 
thrown [s\src\hotspot\share\interpreter\linkResolver.cpp, line 771]
Event: 6.159 Thread 0x00000206b3c480d0 Exception <a 'java/lang/NoSuchMethodError'{0x0000000086773840}: 'int java.lang.invoke.DelegatingMethodHandle$Holder.reinvoke_L(java.lang.Object, java.lang.Object, java.lang.Object, long, java.lang.Object, java.lang.Object)'> (0x0000000086773840) 
thrown [s\src\hotspot\share\interpreter\linkResolver.cpp, line 771]
Event: 6.159 Thread 0x00000206b3c480d0 Exception <a 'java/lang/NoSuchMethodError'{0x0000000086783b28}: 'int java.lang.invoke.DelegatingMethodHandle$Holder.reinvoke_L(java.lang.Object, java.lang.Object, java.lang.Object, long, int, int)'> (0x0000000086783b28) 
thrown [s\src\hotspot\share\interpreter\linkResolver.cpp, line 771]
Event: 6.160 Thread 0x00000206b3c480d0 Exception <a 'java/lang/NoSuchMethodError'{0x0000000086793e10}: 'int java.lang.invoke.DelegatingMethodHandle$Holder.reinvoke_L(java.lang.Object, java.lang.Object, java.lang.Object, long, long, long)'> (0x0000000086793e10) 
thrown [s\src\hotspot\share\interpreter\linkResolver.cpp, line 771]
Event: 6.160 Thread 0x00000206b3c480d0 Exception <a 'java/lang/NoSuchMethodError'{0x00000000867a3bb0}: 'int java.lang.invoke.DelegatingMethodHandle$Holder.reinvoke_L(java.lang.Object, java.lang.Object, java.lang.Object, long, int)'> (0x00000000867a3bb0) 
thrown [s\src\hotspot\share\interpreter\linkResolver.cpp, line 771]
Event: 6.462 Thread 0x00000206b3c480d0 Exception <a 'java/lang/NoSuchMethodError'{0x00000000863d5290}: 'java.lang.Object java.lang.invoke.Invokers$Holder.invokeExact_MT(java.lang.Object, java.lang.Object, long, java.lang.Object)'> (0x00000000863d5290) 
thrown [s\src\hotspot\share\interpreter\linkResolver.cpp, line 771]
Event: 6.485 Thread 0x00000206b3c480d0 Exception <a 'java/lang/NoSuchMethodError'{0x0000000086058238}: 'java.lang.Object java.lang.invoke.Invokers$Holder.invoke_MT(java.lang.Object, java.lang.Object, java.lang.Object)'> (0x0000000086058238) 
thrown [s\src\hotspot\share\interpreter\linkResolver.cpp, line 771]
Event: 6.656 Thread 0x00000206b3c480d0 Implicit null exception at 0x000002069f853475 to 0x000002069f85533c
Event: 6.682 Thread 0x00000206b3c480d0 Implicit null exception at 0x000002069f84ead6 to 0x000002069f8508f8

VM Operations (20 events):
Event: 6.412 Executing VM operation: HandshakeAllThreads done
Event: 6.533 Executing VM operation: G1CollectForAllocation
Event: 6.536 Executing VM operation: G1CollectForAllocation done
Event: 6.545 Executing VM operation: G1CollectForAllocation
Event: 6.550 Executing VM operation: G1CollectForAllocation done
Event: 6.687 Executing VM operation: G1TryInitiateConcMark
Event: 6.696 Executing VM operation: G1TryInitiateConcMark done
Event: 6.768 Executing VM operation: G1TryInitiateConcMark
Event: 6.777 Executing VM operation: G1TryInitiateConcMark done
Event: 6.816 Executing VM operation: HandshakeAllThreads
Event: 6.816 Executing VM operation: HandshakeAllThreads done
Event: 6.821 Executing VM operation: G1PauseRemark
Event: 6.823 Executing VM operation: G1PauseRemark done
Event: 6.845 Executing VM operation: G1PauseCleanup
Event: 6.846 Executing VM operation: G1PauseCleanup done
Event: 6.983 Executing VM operation: G1CollectForAllocation
Event: 6.992 Executing VM operation: G1CollectForAllocation done
Event: 6.999 Executing VM operation: G1CollectForAllocation
Event: 7.003 Executing VM operation: G1CollectForAllocation done
Event: 7.269 Executing VM operation: G1CollectForAllocation

Events (20 events):
Event: 6.484 loading class java/nio/channels/FileChannel$MapMode
Event: 6.484 loading class java/nio/channels/FileChannel$MapMode done
Event: 6.485 loading class jdk/internal/misc/ExtendedMapMode
Event: 6.485 loading class jdk/internal/misc/ExtendedMapMode done
Event: 6.485 loading class sun/nio/ch/FileChannelImpl$DefaultUnmapper
Event: 6.485 loading class sun/nio/ch/FileChannelImpl$Unmapper
Event: 6.485 loading class jdk/internal/access/foreign/UnmapperProxy
Event: 6.485 loading class jdk/internal/access/foreign/UnmapperProxy done
Event: 6.485 loading class sun/nio/ch/FileChannelImpl$Unmapper done
Event: 6.485 loading class sun/nio/ch/FileChannelImpl$DefaultUnmapper done
Event: 6.485 loading class sun/nio/ch/Util$4
Event: 6.486 loading class sun/nio/ch/Util$4 done
Event: 6.486 loading class jdk/internal/access/foreign/MemorySegmentProxy
Event: 6.486 loading class jdk/internal/access/foreign/MemorySegmentProxy done
Event: 6.486 loading class java/io/UTFDataFormatException
Event: 6.486 loading class java/io/UTFDataFormatException done
Event: 6.520 Thread 0x00000206b8d91080 Thread added: 0x00000206b8d91080
Event: 6.819 Thread 0x00000206b304ad10 flushing nmethod 0x0000020697f99490
Event: 6.891 loading class java/nio/channels/NonWritableChannelException
Event: 6.891 loading class java/nio/channels/NonWritableChannelException done


Dynamic libraries:
0x00007ff6ae490000 - 0x00007ff6ae49a000 	C:\Program Files\Android\Android Studio1\jbr\bin\java.exe
0x00007ffb60ff0000 - 0x00007ffb611e8000 	C:\windows\SYSTEM32\ntdll.dll
0x00007ffb5ff40000 - 0x00007ffb60001000 	C:\windows\System32\KERNEL32.DLL
0x00007ffb5ea80000 - 0x00007ffb5ed7d000 	C:\windows\System32\KERNELBASE.dll
0x00007ffb5e740000 - 0x00007ffb5e840000 	C:\windows\System32\ucrtbase.dll
0x00007ffb54f80000 - 0x00007ffb54f97000 	C:\Program Files\Android\Android Studio1\jbr\bin\jli.dll
0x00007ffb54160000 - 0x00007ffb5417b000 	C:\Program Files\Android\Android Studio1\jbr\bin\VCRUNTIME140.dll
0x00007ffb5fd40000 - 0x00007ffb5fedd000 	C:\windows\System32\USER32.dll
0x00007ffb5e8b0000 - 0x00007ffb5e8d2000 	C:\windows\System32\win32u.dll
0x00007ffb43690000 - 0x00007ffb4392a000 	C:\windows\WinSxS\amd64_microsoft.windows.common-controls_6595b64144ccf1df_6.0.19041.4355_none_60b8b9eb71f62e16\COMCTL32.dll
0x00007ffb605f0000 - 0x00007ffb6061b000 	C:\windows\System32\GDI32.dll
0x00007ffb5f050000 - 0x00007ffb5f0ee000 	C:\windows\System32\msvcrt.dll
0x00007ffb5e8e0000 - 0x00007ffb5e9f7000 	C:\windows\System32\gdi32full.dll
0x00007ffb5e6a0000 - 0x00007ffb5e73d000 	C:\windows\System32\msvcp_win.dll
0x00007ffb5f020000 - 0x00007ffb5f04f000 	C:\windows\System32\IMM32.DLL
0x00007ffb54150000 - 0x00007ffb5415c000 	C:\Program Files\Android\Android Studio1\jbr\bin\vcruntime140_1.dll
0x00007ffb21180000 - 0x00007ffb2120d000 	C:\Program Files\Android\Android Studio1\jbr\bin\msvcp140.dll
0x00007ffb14e70000 - 0x00007ffb15af3000 	C:\Program Files\Android\Android Studio1\jbr\bin\server\jvm.dll
0x00007ffb600e0000 - 0x00007ffb60190000 	C:\windows\System32\ADVAPI32.dll
0x00007ffb60400000 - 0x00007ffb604a0000 	C:\windows\System32\sechost.dll
0x00007ffb60190000 - 0x00007ffb602b3000 	C:\windows\System32\RPCRT4.dll
0x00007ffb5ea00000 - 0x00007ffb5ea27000 	C:\windows\System32\bcrypt.dll
0x00007ffb58fe0000 - 0x00007ffb58fe9000 	C:\windows\SYSTEM32\WSOCK32.dll
0x00007ffb5dc20000 - 0x00007ffb5dc6b000 	C:\windows\SYSTEM32\POWRPROF.dll
0x00007ffb60da0000 - 0x00007ffb60e0b000 	C:\windows\System32\WS2_32.dll
0x00007ffb42a40000 - 0x00007ffb42a67000 	C:\windows\SYSTEM32\WINMM.dll
0x00007ffb56290000 - 0x00007ffb5629a000 	C:\windows\SYSTEM32\VERSION.dll
0x00007ffb5da90000 - 0x00007ffb5daa2000 	C:\windows\SYSTEM32\UMPDC.dll
0x00007ffb5c700000 - 0x00007ffb5c712000 	C:\windows\SYSTEM32\kernel.appcore.dll
0x00007ffb57110000 - 0x00007ffb5711a000 	C:\Program Files\Android\Android Studio1\jbr\bin\jimage.dll
0x00007ffb5c430000 - 0x00007ffb5c614000 	C:\windows\SYSTEM32\DBGHELP.DLL
0x00007ffb3f880000 - 0x00007ffb3f8b4000 	C:\windows\SYSTEM32\dbgcore.DLL
0x00007ffb5ef90000 - 0x00007ffb5f012000 	C:\windows\System32\bcryptPrimitives.dll
0x00007ffb56af0000 - 0x00007ffb56afe000 	C:\Program Files\Android\Android Studio1\jbr\bin\instrument.dll
0x00007ffb4ead0000 - 0x00007ffb4eaf5000 	C:\Program Files\Android\Android Studio1\jbr\bin\java.dll
0x00007ffb56fc0000 - 0x00007ffb56fd8000 	C:\Program Files\Android\Android Studio1\jbr\bin\zip.dll
0x00007ffb5f160000 - 0x00007ffb5f8cf000 	C:\windows\System32\SHELL32.dll
0x00007ffb5c720000 - 0x00007ffb5cebf000 	C:\windows\SYSTEM32\windows.storage.dll
0x00007ffb60870000 - 0x00007ffb60bc3000 	C:\windows\System32\combase.dll
0x00007ffb5e0c0000 - 0x00007ffb5e0ee000 	C:\windows\SYSTEM32\Wldp.dll
0x00007ffb60010000 - 0x00007ffb600dd000 	C:\windows\System32\OLEAUT32.dll
0x00007ffb604a0000 - 0x00007ffb6054d000 	C:\windows\System32\SHCORE.dll
0x00007ffb5fee0000 - 0x00007ffb5ff35000 	C:\windows\System32\shlwapi.dll
0x00007ffb5e5d0000 - 0x00007ffb5e5f4000 	C:\windows\SYSTEM32\profapi.dll
0x00007ffb56f20000 - 0x00007ffb56f39000 	C:\Program Files\Android\Android Studio1\jbr\bin\net.dll
0x00007ffb58030000 - 0x00007ffb5813d000 	C:\windows\SYSTEM32\WINHTTP.dll
0x00007ffb5de20000 - 0x00007ffb5de8a000 	C:\windows\system32\mswsock.dll
0x00007ffb55540000 - 0x00007ffb55556000 	C:\Program Files\Android\Android Studio1\jbr\bin\nio.dll
0x00007ffb56ef0000 - 0x00007ffb56f00000 	C:\Program Files\Android\Android Studio1\jbr\bin\verify.dll
0x00007ffb56a60000 - 0x00007ffb56a87000 	C:\Users\a\.gradle\native\c067742578af261105cb4f569cf0c3c89f3d7b1fecec35dd04571415982c5e48\windows-amd64\native-platform.dll
0x00007ffb368f0000 - 0x00007ffb36a34000 	C:\Users\a\.gradle\native\38dada09dfb8b06ba9b0570ebf7e218e3eb74d4ef43ca46872605cf95ebc2f47\windows-amd64\native-platform-file-events.dll
0x00007ffb57040000 - 0x00007ffb57049000 	C:\Program Files\Android\Android Studio1\jbr\bin\management.dll
0x00007ffb56f60000 - 0x00007ffb56f6b000 	C:\Program Files\Android\Android Studio1\jbr\bin\management_ext.dll
0x00007ffb60fa0000 - 0x00007ffb60fa8000 	C:\windows\System32\PSAPI.DLL
0x00007ffb5e010000 - 0x00007ffb5e028000 	C:\windows\SYSTEM32\CRYPTSP.dll
0x00007ffb5d6d0000 - 0x00007ffb5d704000 	C:\windows\system32\rsaenh.dll
0x00007ffb5e580000 - 0x00007ffb5e5ae000 	C:\windows\SYSTEM32\USERENV.dll
0x00007ffb5e030000 - 0x00007ffb5e03c000 	C:\windows\SYSTEM32\CRYPTBASE.dll
0x00007ffb5dab0000 - 0x00007ffb5daeb000 	C:\windows\SYSTEM32\IPHLPAPI.DLL
0x00007ffb5f0f0000 - 0x00007ffb5f0f8000 	C:\windows\System32\NSI.dll
0x00007ffb563f0000 - 0x00007ffb56407000 	C:\windows\SYSTEM32\dhcpcsvc6.DLL
0x00007ffb56830000 - 0x00007ffb5684d000 	C:\windows\SYSTEM32\dhcpcsvc.DLL
0x00007ffb5daf0000 - 0x00007ffb5dbba000 	C:\windows\SYSTEM32\DNSAPI.dll
0x00007ffb57340000 - 0x00007ffb57347000 	C:\windows\system32\wshunix.dll

dbghelp: loaded successfully - version: 4.0.5 - missing functions: none
symbol engine: initialized successfully - sym options: 0x614 - pdb path: .;C:\Program Files\Android\Android Studio1\jbr\bin;C:\windows\SYSTEM32;C:\windows\WinSxS\amd64_microsoft.windows.common-controls_6595b64144ccf1df_6.0.19041.4355_none_60b8b9eb71f62e16;C:\Program Files\Android\Android Studio1\jbr\bin\server;C:\Users\a\.gradle\native\c067742578af261105cb4f569cf0c3c89f3d7b1fecec35dd04571415982c5e48\windows-amd64;C:\Users\a\.gradle\native\38dada09dfb8b06ba9b0570ebf7e218e3eb74d4ef43ca46872605cf95ebc2f47\windows-amd64

VM Arguments:
jvm_args: --add-opens=java.base/java.util=ALL-UNNAMED --add-opens=java.base/java.lang=ALL-UNNAMED --add-opens=java.base/java.lang.invoke=ALL-UNNAMED --add-opens=java.prefs/java.util.prefs=ALL-UNNAMED --add-opens=java.base/java.nio.charset=ALL-UNNAMED --add-opens=java.base/java.net=ALL-UNNAMED --add-opens=java.base/java.util.concurrent.atomic=ALL-UNNAMED -Xmx2048m -Dfile.encoding=UTF-8 -Duser.country=IN -Duser.language=en -Duser.variant -javaagent:C:\Users\a\.gradle\wrapper\dists\gradle-8.4-bin\1w5dpkrfk8irigvoxmyhowfim\gradle-8.4\lib\agents\gradle-instrumentation-agent-8.4.jar 
java_command: org.gradle.launcher.daemon.bootstrap.GradleDaemon 8.4
java_class_path (initial): C:\Users\a\.gradle\wrapper\dists\gradle-8.4-bin\1w5dpkrfk8irigvoxmyhowfim\gradle-8.4\lib\gradle-launcher-8.4.jar
Launcher Type: SUN_STANDARD

[Global flags]
     intx CICompilerCount                          = 4                                         {product} {ergonomic}
     uint ConcGCThreads                            = 2                                         {product} {ergonomic}
     uint G1ConcRefinementThreads                  = 8                                         {product} {ergonomic}
   size_t G1HeapRegionSize                         = 1048576                                   {product} {ergonomic}
    uintx GCDrainStackTargetSize                   = 64                                        {product} {ergonomic}
   size_t InitialHeapSize                          = 130023424                                 {product} {ergonomic}
   size_t MarkStackSize                            = 4194304                                   {product} {ergonomic}
   size_t MaxHeapSize                              = 2147483648                                {product} {command line}
   size_t MaxNewSize                               = 1287651328                                {product} {ergonomic}
   size_t MinHeapDeltaBytes                        = 1048576                                   {product} {ergonomic}
   size_t MinHeapSize                              = 8388608                                   {product} {ergonomic}
    uintx NonNMethodCodeHeapSize                   = 5839372                                {pd product} {ergonomic}
    uintx NonProfiledCodeHeapSize                  = 122909434                              {pd product} {ergonomic}
    uintx ProfiledCodeHeapSize                     = 122909434                              {pd product} {ergonomic}
    uintx ReservedCodeCacheSize                    = 251658240                              {pd product} {ergonomic}
     bool SegmentedCodeCache                       = true                                      {product} {ergonomic}
   size_t SoftMaxHeapSize                          = 2147483648                             {manageable} {ergonomic}
     bool UseCompressedClassPointers               = true                           {product lp64_product} {ergonomic}
     bool UseCompressedOops                        = true                           {product lp64_product} {ergonomic}
     bool UseG1GC                                  = true                                      {product} {ergonomic}
     bool UseLargePagesIndividualAllocation        = false                                  {pd product} {ergonomic}

Logging:
Log output configuration:
 #0: stdout all=warning uptime,level,tags
 #1: stderr all=off uptime,level,tags

Environment Variables:
PATH=C:\Program Files\Common Files\Oracle\Java\javapath;C:\windows\system32;C:\windows;C:\windows\System32\Wbem;C:\windows\System32\WindowsPowerShell\v1.0\;C:\windows\System32\OpenSSH\;C:\Program Files\Git\cmd;C:\MinGW\bin;C:\ProgramData\chocolatey\bin;C:\Program Files\MySQL\MySQL Server 8.0\bin;C:\Users\a\AppData\Local\Microsoft\WindowsApps;C:\Users\a\AppData\Local\Programs\Microsoft VS Code\bin;C:\Program Files\JetBrains\IntelliJ IDEA Community Edition 2021.3.3\New folder\IntelliJ IDEA Community Edition 2021.3.3\bin;;C:\flutter\bin;
USERNAME=a
OS=Windows_NT
PROCESSOR_IDENTIFIER=Intel64 Family 6 Model 140 Stepping 1, GenuineIntel
TMP=C:\Users\a\AppData\Local\Temp
TEMP=C:\Users\a\AppData\Local\Temp



Periodic native trim disabled

JNI global refs:
JNI global refs: 26, weak refs: 0

JNI global refs memory usage: 843, weak refs: 841

OOME stack traces (most recent first):
Classloader memory used:
Loader org.gradle.internal.classloader.VisitableURLClassLoader                         : 6462K
Loader bootstrap                                                                       : 2514K
Loader org.gradle.initialization.MixInLegacyTypesClassLoader                           : 1057K
Loader org.gradle.internal.classloader.VisitableURLClassLoader$InstrumentingVisitableURLClassLoader: 101039B
Loader org.gradle.internal.classloader.VisitableURLClassLoader                         : 84980B
Loader jdk.internal.loader.ClassLoaders$PlatformClassLoader                            : 66222B
Loader jdk.internal.jrtfs.JrtFileSystemProvider$JrtFsLoader                            : 37802B
Loader jdk.internal.reflect.DelegatingClassLoader                                      : 33477B
Loader jdk.internal.loader.ClassLoaders$AppClassLoader                                 : 28124B
Loader org.gradle.groovy.scripts.internal.DefaultScriptCompilationHandler$ScriptClassLoader: 10770B
Loader org.codehaus.groovy.runtime.callsite.CallSiteClassLoader                        : 6363B

Classes loaded by more than one classloader:
Class org.gradle.internal.Cast                                                        : loaded 3 times (x 69B)
Class Program                                                                         : loaded 3 times (x 70B)
Class org.gradle.api.GradleException                                                  : loaded 3 times (x 80B)
Class org.gradle.internal.classpath.ClassPath                                         : loaded 2 times (x 68B)
Class org.gradle.api.internal.classpath.DefaultModuleRegistry                         : loaded 2 times (x 84B)
Class org.gradle.internal.exceptions.NonGradleCauseExceptionsHolder                   : loaded 2 times (x 68B)
Class Settings_gradle$1$1                                                             : loaded 2 times (x 72B)
Class com.intellij.openapi.externalSystem.model.ExternalSystemException               : loaded 2 times (x 84B)
Class jdk.internal.jimage.BasicImageReader$1                                          : loaded 2 times (x 75B)
Class org.gradle.api.Action                                                           : loaded 2 times (x 68B)
Class org.jetbrains.kotlin.idea.gradleTooling.model.samWithReceiver.SamWithReceiverModel: loaded 2 times (x 68B)
Class org.jetbrains.plugins.gradle.model.ExternalProject                              : loaded 2 times (x 68B)
Class org.jetbrains.plugins.gradle.model.IntelliJSettings                             : loaded 2 times (x 68B)
Class jdk.internal.jimage.ImageBufferCache$1                                          : loaded 2 times (x 78B)
Class jdk.internal.jimage.ImageBufferCache$2                                          : loaded 2 times (x 89B)
Class org.jetbrains.kotlin.idea.gradleTooling.KotlinMPPGradleModel                    : loaded 2 times (x 68B)
Class org.gradle.api.internal.DefaultClassPathProvider                                : loaded 2 times (x 74B)
Class org.gradle.internal.installation.GradleInstallation$1                           : loaded 2 times (x 73B)
Class jdk.internal.jrtfs.SystemImage$1                                                : loaded 2 times (x 76B)
Class jdk.internal.jrtfs.SystemImage$2                                                : loaded 2 times (x 74B)
Class org.gradle.internal.exceptions.DefaultMultiCauseException                       : loaded 2 times (x 89B)
Class org.gradle.tooling.model.UnsupportedMethodException                             : loaded 2 times (x 80B)
Class org.gradle.internal.time.MonotonicClock                                         : loaded 2 times (x 75B)
Class org.gradle.internal.classloader.FilteringClassLoader                            : loaded 2 times (x 103B)
Class jdk.internal.jimage.ImageReader$Resource                                        : loaded 2 times (x 82B)
Class jdk.internal.jrtfs.SystemImage                                                  : loaded 2 times (x 72B)
Class org.gradle.tooling.model.Model                                                  : loaded 2 times (x 68B)
Class org.gradle.internal.classpath.DefaultClassPath$ImmutableUniqueList$Builder      : loaded 2 times (x 73B)
Class org.jetbrains.kotlin.idea.gradleTooling.KotlinSourceSetContainer                : loaded 2 times (x 68B)
Class jdk.internal.jrtfs.JrtDirectoryStream$1                                         : loaded 2 times (x 81B)
Class org.gradle.internal.classloader.ClassLoaderVisitor                              : loaded 2 times (x 74B)
Class org.gradle.internal.time.DefaultCountdownTimer                                  : loaded 2 times (x 86B)
Class sync_studio_tooling18697_bi6cvp56e64ihz6imb2nhfe4u$_run_closure1                : loaded 2 times (x 137B)
Class org.gradle.internal.service.DefaultServiceLocator                               : loaded 2 times (x 81B)
Class org.gradle.internal.service.UnknownServiceException                             : loaded 2 times (x 81B)
Class org.jetbrains.plugins.gradle.model.DependencyAccessorsModel                     : loaded 2 times (x 68B)
Class org.gradle.internal.classloader.DefaultClassLoaderFactory                       : loaded 2 times (x 80B)
Class jdk.internal.jimage.ImageReader$SharedImageReader                               : loaded 2 times (x 93B)
Class org.jetbrains.plugins.gradle.model.GradleExtensions                             : loaded 2 times (x 68B)
Class jdk.internal.jimage.decompressor.ZipDecompressorFactory                         : loaded 2 times (x 72B)
Class org.jetbrains.plugins.gradle.model.VersionCatalogsModel                         : loaded 2 times (x 68B)
Class org.gradle.internal.classloader.VisitableURLClassLoader$Spec                    : loaded 2 times (x 72B)
Class org.gradle.tooling.model.ProjectModel                                           : loaded 2 times (x 68B)
Class org.jetbrains.plugins.gradle.model.MavenRepositoryModel                         : loaded 2 times (x 68B)
Class org.gradle.tooling.internal.gradle.DefaultProjectIdentifier                     : loaded 2 times (x 84B)
Class org.gradle.util.GradleVersion                                                   : loaded 2 times (x 81B)
Class org.jetbrains.plugins.gradle.model.RepositoriesModel                            : loaded 2 times (x 68B)
Class kotlin.jvm.internal.markers.KMappedMarker                                       : loaded 2 times (x 68B)
Class org.gradle.api.internal.ClassPathProvider                                       : loaded 2 times (x 68B)
Class org.gradle.internal.classloader.ClasspathUtil$1                                 : loaded 2 times (x 74B)
Class org.gradle.internal.classloader.ClassLoaderFactory                              : loaded 2 times (x 68B)
Class jdk.internal.jimage.ImageHeader                                                 : loaded 2 times (x 69B)
Class org.gradle.api.internal.classpath.ManifestUtil                                  : loaded 2 times (x 69B)
Class org.gradle.api.specs.Spec                                                       : loaded 2 times (x 68B)
Class org.gradle.tooling.internal.gradle.GradleBuildIdentity                          : loaded 2 times (x 68B)
Class org.gradle.internal.IoActions                                                   : loaded 2 times (x 69B)
Class jdk.internal.jimage.decompressor.StringSharingDecompressorFactory               : loaded 2 times (x 72B)
Class org.gradle.api.internal.classpath.EffectiveClassPath                            : loaded 2 times (x 88B)
Class kotlin.jvm.internal.DefaultConstructorMarker                                    : loaded 2 times (x 69B)
Class org.jetbrains.kotlin.idea.gradleTooling.model.annotation.AnnotationBasedPluginModel: loaded 2 times (x 68B)
Class org.jetbrains.kotlin.idea.gradleTooling.model.assignment.AssignmentModel        : loaded 2 times (x 68B)
Class org.gradle.internal.installation.CurrentGradleInstallation                      : loaded 2 times (x 71B)
Class org.gradle.internal.agents.InstrumentingClassLoader                             : loaded 2 times (x 68B)
Class org.gradle.internal.installation.CurrentGradleInstallationLocator               : loaded 2 times (x 69B)
Class org.gradle.api.internal.classpath.Module                                        : loaded 2 times (x 68B)
Class org.gradle.internal.service.CachingServiceLocator                               : loaded 2 times (x 80B)
Class org.gradle.internal.time.Timer                                                  : loaded 2 times (x 68B)
Class org.jetbrains.kotlin.idea.gradleTooling.KotlinDslScriptAdditionalTask           : loaded 2 times (x 68B)
Class org.jetbrains.plugins.gradle.model.tests.ExternalTestsModel                     : loaded 2 times (x 68B)
Class org.gradle.internal.classpath.DefaultClassPath                                  : loaded 2 times (x 88B)
Class jdk.internal.jimage.BasicImageReader                                            : loaded 2 times (x 93B)
Class com.intellij.openapi.externalSystem.model.project.dependencies.ProjectDependencies: loaded 2 times (x 68B)
Class org.jetbrains.kotlin.idea.gradleTooling.PrepareKotlinIdeImportTaskModel         : loaded 2 times (x 68B)
Class jdk.internal.jimage.ImageLocation                                               : loaded 2 times (x 88B)
Class org.gradle.internal.impldep.com.google.common.base.Preconditions                : loaded 2 times (x 69B)
Class kotlin.jvm.functions.Function1                                                  : loaded 2 times (x 68B)
Class jdk.internal.jimage.ImageReader$Node                                            : loaded 2 times (x 82B)
Class org.gradle.internal.time.Time                                                   : loaded 2 times (x 69B)
Class jdk.internal.jimage.decompressor.CompressedResourceHeader                       : loaded 2 times (x 69B)
Class org.gradle.internal.time.TimeSource$1                                           : loaded 2 times (x 75B)
Class jdk.internal.jrtfs.JrtPath                                                      : loaded 2 times (x 116B)
Class jdk.internal.jimage.ImageStrings                                                : loaded 2 times (x 68B)
Class jdk.internal.jrtfs.JrtFileAttributes                                            : loaded 2 times (x 81B)
Class org.gradle.internal.classloader.SystemClassLoaderSpec                           : loaded 2 times (x 69B)
Class ijInit2_8go0oocmtrwgcqrcxzt7nf124                                               : loaded 2 times (x 177B)
Class jdk.internal.jimage.decompressor.ResourceDecompressorRepository                 : loaded 2 times (x 69B)
Class kotlin.Function                                                                 : loaded 2 times (x 68B)
Class org.gradle.api.UncheckedIOException                                             : loaded 2 times (x 80B)
Class jdk.internal.jimage.decompressor.ResourceDecompressor$StringsProvider           : loaded 2 times (x 68B)
Class org.gradle.api.internal.classpath.ModuleRegistry                                : loaded 2 times (x 68B)
Class jdk.internal.jimage.decompressor.Decompressor                                   : loaded 2 times (x 70B)
Class sync_studio_tooling18697_bi6cvp56e64ihz6imb2nhfe4u                              : loaded 2 times (x 177B)
Class jdk.internal.jrtfs.JrtFileSystem                                                : loaded 2 times (x 100B)
Class org.gradle.tooling.internal.gradle.GradleProjectIdentity                        : loaded 2 times (x 68B)
Class jdk.internal.jrtfs.JrtFileSystemProvider                                        : loaded 2 times (x 97B)
Class org.gradle.internal.time.CountdownTimer                                         : loaded 2 times (x 68B)
Class org.gradle.internal.time.Clock                                                  : loaded 2 times (x 68B)
Class org.gradle.internal.classloader.ClasspathUtil                                   : loaded 2 times (x 69B)
Class jdk.internal.jrtfs.JrtDirectoryStream                                           : loaded 2 times (x 87B)
Class org.gradle.tooling.model.BuildIdentifier                                        : loaded 2 times (x 68B)
Class jdk.internal.jimage.decompressor.ResourceDecompressor                           : loaded 2 times (x 68B)
Class org.gradle.api.internal.DefaultClassPathRegistry                                : loaded 2 times (x 74B)
Class org.gradle.api.internal.classpath.DefaultModuleRegistry$DefaultModule           : loaded 2 times (x 84B)
Class org.gradle.internal.time.TimeSource                                             : loaded 2 times (x 68B)
Class org.jetbrains.kotlin.android.synthetic.idea.AndroidExtensionsGradleModel        : loaded 2 times (x 68B)
Class org.gradle.api.internal.classpath.UnknownModuleException                        : loaded 2 times (x 80B)
Class org.jetbrains.plugins.gradle.model.IntelliJProjectSettings                      : loaded 2 times (x 68B)
Class org.gradle.internal.service.ServiceLookupException                              : loaded 2 times (x 80B)
Class jdk.internal.jimage.ImageStringsReader                                          : loaded 2 times (x 78B)
Class org.gradle.cache.GlobalCache                                                    : loaded 2 times (x 68B)
Class jdk.internal.jimage.decompressor.ResourceDecompressorFactory                    : loaded 2 times (x 72B)
Class org.jetbrains.kotlin.idea.gradleTooling.model.lombok.LombokModel                : loaded 2 times (x 68B)
Class org.gradle.tooling.model.ProjectIdentifier                                      : loaded 2 times (x 68B)
Class [Lorg.gradle.api.internal.ClassPathProvider;                                    : loaded 2 times (x 67B)
Class jdk.internal.jimage.ImageReader$SharedImageReader$LocationVisitor               : loaded 2 times (x 68B)
Class org.gradle.internal.operations.MultipleBuildOperationFailures                   : loaded 2 times (x 89B)
Class org.gradle.util.internal.GUtil                                                  : loaded 2 times (x 69B)
Class jdk.internal.jimage.decompressor.ZipDecompressor                                : loaded 2 times (x 73B)
Class org.jetbrains.plugins.gradle.model.AnnotationProcessingModel                    : loaded 2 times (x 68B)
Class org.gradle.internal.classloader.ClassLoaderSpec                                 : loaded 2 times (x 69B)
Class org.jetbrains.plugins.gradle.model.BuildScriptClasspathModel                    : loaded 2 times (x 68B)
Class org.gradle.internal.classloader.VisitableURLClassLoader                         : loaded 2 times (x 115B)
Class org.gradle.internal.installation.GradleInstallation                             : loaded 2 times (x 73B)
Class org.gradle.api.internal.ClassPathRegistry                                       : loaded 2 times (x 68B)
Class org.gradle.internal.classloader.VisitableURLClassLoader$InstrumentingVisitableURLClassLoader: loaded 2 times (x 121B)
Class org.gradle.internal.classloader.ClassLoaderHierarchy                            : loaded 2 times (x 68B)
Class org.gradle.internal.exceptions.MultiCauseException                              : loaded 2 times (x 68B)
Class jdk.internal.jimage.ImageReader                                                 : loaded 2 times (x 73B)
Class org.jetbrains.kotlin.idea.gradleTooling.model.parcelize.ParcelizeGradleModel    : loaded 2 times (x 68B)
Class org.gradle.internal.InternalTransformer                                         : loaded 2 times (x 68B)
Class org.jetbrains.kotlin.idea.gradleTooling.model.noarg.NoArgModel                  : loaded 2 times (x 68B)
Class org.jetbrains.kotlin.idea.gradleTooling.KotlinGradleModel                       : loaded 2 times (x 68B)
Class org.gradle.tooling.internal.gradle.DefaultBuildIdentifier                       : loaded 2 times (x 77B)
Class org.gradle.internal.service.ServiceLocator                                      : loaded 2 times (x 68B)
Class Settings_gradle$1                                                               : loaded 2 times (x 72B)
Class org.jetbrains.kotlin.idea.gradleTooling.model.allopen.AllOpenModel              : loaded 2 times (x 68B)
Class org.gradle.internal.classpath.DefaultClassPath$ImmutableUniqueList              : loaded 2 times (x 159B)
Class jdk.internal.jimage.ImageBufferCache                                            : loaded 2 times (x 69B)
Class org.gradle.internal.time.DefaultTimer                                           : loaded 2 times (x 78B)
Class org.gradle.internal.classpath.TransformedClassPath                              : loaded 2 times (x 94B)
Class Settings_gradle                                                                 : loaded 2 times (x 126B)
Class jdk.internal.jimage.ImageReader$Directory                                       : loaded 2 times (x 82B)


---------------  S Y S T E M  ---------------

OS:
 Windows 10 , 64 bit Build 19041 (10.0.19041.4717)
OS uptime: 0 days 6:48 hours

CPU: total 8 (initial active 8) (4 cores per cpu, 2 threads per core) family 6 model 140 stepping 1 microcode 0x9a, cx8, cmov, fxsr, ht, mmx, 3dnowpref, sse, sse2, sse3, ssse3, sse4.1, sse4.2, popcnt, lzcnt, tsc, tscinvbit, avx, avx2, aes, erms, clmul, bmi1, bmi2, adx, avx512f, avx512dq, avx512cd, avx512bw, avx512vl, sha, fma, vzeroupper, avx512_vpopcntdq, avx512_vpclmulqdq, avx512_vaes, avx512_vnni, clflush, clflushopt, clwb, avx512_vbmi2, avx512_vbmi
Processor Information for all 8 processors :
  Max Mhz: 2419, Current Mhz: 2419, Mhz Limit: 2419

Memory: 4k page, system-wide physical 7834M (387M free)
TotalPageFile size 10633M (AvailPageFile size 73M)
current process WorkingSet (physical memory assigned to process): 389M, peak: 409M
current process commit charge ("private bytes"): 442M, peak: 714M

vm_info: OpenJDK 64-Bit Server VM (17.0.9+0--11185874) for windows-amd64 JRE (17.0.9+0--11185874), built on Dec  6 2023 18:57:44 by "androidbuild" with MS VC++ 16.10 / 16.11 (VS2019)

END.
