#
# There is insufficient memory for the Java Runtime Environment to continue.
# Native memory allocation (malloc) failed to allocate 1177104 bytes for Chunk::new
# Possible reasons:
#   The system is out of physical RAM or swap space
#   The process is running with CompressedOops enabled, and the Java Heap may be blocking the growth of the native heap
# Possible solutions:
#   Reduce memory load on the system
#   Increase physical memory or swap space
#   Check if swap backing store is full
#   Decrease Java heap size (-Xmx/-Xms)
#   Decrease number of Java threads
#   Decrease Java thread stack sizes (-Xss)
#   Set larger code cache with -XX:ReservedCodeCacheSize=
#   JVM is running with Unscaled Compressed Oops mode in which the Java heap is
#     placed in the first 4GB address space. The Java Heap base address is the
#     maximum limit for the native heap growth. Please use -XX:HeapBaseMinAddress
#     to set the Java Heap base and to place the Java Heap above 4GB virtual address.
# This output file may be truncated or incomplete.
#
#  Out of Memory Error (arena.cpp:191), pid=9200, tid=12748
#
# JRE version: OpenJDK Runtime Environment (17.0.9) (build 17.0.9+0--11185874)
# Java VM: OpenJDK 64-Bit Server VM (17.0.9+0--11185874, mixed mode, tiered, compressed oops, compressed class ptrs, g1 gc, windows-amd64)
# No core dump will be written. Minidumps are not enabled by default on client versions of Windows
#

---------------  S U M M A R Y ------------

Command Line: --add-opens=java.base/java.util=ALL-UNNAMED --add-opens=java.base/java.lang=ALL-UNNAMED --add-opens=java.base/java.lang.invoke=ALL-UNNAMED --add-opens=java.prefs/java.util.prefs=ALL-UNNAMED --add-opens=java.base/java.nio.charset=ALL-UNNAMED --add-opens=java.base/java.net=ALL-UNNAMED --add-opens=java.base/java.util.concurrent.atomic=ALL-UNNAMED -Xmx2048m -Dfile.encoding=UTF-8 -Duser.country=IN -Duser.language=en -Duser.variant -javaagent:C:\Users\a\.gradle\wrapper\dists\gradle-8.4-bin\1w5dpkrfk8irigvoxmyhowfim\gradle-8.4\lib\agents\gradle-instrumentation-agent-8.4.jar org.gradle.launcher.daemon.bootstrap.GradleDaemon 8.4

Host: 11th Gen Intel(R) Core(TM) i5-1135G7 @ 2.40GHz, 8 cores, 7G,  Windows 10 , 64 bit Build 19041 (10.0.19041.4717)
Time: Tue Sep  3 22:00:39 2024 India Standard Time elapsed time: 8.473231 seconds (0d 0h 0m 8s)

---------------  T H R E A D  ---------------

Current thread (0x00000258f178a270):  JavaThread "C2 CompilerThread0" daemon [_thread_in_native, id=12748, stack(0x00000087ed900000,0x00000087eda00000)]


Current CompileTask:
C2:   8473 7642       4       java.util.regex.Pattern::compile (500 bytes)

Stack: [0x00000087ed900000,0x00000087eda00000]
Native frames: (J=compiled Java code, j=interpreted, Vv=VM code, C=native code)
V  [jvm.dll+0x6886e9]
V  [jvm.dll+0x841e4a]
V  [jvm.dll+0x843a8e]
V  [jvm.dll+0x8440f3]
V  [jvm.dll+0x24c14f]
V  [jvm.dll+0xac44c]
V  [jvm.dll+0xaca9c]
V  [jvm.dll+0x36c1f7]
V  [jvm.dll+0x33651a]
V  [jvm.dll+0x3359ba]
V  [jvm.dll+0x21ddb1]
V  [jvm.dll+0x21d1d1]
V  [jvm.dll+0x1a674d]
V  [jvm.dll+0x22d088]
V  [jvm.dll+0x22b1c0]
V  [jvm.dll+0x7f62f7]
V  [jvm.dll+0x7f06aa]
V  [jvm.dll+0x687565]
C  [ucrtbase.dll+0x21bb2]
C  [KERNEL32.DLL+0x17374]
C  [ntdll.dll+0x4cc91]


---------------  P R O C E S S  ---------------

Threads class SMR info:
_java_thread_list=0x00000258f7e69fc0, length=52, elements={
0x00000258d776d650, 0x00000258f175b610, 0x00000258f1761100, 0x00000258f14ec6b0,
0x00000258f1786410, 0x00000258f1786ce0, 0x00000258f17895c0, 0x00000258f178a270,
0x00000258f178ac30, 0x00000258f178b540, 0x00000258f18b9840, 0x00000258f1a838b0,
0x00000258f7bb4060, 0x00000258f872c9d0, 0x00000258f7ac00c0, 0x00000258f6f4f070,
0x00000258f845eaa0, 0x00000258f79eb850, 0x00000258f75f59b0, 0x00000258f7deda20,
0x00000258f7ded510, 0x00000258f7ded000, 0x00000258f7dee440, 0x00000258f7decaf0,
0x00000258f8df4370, 0x00000258f8df57b0, 0x00000258f8df66e0, 0x00000258f8df8f60,
0x00000258f8df4880, 0x00000258f8df52a0, 0x00000258f8df61d0, 0x00000258f8df6bf0,
0x00000258f8df7100, 0x00000258f8df7610, 0x00000258f8df5cc0, 0x00000258f8df8540,
0x00000258f8df8a50, 0x00000258f8df4d90, 0x00000258f8df9470, 0x00000258f8df9e90,
0x00000258f8dfa3a0, 0x00000258f90f5fe0, 0x00000258f90f1e10, 0x00000258f90f1900,
0x00000258f90f0ee0, 0x00000258f90f5ad0, 0x00000258f90f3760, 0x00000258f90f6f10,
0x00000258f90f3c70, 0x00000258f90f2320, 0x00000258f90f4ba0, 0x00000258fcaa34a0
}

Java Threads: ( => current thread )
  0x00000258d776d650 JavaThread "main" [_thread_blocked, id=17896, stack(0x00000087ecc00000,0x00000087ecd00000)]
  0x00000258f175b610 JavaThread "Reference Handler" daemon [_thread_blocked, id=11220, stack(0x00000087ed300000,0x00000087ed400000)]
  0x00000258f1761100 JavaThread "Finalizer" daemon [_thread_blocked, id=5532, stack(0x00000087ed400000,0x00000087ed500000)]
  0x00000258f14ec6b0 JavaThread "Signal Dispatcher" daemon [_thread_blocked, id=864, stack(0x00000087ed500000,0x00000087ed600000)]
  0x00000258f1786410 JavaThread "Attach Listener" daemon [_thread_blocked, id=3300, stack(0x00000087ed600000,0x00000087ed700000)]
  0x00000258f1786ce0 JavaThread "Service Thread" daemon [_thread_blocked, id=3296, stack(0x00000087ed700000,0x00000087ed800000)]
  0x00000258f17895c0 JavaThread "Monitor Deflation Thread" daemon [_thread_blocked, id=1324, stack(0x00000087ed800000,0x00000087ed900000)]
=>0x00000258f178a270 JavaThread "C2 CompilerThread0" daemon [_thread_in_native, id=12748, stack(0x00000087ed900000,0x00000087eda00000)]
  0x00000258f178ac30 JavaThread "C1 CompilerThread0" daemon [_thread_in_native, id=5444, stack(0x00000087eda00000,0x00000087edb00000)]
  0x00000258f178b540 JavaThread "Sweeper thread" daemon [_thread_blocked, id=9292, stack(0x00000087edb00000,0x00000087edc00000)]
  0x00000258f18b9840 JavaThread "Common-Cleaner" daemon [_thread_blocked, id=904, stack(0x00000087edc00000,0x00000087edd00000)]
  0x00000258f1a838b0 JavaThread "Notification Thread" daemon [_thread_blocked, id=1212, stack(0x00000087edd00000,0x00000087ede00000)]
  0x00000258f7bb4060 JavaThread "Daemon health stats" [_thread_blocked, id=15636, stack(0x00000087ee500000,0x00000087ee600000)]
  0x00000258f872c9d0 JavaThread "Incoming local TCP Connector on port 58491" [_thread_in_native, id=10764, stack(0x00000087ee600000,0x00000087ee700000)]
  0x00000258f7ac00c0 JavaThread "Daemon periodic checks" [_thread_blocked, id=10816, stack(0x00000087ee700000,0x00000087ee800000)]
  0x00000258f6f4f070 JavaThread "Daemon" [_thread_blocked, id=14308, stack(0x00000087ee800000,0x00000087ee900000)]
  0x00000258f845eaa0 JavaThread "Handler for socket connection from /127.0.0.1:58491 to /127.0.0.1:58492" [_thread_in_native, id=1900, stack(0x00000087ee900000,0x00000087eea00000)]
  0x00000258f79eb850 JavaThread "Cancel handler" [_thread_blocked, id=9004, stack(0x00000087eea00000,0x00000087eeb00000)]
  0x00000258f75f59b0 JavaThread "Daemon worker" [_thread_in_vm, id=12808, stack(0x00000087eeb00000,0x00000087eec00000)]
  0x00000258f7deda20 JavaThread "Asynchronous log dispatcher for DefaultDaemonConnection: socket connection from /127.0.0.1:58491 to /127.0.0.1:58492" [_thread_blocked, id=12356, stack(0x00000087eec00000,0x00000087eed00000)]
  0x00000258f7ded510 JavaThread "Stdin handler" [_thread_blocked, id=11552, stack(0x00000087eed00000,0x00000087eee00000)]
  0x00000258f7ded000 JavaThread "Daemon client event forwarder" [_thread_blocked, id=6488, stack(0x00000087eee00000,0x00000087eef00000)]
  0x00000258f7dee440 JavaThread "Cache worker for journal cache (C:\Users\a\.gradle\caches\journal-1)" [_thread_blocked, id=10468, stack(0x00000087ef300000,0x00000087ef400000)]
  0x00000258f7decaf0 JavaThread "File lock request listener" [_thread_in_native, id=13720, stack(0x00000087ef400000,0x00000087ef500000)]
  0x00000258f8df4370 JavaThread "Cache worker for file hash cache (C:\Users\a\.gradle\caches\8.4\fileHashes)" [_thread_blocked, id=5548, stack(0x00000087ef500000,0x00000087ef600000)]
  0x00000258f8df57b0 JavaThread "File watcher server" daemon [_thread_in_native, id=12488, stack(0x00000087ef600000,0x00000087ef700000)]
  0x00000258f8df66e0 JavaThread "File watcher consumer" daemon [_thread_blocked, id=14440, stack(0x00000087ef700000,0x00000087ef800000)]
  0x00000258f8df8f60 JavaThread "jar transforms" [_thread_blocked, id=9620, stack(0x00000087ef800000,0x00000087ef900000)]
  0x00000258f8df4880 JavaThread "jar transforms Thread 2" [_thread_blocked, id=5484, stack(0x00000087ef900000,0x00000087efa00000)]
  0x00000258f8df52a0 JavaThread "jar transforms Thread 3" [_thread_blocked, id=10012, stack(0x00000087efa00000,0x00000087efb00000)]
  0x00000258f8df61d0 JavaThread "jar transforms Thread 4" [_thread_blocked, id=8368, stack(0x00000087efb00000,0x00000087efc00000)]
  0x00000258f8df6bf0 JavaThread "jar transforms Thread 5" [_thread_blocked, id=292, stack(0x00000087efc00000,0x00000087efd00000)]
  0x00000258f8df7100 JavaThread "jar transforms Thread 6" [_thread_blocked, id=4288, stack(0x00000087efd00000,0x00000087efe00000)]
  0x00000258f8df7610 JavaThread "jar transforms Thread 7" [_thread_blocked, id=7656, stack(0x00000087efe00000,0x00000087eff00000)]
  0x00000258f8df5cc0 JavaThread "jar transforms Thread 8" [_thread_blocked, id=3604, stack(0x00000087eff00000,0x00000087f0000000)]
  0x00000258f8df8540 JavaThread "Cache worker for checksums cache (C:\Users\a\AndroidStudioProjects\ItsMovieTime\.gradle\8.4\checksums)" [_thread_blocked, id=10592, stack(0x00000087f0000000,0x00000087f0100000)]
  0x00000258f8df8a50 JavaThread "Cache worker for file hash cache (C:\Users\a\AndroidStudioProjects\ItsMovieTime\.gradle\8.4\fileHashes)" [_thread_blocked, id=15380, stack(0x00000087f0100000,0x00000087f0200000)]
  0x00000258f8df4d90 JavaThread "Cache worker for cache directory md-supplier (C:\Users\a\.gradle\caches\8.4\md-supplier)" [_thread_blocked, id=15524, stack(0x00000087f0200000,0x00000087f0300000)]
  0x00000258f8df9470 JavaThread "Cache worker for file content cache (C:\Users\a\.gradle\caches\8.4\fileContent)" [_thread_blocked, id=17860, stack(0x00000087f0300000,0x00000087f0400000)]
  0x00000258f8df9e90 JavaThread "Cache worker for cache directory md-rule (C:\Users\a\.gradle\caches\8.4\md-rule)" [_thread_blocked, id=9052, stack(0x00000087f0400000,0x00000087f0500000)]
  0x00000258f8dfa3a0 JavaThread "Cache worker for execution history cache (C:\Users\a\.gradle\caches\8.4\executionHistory)" [_thread_blocked, id=13428, stack(0x00000087f0500000,0x00000087f0600000)]
  0x00000258f90f5fe0 JavaThread "Cache worker for kotlin-dsl (C:\Users\a\.gradle\caches\8.4\kotlin-dsl)" [_thread_blocked, id=12964, stack(0x00000087f0600000,0x00000087f0700000)]
  0x00000258f90f1e10 JavaThread "Cache worker for dependencies-accessors (C:\Users\a\AndroidStudioProjects\ItsMovieTime\.gradle\8.4\dependencies-accessors)" [_thread_blocked, id=6336, stack(0x00000087f0700000,0x00000087f0800000)]
  0x00000258f90f1900 JavaThread "Cache worker for Build Output Cleanup Cache (C:\Users\a\AndroidStudioProjects\ItsMovieTime\.gradle\buildOutputCleanup)" [_thread_blocked, id=15988, stack(0x00000087f0800000,0x00000087f0900000)]
  0x00000258f90f0ee0 JavaThread "Unconstrained build operations" [_thread_blocked, id=1152, stack(0x00000087f0900000,0x00000087f0a00000)]
  0x00000258f90f5ad0 JavaThread "Unconstrained build operations Thread 2" [_thread_blocked, id=18224, stack(0x00000087f0a00000,0x00000087f0b00000)]
  0x00000258f90f3760 JavaThread "Unconstrained build operations Thread 3" [_thread_blocked, id=17544, stack(0x00000087f0b00000,0x00000087f0c00000)]
  0x00000258f90f6f10 JavaThread "Unconstrained build operations Thread 4" [_thread_blocked, id=18280, stack(0x00000087f0c00000,0x00000087f0d00000)]
  0x00000258f90f3c70 JavaThread "Unconstrained build operations Thread 5" [_thread_blocked, id=16208, stack(0x00000087f0d00000,0x00000087f0e00000)]
  0x00000258f90f2320 JavaThread "Unconstrained build operations Thread 6" [_thread_blocked, id=16156, stack(0x00000087f0e00000,0x00000087f0f00000)]
  0x00000258f90f4ba0 JavaThread "Unconstrained build operations Thread 7" [_thread_blocked, id=13620, stack(0x00000087f0f00000,0x00000087f1000000)]
  0x00000258fcaa34a0 JavaThread "C2 CompilerThread1" daemon [_thread_in_native, id=9936, stack(0x00000087f1300000,0x00000087f1400000)]

Other Threads:
  0x00000258f14e0a20 VMThread "VM Thread" [stack: 0x00000087ed200000,0x00000087ed300000] [id=3740]
  0x00000258f1a83d90 WatcherThread [stack: 0x00000087ede00000,0x00000087edf00000] [id=5324]
  0x00000258d77cc820 GCTaskThread "GC Thread#0" [stack: 0x00000087ecd00000,0x00000087ece00000] [id=2396]
  0x00000258f6edb090 GCTaskThread "GC Thread#1" [stack: 0x00000087ee100000,0x00000087ee200000] [id=17664]
  0x00000258f6d98360 GCTaskThread "GC Thread#2" [stack: 0x00000087ee200000,0x00000087ee300000] [id=15352]
  0x00000258f704eb90 GCTaskThread "GC Thread#3" [stack: 0x00000087ee300000,0x00000087ee400000] [id=5336]
  0x00000258f63fa740 GCTaskThread "GC Thread#4" [stack: 0x00000087ee400000,0x00000087ee500000] [id=15772]
  0x00000258f71ecee0 GCTaskThread "GC Thread#5" [stack: 0x00000087eef00000,0x00000087ef000000] [id=17044]
  0x00000258f7df0420 GCTaskThread "GC Thread#6" [stack: 0x00000087ef000000,0x00000087ef100000] [id=9604]
  0x00000258f7ea2030 GCTaskThread "GC Thread#7" [stack: 0x00000087ef100000,0x00000087ef200000] [id=11784]
  0x00000258d77dd680 ConcurrentGCThread "G1 Main Marker" [stack: 0x00000087ece00000,0x00000087ecf00000] [id=11868]
  0x00000258d77ddfb0 ConcurrentGCThread "G1 Conc#0" [stack: 0x00000087ecf00000,0x00000087ed000000] [id=2372]
  0x00000258f8085850 ConcurrentGCThread "G1 Conc#1" [stack: 0x00000087ef200000,0x00000087ef300000] [id=16456]
  0x00000258f1353c50 ConcurrentGCThread "G1 Refine#0" [stack: 0x00000087ed000000,0x00000087ed100000] [id=5228]
  0x00000258f93bd6d0 ConcurrentGCThread "G1 Refine#1" [stack: 0x00000087ee000000,0x00000087ee100000] [id=5168]
  0x00000258f93bd9c0 ConcurrentGCThread "G1 Refine#2" [stack: 0x00000087f1000000,0x00000087f1100000] [id=11332]
  0x00000258f93beb60 ConcurrentGCThread "G1 Refine#3" [stack: 0x00000087edf00000,0x00000087ee000000] [id=11088]
  0x00000258f93bfff0 ConcurrentGCThread "G1 Refine#4" [stack: 0x00000087f1100000,0x00000087f1200000] [id=14780]
  0x00000258f93c05d0 ConcurrentGCThread "G1 Refine#5" [stack: 0x00000087f1200000,0x00000087f1300000] [id=15420]
  0x00000258f13555a0 ConcurrentGCThread "G1 Service" [stack: 0x00000087ed100000,0x00000087ed200000] [id=14020]

Threads with active compile tasks:
C2 CompilerThread0     8497 7642       4       java.util.regex.Pattern::compile (500 bytes)
C2 CompilerThread1     8497 7646       4       java.util.HashSet::add (20 bytes)

VM state: not at safepoint (normal execution)

VM Mutex/Monitor currently owned by a thread: None

Heap address: 0x0000000080000000, size: 2048 MB, Compressed Oops mode: 32-bit

CDS archive(s) not mapped
Compressed class space mapped at: 0x0000000100000000-0x0000000140000000, reserved size: 1073741824
Narrow klass base: 0x0000000000000000, Narrow klass shift: 3, Narrow klass range: 0x140000000

GC Precious Log:
 CPUs: 8 total, 8 available
 Memory: 7834M
 Large Page Support: Disabled
 NUMA Support: Disabled
 Compressed Oops: Enabled (32-bit)
 Heap Region Size: 1M
 Heap Min Capacity: 8M
 Heap Initial Capacity: 124M
 Heap Max Capacity: 2G
 Pre-touch: Disabled
 Parallel Workers: 8
 Concurrent Workers: 2
 Concurrent Refinement Workers: 8
 Periodic GC: Disabled

Heap:
 garbage-first heap   total 229376K, used 151946K [0x0000000080000000, 0x0000000100000000)
  region size 1024K, 37 young (37888K), 2 survivors (2048K)
 Metaspace       used 84433K, committed 85120K, reserved 1179648K
  class space    used 11723K, committed 12032K, reserved 1048576K

Heap Regions: E=young(eden), S=young(survivor), O=old, HS=humongous(starts), HC=humongous(continues), CS=collection set, F=free, OA=open archive, CA=closed archive, TAMS=top-at-mark-start (previous, next)
|   0|0x0000000080000000, 0x0000000080100000, 0x0000000080100000|100%|HS|  |TAMS 0x0000000080100000, 0x0000000080000000| Complete 
|   1|0x0000000080100000, 0x0000000080200000, 0x0000000080200000|100%|HC|  |TAMS 0x0000000080200000, 0x0000000080100000| Complete 
|   2|0x0000000080200000, 0x0000000080300000, 0x0000000080300000|100%|HC|  |TAMS 0x0000000080300000, 0x0000000080200000| Complete 
|   3|0x0000000080300000, 0x0000000080400000, 0x0000000080400000|100%|HC|  |TAMS 0x0000000080400000, 0x0000000080300000| Complete 
|   4|0x0000000080400000, 0x0000000080500000, 0x0000000080500000|100%| O|  |TAMS 0x0000000080500000, 0x0000000080400000| Untracked 
|   5|0x0000000080500000, 0x0000000080600000, 0x0000000080600000|100%|HS|  |TAMS 0x0000000080500000, 0x0000000080500000| Complete 
|   6|0x0000000080600000, 0x0000000080700000, 0x0000000080700000|100%| O|  |TAMS 0x0000000080700000, 0x0000000080600000| Untracked 
|   7|0x0000000080700000, 0x0000000080800000, 0x0000000080800000|100%| O|  |TAMS 0x0000000080800000, 0x0000000080700000| Untracked 
|   8|0x0000000080800000, 0x0000000080900000, 0x0000000080900000|100%| O|  |TAMS 0x0000000080900000, 0x0000000080800000| Untracked 
|   9|0x0000000080900000, 0x0000000080a00000, 0x0000000080a00000|100%| O|  |TAMS 0x0000000080a00000, 0x0000000080900000| Untracked 
|  10|0x0000000080a00000, 0x0000000080b00000, 0x0000000080b00000|100%| O|  |TAMS 0x0000000080b00000, 0x0000000080a00000| Untracked 
|  11|0x0000000080b00000, 0x0000000080c00000, 0x0000000080c00000|100%| O|  |TAMS 0x0000000080c00000, 0x0000000080b00000| Untracked 
|  12|0x0000000080c00000, 0x0000000080d00000, 0x0000000080d00000|100%| O|  |TAMS 0x0000000080d00000, 0x0000000080c00000| Untracked 
|  13|0x0000000080d00000, 0x0000000080e00000, 0x0000000080e00000|100%| O|  |TAMS 0x0000000080e00000, 0x0000000080d00000| Untracked 
|  14|0x0000000080e00000, 0x0000000080f00000, 0x0000000080f00000|100%| O|  |TAMS 0x0000000080f00000, 0x0000000080e00000| Untracked 
|  15|0x0000000080f00000, 0x0000000081000000, 0x0000000081000000|100%| O|  |TAMS 0x0000000081000000, 0x0000000080f00000| Untracked 
|  16|0x0000000081000000, 0x0000000081100000, 0x0000000081100000|100%| O|  |TAMS 0x0000000081100000, 0x0000000081000000| Untracked 
|  17|0x0000000081100000, 0x0000000081200000, 0x0000000081200000|100%| O|  |TAMS 0x0000000081200000, 0x0000000081100000| Untracked 
|  18|0x0000000081200000, 0x0000000081300000, 0x0000000081300000|100%| O|  |TAMS 0x0000000081300000, 0x0000000081200000| Untracked 
|  19|0x0000000081300000, 0x0000000081400000, 0x0000000081400000|100%| O|  |TAMS 0x0000000081400000, 0x0000000081300000| Untracked 
|  20|0x0000000081400000, 0x0000000081500000, 0x0000000081500000|100%| O|  |TAMS 0x0000000081500000, 0x0000000081400000| Untracked 
|  21|0x0000000081500000, 0x0000000081600000, 0x0000000081600000|100%| O|  |TAMS 0x0000000081600000, 0x0000000081500000| Untracked 
|  22|0x0000000081600000, 0x0000000081700000, 0x0000000081700000|100%| O|  |TAMS 0x0000000081700000, 0x0000000081600000| Untracked 
|  23|0x0000000081700000, 0x0000000081800000, 0x0000000081800000|100%|HS|  |TAMS 0x0000000081800000, 0x0000000081700000| Complete 
|  24|0x0000000081800000, 0x0000000081900000, 0x0000000081900000|100%|HC|  |TAMS 0x0000000081900000, 0x0000000081800000| Complete 
|  25|0x0000000081900000, 0x0000000081a00000, 0x0000000081a00000|100%|HS|  |TAMS 0x0000000081a00000, 0x0000000081900000| Complete 
|  26|0x0000000081a00000, 0x0000000081b00000, 0x0000000081b00000|100%|HC|  |TAMS 0x0000000081b00000, 0x0000000081a00000| Complete 
|  27|0x0000000081b00000, 0x0000000081c00000, 0x0000000081c00000|100%|HC|  |TAMS 0x0000000081c00000, 0x0000000081b00000| Complete 
|  28|0x0000000081c00000, 0x0000000081d00000, 0x0000000081d00000|100%|HS|  |TAMS 0x0000000081d00000, 0x0000000081c00000| Complete 
|  29|0x0000000081d00000, 0x0000000081e00000, 0x0000000081e00000|100%|HC|  |TAMS 0x0000000081e00000, 0x0000000081d00000| Complete 
|  30|0x0000000081e00000, 0x0000000081f00000, 0x0000000081f00000|100%|HC|  |TAMS 0x0000000081f00000, 0x0000000081e00000| Complete 
|  31|0x0000000081f00000, 0x0000000082000000, 0x0000000082000000|100%| O|  |TAMS 0x0000000082000000, 0x0000000081f00000| Untracked 
|  32|0x0000000082000000, 0x0000000082100000, 0x0000000082100000|100%| O|  |TAMS 0x0000000082000000, 0x0000000082000000| Untracked 
|  33|0x0000000082100000, 0x0000000082200000, 0x0000000082200000|100%|HS|  |TAMS 0x0000000082200000, 0x0000000082100000| Complete 
|  34|0x0000000082200000, 0x0000000082300000, 0x0000000082300000|100%|HC|  |TAMS 0x0000000082300000, 0x0000000082200000| Complete 
|  35|0x0000000082300000, 0x0000000082400000, 0x0000000082400000|100%|HC|  |TAMS 0x0000000082400000, 0x0000000082300000| Complete 
|  36|0x0000000082400000, 0x0000000082500000, 0x0000000082500000|100%| O|  |TAMS 0x0000000082500000, 0x0000000082400000| Untracked 
|  37|0x0000000082500000, 0x0000000082600000, 0x0000000082600000|100%| O|  |TAMS 0x0000000082600000, 0x0000000082500000| Untracked 
|  38|0x0000000082600000, 0x0000000082700000, 0x0000000082700000|100%| O|  |TAMS 0x0000000082700000, 0x0000000082600000| Untracked 
|  39|0x0000000082700000, 0x0000000082800000, 0x0000000082800000|100%| O|  |TAMS 0x0000000082800000, 0x0000000082700000| Untracked 
|  40|0x0000000082800000, 0x0000000082900000, 0x0000000082900000|100%| O|  |TAMS 0x0000000082900000, 0x0000000082800000| Untracked 
|  41|0x0000000082900000, 0x0000000082a00000, 0x0000000082a00000|100%| O|  |TAMS 0x0000000082a00000, 0x0000000082900000| Untracked 
|  42|0x0000000082a00000, 0x0000000082b00000, 0x0000000082b00000|100%| O|  |TAMS 0x0000000082b00000, 0x0000000082a00000| Untracked 
|  43|0x0000000082b00000, 0x0000000082c00000, 0x0000000082c00000|100%| O|  |TAMS 0x0000000082c00000, 0x0000000082b00000| Untracked 
|  44|0x0000000082c00000, 0x0000000082d00000, 0x0000000082d00000|100%| O|  |TAMS 0x0000000082d00000, 0x0000000082c00000| Untracked 
|  45|0x0000000082d00000, 0x0000000082e00000, 0x0000000082e00000|100%|HS|  |TAMS 0x0000000082e00000, 0x0000000082d00000| Complete 
|  46|0x0000000082e00000, 0x0000000082f00000, 0x0000000082f00000|100%|HC|  |TAMS 0x0000000082f00000, 0x0000000082e00000| Complete 
|  47|0x0000000082f00000, 0x0000000083000000, 0x0000000083000000|100%|HC|  |TAMS 0x0000000083000000, 0x0000000082f00000| Complete 
|  48|0x0000000083000000, 0x0000000083100000, 0x0000000083100000|100%| O|  |TAMS 0x0000000083100000, 0x0000000083000000| Untracked 
|  49|0x0000000083100000, 0x0000000083200000, 0x0000000083200000|100%| O|  |TAMS 0x0000000083200000, 0x0000000083100000| Untracked 
|  50|0x0000000083200000, 0x0000000083300000, 0x0000000083300000|100%| O|  |TAMS 0x0000000083300000, 0x0000000083200000| Untracked 
|  51|0x0000000083300000, 0x0000000083400000, 0x0000000083400000|100%| O|  |TAMS 0x0000000083400000, 0x0000000083300000| Untracked 
|  52|0x0000000083400000, 0x0000000083500000, 0x0000000083500000|100%| O|  |TAMS 0x0000000083500000, 0x0000000083400000| Untracked 
|  53|0x0000000083500000, 0x0000000083600000, 0x0000000083600000|100%| O|  |TAMS 0x0000000083600000, 0x0000000083500000| Untracked 
|  54|0x0000000083600000, 0x0000000083700000, 0x0000000083700000|100%| O|  |TAMS 0x0000000083700000, 0x0000000083600000| Untracked 
|  55|0x0000000083700000, 0x0000000083800000, 0x0000000083800000|100%| O|  |TAMS 0x0000000083800000, 0x0000000083700000| Untracked 
|  56|0x0000000083800000, 0x0000000083900000, 0x0000000083900000|100%| O|  |TAMS 0x0000000083900000, 0x0000000083800000| Untracked 
|  57|0x0000000083900000, 0x0000000083a00000, 0x0000000083a00000|100%| O|  |TAMS 0x0000000083a00000, 0x0000000083900000| Untracked 
|  58|0x0000000083a00000, 0x0000000083b00000, 0x0000000083b00000|100%| O|  |TAMS 0x0000000083b00000, 0x0000000083a00000| Untracked 
|  59|0x0000000083b00000, 0x0000000083c00000, 0x0000000083c00000|100%| O|  |TAMS 0x0000000083c00000, 0x0000000083b00000| Untracked 
|  60|0x0000000083c00000, 0x0000000083d00000, 0x0000000083d00000|100%| O|  |TAMS 0x0000000083d00000, 0x0000000083c00000| Untracked 
|  61|0x0000000083d00000, 0x0000000083e00000, 0x0000000083e00000|100%| O|  |TAMS 0x0000000083e00000, 0x0000000083d00000| Untracked 
|  62|0x0000000083e00000, 0x0000000083f00000, 0x0000000083f00000|100%| O|  |TAMS 0x0000000083f00000, 0x0000000083e00000| Untracked 
|  63|0x0000000083f00000, 0x0000000084000000, 0x0000000084000000|100%| O|  |TAMS 0x0000000084000000, 0x0000000083f00000| Untracked 
|  64|0x0000000084000000, 0x0000000084100000, 0x0000000084100000|100%| O|  |TAMS 0x0000000084100000, 0x0000000084000000| Untracked 
|  65|0x0000000084100000, 0x0000000084200000, 0x0000000084200000|100%| O|  |TAMS 0x0000000084100000, 0x0000000084100000| Untracked 
|  66|0x0000000084200000, 0x0000000084300000, 0x0000000084300000|100%| O|  |TAMS 0x0000000084200000, 0x0000000084200000| Untracked 
|  67|0x0000000084300000, 0x0000000084400000, 0x0000000084400000|100%| O|  |TAMS 0x0000000084300000, 0x0000000084300000| Untracked 
|  68|0x0000000084400000, 0x0000000084500000, 0x0000000084500000|100%| O|  |TAMS 0x0000000084400000, 0x0000000084400000| Untracked 
|  69|0x0000000084500000, 0x0000000084600000, 0x0000000084600000|100%| O|  |TAMS 0x0000000084500000, 0x0000000084500000| Untracked 
|  70|0x0000000084600000, 0x0000000084700000, 0x0000000084700000|100%| O|  |TAMS 0x0000000084600000, 0x0000000084600000| Untracked 
|  71|0x0000000084700000, 0x0000000084800000, 0x0000000084800000|100%| O|  |TAMS 0x0000000084700000, 0x0000000084700000| Untracked 
|  72|0x0000000084800000, 0x0000000084900000, 0x0000000084900000|100%| O|  |TAMS 0x0000000084900000, 0x0000000084800000| Untracked 
|  73|0x0000000084900000, 0x0000000084a00000, 0x0000000084a00000|100%| O|  |TAMS 0x0000000084a00000, 0x0000000084900000| Untracked 
|  74|0x0000000084a00000, 0x0000000084b00000, 0x0000000084b00000|100%| O|  |TAMS 0x0000000084b00000, 0x0000000084a00000| Untracked 
|  75|0x0000000084b00000, 0x0000000084c00000, 0x0000000084c00000|100%| O|  |TAMS 0x0000000084b3da00, 0x0000000084b00000| Untracked 
|  76|0x0000000084c00000, 0x0000000084d00000, 0x0000000084d00000|100%| O|  |TAMS 0x0000000084c00000, 0x0000000084c00000| Untracked 
|  77|0x0000000084d00000, 0x0000000084e00000, 0x0000000084e00000|100%| O|  |TAMS 0x0000000084d00000, 0x0000000084d00000| Untracked 
|  78|0x0000000084e00000, 0x0000000084f00000, 0x0000000084f00000|100%| O|  |TAMS 0x0000000084e00000, 0x0000000084e00000| Untracked 
|  79|0x0000000084f00000, 0x0000000085000000, 0x0000000085000000|100%| O|  |TAMS 0x0000000084f00000, 0x0000000084f00000| Untracked 
|  80|0x0000000085000000, 0x0000000085100000, 0x0000000085100000|100%| O|  |TAMS 0x0000000085000000, 0x0000000085000000| Untracked 
|  81|0x0000000085100000, 0x0000000085200000, 0x0000000085200000|100%| O|  |TAMS 0x0000000085100000, 0x0000000085100000| Untracked 
|  82|0x0000000085200000, 0x0000000085300000, 0x0000000085300000|100%| O|  |TAMS 0x0000000085200000, 0x0000000085200000| Untracked 
|  83|0x0000000085300000, 0x0000000085400000, 0x0000000085400000|100%| O|  |TAMS 0x0000000085300000, 0x0000000085300000| Untracked 
|  84|0x0000000085400000, 0x0000000085500000, 0x0000000085500000|100%| O|  |TAMS 0x0000000085400000, 0x0000000085400000| Untracked 
|  85|0x0000000085500000, 0x0000000085600000, 0x0000000085600000|100%| O|  |TAMS 0x0000000085500000, 0x0000000085500000| Untracked 
|  86|0x0000000085600000, 0x0000000085700000, 0x0000000085700000|100%| O|  |TAMS 0x0000000085600000, 0x0000000085600000| Untracked 
|  87|0x0000000085700000, 0x0000000085800000, 0x0000000085800000|100%| O|  |TAMS 0x0000000085700000, 0x0000000085700000| Untracked 
|  88|0x0000000085800000, 0x0000000085900000, 0x0000000085900000|100%| O|  |TAMS 0x0000000085800000, 0x0000000085800000| Untracked 
|  89|0x0000000085900000, 0x0000000085a00000, 0x0000000085a00000|100%| O|  |TAMS 0x0000000085900000, 0x0000000085900000| Untracked 
|  90|0x0000000085a00000, 0x0000000085b00000, 0x0000000085b00000|100%| O|  |TAMS 0x0000000085a00000, 0x0000000085a00000| Untracked 
|  91|0x0000000085b00000, 0x0000000085c00000, 0x0000000085c00000|100%| O|  |TAMS 0x0000000085b00000, 0x0000000085b00000| Untracked 
|  92|0x0000000085c00000, 0x0000000085d00000, 0x0000000085d00000|100%| O|  |TAMS 0x0000000085c00000, 0x0000000085c00000| Untracked 
|  93|0x0000000085d00000, 0x0000000085e00000, 0x0000000085e00000|100%| O|  |TAMS 0x0000000085d00000, 0x0000000085d00000| Untracked 
|  94|0x0000000085e00000, 0x0000000085f00000, 0x0000000085f00000|100%| O|  |TAMS 0x0000000085e00000, 0x0000000085e00000| Untracked 
|  95|0x0000000085f00000, 0x0000000085fab200, 0x0000000086000000| 66%| O|  |TAMS 0x0000000085f00000, 0x0000000085f00000| Untracked 
|  96|0x0000000086000000, 0x0000000086100000, 0x0000000086100000|100%|HS|  |TAMS 0x0000000086000000, 0x0000000086000000| Complete 
|  97|0x0000000086100000, 0x0000000086200000, 0x0000000086200000|100%| O|  |TAMS 0x0000000086100000, 0x0000000086100000| Untracked 
|  98|0x0000000086200000, 0x0000000086300000, 0x0000000086300000|100%| O|  |TAMS 0x0000000086200000, 0x0000000086200000| Untracked 
|  99|0x0000000086300000, 0x0000000086400000, 0x0000000086400000|100%|HS|  |TAMS 0x0000000086300000, 0x0000000086300000| Complete 
| 100|0x0000000086400000, 0x0000000086500000, 0x0000000086500000|100%|HC|  |TAMS 0x0000000086400000, 0x0000000086400000| Complete 
| 101|0x0000000086500000, 0x0000000086600000, 0x0000000086600000|100%|HC|  |TAMS 0x0000000086500000, 0x0000000086500000| Complete 
| 102|0x0000000086600000, 0x0000000086700000, 0x0000000086700000|100%|HC|  |TAMS 0x0000000086600000, 0x0000000086600000| Complete 
| 103|0x0000000086700000, 0x0000000086800000, 0x0000000086800000|100%|HC|  |TAMS 0x0000000086700000, 0x0000000086700000| Complete 
| 104|0x0000000086800000, 0x0000000086900000, 0x0000000086900000|100%|HC|  |TAMS 0x0000000086800000, 0x0000000086800000| Complete 
| 105|0x0000000086900000, 0x0000000086a00000, 0x0000000086a00000|100%|HS|  |TAMS 0x0000000086900000, 0x0000000086900000| Complete 
| 106|0x0000000086a00000, 0x0000000086b00000, 0x0000000086b00000|100%|HS|  |TAMS 0x0000000086a00000, 0x0000000086a00000| Complete 
| 107|0x0000000086b00000, 0x0000000086c00000, 0x0000000086c00000|100%|HC|  |TAMS 0x0000000086b00000, 0x0000000086b00000| Complete 
| 108|0x0000000086c00000, 0x0000000086d00000, 0x0000000086d00000|100%|HS|  |TAMS 0x0000000086c00000, 0x0000000086c00000| Complete 
| 109|0x0000000086d00000, 0x0000000086e00000, 0x0000000086e00000|100%|HS|  |TAMS 0x0000000086d00000, 0x0000000086d00000| Complete 
| 110|0x0000000086e00000, 0x0000000086f00000, 0x0000000086f00000|100%|HC|  |TAMS 0x0000000086e00000, 0x0000000086e00000| Complete 
| 111|0x0000000086f00000, 0x0000000087000000, 0x0000000087000000|100%|HC|  |TAMS 0x0000000086f00000, 0x0000000086f00000| Complete 
| 112|0x0000000087000000, 0x0000000087100000, 0x0000000087100000|100%|HC|  |TAMS 0x0000000087000000, 0x0000000087000000| Complete 
| 113|0x0000000087100000, 0x0000000087100000, 0x0000000087200000|  0%| F|  |TAMS 0x0000000087100000, 0x0000000087100000| Untracked 
| 114|0x0000000087200000, 0x0000000087200000, 0x0000000087300000|  0%| F|  |TAMS 0x0000000087200000, 0x0000000087200000| Untracked 
| 115|0x0000000087300000, 0x0000000087300000, 0x0000000087400000|  0%| F|  |TAMS 0x0000000087300000, 0x0000000087300000| Untracked 
| 116|0x0000000087400000, 0x0000000087400000, 0x0000000087500000|  0%| F|  |TAMS 0x0000000087400000, 0x0000000087400000| Untracked 
| 117|0x0000000087500000, 0x0000000087500000, 0x0000000087600000|  0%| F|  |TAMS 0x0000000087500000, 0x0000000087500000| Untracked 
| 118|0x0000000087600000, 0x0000000087600000, 0x0000000087700000|  0%| F|  |TAMS 0x0000000087600000, 0x0000000087600000| Untracked 
| 119|0x0000000087700000, 0x0000000087700000, 0x0000000087800000|  0%| F|  |TAMS 0x0000000087700000, 0x0000000087700000| Untracked 
| 120|0x0000000087800000, 0x0000000087800000, 0x0000000087900000|  0%| F|  |TAMS 0x0000000087800000, 0x0000000087800000| Untracked 
| 121|0x0000000087900000, 0x0000000087900000, 0x0000000087a00000|  0%| F|  |TAMS 0x0000000087900000, 0x0000000087900000| Untracked 
| 122|0x0000000087a00000, 0x0000000087a00000, 0x0000000087b00000|  0%| F|  |TAMS 0x0000000087a00000, 0x0000000087a00000| Untracked 
| 123|0x0000000087b00000, 0x0000000087b00000, 0x0000000087c00000|  0%| F|  |TAMS 0x0000000087b00000, 0x0000000087b00000| Untracked 
| 124|0x0000000087c00000, 0x0000000087c00000, 0x0000000087d00000|  0%| F|  |TAMS 0x0000000087c00000, 0x0000000087c00000| Untracked 
| 125|0x0000000087d00000, 0x0000000087d00000, 0x0000000087e00000|  0%| F|  |TAMS 0x0000000087d00000, 0x0000000087d00000| Untracked 
| 126|0x0000000087e00000, 0x0000000087e00000, 0x0000000087f00000|  0%| F|  |TAMS 0x0000000087e00000, 0x0000000087e00000| Untracked 
| 127|0x0000000087f00000, 0x0000000087f00000, 0x0000000088000000|  0%| F|  |TAMS 0x0000000087f00000, 0x0000000087f00000| Untracked 
| 128|0x0000000088000000, 0x0000000088000000, 0x0000000088100000|  0%| F|  |TAMS 0x0000000088000000, 0x0000000088000000| Untracked 
| 129|0x0000000088100000, 0x0000000088100000, 0x0000000088200000|  0%| F|  |TAMS 0x0000000088100000, 0x0000000088100000| Untracked 
| 130|0x0000000088200000, 0x0000000088200000, 0x0000000088300000|  0%| F|  |TAMS 0x0000000088200000, 0x0000000088200000| Untracked 
| 131|0x0000000088300000, 0x0000000088300000, 0x0000000088400000|  0%| F|  |TAMS 0x0000000088300000, 0x0000000088300000| Untracked 
| 132|0x0000000088400000, 0x0000000088400000, 0x0000000088500000|  0%| F|  |TAMS 0x0000000088400000, 0x0000000088400000| Untracked 
| 133|0x0000000088500000, 0x0000000088500000, 0x0000000088600000|  0%| F|  |TAMS 0x0000000088500000, 0x0000000088500000| Untracked 
| 134|0x0000000088600000, 0x0000000088600000, 0x0000000088700000|  0%| F|  |TAMS 0x0000000088600000, 0x0000000088600000| Untracked 
| 135|0x0000000088700000, 0x0000000088700000, 0x0000000088800000|  0%| F|  |TAMS 0x0000000088700000, 0x0000000088700000| Untracked 
| 136|0x0000000088800000, 0x0000000088800000, 0x0000000088900000|  0%| F|  |TAMS 0x0000000088800000, 0x0000000088800000| Untracked 
| 137|0x0000000088900000, 0x0000000088900000, 0x0000000088a00000|  0%| F|  |TAMS 0x0000000088900000, 0x0000000088900000| Untracked 
| 138|0x0000000088a00000, 0x0000000088a00000, 0x0000000088b00000|  0%| F|  |TAMS 0x0000000088a00000, 0x0000000088a00000| Untracked 
| 139|0x0000000088b00000, 0x0000000088b00000, 0x0000000088c00000|  0%| F|  |TAMS 0x0000000088b00000, 0x0000000088b00000| Untracked 
| 140|0x0000000088c00000, 0x0000000088c00000, 0x0000000088d00000|  0%| F|  |TAMS 0x0000000088c00000, 0x0000000088c00000| Untracked 
| 141|0x0000000088d00000, 0x0000000088d00000, 0x0000000088e00000|  0%| F|  |TAMS 0x0000000088d00000, 0x0000000088d00000| Untracked 
| 142|0x0000000088e00000, 0x0000000088e00000, 0x0000000088f00000|  0%| F|  |TAMS 0x0000000088e00000, 0x0000000088e00000| Untracked 
| 143|0x0000000088f00000, 0x0000000088f00000, 0x0000000089000000|  0%| F|  |TAMS 0x0000000088f00000, 0x0000000088f00000| Untracked 
| 144|0x0000000089000000, 0x0000000089000000, 0x0000000089100000|  0%| F|  |TAMS 0x0000000089000000, 0x0000000089000000| Untracked 
| 145|0x0000000089100000, 0x0000000089100000, 0x0000000089200000|  0%| F|  |TAMS 0x0000000089100000, 0x0000000089100000| Untracked 
| 146|0x0000000089200000, 0x0000000089200000, 0x0000000089300000|  0%| F|  |TAMS 0x0000000089200000, 0x0000000089200000| Untracked 
| 147|0x0000000089300000, 0x0000000089300000, 0x0000000089400000|  0%| F|  |TAMS 0x0000000089300000, 0x0000000089300000| Untracked 
| 148|0x0000000089400000, 0x0000000089400000, 0x0000000089500000|  0%| F|  |TAMS 0x0000000089400000, 0x0000000089400000| Untracked 
| 149|0x0000000089500000, 0x0000000089500000, 0x0000000089600000|  0%| F|  |TAMS 0x0000000089500000, 0x0000000089500000| Untracked 
| 150|0x0000000089600000, 0x0000000089600000, 0x0000000089700000|  0%| F|  |TAMS 0x0000000089600000, 0x0000000089600000| Untracked 
| 151|0x0000000089700000, 0x0000000089700000, 0x0000000089800000|  0%| F|  |TAMS 0x0000000089700000, 0x0000000089700000| Untracked 
| 152|0x0000000089800000, 0x0000000089800000, 0x0000000089900000|  0%| F|  |TAMS 0x0000000089800000, 0x0000000089800000| Untracked 
| 153|0x0000000089900000, 0x0000000089900000, 0x0000000089a00000|  0%| F|  |TAMS 0x0000000089900000, 0x0000000089900000| Untracked 
| 154|0x0000000089a00000, 0x0000000089a00000, 0x0000000089b00000|  0%| F|  |TAMS 0x0000000089a00000, 0x0000000089a00000| Untracked 
| 155|0x0000000089b00000, 0x0000000089b00000, 0x0000000089c00000|  0%| F|  |TAMS 0x0000000089b00000, 0x0000000089b00000| Untracked 
| 156|0x0000000089c00000, 0x0000000089c00000, 0x0000000089d00000|  0%| F|  |TAMS 0x0000000089c00000, 0x0000000089c00000| Untracked 
| 157|0x0000000089d00000, 0x0000000089d00000, 0x0000000089e00000|  0%| F|  |TAMS 0x0000000089d00000, 0x0000000089d00000| Untracked 
| 158|0x0000000089e00000, 0x0000000089e00000, 0x0000000089f00000|  0%| F|  |TAMS 0x0000000089e00000, 0x0000000089e00000| Untracked 
| 159|0x0000000089f00000, 0x0000000089f00000, 0x000000008a000000|  0%| F|  |TAMS 0x0000000089f00000, 0x0000000089f00000| Untracked 
| 160|0x000000008a000000, 0x000000008a000000, 0x000000008a100000|  0%| F|  |TAMS 0x000000008a000000, 0x000000008a000000| Untracked 
| 161|0x000000008a100000, 0x000000008a100000, 0x000000008a200000|  0%| F|  |TAMS 0x000000008a100000, 0x000000008a100000| Untracked 
| 162|0x000000008a200000, 0x000000008a200000, 0x000000008a300000|  0%| F|  |TAMS 0x000000008a200000, 0x000000008a200000| Untracked 
| 163|0x000000008a300000, 0x000000008a300000, 0x000000008a400000|  0%| F|  |TAMS 0x000000008a300000, 0x000000008a300000| Untracked 
| 164|0x000000008a400000, 0x000000008a400000, 0x000000008a500000|  0%| F|  |TAMS 0x000000008a400000, 0x000000008a400000| Untracked 
| 165|0x000000008a500000, 0x000000008a500000, 0x000000008a600000|  0%| F|  |TAMS 0x000000008a500000, 0x000000008a500000| Untracked 
| 166|0x000000008a600000, 0x000000008a600000, 0x000000008a700000|  0%| F|  |TAMS 0x000000008a600000, 0x000000008a600000| Untracked 
| 167|0x000000008a700000, 0x000000008a700000, 0x000000008a800000|  0%| F|  |TAMS 0x000000008a700000, 0x000000008a700000| Untracked 
| 168|0x000000008a800000, 0x000000008a800000, 0x000000008a900000|  0%| F|  |TAMS 0x000000008a800000, 0x000000008a800000| Untracked 
| 169|0x000000008a900000, 0x000000008a900000, 0x000000008aa00000|  0%| F|  |TAMS 0x000000008a900000, 0x000000008a900000| Untracked 
| 170|0x000000008aa00000, 0x000000008aa00000, 0x000000008ab00000|  0%| F|  |TAMS 0x000000008aa00000, 0x000000008aa00000| Untracked 
| 171|0x000000008ab00000, 0x000000008ab00000, 0x000000008ac00000|  0%| F|  |TAMS 0x000000008ab00000, 0x000000008ab00000| Untracked 
| 172|0x000000008ac00000, 0x000000008ac00000, 0x000000008ad00000|  0%| F|  |TAMS 0x000000008ac00000, 0x000000008ac00000| Untracked 
| 173|0x000000008ad00000, 0x000000008ad00000, 0x000000008ae00000|  0%| F|  |TAMS 0x000000008ad00000, 0x000000008ad00000| Untracked 
| 174|0x000000008ae00000, 0x000000008ae00000, 0x000000008af00000|  0%| F|  |TAMS 0x000000008ae00000, 0x000000008ae00000| Untracked 
| 175|0x000000008af00000, 0x000000008af00000, 0x000000008b000000|  0%| F|  |TAMS 0x000000008af00000, 0x000000008af00000| Untracked 
| 176|0x000000008b000000, 0x000000008b000000, 0x000000008b100000|  0%| F|  |TAMS 0x000000008b000000, 0x000000008b000000| Untracked 
| 177|0x000000008b100000, 0x000000008b100000, 0x000000008b200000|  0%| F|  |TAMS 0x000000008b100000, 0x000000008b100000| Untracked 
| 178|0x000000008b200000, 0x000000008b200000, 0x000000008b300000|  0%| F|  |TAMS 0x000000008b200000, 0x000000008b200000| Untracked 
| 179|0x000000008b300000, 0x000000008b300000, 0x000000008b400000|  0%| F|  |TAMS 0x000000008b300000, 0x000000008b300000| Untracked 
| 180|0x000000008b400000, 0x000000008b400000, 0x000000008b500000|  0%| F|  |TAMS 0x000000008b400000, 0x000000008b400000| Untracked 
| 181|0x000000008b500000, 0x000000008b500000, 0x000000008b600000|  0%| F|  |TAMS 0x000000008b500000, 0x000000008b500000| Untracked 
| 182|0x000000008b600000, 0x000000008b600000, 0x000000008b700000|  0%| F|  |TAMS 0x000000008b600000, 0x000000008b600000| Untracked 
| 183|0x000000008b700000, 0x000000008b700000, 0x000000008b800000|  0%| F|  |TAMS 0x000000008b700000, 0x000000008b700000| Untracked 
| 184|0x000000008b800000, 0x000000008b800000, 0x000000008b900000|  0%| F|  |TAMS 0x000000008b800000, 0x000000008b800000| Untracked 
| 185|0x000000008b900000, 0x000000008b900000, 0x000000008ba00000|  0%| F|  |TAMS 0x000000008b900000, 0x000000008b900000| Untracked 
| 186|0x000000008ba00000, 0x000000008ba00000, 0x000000008bb00000|  0%| F|  |TAMS 0x000000008ba00000, 0x000000008ba00000| Untracked 
| 187|0x000000008bb00000, 0x000000008bc00000, 0x000000008bc00000|100%| E|  |TAMS 0x000000008bb00000, 0x000000008bb00000| Complete 
| 188|0x000000008bc00000, 0x000000008bd00000, 0x000000008bd00000|100%| E|CS|TAMS 0x000000008bc00000, 0x000000008bc00000| Complete 
| 189|0x000000008bd00000, 0x000000008be00000, 0x000000008be00000|100%| E|CS|TAMS 0x000000008bd00000, 0x000000008bd00000| Complete 
| 190|0x000000008be00000, 0x000000008bf00000, 0x000000008bf00000|100%| E|CS|TAMS 0x000000008be00000, 0x000000008be00000| Complete 
| 191|0x000000008bf00000, 0x000000008c000000, 0x000000008c000000|100%| E|CS|TAMS 0x000000008bf00000, 0x000000008bf00000| Complete 
| 192|0x000000008c000000, 0x000000008c100000, 0x000000008c100000|100%| E|CS|TAMS 0x000000008c000000, 0x000000008c000000| Complete 
| 193|0x000000008c100000, 0x000000008c200000, 0x000000008c200000|100%| E|CS|TAMS 0x000000008c100000, 0x000000008c100000| Complete 
| 194|0x000000008c200000, 0x000000008c300000, 0x000000008c300000|100%| E|CS|TAMS 0x000000008c200000, 0x000000008c200000| Complete 
| 195|0x000000008c300000, 0x000000008c400000, 0x000000008c400000|100%| E|CS|TAMS 0x000000008c300000, 0x000000008c300000| Complete 
| 196|0x000000008c400000, 0x000000008c500000, 0x000000008c500000|100%| E|CS|TAMS 0x000000008c400000, 0x000000008c400000| Complete 
| 197|0x000000008c500000, 0x000000008c600000, 0x000000008c600000|100%| E|CS|TAMS 0x000000008c500000, 0x000000008c500000| Complete 
| 198|0x000000008c600000, 0x000000008c700000, 0x000000008c700000|100%| E|CS|TAMS 0x000000008c600000, 0x000000008c600000| Complete 
| 199|0x000000008c700000, 0x000000008c800000, 0x000000008c800000|100%| E|CS|TAMS 0x000000008c700000, 0x000000008c700000| Complete 
| 200|0x000000008c800000, 0x000000008c900000, 0x000000008c900000|100%| E|CS|TAMS 0x000000008c800000, 0x000000008c800000| Complete 
| 201|0x000000008c900000, 0x000000008ca00000, 0x000000008ca00000|100%| E|CS|TAMS 0x000000008c900000, 0x000000008c900000| Complete 
| 202|0x000000008ca00000, 0x000000008cb00000, 0x000000008cb00000|100%| E|CS|TAMS 0x000000008ca00000, 0x000000008ca00000| Complete 
| 203|0x000000008cb00000, 0x000000008cc00000, 0x000000008cc00000|100%| E|CS|TAMS 0x000000008cb00000, 0x000000008cb00000| Complete 
| 204|0x000000008cc00000, 0x000000008cd00000, 0x000000008cd00000|100%| E|CS|TAMS 0x000000008cc00000, 0x000000008cc00000| Complete 
| 205|0x000000008cd00000, 0x000000008ce00000, 0x000000008ce00000|100%| E|CS|TAMS 0x000000008cd00000, 0x000000008cd00000| Complete 
| 206|0x000000008ce00000, 0x000000008cf00000, 0x000000008cf00000|100%| E|CS|TAMS 0x000000008ce00000, 0x000000008ce00000| Complete 
| 207|0x000000008cf00000, 0x000000008d000000, 0x000000008d000000|100%| E|CS|TAMS 0x000000008cf00000, 0x000000008cf00000| Complete 
| 208|0x000000008d000000, 0x000000008d100000, 0x000000008d100000|100%| E|CS|TAMS 0x000000008d000000, 0x000000008d000000| Complete 
| 209|0x000000008d100000, 0x000000008d200000, 0x000000008d200000|100%| E|CS|TAMS 0x000000008d100000, 0x000000008d100000| Complete 
| 210|0x000000008d200000, 0x000000008d300000, 0x000000008d300000|100%| E|CS|TAMS 0x000000008d200000, 0x000000008d200000| Complete 
| 211|0x000000008d300000, 0x000000008d400000, 0x000000008d400000|100%| E|CS|TAMS 0x000000008d300000, 0x000000008d300000| Complete 
| 212|0x000000008d400000, 0x000000008d500000, 0x000000008d500000|100%| E|CS|TAMS 0x000000008d400000, 0x000000008d400000| Complete 
| 213|0x000000008d500000, 0x000000008d600000, 0x000000008d600000|100%| E|CS|TAMS 0x000000008d500000, 0x000000008d500000| Complete 
| 214|0x000000008d600000, 0x000000008d700000, 0x000000008d700000|100%| E|CS|TAMS 0x000000008d600000, 0x000000008d600000| Complete 
| 215|0x000000008d700000, 0x000000008d800000, 0x000000008d800000|100%| E|CS|TAMS 0x000000008d700000, 0x000000008d700000| Complete 
| 216|0x000000008d800000, 0x000000008d900000, 0x000000008d900000|100%| E|CS|TAMS 0x000000008d800000, 0x000000008d800000| Complete 
| 217|0x000000008d900000, 0x000000008da00000, 0x000000008da00000|100%| E|CS|TAMS 0x000000008d900000, 0x000000008d900000| Complete 
| 218|0x000000008da00000, 0x000000008db00000, 0x000000008db00000|100%| E|CS|TAMS 0x000000008da00000, 0x000000008da00000| Complete 
| 219|0x000000008db00000, 0x000000008dc00000, 0x000000008dc00000|100%| E|CS|TAMS 0x000000008db00000, 0x000000008db00000| Complete 
| 220|0x000000008dc00000, 0x000000008dd00000, 0x000000008dd00000|100%| E|CS|TAMS 0x000000008dc00000, 0x000000008dc00000| Complete 
| 221|0x000000008dd00000, 0x000000008ddb7870, 0x000000008de00000| 71%| S|CS|TAMS 0x000000008dd00000, 0x000000008dd00000| Complete 
| 222|0x000000008de00000, 0x000000008df00000, 0x000000008df00000|100%| S|CS|TAMS 0x000000008de00000, 0x000000008de00000| Complete 
| 223|0x000000008df00000, 0x000000008e000000, 0x000000008e000000|100%| E|CS|TAMS 0x000000008df00000, 0x000000008df00000| Complete 

Card table byte_map: [0x00000258ea380000,0x00000258ea780000] _byte_map_base: 0x00000258e9f80000

Marking Bits (Prev, Next): (CMBitMap*) 0x00000258d77ccd90, (CMBitMap*) 0x00000258d77ccd50
 Prev Bits: [0x00000258ecb80000, 0x00000258eeb80000)
 Next Bits: [0x00000258eab80000, 0x00000258ecb80000)

Polling page: 0x00000258d5730000

Metaspace:

Usage:
  Non-class:     71.06 MB used.
      Class:     11.45 MB used.
       Both:     82.51 MB used.

Virtual space:
  Non-class space:      128.00 MB reserved,      71.44 MB ( 56%) committed,  2 nodes.
      Class space:        1.00 GB reserved,      11.75 MB (  1%) committed,  1 nodes.
             Both:        1.12 GB reserved,      83.19 MB (  7%) committed. 

Chunk freelists:
   Non-Class:  7.92 MB
       Class:  4.28 MB
        Both:  12.20 MB

MaxMetaspaceSize: unlimited
CompressedClassSpaceSize: 1.00 GB
Initial GC threshold: 21.00 MB
Current GC threshold: 129.06 MB
CDS: off
MetaspaceReclaimPolicy: balanced
 - commit_granule_bytes: 65536.
 - commit_granule_words: 8192.
 - virtual_space_node_default_size: 8388608.
 - enlarge_chunks_in_place: 1.
 - new_chunks_are_fully_committed: 0.
 - uncommit_free_chunks: 1.
 - use_allocation_guard: 0.
 - handle_deallocations: 1.


Internal statistics:

num_allocs_failed_limit: 3.
num_arena_births: 814.
num_arena_deaths: 0.
num_vsnodes_births: 3.
num_vsnodes_deaths: 0.
num_space_committed: 1329.
num_space_uncommitted: 0.
num_chunks_returned_to_freelist: 3.
num_chunks_taken_from_freelist: 3701.
num_chunk_merges: 3.
num_chunk_splits: 2636.
num_chunks_enlarged: 1973.
num_inconsistent_stats: 0.

CodeHeap 'non-profiled nmethods': size=120000Kb used=4192Kb max_used=4192Kb free=115807Kb
 bounds [0x00000258e2720000, 0x00000258e2b40000, 0x00000258e9c50000]
CodeHeap 'profiled nmethods': size=120000Kb used=13287Kb max_used=13287Kb free=106712Kb
 bounds [0x00000258dac50000, 0x00000258db950000, 0x00000258e2180000]
CodeHeap 'non-nmethods': size=5760Kb used=2388Kb max_used=2432Kb free=3371Kb
 bounds [0x00000258e2180000, 0x00000258e23f0000, 0x00000258e2720000]
 total_blobs=7850 nmethods=6943 adapters=819
 compilation: enabled
              stopped_count=0, restarted_count=0
 full_count=0

Compilation events (20 events):
Event: 8.392 Thread 0x00000258f178ac30 7629       3       jdk.internal.reflect.ReflectionFactory::newFieldAccessor (83 bytes)
Event: 8.392 Thread 0x00000258f178ac30 nmethod 7629 0x00000258db92ee10 code [0x00000258db92f000, 0x00000258db92f5f8]
Event: 8.392 Thread 0x00000258f178ac30 7632       3       jdk.internal.reflect.UnsafeStaticFieldAccessorImpl::<init> (17 bytes)
Event: 8.393 Thread 0x00000258f178ac30 nmethod 7632 0x00000258db92f890 code [0x00000258db92fa60, 0x00000258db92fda8]
Event: 8.393 Thread 0x00000258f178ac30 7633       3       org.jetbrains.kotlin.diagnostics.Errors$Initializer::initializeNameAndRenderer (15 bytes)
Event: 8.393 Thread 0x00000258f178ac30 nmethod 7633 0x00000258db92ff10 code [0x00000258db930160, 0x00000258db930b78]
Event: 8.393 Thread 0x00000258f178ac30 7634       3       org.jetbrains.kotlin.diagnostics.DiagnosticFactory::initializeName (12 bytes)
Event: 8.393 Thread 0x00000258f178ac30 nmethod 7634 0x00000258db930f10 code [0x00000258db931120, 0x00000258db931718]
Event: 8.393 Thread 0x00000258f178ac30 7635       3       org.jetbrains.kotlin.diagnostics.rendering.DiagnosticFactoryToRendererMap::get (23 bytes)
Event: 8.393 Thread 0x00000258f178ac30 nmethod 7635 0x00000258db931990 code [0x00000258db931b60, 0x00000258db931ed8]
Event: 8.393 Thread 0x00000258f178ac30 7641       3       java.lang.reflect.Field::checkAccess (32 bytes)
Event: 8.393 Thread 0x00000258f178ac30 nmethod 7641 0x00000258db932010 code [0x00000258db9321c0, 0x00000258db932448]
Event: 8.414 Thread 0x00000258f178a270 7642       4       java.util.regex.Pattern::compile (500 bytes)
Event: 8.414 Thread 0x00000258fcaa34a0 7643       4       java.util.regex.Pattern::next (33 bytes)
Event: 8.415 Thread 0x00000258fcaa34a0 nmethod 7643 0x00000258e2b36290 code [0x00000258e2b36400, 0x00000258e2b364d8]
Event: 8.460 Thread 0x00000258f178ac30 7644       3       kotlin.text.StringsKt__AppendableKt::appendElement (102 bytes)
Event: 8.460 Thread 0x00000258f178ac30 nmethod 7644 0x00000258db932590 code [0x00000258db932880, 0x00000258db933b18]
Event: 8.471 Thread 0x00000258f178ac30 7645       3       kotlin.collections.CollectionsKt__CollectionsJVMKt::listOf (11 bytes)
Event: 8.471 Thread 0x00000258fcaa34a0 7646       4       java.util.HashSet::add (20 bytes)
Event: 8.471 Thread 0x00000258f178ac30 nmethod 7645 0x00000258db933f10 code [0x00000258db9340e0, 0x00000258db9344a8]

GC Heap History (20 events):
Event: 5.923 GC heap before
{Heap before GC invocations=24 (full 0):
 garbage-first heap   total 135168K, used 105180K [0x0000000080000000, 0x0000000100000000)
  region size 1024K, 47 young (48128K), 1 survivors (1024K)
 Metaspace       used 58268K, committed 58816K, reserved 1114112K
  class space    used 7945K, committed 8192K, reserved 1048576K
}
Event: 5.927 GC heap after
{Heap after GC invocations=25 (full 0):
 garbage-first heap   total 135168K, used 60911K [0x0000000080000000, 0x0000000100000000)
  region size 1024K, 4 young (4096K), 4 survivors (4096K)
 Metaspace       used 58268K, committed 58816K, reserved 1114112K
  class space    used 7945K, committed 8192K, reserved 1048576K
}
Event: 5.961 GC heap before
{Heap before GC invocations=25 (full 0):
 garbage-first heap   total 135168K, used 62959K [0x0000000080000000, 0x0000000100000000)
  region size 1024K, 6 young (6144K), 4 survivors (4096K)
 Metaspace       used 58533K, committed 59136K, reserved 1114112K
  class space    used 7983K, committed 8256K, reserved 1048576K
}
Event: 5.964 GC heap after
{Heap after GC invocations=26 (full 0):
 garbage-first heap   total 135168K, used 60666K [0x0000000080000000, 0x0000000100000000)
  region size 1024K, 1 young (1024K), 1 survivors (1024K)
 Metaspace       used 58533K, committed 59136K, reserved 1114112K
  class space    used 7983K, committed 8256K, reserved 1048576K
}
Event: 6.490 GC heap before
{Heap before GC invocations=26 (full 0):
 garbage-first heap   total 135168K, used 105722K [0x0000000080000000, 0x0000000100000000)
  region size 1024K, 46 young (47104K), 1 survivors (1024K)
 Metaspace       used 61067K, committed 61696K, reserved 1114112K
  class space    used 8326K, committed 8640K, reserved 1048576K
}
Event: 6.494 GC heap after
{Heap after GC invocations=27 (full 0):
 garbage-first heap   total 135168K, used 65739K [0x0000000080000000, 0x0000000100000000)
  region size 1024K, 6 young (6144K), 6 survivors (6144K)
 Metaspace       used 61067K, committed 61696K, reserved 1114112K
  class space    used 8326K, committed 8640K, reserved 1048576K
}
Event: 6.780 GC heap before
{Heap before GC invocations=27 (full 0):
 garbage-first heap   total 135168K, used 106699K [0x0000000080000000, 0x0000000100000000)
  region size 1024K, 46 young (47104K), 6 survivors (6144K)
 Metaspace       used 67196K, committed 67776K, reserved 1114112K
  class space    used 9591K, committed 9856K, reserved 1048576K
}
Event: 6.784 GC heap after
{Heap after GC invocations=28 (full 0):
 garbage-first heap   total 135168K, used 67334K [0x0000000080000000, 0x0000000100000000)
  region size 1024K, 2 young (2048K), 2 survivors (2048K)
 Metaspace       used 67196K, committed 67776K, reserved 1114112K
  class space    used 9591K, committed 9856K, reserved 1048576K
}
Event: 7.050 GC heap before
{Heap before GC invocations=28 (full 0):
 garbage-first heap   total 135168K, used 108294K [0x0000000080000000, 0x0000000100000000)
  region size 1024K, 42 young (43008K), 2 survivors (2048K)
 Metaspace       used 72614K, committed 73280K, reserved 1114112K
  class space    used 10296K, committed 10624K, reserved 1048576K
}
Event: 7.052 GC heap after
{Heap after GC invocations=29 (full 0):
 garbage-first heap   total 135168K, used 67917K [0x0000000080000000, 0x0000000100000000)
  region size 1024K, 3 young (3072K), 3 survivors (3072K)
 Metaspace       used 72614K, committed 73280K, reserved 1114112K
  class space    used 10296K, committed 10624K, reserved 1048576K
}
Event: 7.412 GC heap before
{Heap before GC invocations=30 (full 0):
 garbage-first heap   total 135168K, used 117069K [0x0000000080000000, 0x0000000100000000)
  region size 1024K, 44 young (45056K), 3 survivors (3072K)
 Metaspace       used 78522K, committed 79168K, reserved 1179648K
  class space    used 11047K, committed 11328K, reserved 1048576K
}
Event: 7.416 GC heap after
{Heap after GC invocations=31 (full 0):
 garbage-first heap   total 135168K, used 76822K [0x0000000080000000, 0x0000000100000000)
  region size 1024K, 4 young (4096K), 4 survivors (4096K)
 Metaspace       used 78522K, committed 79168K, reserved 1179648K
  class space    used 11047K, committed 11328K, reserved 1048576K
}
Event: 7.428 GC heap before
{Heap before GC invocations=31 (full 0):
 garbage-first heap   total 135168K, used 78870K [0x0000000080000000, 0x0000000100000000)
  region size 1024K, 6 young (6144K), 4 survivors (4096K)
 Metaspace       used 78522K, committed 79168K, reserved 1179648K
  class space    used 11047K, committed 11328K, reserved 1048576K
}
Event: 7.431 GC heap after
{Heap after GC invocations=32 (full 0):
 garbage-first heap   total 135168K, used 76661K [0x0000000080000000, 0x0000000100000000)
  region size 1024K, 1 young (1024K), 1 survivors (1024K)
 Metaspace       used 78522K, committed 79168K, reserved 1179648K
  class space    used 11047K, committed 11328K, reserved 1048576K
}
Event: 7.635 GC heap before
{Heap before GC invocations=32 (full 0):
 garbage-first heap   total 135168K, used 113525K [0x0000000080000000, 0x0000000100000000)
  region size 1024K, 35 young (35840K), 1 survivors (1024K)
 Metaspace       used 78652K, committed 79296K, reserved 1179648K
  class space    used 11052K, committed 11328K, reserved 1048576K
}
Event: 7.646 GC heap after
{Heap after GC invocations=33 (full 0):
 garbage-first heap   total 229376K, used 83407K [0x0000000080000000, 0x0000000100000000)
  region size 1024K, 5 young (5120K), 5 survivors (5120K)
 Metaspace       used 78652K, committed 79296K, reserved 1179648K
  class space    used 11052K, committed 11328K, reserved 1048576K
}
Event: 8.206 GC heap before
{Heap before GC invocations=34 (full 0):
 garbage-first heap   total 229376K, used 177615K [0x0000000080000000, 0x0000000100000000)
  region size 1024K, 91 young (93184K), 5 survivors (5120K)
 Metaspace       used 82273K, committed 82944K, reserved 1179648K
  class space    used 11485K, committed 11776K, reserved 1048576K
}
Event: 8.222 GC heap after
{Heap after GC invocations=35 (full 0):
 garbage-first heap   total 229376K, used 98450K [0x0000000080000000, 0x0000000100000000)
  region size 1024K, 12 young (12288K), 12 survivors (12288K)
 Metaspace       used 82273K, committed 82944K, reserved 1179648K
  class space    used 11485K, committed 11776K, reserved 1048576K
}
Event: 8.231 GC heap before
{Heap before GC invocations=35 (full 0):
 garbage-first heap   total 229376K, used 99474K [0x0000000080000000, 0x0000000100000000)
  region size 1024K, 13 young (13312K), 12 survivors (12288K)
 Metaspace       used 82358K, committed 83008K, reserved 1179648K
  class space    used 11494K, committed 11776K, reserved 1048576K
}
Event: 8.240 GC heap after
{Heap after GC invocations=36 (full 0):
 garbage-first heap   total 229376K, used 100746K [0x0000000080000000, 0x0000000100000000)
  region size 1024K, 2 young (2048K), 2 survivors (2048K)
 Metaspace       used 82358K, committed 83008K, reserved 1179648K
  class space    used 11494K, committed 11776K, reserved 1048576K
}

Dll operation events (3 events):
Event: 0.004 Loaded shared library C:\Program Files\Android\Android Studio1\jbr\bin\java.dll
Event: 0.086 Loaded shared library C:\Program Files\Android\Android Studio1\jbr\bin\zip.dll
Event: 0.285 Loaded shared library C:\Program Files\Android\Android Studio1\jbr\bin\verify.dll

Deoptimization events (20 events):
Event: 8.280 Thread 0x00000258f75f59b0 Uncommon trap: trap_request=0xffffffde fr.pc=0x00000258e2b1a5c0 relative=0x0000000000000560
Event: 8.280 Thread 0x00000258f75f59b0 Uncommon trap: reason=class_check action=maybe_recompile pc=0x00000258e2b1a5c0 method=org.jetbrains.kotlin.protobuf.CodedInputStream.tryRefillBuffer(I)Z @ 177 c2
Event: 8.280 Thread 0x00000258f75f59b0 DEOPT PACKING pc=0x00000258e2b1a5c0 sp=0x00000087eebf4350
Event: 8.280 Thread 0x00000258f75f59b0 DEOPT UNPACKING pc=0x00000258e21da1a3 sp=0x00000087eebf4238 mode 2
Event: 8.282 Thread 0x00000258f75f59b0 Uncommon trap: trap_request=0xffffffde fr.pc=0x00000258e2b1a5c0 relative=0x0000000000000560
Event: 8.282 Thread 0x00000258f75f59b0 Uncommon trap: reason=class_check action=maybe_recompile pc=0x00000258e2b1a5c0 method=org.jetbrains.kotlin.protobuf.CodedInputStream.tryRefillBuffer(I)Z @ 177 c2
Event: 8.282 Thread 0x00000258f75f59b0 DEOPT PACKING pc=0x00000258e2b1a5c0 sp=0x00000087eebf4350
Event: 8.282 Thread 0x00000258f75f59b0 DEOPT UNPACKING pc=0x00000258e21da1a3 sp=0x00000087eebf4238 mode 2
Event: 8.282 Thread 0x00000258f75f59b0 Uncommon trap: trap_request=0xffffffde fr.pc=0x00000258e2b1a5c0 relative=0x0000000000000560
Event: 8.282 Thread 0x00000258f75f59b0 Uncommon trap: reason=class_check action=maybe_recompile pc=0x00000258e2b1a5c0 method=org.jetbrains.kotlin.protobuf.CodedInputStream.tryRefillBuffer(I)Z @ 177 c2
Event: 8.282 Thread 0x00000258f75f59b0 DEOPT PACKING pc=0x00000258e2b1a5c0 sp=0x00000087eebf4350
Event: 8.282 Thread 0x00000258f75f59b0 DEOPT UNPACKING pc=0x00000258e21da1a3 sp=0x00000087eebf4238 mode 2
Event: 8.459 Thread 0x00000258f75f59b0 Uncommon trap: trap_request=0xffffffc6 fr.pc=0x00000258e2781b2c relative=0x00000000000025ac
Event: 8.459 Thread 0x00000258f75f59b0 Uncommon trap: reason=bimorphic_or_optimized_type_check action=maybe_recompile pc=0x00000258e2781b2c method=java.util.HashMap.putVal(ILjava/lang/Object;Ljava/lang/Object;ZZ)Ljava/lang/Object; @ 91 c2
Event: 8.459 Thread 0x00000258f75f59b0 DEOPT PACKING pc=0x00000258e2781b2c sp=0x00000087eebf1630
Event: 8.459 Thread 0x00000258f75f59b0 DEOPT UNPACKING pc=0x00000258e21da1a3 sp=0x00000087eebf1508 mode 2
Event: 8.459 Thread 0x00000258f75f59b0 Uncommon trap: trap_request=0xffffffc6 fr.pc=0x00000258e2781b2c relative=0x00000000000025ac
Event: 8.459 Thread 0x00000258f75f59b0 Uncommon trap: reason=bimorphic_or_optimized_type_check action=maybe_recompile pc=0x00000258e2781b2c method=java.util.HashMap.putVal(ILjava/lang/Object;Ljava/lang/Object;ZZ)Ljava/lang/Object; @ 91 c2
Event: 8.459 Thread 0x00000258f75f59b0 DEOPT PACKING pc=0x00000258e2781b2c sp=0x00000087eebf1630
Event: 8.460 Thread 0x00000258f75f59b0 DEOPT UNPACKING pc=0x00000258e21da1a3 sp=0x00000087eebf1508 mode 2

Classes unloaded (0 events):
No events

Classes redefined (0 events):
No events

Internal exceptions (20 events):
Event: 6.134 Thread 0x00000258f75f59b0 Exception <a 'java/lang/NoSuchMethodError'{0x00000000876f4d08}: 'java.lang.Object java.lang.invoke.DirectMethodHandle$Holder.invokeSpecial(java.lang.Object, java.lang.Object, java.lang.Object, java.lang.Object, java.lang.Object, long)'> (0x00000000876f4d08) 
thrown [s\src\hotspot\share\interpreter\linkResolver.cpp, line 771]
Event: 6.135 Thread 0x00000258f75f59b0 Exception <a 'java/lang/NoSuchMethodError'{0x00000000875170c0}: 'void java.lang.invoke.DirectMethodHandle$Holder.invokeStatic(java.lang.Object, java.lang.Object, java.lang.Object, int, java.lang.Object)'> (0x00000000875170c0) 
thrown [s\src\hotspot\share\interpreter\linkResolver.cpp, line 771]
Event: 6.486 Thread 0x00000258f75f59b0 Exception <a 'java/lang/NoSuchMethodError'{0x000000008579be50}: 'void java.lang.invoke.DirectMethodHandle$Holder.invokeVirtual(java.lang.Object, java.lang.Object)'> (0x000000008579be50) 
thrown [s\src\hotspot\share\interpreter\linkResolver.cpp, line 771]
Event: 6.512 Thread 0x00000258f75f59b0 Exception <a 'java/lang/NoSuchMethodError'{0x00000000882c25b8}: 'java.lang.Object java.lang.invoke.DirectMethodHandle$Holder.invokeStaticInit(java.lang.Object, int)'> (0x00000000882c25b8) 
thrown [s\src\hotspot\share\interpreter\linkResolver.cpp, line 771]
Event: 6.754 Thread 0x00000258f75f59b0 Implicit null exception at 0x00000258e275d472 to 0x00000258e275dab4
Event: 6.809 Thread 0x00000258f75f59b0 Implicit null exception at 0x00000258e275c7f2 to 0x00000258e275ce48
Event: 6.920 Thread 0x00000258f75f59b0 Exception <a 'sun/nio/fs/WindowsException'{0x0000000087057540}> (0x0000000087057540) 
thrown [s\src\hotspot\share\prims\jni.cpp, line 517]
Event: 6.920 Thread 0x00000258f75f59b0 Exception <a 'sun/nio/fs/WindowsException'{0x00000000870595a8}> (0x00000000870595a8) 
thrown [s\src\hotspot\share\prims\jni.cpp, line 517]
Event: 6.960 Thread 0x00000258f75f59b0 Exception <a 'java/lang/NoSuchMethodError'{0x00000000869ac698}: 'long java.lang.invoke.DirectMethodHandle$Holder.invokeStatic(java.lang.Object)'> (0x00000000869ac698) 
thrown [s\src\hotspot\share\interpreter\linkResolver.cpp, line 771]
Event: 6.960 Thread 0x00000258f75f59b0 Exception <a 'java/lang/NoSuchMethodError'{0x00000000869b14e0}: 'long java.lang.invoke.DirectMethodHandle$Holder.invokeStaticInit(java.lang.Object)'> (0x00000000869b14e0) 
thrown [s\src\hotspot\share\interpreter\linkResolver.cpp, line 771]
Event: 6.994 Thread 0x00000258f75f59b0 Exception <a 'java/lang/NoSuchMethodError'{0x000000008630dcb0}: 'long java.lang.invoke.Invokers$Holder.invoke_MT(java.lang.Object, java.lang.Object, java.lang.Object, java.lang.Object)'> (0x000000008630dcb0) 
thrown [s\src\hotspot\share\interpreter\linkResolver.cpp, line 771]
Event: 6.995 Thread 0x00000258f75f59b0 Exception <a 'java/lang/NoSuchMethodError'{0x0000000086317300}: 'int java.lang.invoke.Invokers$Holder.invoke_MT(java.lang.Object, java.lang.Object, java.lang.Object, java.lang.Object)'> (0x0000000086317300) 
thrown [s\src\hotspot\share\interpreter\linkResolver.cpp, line 771]
Event: 6.995 Thread 0x00000258f75f59b0 Exception <a 'java/lang/NoSuchMethodError'{0x0000000086327dd0}: 'void java.lang.invoke.DelegatingMethodHandle$Holder.reinvoke_L(java.lang.Object, java.lang.Object, java.lang.Object, long, java.lang.Object)'> (0x0000000086327dd0) 
thrown [s\src\hotspot\share\interpreter\linkResolver.cpp, line 771]
Event: 6.996 Thread 0x00000258f75f59b0 Exception <a 'java/lang/NoSuchMethodError'{0x00000000863309a8}: 'java.lang.Object java.lang.invoke.DirectMethodHandle$Holder.invokeSpecial(java.lang.Object, java.lang.Object, java.lang.Object, java.lang.Object, long)'> (0x00000000863309a8) 
thrown [s\src\hotspot\share\interpreter\linkResolver.cpp, line 771]
Event: 6.996 Thread 0x00000258f75f59b0 Exception <a 'java/lang/NoSuchMethodError'{0x0000000086341348}: 'int java.lang.invoke.DelegatingMethodHandle$Holder.reinvoke_L(java.lang.Object, java.lang.Object, java.lang.Object, long, java.lang.Object, java.lang.Object)'> (0x0000000086341348) 
thrown [s\src\hotspot\share\interpreter\linkResolver.cpp, line 771]
Event: 6.996 Thread 0x00000258f75f59b0 Exception <a 'java/lang/NoSuchMethodError'{0x0000000086351630}: 'int java.lang.invoke.DelegatingMethodHandle$Holder.reinvoke_L(java.lang.Object, java.lang.Object, java.lang.Object, long, int, int)'> (0x0000000086351630) 
thrown [s\src\hotspot\share\interpreter\linkResolver.cpp, line 771]
Event: 6.997 Thread 0x00000258f75f59b0 Exception <a 'java/lang/NoSuchMethodError'{0x00000000863616c0}: 'int java.lang.invoke.DelegatingMethodHandle$Holder.reinvoke_L(java.lang.Object, java.lang.Object, java.lang.Object, long, long, long)'> (0x00000000863616c0) 
thrown [s\src\hotspot\share\interpreter\linkResolver.cpp, line 771]
Event: 6.997 Thread 0x00000258f75f59b0 Exception <a 'java/lang/NoSuchMethodError'{0x0000000086371430}: 'int java.lang.invoke.DelegatingMethodHandle$Holder.reinvoke_L(java.lang.Object, java.lang.Object, java.lang.Object, long, int)'> (0x0000000086371430) 
thrown [s\src\hotspot\share\interpreter\linkResolver.cpp, line 771]
Event: 7.340 Thread 0x00000258f75f59b0 Exception <a 'java/lang/NoSuchMethodError'{0x00000000861b0ea0}: 'java.lang.Object java.lang.invoke.Invokers$Holder.invokeExact_MT(java.lang.Object, java.lang.Object, long, java.lang.Object)'> (0x00000000861b0ea0) 
thrown [s\src\hotspot\share\interpreter\linkResolver.cpp, line 771]
Event: 7.370 Thread 0x00000258f75f59b0 Exception <a 'java/lang/NoSuchMethodError'{0x0000000085e347e0}: 'java.lang.Object java.lang.invoke.Invokers$Holder.invoke_MT(java.lang.Object, java.lang.Object, java.lang.Object)'> (0x0000000085e347e0) 
thrown [s\src\hotspot\share\interpreter\linkResolver.cpp, line 771]

VM Operations (20 events):
Event: 7.077 Executing VM operation: G1PauseRemark
Event: 7.079 Executing VM operation: G1PauseRemark done
Event: 7.091 Executing VM operation: G1PauseCleanup
Event: 7.091 Executing VM operation: G1PauseCleanup done
Event: 7.277 Executing VM operation: HandshakeAllThreads
Event: 7.277 Executing VM operation: HandshakeAllThreads done
Event: 7.412 Executing VM operation: G1CollectForAllocation
Event: 7.416 Executing VM operation: G1CollectForAllocation done
Event: 7.428 Executing VM operation: G1CollectForAllocation
Event: 7.431 Executing VM operation: G1CollectForAllocation done
Event: 7.635 Executing VM operation: G1CollectForAllocation
Event: 7.646 Executing VM operation: G1CollectForAllocation done
Event: 7.697 Executing VM operation: G1PauseRemark
Event: 7.699 Executing VM operation: G1PauseRemark done
Event: 7.722 Executing VM operation: G1PauseCleanup
Event: 7.722 Executing VM operation: G1PauseCleanup done
Event: 8.206 Executing VM operation: G1CollectForAllocation
Event: 8.222 Executing VM operation: G1CollectForAllocation done
Event: 8.231 Executing VM operation: G1CollectForAllocation
Event: 8.240 Executing VM operation: G1CollectForAllocation done

Events (20 events):
Event: 7.369 loading class java/nio/channels/FileChannel$MapMode
Event: 7.369 loading class java/nio/channels/FileChannel$MapMode done
Event: 7.369 loading class jdk/internal/misc/ExtendedMapMode
Event: 7.370 loading class jdk/internal/misc/ExtendedMapMode done
Event: 7.371 loading class sun/nio/ch/FileChannelImpl$DefaultUnmapper
Event: 7.371 loading class sun/nio/ch/FileChannelImpl$Unmapper
Event: 7.371 loading class jdk/internal/access/foreign/UnmapperProxy
Event: 7.371 loading class jdk/internal/access/foreign/UnmapperProxy done
Event: 7.371 loading class sun/nio/ch/FileChannelImpl$Unmapper done
Event: 7.371 loading class sun/nio/ch/FileChannelImpl$DefaultUnmapper done
Event: 7.371 loading class sun/nio/ch/Util$4
Event: 7.371 loading class sun/nio/ch/Util$4 done
Event: 7.371 loading class jdk/internal/access/foreign/MemorySegmentProxy
Event: 7.371 loading class jdk/internal/access/foreign/MemorySegmentProxy done
Event: 7.372 loading class java/io/UTFDataFormatException
Event: 7.372 loading class java/io/UTFDataFormatException done
Event: 7.876 loading class java/nio/channels/NonWritableChannelException
Event: 7.876 loading class java/nio/channels/NonWritableChannelException done
Event: 8.172 Thread 0x00000258fcac8e10 Thread exited: 0x00000258fcac8e10
Event: 8.330 Thread 0x00000258fcaa34a0 Thread added: 0x00000258fcaa34a0


Dynamic libraries:
0x00007ff6ae490000 - 0x00007ff6ae49a000 	C:\Program Files\Android\Android Studio1\jbr\bin\java.exe
0x00007ffb60ff0000 - 0x00007ffb611e8000 	C:\windows\SYSTEM32\ntdll.dll
0x00007ffb5ff40000 - 0x00007ffb60001000 	C:\windows\System32\KERNEL32.DLL
0x00007ffb5ea80000 - 0x00007ffb5ed7d000 	C:\windows\System32\KERNELBASE.dll
0x00007ffb5e740000 - 0x00007ffb5e840000 	C:\windows\System32\ucrtbase.dll
0x00007ffb54160000 - 0x00007ffb5417b000 	C:\Program Files\Android\Android Studio1\jbr\bin\VCRUNTIME140.dll
0x00007ffb54f80000 - 0x00007ffb54f97000 	C:\Program Files\Android\Android Studio1\jbr\bin\jli.dll
0x00007ffb5fd40000 - 0x00007ffb5fedd000 	C:\windows\System32\USER32.dll
0x00007ffb5e8b0000 - 0x00007ffb5e8d2000 	C:\windows\System32\win32u.dll
0x00007ffb43690000 - 0x00007ffb4392a000 	C:\windows\WinSxS\amd64_microsoft.windows.common-controls_6595b64144ccf1df_6.0.19041.4355_none_60b8b9eb71f62e16\COMCTL32.dll
0x00007ffb605f0000 - 0x00007ffb6061b000 	C:\windows\System32\GDI32.dll
0x00007ffb5f050000 - 0x00007ffb5f0ee000 	C:\windows\System32\msvcrt.dll
0x00007ffb5e8e0000 - 0x00007ffb5e9f7000 	C:\windows\System32\gdi32full.dll
0x00007ffb5e6a0000 - 0x00007ffb5e73d000 	C:\windows\System32\msvcp_win.dll
0x00007ffb5f020000 - 0x00007ffb5f04f000 	C:\windows\System32\IMM32.DLL
0x00007ffb54150000 - 0x00007ffb5415c000 	C:\Program Files\Android\Android Studio1\jbr\bin\vcruntime140_1.dll
0x00007ffb21180000 - 0x00007ffb2120d000 	C:\Program Files\Android\Android Studio1\jbr\bin\msvcp140.dll
0x00007ffb14e70000 - 0x00007ffb15af3000 	C:\Program Files\Android\Android Studio1\jbr\bin\server\jvm.dll
0x00007ffb600e0000 - 0x00007ffb60190000 	C:\windows\System32\ADVAPI32.dll
0x00007ffb60400000 - 0x00007ffb604a0000 	C:\windows\System32\sechost.dll
0x00007ffb60190000 - 0x00007ffb602b3000 	C:\windows\System32\RPCRT4.dll
0x00007ffb5ea00000 - 0x00007ffb5ea27000 	C:\windows\System32\bcrypt.dll
0x00007ffb5dc20000 - 0x00007ffb5dc6b000 	C:\windows\SYSTEM32\POWRPROF.dll
0x00007ffb58fe0000 - 0x00007ffb58fe9000 	C:\windows\SYSTEM32\WSOCK32.dll
0x00007ffb56290000 - 0x00007ffb5629a000 	C:\windows\SYSTEM32\VERSION.dll
0x00007ffb42a40000 - 0x00007ffb42a67000 	C:\windows\SYSTEM32\WINMM.dll
0x00007ffb60da0000 - 0x00007ffb60e0b000 	C:\windows\System32\WS2_32.dll
0x00007ffb5da90000 - 0x00007ffb5daa2000 	C:\windows\SYSTEM32\UMPDC.dll
0x00007ffb5c700000 - 0x00007ffb5c712000 	C:\windows\SYSTEM32\kernel.appcore.dll
0x00007ffb57110000 - 0x00007ffb5711a000 	C:\Program Files\Android\Android Studio1\jbr\bin\jimage.dll
0x00007ffb5c430000 - 0x00007ffb5c614000 	C:\windows\SYSTEM32\DBGHELP.DLL
0x00007ffb3f880000 - 0x00007ffb3f8b4000 	C:\windows\SYSTEM32\dbgcore.DLL
0x00007ffb5ef90000 - 0x00007ffb5f012000 	C:\windows\System32\bcryptPrimitives.dll
0x00007ffb56af0000 - 0x00007ffb56afe000 	C:\Program Files\Android\Android Studio1\jbr\bin\instrument.dll
0x00007ffb4ead0000 - 0x00007ffb4eaf5000 	C:\Program Files\Android\Android Studio1\jbr\bin\java.dll
0x00007ffb56fc0000 - 0x00007ffb56fd8000 	C:\Program Files\Android\Android Studio1\jbr\bin\zip.dll
0x00007ffb5f160000 - 0x00007ffb5f8cf000 	C:\windows\System32\SHELL32.dll
0x00007ffb5c720000 - 0x00007ffb5cebf000 	C:\windows\SYSTEM32\windows.storage.dll
0x00007ffb60870000 - 0x00007ffb60bc3000 	C:\windows\System32\combase.dll
0x00007ffb5e0c0000 - 0x00007ffb5e0ee000 	C:\windows\SYSTEM32\Wldp.dll
0x00007ffb60010000 - 0x00007ffb600dd000 	C:\windows\System32\OLEAUT32.dll
0x00007ffb604a0000 - 0x00007ffb6054d000 	C:\windows\System32\SHCORE.dll
0x00007ffb5fee0000 - 0x00007ffb5ff35000 	C:\windows\System32\shlwapi.dll
0x00007ffb5e5d0000 - 0x00007ffb5e5f4000 	C:\windows\SYSTEM32\profapi.dll
0x00007ffb56f20000 - 0x00007ffb56f39000 	C:\Program Files\Android\Android Studio1\jbr\bin\net.dll
0x00007ffb58030000 - 0x00007ffb5813d000 	C:\windows\SYSTEM32\WINHTTP.dll
0x00007ffb5de20000 - 0x00007ffb5de8a000 	C:\windows\system32\mswsock.dll
0x00007ffb55540000 - 0x00007ffb55556000 	C:\Program Files\Android\Android Studio1\jbr\bin\nio.dll
0x00007ffb56ef0000 - 0x00007ffb56f00000 	C:\Program Files\Android\Android Studio1\jbr\bin\verify.dll
0x00007ffb56a60000 - 0x00007ffb56a87000 	C:\Users\a\.gradle\native\c067742578af261105cb4f569cf0c3c89f3d7b1fecec35dd04571415982c5e48\windows-amd64\native-platform.dll
0x00007ffb368f0000 - 0x00007ffb36a34000 	C:\Users\a\.gradle\native\38dada09dfb8b06ba9b0570ebf7e218e3eb74d4ef43ca46872605cf95ebc2f47\windows-amd64\native-platform-file-events.dll
0x00007ffb57040000 - 0x00007ffb57049000 	C:\Program Files\Android\Android Studio1\jbr\bin\management.dll
0x00007ffb56f60000 - 0x00007ffb56f6b000 	C:\Program Files\Android\Android Studio1\jbr\bin\management_ext.dll
0x00007ffb60fa0000 - 0x00007ffb60fa8000 	C:\windows\System32\PSAPI.DLL
0x00007ffb5e010000 - 0x00007ffb5e028000 	C:\windows\SYSTEM32\CRYPTSP.dll
0x00007ffb5d6d0000 - 0x00007ffb5d704000 	C:\windows\system32\rsaenh.dll
0x00007ffb5e580000 - 0x00007ffb5e5ae000 	C:\windows\SYSTEM32\USERENV.dll
0x00007ffb5e030000 - 0x00007ffb5e03c000 	C:\windows\SYSTEM32\CRYPTBASE.dll
0x00007ffb5dab0000 - 0x00007ffb5daeb000 	C:\windows\SYSTEM32\IPHLPAPI.DLL
0x00007ffb5f0f0000 - 0x00007ffb5f0f8000 	C:\windows\System32\NSI.dll
0x00007ffb563f0000 - 0x00007ffb56407000 	C:\windows\SYSTEM32\dhcpcsvc6.DLL
0x00007ffb56830000 - 0x00007ffb5684d000 	C:\windows\SYSTEM32\dhcpcsvc.DLL
0x00007ffb5daf0000 - 0x00007ffb5dbba000 	C:\windows\SYSTEM32\DNSAPI.dll
0x00007ffb57340000 - 0x00007ffb57347000 	C:\windows\system32\wshunix.dll

dbghelp: loaded successfully - version: 4.0.5 - missing functions: none
symbol engine: initialized successfully - sym options: 0x614 - pdb path: .;C:\Program Files\Android\Android Studio1\jbr\bin;C:\windows\SYSTEM32;C:\windows\WinSxS\amd64_microsoft.windows.common-controls_6595b64144ccf1df_6.0.19041.4355_none_60b8b9eb71f62e16;C:\Program Files\Android\Android Studio1\jbr\bin\server;C:\Users\a\.gradle\native\c067742578af261105cb4f569cf0c3c89f3d7b1fecec35dd04571415982c5e48\windows-amd64;C:\Users\a\.gradle\native\38dada09dfb8b06ba9b0570ebf7e218e3eb74d4ef43ca46872605cf95ebc2f47\windows-amd64

VM Arguments:
jvm_args: --add-opens=java.base/java.util=ALL-UNNAMED --add-opens=java.base/java.lang=ALL-UNNAMED --add-opens=java.base/java.lang.invoke=ALL-UNNAMED --add-opens=java.prefs/java.util.prefs=ALL-UNNAMED --add-opens=java.base/java.nio.charset=ALL-UNNAMED --add-opens=java.base/java.net=ALL-UNNAMED --add-opens=java.base/java.util.concurrent.atomic=ALL-UNNAMED -Xmx2048m -Dfile.encoding=UTF-8 -Duser.country=IN -Duser.language=en -Duser.variant -javaagent:C:\Users\a\.gradle\wrapper\dists\gradle-8.4-bin\1w5dpkrfk8irigvoxmyhowfim\gradle-8.4\lib\agents\gradle-instrumentation-agent-8.4.jar 
java_command: org.gradle.launcher.daemon.bootstrap.GradleDaemon 8.4
java_class_path (initial): C:\Users\a\.gradle\wrapper\dists\gradle-8.4-bin\1w5dpkrfk8irigvoxmyhowfim\gradle-8.4\lib\gradle-launcher-8.4.jar
Launcher Type: SUN_STANDARD

[Global flags]
     intx CICompilerCount                          = 4                                         {product} {ergonomic}
     uint ConcGCThreads                            = 2                                         {product} {ergonomic}
     uint G1ConcRefinementThreads                  = 8                                         {product} {ergonomic}
   size_t G1HeapRegionSize                         = 1048576                                   {product} {ergonomic}
    uintx GCDrainStackTargetSize                   = 64                                        {product} {ergonomic}
   size_t InitialHeapSize                          = 130023424                                 {product} {ergonomic}
   size_t MarkStackSize                            = 4194304                                   {product} {ergonomic}
   size_t MaxHeapSize                              = 2147483648                                {product} {command line}
   size_t MaxNewSize                               = 1287651328                                {product} {ergonomic}
   size_t MinHeapDeltaBytes                        = 1048576                                   {product} {ergonomic}
   size_t MinHeapSize                              = 8388608                                   {product} {ergonomic}
    uintx NonNMethodCodeHeapSize                   = 5839372                                {pd product} {ergonomic}
    uintx NonProfiledCodeHeapSize                  = 122909434                              {pd product} {ergonomic}
    uintx ProfiledCodeHeapSize                     = 122909434                              {pd product} {ergonomic}
    uintx ReservedCodeCacheSize                    = 251658240                              {pd product} {ergonomic}
     bool SegmentedCodeCache                       = true                                      {product} {ergonomic}
   size_t SoftMaxHeapSize                          = 2147483648                             {manageable} {ergonomic}
     bool UseCompressedClassPointers               = true                           {product lp64_product} {ergonomic}
     bool UseCompressedOops                        = true                           {product lp64_product} {ergonomic}
     bool UseG1GC                                  = true                                      {product} {ergonomic}
     bool UseLargePagesIndividualAllocation        = false                                  {pd product} {ergonomic}

Logging:
Log output configuration:
 #0: stdout all=warning uptime,level,tags
 #1: stderr all=off uptime,level,tags

Environment Variables:
PATH=C:\Program Files\Common Files\Oracle\Java\javapath;C:\windows\system32;C:\windows;C:\windows\System32\Wbem;C:\windows\System32\WindowsPowerShell\v1.0\;C:\windows\System32\OpenSSH\;C:\Program Files\Git\cmd;C:\MinGW\bin;C:\ProgramData\chocolatey\bin;C:\Program Files\MySQL\MySQL Server 8.0\bin;C:\Users\a\AppData\Local\Microsoft\WindowsApps;C:\Users\a\AppData\Local\Programs\Microsoft VS Code\bin;C:\Program Files\JetBrains\IntelliJ IDEA Community Edition 2021.3.3\New folder\IntelliJ IDEA Community Edition 2021.3.3\bin;;C:\flutter\bin;
USERNAME=a
OS=Windows_NT
PROCESSOR_IDENTIFIER=Intel64 Family 6 Model 140 Stepping 1, GenuineIntel
TMP=C:\Users\a\AppData\Local\Temp
TEMP=C:\Users\a\AppData\Local\Temp



Periodic native trim disabled

JNI global refs:
JNI global refs: 26, weak refs: 0

JNI global refs memory usage: 843, weak refs: 841

OOME stack traces (most recent first):
Classloader memory used:
Loader org.gradle.internal.classloader.VisitableURLClassLoader                         : 6635K
Loader bootstrap                                                                       : 2515K
Loader org.gradle.initialization.MixInLegacyTypesClassLoader                           : 1058K
Loader org.gradle.internal.classloader.VisitableURLClassLoader$InstrumentingVisitableURLClassLoader: 100948B
Loader org.gradle.internal.classloader.VisitableURLClassLoader                         : 85029B
Loader jdk.internal.loader.ClassLoaders$PlatformClassLoader                            : 66858B
Loader jdk.internal.jrtfs.JrtFileSystemProvider$JrtFsLoader                            : 37540B
Loader jdk.internal.reflect.DelegatingClassLoader                                      : 33484B
Loader jdk.internal.loader.ClassLoaders$AppClassLoader                                 : 28455B
Loader org.gradle.groovy.scripts.internal.DefaultScriptCompilationHandler$ScriptClassLoader: 10919B
Loader org.codehaus.groovy.runtime.callsite.CallSiteClassLoader                        : 6363B

Classes loaded by more than one classloader:
Class org.gradle.internal.Cast                                                        : loaded 3 times (x 69B)
Class Program                                                                         : loaded 3 times (x 70B)
Class org.gradle.api.GradleException                                                  : loaded 3 times (x 80B)
Class org.gradle.internal.classpath.ClassPath                                         : loaded 2 times (x 68B)
Class org.gradle.api.internal.classpath.DefaultModuleRegistry                         : loaded 2 times (x 84B)
Class org.gradle.internal.exceptions.NonGradleCauseExceptionsHolder                   : loaded 2 times (x 68B)
Class Settings_gradle$1$1                                                             : loaded 2 times (x 72B)
Class com.intellij.openapi.externalSystem.model.ExternalSystemException               : loaded 2 times (x 84B)
Class jdk.internal.jimage.BasicImageReader$1                                          : loaded 2 times (x 75B)
Class org.gradle.api.Action                                                           : loaded 2 times (x 68B)
Class org.jetbrains.kotlin.idea.gradleTooling.model.samWithReceiver.SamWithReceiverModel: loaded 2 times (x 68B)
Class org.jetbrains.plugins.gradle.model.ExternalProject                              : loaded 2 times (x 68B)
Class org.jetbrains.plugins.gradle.model.IntelliJSettings                             : loaded 2 times (x 68B)
Class jdk.internal.jimage.ImageBufferCache$1                                          : loaded 2 times (x 78B)
Class jdk.internal.jimage.ImageBufferCache$2                                          : loaded 2 times (x 89B)
Class org.jetbrains.kotlin.idea.gradleTooling.KotlinMPPGradleModel                    : loaded 2 times (x 68B)
Class org.gradle.api.internal.DefaultClassPathProvider                                : loaded 2 times (x 74B)
Class org.gradle.internal.installation.GradleInstallation$1                           : loaded 2 times (x 73B)
Class jdk.internal.jrtfs.SystemImage$1                                                : loaded 2 times (x 76B)
Class jdk.internal.jrtfs.SystemImage$2                                                : loaded 2 times (x 74B)
Class org.gradle.internal.exceptions.DefaultMultiCauseException                       : loaded 2 times (x 89B)
Class org.gradle.tooling.model.UnsupportedMethodException                             : loaded 2 times (x 80B)
Class org.gradle.internal.time.MonotonicClock                                         : loaded 2 times (x 75B)
Class org.gradle.internal.classloader.FilteringClassLoader                            : loaded 2 times (x 103B)
Class jdk.internal.jimage.ImageReader$Resource                                        : loaded 2 times (x 82B)
Class jdk.internal.jrtfs.SystemImage                                                  : loaded 2 times (x 72B)
Class org.gradle.tooling.model.Model                                                  : loaded 2 times (x 68B)
Class org.gradle.internal.classpath.DefaultClassPath$ImmutableUniqueList$Builder      : loaded 2 times (x 73B)
Class org.jetbrains.kotlin.idea.gradleTooling.KotlinSourceSetContainer                : loaded 2 times (x 68B)
Class jdk.internal.jrtfs.JrtDirectoryStream$1                                         : loaded 2 times (x 81B)
Class org.gradle.internal.classloader.ClassLoaderVisitor                              : loaded 2 times (x 74B)
Class org.gradle.internal.time.DefaultCountdownTimer                                  : loaded 2 times (x 86B)
Class org.gradle.internal.service.DefaultServiceLocator                               : loaded 2 times (x 81B)
Class org.gradle.internal.service.UnknownServiceException                             : loaded 2 times (x 81B)
Class org.jetbrains.plugins.gradle.model.DependencyAccessorsModel                     : loaded 2 times (x 68B)
Class org.gradle.internal.classloader.DefaultClassLoaderFactory                       : loaded 2 times (x 80B)
Class jdk.internal.jimage.ImageReader$SharedImageReader                               : loaded 2 times (x 93B)
Class sync_studio_tooling4457_dn9bxsnr6olr1d7dn10ed1dcx                               : loaded 2 times (x 177B)
Class org.jetbrains.plugins.gradle.model.GradleExtensions                             : loaded 2 times (x 68B)
Class jdk.internal.jimage.decompressor.ZipDecompressorFactory                         : loaded 2 times (x 72B)
Class org.jetbrains.plugins.gradle.model.VersionCatalogsModel                         : loaded 2 times (x 68B)
Class org.gradle.internal.classloader.VisitableURLClassLoader$Spec                    : loaded 2 times (x 72B)
Class org.gradle.tooling.model.ProjectModel                                           : loaded 2 times (x 68B)
Class org.jetbrains.plugins.gradle.model.MavenRepositoryModel                         : loaded 2 times (x 68B)
Class org.gradle.tooling.internal.gradle.DefaultProjectIdentifier                     : loaded 2 times (x 84B)
Class org.gradle.util.GradleVersion                                                   : loaded 2 times (x 81B)
Class org.jetbrains.plugins.gradle.model.RepositoriesModel                            : loaded 2 times (x 68B)
Class kotlin.jvm.internal.markers.KMappedMarker                                       : loaded 2 times (x 68B)
Class org.gradle.api.internal.ClassPathProvider                                       : loaded 2 times (x 68B)
Class org.gradle.internal.classloader.ClasspathUtil$1                                 : loaded 2 times (x 74B)
Class org.gradle.internal.classloader.ClassLoaderFactory                              : loaded 2 times (x 68B)
Class jdk.internal.jimage.ImageHeader                                                 : loaded 2 times (x 69B)
Class org.gradle.api.internal.classpath.ManifestUtil                                  : loaded 2 times (x 69B)
Class org.gradle.api.specs.Spec                                                       : loaded 2 times (x 68B)
Class org.gradle.tooling.internal.gradle.GradleBuildIdentity                          : loaded 2 times (x 68B)
Class org.gradle.internal.IoActions                                                   : loaded 2 times (x 69B)
Class jdk.internal.jimage.decompressor.StringSharingDecompressorFactory               : loaded 2 times (x 72B)
Class org.gradle.api.internal.classpath.EffectiveClassPath                            : loaded 2 times (x 88B)
Class kotlin.jvm.internal.DefaultConstructorMarker                                    : loaded 2 times (x 69B)
Class org.jetbrains.kotlin.idea.gradleTooling.model.annotation.AnnotationBasedPluginModel: loaded 2 times (x 68B)
Class org.jetbrains.kotlin.idea.gradleTooling.model.assignment.AssignmentModel        : loaded 2 times (x 68B)
Class org.gradle.internal.installation.CurrentGradleInstallation                      : loaded 2 times (x 71B)
Class org.gradle.internal.agents.InstrumentingClassLoader                             : loaded 2 times (x 68B)
Class org.gradle.internal.installation.CurrentGradleInstallationLocator               : loaded 2 times (x 69B)
Class org.gradle.api.internal.classpath.Module                                        : loaded 2 times (x 68B)
Class org.gradle.internal.service.CachingServiceLocator                               : loaded 2 times (x 80B)
Class org.gradle.internal.time.Timer                                                  : loaded 2 times (x 68B)
Class org.jetbrains.kotlin.idea.gradleTooling.KotlinDslScriptAdditionalTask           : loaded 2 times (x 68B)
Class org.jetbrains.plugins.gradle.model.tests.ExternalTestsModel                     : loaded 2 times (x 68B)
Class org.gradle.internal.classpath.DefaultClassPath                                  : loaded 2 times (x 88B)
Class jdk.internal.jimage.BasicImageReader                                            : loaded 2 times (x 93B)
Class com.intellij.openapi.externalSystem.model.project.dependencies.ProjectDependencies: loaded 2 times (x 68B)
Class org.jetbrains.kotlin.idea.gradleTooling.PrepareKotlinIdeImportTaskModel         : loaded 2 times (x 68B)
Class jdk.internal.jimage.ImageLocation                                               : loaded 2 times (x 88B)
Class org.gradle.internal.impldep.com.google.common.base.Preconditions                : loaded 2 times (x 69B)
Class kotlin.jvm.functions.Function1                                                  : loaded 2 times (x 68B)
Class jdk.internal.jimage.ImageReader$Node                                            : loaded 2 times (x 82B)
Class org.gradle.internal.time.Time                                                   : loaded 2 times (x 69B)
Class jdk.internal.jimage.decompressor.CompressedResourceHeader                       : loaded 2 times (x 69B)
Class org.gradle.internal.time.TimeSource$1                                           : loaded 2 times (x 75B)
Class jdk.internal.jrtfs.JrtPath                                                      : loaded 2 times (x 116B)
Class jdk.internal.jimage.ImageStrings                                                : loaded 2 times (x 68B)
Class jdk.internal.jrtfs.JrtFileAttributes                                            : loaded 2 times (x 81B)
Class org.gradle.internal.classloader.SystemClassLoaderSpec                           : loaded 2 times (x 69B)
Class ijInit2_8go0oocmtrwgcqrcxzt7nf124                                               : loaded 2 times (x 177B)
Class jdk.internal.jimage.decompressor.ResourceDecompressorRepository                 : loaded 2 times (x 69B)
Class kotlin.Function                                                                 : loaded 2 times (x 68B)
Class org.gradle.api.UncheckedIOException                                             : loaded 2 times (x 80B)
Class sync_studio_tooling4457_dn9bxsnr6olr1d7dn10ed1dcx$_run_closure1                 : loaded 2 times (x 137B)
Class jdk.internal.jimage.decompressor.ResourceDecompressor$StringsProvider           : loaded 2 times (x 68B)
Class org.gradle.api.internal.classpath.ModuleRegistry                                : loaded 2 times (x 68B)
Class jdk.internal.jimage.decompressor.Decompressor                                   : loaded 2 times (x 70B)
Class jdk.internal.jrtfs.JrtFileSystem                                                : loaded 2 times (x 100B)
Class org.gradle.tooling.internal.gradle.GradleProjectIdentity                        : loaded 2 times (x 68B)
Class jdk.internal.jrtfs.JrtFileSystemProvider                                        : loaded 2 times (x 97B)
Class org.gradle.internal.time.CountdownTimer                                         : loaded 2 times (x 68B)
Class org.gradle.internal.time.Clock                                                  : loaded 2 times (x 68B)
Class org.gradle.internal.classloader.ClasspathUtil                                   : loaded 2 times (x 69B)
Class jdk.internal.jrtfs.JrtDirectoryStream                                           : loaded 2 times (x 87B)
Class org.gradle.tooling.model.BuildIdentifier                                        : loaded 2 times (x 68B)
Class jdk.internal.jimage.decompressor.ResourceDecompressor                           : loaded 2 times (x 68B)
Class org.gradle.api.internal.DefaultClassPathRegistry                                : loaded 2 times (x 74B)
Class org.gradle.api.internal.classpath.DefaultModuleRegistry$DefaultModule           : loaded 2 times (x 84B)
Class org.gradle.internal.time.TimeSource                                             : loaded 2 times (x 68B)
Class org.jetbrains.kotlin.android.synthetic.idea.AndroidExtensionsGradleModel        : loaded 2 times (x 68B)
Class org.gradle.api.internal.classpath.UnknownModuleException                        : loaded 2 times (x 80B)
Class org.jetbrains.plugins.gradle.model.IntelliJProjectSettings                      : loaded 2 times (x 68B)
Class org.gradle.internal.service.ServiceLookupException                              : loaded 2 times (x 80B)
Class jdk.internal.jimage.ImageStringsReader                                          : loaded 2 times (x 78B)
Class org.gradle.cache.GlobalCache                                                    : loaded 2 times (x 68B)
Class jdk.internal.jimage.decompressor.ResourceDecompressorFactory                    : loaded 2 times (x 72B)
Class org.jetbrains.kotlin.idea.gradleTooling.model.lombok.LombokModel                : loaded 2 times (x 68B)
Class org.gradle.tooling.model.ProjectIdentifier                                      : loaded 2 times (x 68B)
Class [Lorg.gradle.api.internal.ClassPathProvider;                                    : loaded 2 times (x 67B)
Class jdk.internal.jimage.ImageReader$SharedImageReader$LocationVisitor               : loaded 2 times (x 68B)
Class org.gradle.internal.operations.MultipleBuildOperationFailures                   : loaded 2 times (x 89B)
Class org.gradle.util.internal.GUtil                                                  : loaded 2 times (x 69B)
Class jdk.internal.jimage.decompressor.ZipDecompressor                                : loaded 2 times (x 73B)
Class org.jetbrains.plugins.gradle.model.AnnotationProcessingModel                    : loaded 2 times (x 68B)
Class org.gradle.internal.classloader.ClassLoaderSpec                                 : loaded 2 times (x 69B)
Class org.jetbrains.plugins.gradle.model.BuildScriptClasspathModel                    : loaded 2 times (x 68B)
Class org.gradle.internal.classloader.VisitableURLClassLoader                         : loaded 2 times (x 115B)
Class org.gradle.internal.installation.GradleInstallation                             : loaded 2 times (x 73B)
Class org.gradle.api.internal.ClassPathRegistry                                       : loaded 2 times (x 68B)
Class org.gradle.internal.classloader.VisitableURLClassLoader$InstrumentingVisitableURLClassLoader: loaded 2 times (x 121B)
Class org.gradle.internal.classloader.ClassLoaderHierarchy                            : loaded 2 times (x 68B)
Class org.gradle.internal.exceptions.MultiCauseException                              : loaded 2 times (x 68B)
Class jdk.internal.jimage.ImageReader                                                 : loaded 2 times (x 73B)
Class org.jetbrains.kotlin.idea.gradleTooling.model.parcelize.ParcelizeGradleModel    : loaded 2 times (x 68B)
Class org.gradle.internal.InternalTransformer                                         : loaded 2 times (x 68B)
Class org.jetbrains.kotlin.idea.gradleTooling.model.noarg.NoArgModel                  : loaded 2 times (x 68B)
Class org.jetbrains.kotlin.idea.gradleTooling.KotlinGradleModel                       : loaded 2 times (x 68B)
Class org.gradle.tooling.internal.gradle.DefaultBuildIdentifier                       : loaded 2 times (x 77B)
Class org.gradle.internal.service.ServiceLocator                                      : loaded 2 times (x 68B)
Class Settings_gradle$1                                                               : loaded 2 times (x 72B)
Class org.jetbrains.kotlin.idea.gradleTooling.model.allopen.AllOpenModel              : loaded 2 times (x 68B)
Class org.gradle.internal.classpath.DefaultClassPath$ImmutableUniqueList              : loaded 2 times (x 159B)
Class jdk.internal.jimage.ImageBufferCache                                            : loaded 2 times (x 69B)
Class org.gradle.internal.time.DefaultTimer                                           : loaded 2 times (x 78B)
Class org.gradle.internal.classpath.TransformedClassPath                              : loaded 2 times (x 94B)
Class Settings_gradle                                                                 : loaded 2 times (x 126B)
Class jdk.internal.jimage.ImageReader$Directory                                       : loaded 2 times (x 82B)


---------------  S Y S T E M  ---------------

OS:
 Windows 10 , 64 bit Build 19041 (10.0.19041.4717)
OS uptime: 0 days 6:48 hours

CPU: total 8 (initial active 8) (4 cores per cpu, 2 threads per core) family 6 model 140 stepping 1 microcode 0x9a, cx8, cmov, fxsr, ht, mmx, 3dnowpref, sse, sse2, sse3, ssse3, sse4.1, sse4.2, popcnt, lzcnt, tsc, tscinvbit, avx, avx2, aes, erms, clmul, bmi1, bmi2, adx, avx512f, avx512dq, avx512cd, avx512bw, avx512vl, sha, fma, vzeroupper, avx512_vpopcntdq, avx512_vpclmulqdq, avx512_vaes, avx512_vnni, clflush, clflushopt, clwb, avx512_vbmi2, avx512_vbmi
Processor Information for all 8 processors :
  Max Mhz: 2419, Current Mhz: 2419, Mhz Limit: 2419

Memory: 4k page, system-wide physical 7834M (409M free)
TotalPageFile size 10634M (AvailPageFile size 5M)
current process WorkingSet (physical memory assigned to process): 436M, peak: 436M
current process commit charge ("private bytes"): 501M, peak: 502M

vm_info: OpenJDK 64-Bit Server VM (17.0.9+0--11185874) for windows-amd64 JRE (17.0.9+0--11185874), built on Dec  6 2023 18:57:44 by "androidbuild" with MS VC++ 16.10 / 16.11 (VS2019)

END.
