#
# There is insufficient memory for the Java Runtime Environment to continue.
# Native memory allocation (malloc) failed to allocate 1247328 bytes for Chunk::new
# Possible reasons:
#   The system is out of physical RAM or swap space
#   The process is running with CompressedOops enabled, and the Java Heap may be blocking the growth of the native heap
# Possible solutions:
#   Reduce memory load on the system
#   Increase physical memory or swap space
#   Check if swap backing store is full
#   Decrease Java heap size (-Xmx/-Xms)
#   Decrease number of Java threads
#   Decrease Java thread stack sizes (-Xss)
#   Set larger code cache with -XX:ReservedCodeCacheSize=
#   JVM is running with Unscaled Compressed Oops mode in which the Java heap is
#     placed in the first 4GB address space. The Java Heap base address is the
#     maximum limit for the native heap growth. Please use -XX:HeapBaseMinAddress
#     to set the Java Heap base and to place the Java Heap above 4GB virtual address.
# This output file may be truncated or incomplete.
#
#  Out of Memory Error (arena.cpp:191), pid=15704, tid=15684
#
# JRE version: OpenJDK Runtime Environment (17.0.9) (build 17.0.9+0--11185874)
# Java VM: OpenJDK 64-Bit Server VM (17.0.9+0--11185874, mixed mode, tiered, compressed oops, compressed class ptrs, g1 gc, windows-amd64)
# No core dump will be written. Minidumps are not enabled by default on client versions of Windows
#

---------------  S U M M A R Y ------------

Command Line: org.jetbrains.kotlin.cli.jvm.K2JVMCompiler @C:\Users\a\AndroidStudioProjects\ItsMovieTime\app\build\20240904_7959746061718785661.compiler.options

Host: 11th Gen Intel(R) Core(TM) i5-1135G7 @ 2.40GHz, 8 cores, 7G,  Windows 10 , 64 bit Build 19041 (10.0.19041.4717)
Time: Wed Sep  4 01:43:57 2024 India Standard Time elapsed time: 5.702992 seconds (0d 0h 0m 5s)

---------------  T H R E A D  ---------------

Current thread (0x0000027f552d26d0):  JavaThread "C2 CompilerThread2" daemon [_thread_in_native, id=15684, stack(0x000000bee8100000,0x000000bee8200000)]


Current CompileTask:
C2:   5703 6733       4       org.jetbrains.kotlin.cli.jvm.index.JvmDependenciesIndexImpl::search (386 bytes)

Stack: [0x000000bee8100000,0x000000bee8200000]
Native frames: (J=compiled Java code, j=interpreted, Vv=VM code, C=native code)
V  [jvm.dll+0x6886e9]
V  [jvm.dll+0x841e4a]
V  [jvm.dll+0x843a8e]
V  [jvm.dll+0x8440f3]
V  [jvm.dll+0x24c14f]
V  [jvm.dll+0xac44c]
V  [jvm.dll+0xaca9c]
V  [jvm.dll+0x36c1f7]
V  [jvm.dll+0x1be4b6]
V  [jvm.dll+0x21df09]
V  [jvm.dll+0x21d1d1]
V  [jvm.dll+0x1a674d]
V  [jvm.dll+0x22d088]
V  [jvm.dll+0x22b1c0]
V  [jvm.dll+0x7f62f7]
V  [jvm.dll+0x7f06aa]
V  [jvm.dll+0x687565]
C  [ucrtbase.dll+0x21bb2]
C  [KERNEL32.DLL+0x17374]
C  [ntdll.dll+0x4cc91]


---------------  P R O C E S S  ---------------

Threads class SMR info:
_java_thread_list=0x0000027f55003030, length=14, elements={
0x0000027f36b72710, 0x0000027f50832250, 0x0000027f50832d50, 0x0000027f5085c010,
0x0000027f5085c8e0, 0x0000027f5085d2a0, 0x0000027f5085fc70, 0x0000027f50860960,
0x0000027f50863bd0, 0x0000027f50897150, 0x0000027f509f3e00, 0x0000027f509f4f50,
0x0000027f50a6acf0, 0x0000027f552d26d0
}

Java Threads: ( => current thread )
  0x0000027f36b72710 JavaThread "main" [_thread_in_vm, id=1732, stack(0x000000bee6500000,0x000000bee6600000)]
  0x0000027f50832250 JavaThread "Reference Handler" daemon [_thread_blocked, id=9636, stack(0x000000bee6c00000,0x000000bee6d00000)]
  0x0000027f50832d50 JavaThread "Finalizer" daemon [_thread_blocked, id=10988, stack(0x000000bee6d00000,0x000000bee6e00000)]
  0x0000027f5085c010 JavaThread "Signal Dispatcher" daemon [_thread_blocked, id=12076, stack(0x000000bee6e00000,0x000000bee6f00000)]
  0x0000027f5085c8e0 JavaThread "Attach Listener" daemon [_thread_blocked, id=9728, stack(0x000000bee6f00000,0x000000bee7000000)]
  0x0000027f5085d2a0 JavaThread "Service Thread" daemon [_thread_blocked, id=704, stack(0x000000bee7000000,0x000000bee7100000)]
  0x0000027f5085fc70 JavaThread "Monitor Deflation Thread" daemon [_thread_blocked, id=13536, stack(0x000000bee7100000,0x000000bee7200000)]
  0x0000027f50860960 JavaThread "C2 CompilerThread0" daemon [_thread_in_native, id=12320, stack(0x000000bee7200000,0x000000bee7300000)]
  0x0000027f50863bd0 JavaThread "C1 CompilerThread0" daemon [_thread_in_native, id=10164, stack(0x000000bee7300000,0x000000bee7400000)]
  0x0000027f50897150 JavaThread "Sweeper thread" daemon [_thread_blocked, id=14108, stack(0x000000bee7400000,0x000000bee7500000)]
  0x0000027f509f3e00 JavaThread "Notification Thread" daemon [_thread_blocked, id=1860, stack(0x000000bee7500000,0x000000bee7600000)]
  0x0000027f509f4f50 JavaThread "Common-Cleaner" daemon [_thread_blocked, id=3232, stack(0x000000bee7700000,0x000000bee7800000)]
  0x0000027f50a6acf0 JavaThread "C2 CompilerThread1" daemon [_thread_in_native, id=5432, stack(0x000000bee7800000,0x000000bee7900000)]
=>0x0000027f552d26d0 JavaThread "C2 CompilerThread2" daemon [_thread_in_native, id=15684, stack(0x000000bee8100000,0x000000bee8200000)]

Other Threads:
  0x0000027f506bc1b0 VMThread "VM Thread" [stack: 0x000000bee6b00000,0x000000bee6c00000] [id=7696]
  0x0000027f509f46f0 WatcherThread [stack: 0x000000bee7600000,0x000000bee7700000] [id=11348]
  0x0000027f36bc92f0 GCTaskThread "GC Thread#0" [stack: 0x000000bee6600000,0x000000bee6700000] [id=12920]
  0x0000027f553b2410 GCTaskThread "GC Thread#1" [stack: 0x000000bee7900000,0x000000bee7a00000] [id=15564]
  0x0000027f553b3c10 GCTaskThread "GC Thread#2" [stack: 0x000000bee7a00000,0x000000bee7b00000] [id=15560]
  0x0000027f553b3ed0 GCTaskThread "GC Thread#3" [stack: 0x000000bee7b00000,0x000000bee7c00000] [id=15556]
  0x0000027f553eedd0 GCTaskThread "GC Thread#4" [stack: 0x000000bee7c00000,0x000000bee7d00000] [id=15532]
  0x0000027f55bb8480 GCTaskThread "GC Thread#5" [stack: 0x000000bee7d00000,0x000000bee7e00000] [id=15568]
  0x0000027f558d75b0 GCTaskThread "GC Thread#6" [stack: 0x000000bee7e00000,0x000000bee7f00000] [id=15592]
  0x0000027f55bebc10 GCTaskThread "GC Thread#7" [stack: 0x000000bee7f00000,0x000000bee8000000] [id=15596]
  0x0000027f36bd9740 ConcurrentGCThread "G1 Main Marker" [stack: 0x000000bee6700000,0x000000bee6800000] [id=1596]
  0x0000027f36bda160 ConcurrentGCThread "G1 Conc#0" [stack: 0x000000bee6800000,0x000000bee6900000] [id=11320]
  0x0000027f55496810 ConcurrentGCThread "G1 Conc#1" [stack: 0x000000bee8000000,0x000000bee8100000] [id=12420]
  0x0000027f36c2daa0 ConcurrentGCThread "G1 Refine#0" [stack: 0x000000bee6900000,0x000000bee6a00000] [id=5456]
  0x0000027f55aaec90 ConcurrentGCThread "G1 Refine#1" [stack: 0x000000bee8200000,0x000000bee8300000] [id=15632]
  0x0000027f5609c6d0 ConcurrentGCThread "G1 Refine#2" [stack: 0x000000bee8300000,0x000000bee8400000] [id=15708]
  0x0000027f36c2e4d0 ConcurrentGCThread "G1 Service" [stack: 0x000000bee6a00000,0x000000bee6b00000] [id=8648]

Threads with active compile tasks:
C2 CompilerThread0     5718 6789       4       org.jetbrains.kotlin.load.java.structure.impl.classFiles.BinaryJavaMethodBase$Companion::create (572 bytes)
C2 CompilerThread1     5718 7016       4       jdk.internal.org.objectweb.asm.SymbolTable::addConstantUtf8Reference (101 bytes)
C2 CompilerThread2     5718 6733       4       org.jetbrains.kotlin.cli.jvm.index.JvmDependenciesIndexImpl::search (386 bytes)

VM state: not at safepoint (normal execution)

VM Mutex/Monitor currently owned by a thread: None

Heap address: 0x0000000085800000, size: 1960 MB, Compressed Oops mode: 32-bit

CDS archive(s) not mapped
Compressed class space mapped at: 0x0000000100000000-0x0000000140000000, reserved size: 1073741824
Narrow klass base: 0x0000000000000000, Narrow klass shift: 3, Narrow klass range: 0x140000000

GC Precious Log:
 CPUs: 8 total, 8 available
 Memory: 7834M
 Large Page Support: Disabled
 NUMA Support: Disabled
 Compressed Oops: Enabled (32-bit)
 Heap Region Size: 1M
 Heap Min Capacity: 8M
 Heap Initial Capacity: 124M
 Heap Max Capacity: 1960M
 Pre-touch: Disabled
 Parallel Workers: 8
 Concurrent Workers: 2
 Concurrent Refinement Workers: 8
 Periodic GC: Disabled

Heap:
 garbage-first heap   total 86016K, used 53736K [0x0000000085800000, 0x0000000100000000)
  region size 1024K, 12 young (12288K), 4 survivors (4096K)
 Metaspace       used 61198K, committed 61440K, reserved 1114112K
  class space    used 7349K, committed 7424K, reserved 1048576K

Heap Regions: E=young(eden), S=young(survivor), O=old, HS=humongous(starts), HC=humongous(continues), CS=collection set, F=free, OA=open archive, CA=closed archive, TAMS=top-at-mark-start (previous, next)
|   0|0x0000000085800000, 0x0000000085900000, 0x0000000085900000|100%|HS|  |TAMS 0x0000000085900000, 0x0000000085800000| Complete 
|   1|0x0000000085900000, 0x0000000085a00000, 0x0000000085a00000|100%|HC|  |TAMS 0x0000000085a00000, 0x0000000085900000| Complete 
|   2|0x0000000085a00000, 0x0000000085b00000, 0x0000000085b00000|100%|HC|  |TAMS 0x0000000085b00000, 0x0000000085a00000| Complete 
|   3|0x0000000085b00000, 0x0000000085c00000, 0x0000000085c00000|100%|HC|  |TAMS 0x0000000085c00000, 0x0000000085b00000| Complete 
|   4|0x0000000085c00000, 0x0000000085d00000, 0x0000000085d00000|100%| O|  |TAMS 0x0000000085d00000, 0x0000000085c00000| Untracked 
|   5|0x0000000085d00000, 0x0000000085e00000, 0x0000000085e00000|100%| O|  |TAMS 0x0000000085e00000, 0x0000000085d00000| Untracked 
|   6|0x0000000085e00000, 0x0000000085f00000, 0x0000000085f00000|100%| O|  |TAMS 0x0000000085f00000, 0x0000000085e00000| Untracked 
|   7|0x0000000085f00000, 0x0000000086000000, 0x0000000086000000|100%| O|  |TAMS 0x0000000086000000, 0x0000000085f00000| Untracked 
|   8|0x0000000086000000, 0x0000000086100000, 0x0000000086100000|100%| O|  |TAMS 0x0000000086100000, 0x0000000086000000| Untracked 
|   9|0x0000000086100000, 0x0000000086200000, 0x0000000086200000|100%|HS|  |TAMS 0x0000000086200000, 0x0000000086100000| Complete 
|  10|0x0000000086200000, 0x0000000086300000, 0x0000000086300000|100%|HC|  |TAMS 0x0000000086300000, 0x0000000086200000| Complete 
|  11|0x0000000086300000, 0x0000000086400000, 0x0000000086400000|100%| O|  |TAMS 0x0000000086400000, 0x0000000086300000| Untracked 
|  12|0x0000000086400000, 0x0000000086500000, 0x0000000086500000|100%| O|  |TAMS 0x0000000086500000, 0x0000000086400000| Untracked 
|  13|0x0000000086500000, 0x0000000086600000, 0x0000000086600000|100%| O|  |TAMS 0x0000000086600000, 0x0000000086500000| Untracked 
|  14|0x0000000086600000, 0x0000000086700000, 0x0000000086700000|100%| O|  |TAMS 0x0000000086700000, 0x0000000086600000| Untracked 
|  15|0x0000000086700000, 0x0000000086800000, 0x0000000086800000|100%| O|  |TAMS 0x0000000086800000, 0x0000000086700000| Complete 
|  16|0x0000000086800000, 0x0000000086900000, 0x0000000086900000|100%| O|  |TAMS 0x0000000086900000, 0x0000000086800000| Untracked 
|  17|0x0000000086900000, 0x0000000086a00000, 0x0000000086a00000|100%| O|  |TAMS 0x0000000086a00000, 0x0000000086900000| Untracked 
|  18|0x0000000086a00000, 0x0000000086b00000, 0x0000000086b00000|100%| O|  |TAMS 0x0000000086b00000, 0x0000000086a00000| Untracked 
|  19|0x0000000086b00000, 0x0000000086c00000, 0x0000000086c00000|100%| O|  |TAMS 0x0000000086c00000, 0x0000000086b00000| Untracked 
|  20|0x0000000086c00000, 0x0000000086d00000, 0x0000000086d00000|100%| O|  |TAMS 0x0000000086d00000, 0x0000000086c00000| Untracked 
|  21|0x0000000086d00000, 0x0000000086e00000, 0x0000000086e00000|100%| O|  |TAMS 0x0000000086e00000, 0x0000000086d00000| Untracked 
|  22|0x0000000086e00000, 0x0000000086f00000, 0x0000000086f00000|100%| O|  |TAMS 0x0000000086f00000, 0x0000000086e00000| Untracked 
|  23|0x0000000086f00000, 0x0000000087000000, 0x0000000087000000|100%| O|  |TAMS 0x0000000087000000, 0x0000000086f00000| Untracked 
|  24|0x0000000087000000, 0x0000000087100000, 0x0000000087100000|100%| O|  |TAMS 0x0000000087100000, 0x0000000087000000| Untracked 
|  25|0x0000000087100000, 0x0000000087200000, 0x0000000087200000|100%| O|  |TAMS 0x0000000087200000, 0x0000000087100000| Untracked 
|  26|0x0000000087200000, 0x0000000087300000, 0x0000000087300000|100%| O|  |TAMS 0x0000000087300000, 0x0000000087200000| Untracked 
|  27|0x0000000087300000, 0x0000000087400000, 0x0000000087400000|100%| O|  |TAMS 0x0000000087400000, 0x0000000087300000| Untracked 
|  28|0x0000000087400000, 0x0000000087500000, 0x0000000087500000|100%| O|  |TAMS 0x0000000087500000, 0x0000000087400000| Untracked 
|  29|0x0000000087500000, 0x0000000087600000, 0x0000000087600000|100%| O|  |TAMS 0x0000000087600000, 0x0000000087500000| Untracked 
|  30|0x0000000087600000, 0x0000000087700000, 0x0000000087700000|100%| O|  |TAMS 0x0000000087700000, 0x0000000087600000| Untracked 
|  31|0x0000000087700000, 0x0000000087800000, 0x0000000087800000|100%| O|  |TAMS 0x0000000087800000, 0x0000000087700000| Untracked 
|  32|0x0000000087800000, 0x0000000087900000, 0x0000000087900000|100%| O|  |TAMS 0x0000000087900000, 0x0000000087800000| Untracked 
|  33|0x0000000087900000, 0x0000000087a00000, 0x0000000087a00000|100%| O|  |TAMS 0x0000000087a00000, 0x0000000087900000| Untracked 
|  34|0x0000000087a00000, 0x0000000087b00000, 0x0000000087b00000|100%| O|  |TAMS 0x0000000087b00000, 0x0000000087a00000| Untracked 
|  35|0x0000000087b00000, 0x0000000087c00000, 0x0000000087c00000|100%| O|  |TAMS 0x0000000087c00000, 0x0000000087b00000| Untracked 
|  36|0x0000000087c00000, 0x0000000087d00000, 0x0000000087d00000|100%| O|  |TAMS 0x0000000087d00000, 0x0000000087c00000| Untracked 
|  37|0x0000000087d00000, 0x0000000087e00000, 0x0000000087e00000|100%| O|  |TAMS 0x0000000087e00000, 0x0000000087d00000| Untracked 
|  38|0x0000000087e00000, 0x0000000087f00000, 0x0000000087f00000|100%| O|  |TAMS 0x0000000087f00000, 0x0000000087e00000| Untracked 
|  39|0x0000000087f00000, 0x0000000088000000, 0x0000000088000000|100%| O|  |TAMS 0x0000000087fcfc00, 0x0000000087f00000| Untracked 
|  40|0x0000000088000000, 0x0000000088100000, 0x0000000088100000|100%| O|  |TAMS 0x0000000088000000, 0x0000000088000000| Untracked 
|  41|0x0000000088100000, 0x000000008817a000, 0x0000000088200000| 47%| O|  |TAMS 0x0000000088100000, 0x0000000088100000| Untracked 
|  42|0x0000000088200000, 0x0000000088200000, 0x0000000088300000|  0%| F|  |TAMS 0x0000000088200000, 0x0000000088200000| Untracked 
|  43|0x0000000088300000, 0x0000000088300000, 0x0000000088400000|  0%| F|  |TAMS 0x0000000088300000, 0x0000000088300000| Untracked 
|  44|0x0000000088400000, 0x0000000088400000, 0x0000000088500000|  0%| F|  |TAMS 0x0000000088400000, 0x0000000088400000| Untracked 
|  45|0x0000000088500000, 0x0000000088500000, 0x0000000088600000|  0%| F|  |TAMS 0x0000000088500000, 0x0000000088500000| Untracked 
|  46|0x0000000088600000, 0x0000000088600000, 0x0000000088700000|  0%| F|  |TAMS 0x0000000088600000, 0x0000000088600000| Untracked 
|  47|0x0000000088700000, 0x0000000088700000, 0x0000000088800000|  0%| F|  |TAMS 0x0000000088700000, 0x0000000088700000| Untracked 
|  48|0x0000000088800000, 0x0000000088800000, 0x0000000088900000|  0%| F|  |TAMS 0x0000000088800000, 0x0000000088800000| Untracked 
|  49|0x0000000088900000, 0x0000000088900000, 0x0000000088a00000|  0%| F|  |TAMS 0x0000000088900000, 0x0000000088900000| Untracked 
|  50|0x0000000088a00000, 0x0000000088a00000, 0x0000000088b00000|  0%| F|  |TAMS 0x0000000088a00000, 0x0000000088a00000| Untracked 
|  51|0x0000000088b00000, 0x0000000088b00000, 0x0000000088c00000|  0%| F|  |TAMS 0x0000000088b00000, 0x0000000088b00000| Untracked 
|  52|0x0000000088c00000, 0x0000000088c00000, 0x0000000088d00000|  0%| F|  |TAMS 0x0000000088c00000, 0x0000000088c00000| Untracked 
|  53|0x0000000088d00000, 0x0000000088d00000, 0x0000000088e00000|  0%| F|  |TAMS 0x0000000088d00000, 0x0000000088d00000| Untracked 
|  54|0x0000000088e00000, 0x0000000088f00000, 0x0000000088f00000|100%| S|CS|TAMS 0x0000000088e00000, 0x0000000088e00000| Complete 
|  55|0x0000000088f00000, 0x0000000089000000, 0x0000000089000000|100%| S|CS|TAMS 0x0000000088f00000, 0x0000000088f00000| Complete 
|  56|0x0000000089000000, 0x0000000089100000, 0x0000000089100000|100%| S|CS|TAMS 0x0000000089000000, 0x0000000089000000| Complete 
|  57|0x0000000089100000, 0x0000000089200000, 0x0000000089200000|100%| S|CS|TAMS 0x0000000089100000, 0x0000000089100000| Complete 
|  58|0x0000000089200000, 0x0000000089200000, 0x0000000089300000|  0%| F|  |TAMS 0x0000000089200000, 0x0000000089200000| Untracked 
|  59|0x0000000089300000, 0x0000000089300000, 0x0000000089400000|  0%| F|  |TAMS 0x0000000089300000, 0x0000000089300000| Untracked 
|  60|0x0000000089400000, 0x0000000089400000, 0x0000000089500000|  0%| F|  |TAMS 0x0000000089400000, 0x0000000089400000| Untracked 
|  61|0x0000000089500000, 0x0000000089500000, 0x0000000089600000|  0%| F|  |TAMS 0x0000000089500000, 0x0000000089500000| Untracked 
|  62|0x0000000089600000, 0x0000000089600000, 0x0000000089700000|  0%| F|  |TAMS 0x0000000089600000, 0x0000000089600000| Untracked 
|  63|0x0000000089700000, 0x0000000089700000, 0x0000000089800000|  0%| F|  |TAMS 0x0000000089700000, 0x0000000089700000| Untracked 
|  64|0x0000000089800000, 0x0000000089800000, 0x0000000089900000|  0%| F|  |TAMS 0x0000000089800000, 0x0000000089800000| Untracked 
|  65|0x0000000089900000, 0x0000000089900000, 0x0000000089a00000|  0%| F|  |TAMS 0x0000000089900000, 0x0000000089900000| Untracked 
|  66|0x0000000089a00000, 0x0000000089a00000, 0x0000000089b00000|  0%| F|  |TAMS 0x0000000089a00000, 0x0000000089a00000| Untracked 
|  67|0x0000000089b00000, 0x0000000089b00000, 0x0000000089c00000|  0%| F|  |TAMS 0x0000000089b00000, 0x0000000089b00000| Untracked 
|  68|0x0000000089c00000, 0x0000000089c00000, 0x0000000089d00000|  0%| F|  |TAMS 0x0000000089c00000, 0x0000000089c00000| Untracked 
|  69|0x0000000089d00000, 0x0000000089d00000, 0x0000000089e00000|  0%| F|  |TAMS 0x0000000089d00000, 0x0000000089d00000| Untracked 
|  70|0x0000000089e00000, 0x0000000089e00000, 0x0000000089f00000|  0%| F|  |TAMS 0x0000000089e00000, 0x0000000089e00000| Untracked 
|  71|0x0000000089f00000, 0x0000000089f00000, 0x000000008a000000|  0%| F|  |TAMS 0x0000000089f00000, 0x0000000089f00000| Untracked 
|  72|0x000000008a000000, 0x000000008a000000, 0x000000008a100000|  0%| F|  |TAMS 0x000000008a000000, 0x000000008a000000| Untracked 
|  73|0x000000008a100000, 0x000000008a100000, 0x000000008a200000|  0%| F|  |TAMS 0x000000008a100000, 0x000000008a100000| Untracked 
|  74|0x000000008a200000, 0x000000008a200000, 0x000000008a300000|  0%| F|  |TAMS 0x000000008a200000, 0x000000008a200000| Untracked 
|  75|0x000000008a300000, 0x000000008a300000, 0x000000008a400000|  0%| F|  |TAMS 0x000000008a300000, 0x000000008a300000| Untracked 
|  76|0x000000008a400000, 0x000000008a4f02b0, 0x000000008a500000| 93%| E|  |TAMS 0x000000008a400000, 0x000000008a400000| Complete 
|  77|0x000000008a500000, 0x000000008a600000, 0x000000008a600000|100%| E|CS|TAMS 0x000000008a500000, 0x000000008a500000| Complete 
|  78|0x000000008a600000, 0x000000008a700000, 0x000000008a700000|100%| E|CS|TAMS 0x000000008a600000, 0x000000008a600000| Complete 
|  79|0x000000008a700000, 0x000000008a800000, 0x000000008a800000|100%| E|CS|TAMS 0x000000008a700000, 0x000000008a700000| Complete 
|  86|0x000000008ae00000, 0x000000008af00000, 0x000000008af00000|100%| E|CS|TAMS 0x000000008ae00000, 0x000000008ae00000| Complete 
|  87|0x000000008af00000, 0x000000008b000000, 0x000000008b000000|100%| E|CS|TAMS 0x000000008af00000, 0x000000008af00000| Complete 
|  88|0x000000008b000000, 0x000000008b100000, 0x000000008b100000|100%| E|CS|TAMS 0x000000008b000000, 0x000000008b000000| Complete 
| 123|0x000000008d300000, 0x000000008d400000, 0x000000008d400000|100%| E|CS|TAMS 0x000000008d300000, 0x000000008d300000| Complete 

Card table byte_map: [0x0000027f49770000,0x0000027f49b50000] _byte_map_base: 0x0000027f49344000

Marking Bits (Prev, Next): (CMBitMap*) 0x0000027f36bc9950, (CMBitMap*) 0x0000027f36bc9910
 Prev Bits: [0x0000027f4bdd0000, 0x0000027f4dc70000)
 Next Bits: [0x0000027f49f30000, 0x0000027f4bdd0000)

Polling page: 0x0000027f34af0000

Metaspace:

Usage:
  Non-class:     52.61 MB used.
      Class:      7.18 MB used.
       Both:     59.78 MB used.

Virtual space:
  Non-class space:       64.00 MB reserved,      52.75 MB ( 82%) committed,  1 nodes.
      Class space:        1.00 GB reserved,       7.25 MB ( <1%) committed,  1 nodes.
             Both:        1.06 GB reserved,      60.00 MB (  6%) committed. 

Chunk freelists:
   Non-Class:  11.02 MB
       Class:  8.69 MB
        Both:  19.70 MB

MaxMetaspaceSize: unlimited
CompressedClassSpaceSize: 1.00 GB
Initial GC threshold: 21.00 MB
Current GC threshold: 98.75 MB
CDS: off
MetaspaceReclaimPolicy: balanced
 - commit_granule_bytes: 65536.
 - commit_granule_words: 8192.
 - virtual_space_node_default_size: 8388608.
 - enlarge_chunks_in_place: 1.
 - new_chunks_are_fully_committed: 0.
 - uncommit_free_chunks: 1.
 - use_allocation_guard: 0.
 - handle_deallocations: 1.


Internal statistics:

num_allocs_failed_limit: 6.
num_arena_births: 234.
num_arena_deaths: 0.
num_vsnodes_births: 2.
num_vsnodes_deaths: 0.
num_space_committed: 958.
num_space_uncommitted: 0.
num_chunks_returned_to_freelist: 6.
num_chunks_taken_from_freelist: 2084.
num_chunk_merges: 6.
num_chunk_splits: 1743.
num_chunks_enlarged: 1578.
num_inconsistent_stats: 0.

CodeHeap 'non-profiled nmethods': size=120000Kb used=3349Kb max_used=3349Kb free=116650Kb
 bounds [0x0000027f41b20000, 0x0000027f41e70000, 0x0000027f49050000]
CodeHeap 'profiled nmethods': size=120000Kb used=14794Kb max_used=14794Kb free=105205Kb
 bounds [0x0000027f3a050000, 0x0000027f3aed0000, 0x0000027f41580000]
CodeHeap 'non-nmethods': size=5760Kb used=1300Kb max_used=1393Kb free=4459Kb
 bounds [0x0000027f41580000, 0x0000027f417f0000, 0x0000027f41b20000]
 total_blobs=6769 nmethods=6166 adapters=513
 compilation: enabled
              stopped_count=0, restarted_count=0
 full_count=0

Compilation events (20 events):
Event: 5.658 Thread 0x0000027f50863bd0 7007       3       org.jetbrains.kotlin.resolve.scopes.LexicalScopeStorage::getContributedFunctions (10 bytes)
Event: 5.658 Thread 0x0000027f50863bd0 nmethod 7007 0x0000027f3aebfe90 code [0x0000027f3aec0040, 0x0000027f3aec02e8]
Event: 5.658 Thread 0x0000027f50863bd0 7011       3       org.jetbrains.kotlin.com.intellij.extapi.psi.ASTDelegatePsiElement::getNextSibling (8 bytes)
Event: 5.658 Thread 0x0000027f50863bd0 nmethod 7011 0x0000027f3aec0410 code [0x0000027f3aec0600, 0x0000027f3aec0b28]
Event: 5.659 Thread 0x0000027f50863bd0 7008       3       org.jetbrains.kotlin.resolve.scopes.LexicalScopeStorage::getContributedFunctions (21 bytes)
Event: 5.659 Thread 0x0000027f50863bd0 nmethod 7008 0x0000027f3aec0d10 code [0x0000027f3aec0fa0, 0x0000027f3aec1a28]
Event: 5.659 Thread 0x0000027f50863bd0 7009       3       org.jetbrains.kotlin.resolve.scopes.LexicalScopeStorage::functionsByName$default (38 bytes)
Event: 5.660 Thread 0x0000027f50863bd0 nmethod 7009 0x0000027f3aec1e10 code [0x0000027f3aec1fe0, 0x0000027f3aec2328]
Event: 5.660 Thread 0x0000027f50863bd0 7010       3       org.jetbrains.kotlin.resolve.scopes.LexicalScopeStorage::functionsByName (67 bytes)
Event: 5.660 Thread 0x0000027f50863bd0 nmethod 7010 0x0000027f3aec2490 code [0x0000027f3aec2700, 0x0000027f3aec3178]
Event: 5.660 Thread 0x0000027f50863bd0 7006       3       org.jetbrains.kotlin.resolve.lazy.LazyImportScope$getContributedVariables$1::invoke (21 bytes)
Event: 5.661 Thread 0x0000027f50863bd0 nmethod 7006 0x0000027f3aec3510 code [0x0000027f3aec3720, 0x0000027f3aec3d88]
Event: 5.661 Thread 0x0000027f50863bd0 7012       3       org.jetbrains.kotlin.resolve.calls.tower.PSICallResolver$ASTScopeTower::getAreContextReceiversEnabled (16 bytes)
Event: 5.661 Thread 0x0000027f50863bd0 nmethod 7012 0x0000027f3aec4010 code [0x0000027f3aec41c0, 0x0000027f3aec43c8]
Event: 5.661 Thread 0x0000027f50863bd0 7013       3       org.jetbrains.kotlin.descriptors.impl.PropertyDescriptorImpl::<init> (155 bytes)
Event: 5.662 Thread 0x0000027f50863bd0 nmethod 7013 0x0000027f3aec4510 code [0x0000027f3aec4740, 0x0000027f3aec4f18]
Event: 5.662 Thread 0x0000027f50863bd0 7014       1       org.jetbrains.kotlin.resolve.calls.model.ReceiverExpressionKotlinCallArgument::isSpread (2 bytes)
Event: 5.662 Thread 0x0000027f50863bd0 nmethod 7014 0x0000027f41e63b90 code [0x0000027f41e63d20, 0x0000027f41e63df8]
Event: 5.670 Thread 0x0000027f50a6acf0 nmethod 7002 0x0000027f41e64290 code [0x0000027f41e64480, 0x0000027f41e65070]
Event: 5.700 Thread 0x0000027f50a6acf0 7016       4       jdk.internal.org.objectweb.asm.SymbolTable::addConstantUtf8Reference (101 bytes)

GC Heap History (20 events):
Event: 1.553 GC heap before
{Heap before GC invocations=6 (full 0):
 garbage-first heap   total 40960K, used 30439K [0x0000000085800000, 0x0000000100000000)
  region size 1024K, 15 young (15360K), 3 survivors (3072K)
 Metaspace       used 33781K, committed 33984K, reserved 1114112K
  class space    used 4313K, committed 4416K, reserved 1048576K
}
Event: 1.558 GC heap after
{Heap after GC invocations=7 (full 0):
 garbage-first heap   total 40960K, used 19798K [0x0000000085800000, 0x0000000100000000)
  region size 1024K, 2 young (2048K), 2 survivors (2048K)
 Metaspace       used 33781K, committed 33984K, reserved 1114112K
  class space    used 4313K, committed 4416K, reserved 1048576K
}
Event: 1.678 GC heap before
{Heap before GC invocations=7 (full 0):
 garbage-first heap   total 40960K, used 31062K [0x0000000085800000, 0x0000000100000000)
  region size 1024K, 13 young (13312K), 2 survivors (2048K)
 Metaspace       used 35702K, committed 35968K, reserved 1114112K
  class space    used 4528K, committed 4672K, reserved 1048576K
}
Event: 1.682 GC heap after
{Heap after GC invocations=8 (full 0):
 garbage-first heap   total 81920K, used 18993K [0x0000000085800000, 0x0000000100000000)
  region size 1024K, 2 young (2048K), 2 survivors (2048K)
 Metaspace       used 35702K, committed 35968K, reserved 1114112K
  class space    used 4528K, committed 4672K, reserved 1048576K
}
Event: 1.688 GC heap before
{Heap before GC invocations=8 (full 0):
 garbage-first heap   total 81920K, used 18993K [0x0000000085800000, 0x0000000100000000)
  region size 1024K, 3 young (3072K), 2 survivors (2048K)
 Metaspace       used 35882K, committed 36096K, reserved 1114112K
  class space    used 4537K, committed 4672K, reserved 1048576K
}
Event: 1.690 GC heap after
{Heap after GC invocations=9 (full 0):
 garbage-first heap   total 81920K, used 19152K [0x0000000085800000, 0x0000000100000000)
  region size 1024K, 2 young (2048K), 2 survivors (2048K)
 Metaspace       used 35882K, committed 36096K, reserved 1114112K
  class space    used 4537K, committed 4672K, reserved 1048576K
}
Event: 2.218 GC heap before
{Heap before GC invocations=10 (full 0):
 garbage-first heap   total 71680K, used 59088K [0x0000000085800000, 0x0000000100000000)
  region size 1024K, 41 young (41984K), 2 survivors (2048K)
 Metaspace       used 45218K, committed 45440K, reserved 1114112K
  class space    used 5532K, committed 5632K, reserved 1048576K
}
Event: 2.227 GC heap after
{Heap after GC invocations=11 (full 0):
 garbage-first heap   total 71680K, used 22371K [0x0000000085800000, 0x0000000100000000)
  region size 1024K, 5 young (5120K), 5 survivors (5120K)
 Metaspace       used 45218K, committed 45440K, reserved 1114112K
  class space    used 5532K, committed 5632K, reserved 1048576K
}
Event: 2.496 GC heap before
{Heap before GC invocations=11 (full 0):
 garbage-first heap   total 71680K, used 57187K [0x0000000085800000, 0x0000000100000000)
  region size 1024K, 36 young (36864K), 5 survivors (5120K)
 Metaspace       used 47292K, committed 47552K, reserved 1114112K
  class space    used 5765K, committed 5888K, reserved 1048576K
}
Event: 2.504 GC heap after
{Heap after GC invocations=12 (full 0):
 garbage-first heap   total 71680K, used 28179K [0x0000000085800000, 0x0000000100000000)
  region size 1024K, 4 young (4096K), 4 survivors (4096K)
 Metaspace       used 47292K, committed 47552K, reserved 1114112K
  class space    used 5765K, committed 5888K, reserved 1048576K
}
Event: 3.060 GC heap before
{Heap before GC invocations=12 (full 0):
 garbage-first heap   total 71680K, used 54803K [0x0000000085800000, 0x0000000100000000)
  region size 1024K, 30 young (30720K), 4 survivors (4096K)
 Metaspace       used 53155K, committed 53440K, reserved 1114112K
  class space    used 6458K, committed 6592K, reserved 1048576K
}
Event: 3.071 GC heap after
{Heap after GC invocations=13 (full 0):
 garbage-first heap   total 71680K, used 30030K [0x0000000085800000, 0x0000000100000000)
  region size 1024K, 3 young (3072K), 3 survivors (3072K)
 Metaspace       used 53155K, committed 53440K, reserved 1114112K
  class space    used 6458K, committed 6592K, reserved 1048576K
}
Event: 3.699 GC heap before
{Heap before GC invocations=13 (full 0):
 garbage-first heap   total 71680K, used 54606K [0x0000000085800000, 0x0000000100000000)
  region size 1024K, 28 young (28672K), 3 survivors (3072K)
 Metaspace       used 55614K, committed 55872K, reserved 1114112K
  class space    used 6690K, committed 6784K, reserved 1048576K
}
Event: 3.719 GC heap after
{Heap after GC invocations=14 (full 0):
 garbage-first heap   total 86016K, used 34700K [0x0000000085800000, 0x0000000100000000)
  region size 1024K, 4 young (4096K), 4 survivors (4096K)
 Metaspace       used 55614K, committed 55872K, reserved 1114112K
  class space    used 6690K, committed 6784K, reserved 1048576K
}
Event: 4.237 GC heap before
{Heap before GC invocations=14 (full 0):
 garbage-first heap   total 86016K, used 64396K [0x0000000085800000, 0x0000000100000000)
  region size 1024K, 33 young (33792K), 4 survivors (4096K)
 Metaspace       used 56313K, committed 56576K, reserved 1114112K
  class space    used 6726K, committed 6848K, reserved 1048576K
}
Event: 4.260 GC heap after
{Heap after GC invocations=15 (full 0):
 garbage-first heap   total 86016K, used 40522K [0x0000000085800000, 0x0000000100000000)
  region size 1024K, 5 young (5120K), 5 survivors (5120K)
 Metaspace       used 56313K, committed 56576K, reserved 1114112K
  class space    used 6726K, committed 6848K, reserved 1048576K
}
Event: 4.512 GC heap before
{Heap before GC invocations=15 (full 0):
 garbage-first heap   total 86016K, used 64074K [0x0000000085800000, 0x0000000100000000)
  region size 1024K, 29 young (29696K), 5 survivors (5120K)
 Metaspace       used 57542K, committed 57728K, reserved 1114112K
  class space    used 6889K, committed 6976K, reserved 1048576K
}
Event: 4.527 GC heap after
{Heap after GC invocations=16 (full 0):
 garbage-first heap   total 86016K, used 42267K [0x0000000085800000, 0x0000000100000000)
  region size 1024K, 2 young (2048K), 2 survivors (2048K)
 Metaspace       used 57542K, committed 57728K, reserved 1114112K
  class space    used 6889K, committed 6976K, reserved 1048576K
}
Event: 5.371 GC heap before
{Heap before GC invocations=16 (full 0):
 garbage-first heap   total 86016K, used 65819K [0x0000000085800000, 0x0000000100000000)
  region size 1024K, 26 young (26624K), 2 survivors (2048K)
 Metaspace       used 60367K, committed 60608K, reserved 1114112K
  class space    used 7208K, committed 7296K, reserved 1048576K
}
Event: 5.386 GC heap after
{Heap after GC invocations=17 (full 0):
 garbage-first heap   total 86016K, used 46568K [0x0000000085800000, 0x0000000100000000)
  region size 1024K, 4 young (4096K), 4 survivors (4096K)
 Metaspace       used 60367K, committed 60608K, reserved 1114112K
  class space    used 7208K, committed 7296K, reserved 1048576K
}

Dll operation events (2 events):
Event: 0.005 Loaded shared library C:\Program Files\Android\Android Studio1\jbr\bin\java.dll
Event: 1.056 Loaded shared library C:\Program Files\Android\Android Studio1\jbr\bin\verify.dll

Deoptimization events (20 events):
Event: 5.305 Thread 0x0000027f36b72710 Uncommon trap: trap_request=0xffffffc6 fr.pc=0x0000027f41cc9314 relative=0x0000000000000074
Event: 5.305 Thread 0x0000027f36b72710 Uncommon trap: reason=bimorphic_or_optimized_type_check action=maybe_recompile pc=0x0000027f41cc9314 method=java.util.Collections$UnmodifiableCollection.size()I @ 4 c2
Event: 5.305 Thread 0x0000027f36b72710 DEOPT PACKING pc=0x0000027f41cc9314 sp=0x000000bee65fa1c0
Event: 5.305 Thread 0x0000027f36b72710 DEOPT UNPACKING pc=0x0000027f415da1a3 sp=0x000000bee65fa148 mode 2
Event: 5.358 Thread 0x0000027f36b72710 Uncommon trap: trap_request=0xffffff45 fr.pc=0x0000027f41e33e70 relative=0x00000000000001d0
Event: 5.358 Thread 0x0000027f36b72710 Uncommon trap: reason=unstable_if action=reinterpret pc=0x0000027f41e33e70 method=org.jetbrains.kotlin.util.slicedMap.OpenAddressLinearProbingHashTable.get(Ljava/lang/Object;)Ljava/lang/Object; @ 68 c2
Event: 5.358 Thread 0x0000027f36b72710 DEOPT PACKING pc=0x0000027f41e33e70 sp=0x000000bee65fb840
Event: 5.358 Thread 0x0000027f36b72710 DEOPT UNPACKING pc=0x0000027f415da1a3 sp=0x000000bee65fb7c0 mode 2
Event: 5.506 Thread 0x0000027f36b72710 Uncommon trap: trap_request=0xffffff45 fr.pc=0x0000027f41e42e54 relative=0x00000000000004f4
Event: 5.506 Thread 0x0000027f36b72710 Uncommon trap: reason=unstable_if action=reinterpret pc=0x0000027f41e42e54 method=org.jetbrains.kotlin.util.slicedMap.OpenAddressLinearProbingHashTable.get(Ljava/lang/Object;)Ljava/lang/Object; @ 68 c2
Event: 5.506 Thread 0x0000027f36b72710 DEOPT PACKING pc=0x0000027f41e42e54 sp=0x000000bee65f8fb0
Event: 5.506 Thread 0x0000027f36b72710 DEOPT UNPACKING pc=0x0000027f415da1a3 sp=0x000000bee65f8d88 mode 2
Event: 5.506 Thread 0x0000027f36b72710 Uncommon trap: trap_request=0xffffff45 fr.pc=0x0000027f41e3d050 relative=0x0000000000000410
Event: 5.506 Thread 0x0000027f36b72710 Uncommon trap: reason=unstable_if action=reinterpret pc=0x0000027f41e3d050 method=org.jetbrains.kotlin.util.slicedMap.OpenAddressLinearProbingHashTable.get(Ljava/lang/Object;)Ljava/lang/Object; @ 68 c2
Event: 5.506 Thread 0x0000027f36b72710 DEOPT PACKING pc=0x0000027f41e3d050 sp=0x000000bee65f9320
Event: 5.506 Thread 0x0000027f36b72710 DEOPT UNPACKING pc=0x0000027f415da1a3 sp=0x000000bee65f91b8 mode 2
Event: 5.506 Thread 0x0000027f36b72710 Uncommon trap: trap_request=0xffffff45 fr.pc=0x0000027f41e3a854 relative=0x0000000000000394
Event: 5.506 Thread 0x0000027f36b72710 Uncommon trap: reason=unstable_if action=reinterpret pc=0x0000027f41e3a854 method=org.jetbrains.kotlin.util.slicedMap.OpenAddressLinearProbingHashTable.get(Ljava/lang/Object;)Ljava/lang/Object; @ 68 c2
Event: 5.506 Thread 0x0000027f36b72710 DEOPT PACKING pc=0x0000027f41e3a854 sp=0x000000bee65f8e80
Event: 5.506 Thread 0x0000027f36b72710 DEOPT UNPACKING pc=0x0000027f415da1a3 sp=0x000000bee65f8da8 mode 2

Classes unloaded (0 events):
No events

Classes redefined (0 events):
No events

Internal exceptions (20 events):
Event: 1.992 Thread 0x0000027f36b72710 Exception <a 'java/lang/NoSuchMethodError'{0x0000000087f71fc8}: 'java.lang.Object java.lang.invoke.DirectMethodHandle$Holder.newInvokeSpecial(java.lang.Object, java.lang.Object, int)'> (0x0000000087f71fc8) 
thrown [s\src\hotspot\share\interpreter\linkResolver.cpp, line 771]
Event: 2.071 Thread 0x0000027f36b72710 Exception <a 'java/lang/NoSuchMethodError'{0x0000000087cc3610}: 'java.lang.Object java.lang.invoke.DirectMethodHandle$Holder.newInvokeSpecial(java.lang.Object, java.lang.Object, java.lang.Object, int)'> (0x0000000087cc3610) 
thrown [s\src\hotspot\share\interpreter\linkResolver.cpp, line 771]
Event: 2.072 Thread 0x0000027f36b72710 Exception <a 'java/lang/NoSuchMethodError'{0x0000000087cc7c98}: 'java.lang.Object java.lang.invoke.DirectMethodHandle$Holder.invokeSpecial(java.lang.Object, java.lang.Object, java.lang.Object, java.lang.Object, int)'> (0x0000000087cc7c98) 
thrown [s\src\hotspot\share\interpreter\linkResolver.cpp, line 771]
Event: 2.072 Thread 0x0000027f36b72710 Exception <a 'java/lang/NoSuchMethodError'{0x0000000087ccbb08}: 'java.lang.Object java.lang.invoke.Invokers$Holder.linkToTargetMethod(java.lang.Object, java.lang.Object, int, java.lang.Object)'> (0x0000000087ccbb08) 
thrown [s\src\hotspot\share\interpreter\linkResolver.cpp, line 771]
Event: 2.796 Thread 0x0000027f36b72710 Exception <a 'java/lang/NoSuchMethodError'{0x0000000088d25ca0}: 'java.lang.Object java.lang.invoke.DirectMethodHandle$Holder.invokeStatic(java.lang.Object, java.lang.Object, java.lang.Object, java.lang.Object, int)'> (0x0000000088d25ca0) 
thrown [s\src\hotspot\share\interpreter\linkResolver.cpp, line 771]
Event: 2.797 Thread 0x0000027f36b72710 Exception <a 'java/lang/NoSuchMethodError'{0x0000000088d2f6e0}: 'java.lang.Object java.lang.invoke.DirectMethodHandle$Holder.newInvokeSpecial(java.lang.Object, java.lang.Object, java.lang.Object, java.lang.Object, int)'> (0x0000000088d2f6e0) 
thrown [s\src\hotspot\share\interpreter\linkResolver.cpp, line 771]
Event: 2.797 Thread 0x0000027f36b72710 Exception <a 'java/lang/NoSuchMethodError'{0x0000000088d37600}: 'java.lang.Object java.lang.invoke.Invokers$Holder.linkToTargetMethod(java.lang.Object, java.lang.Object, java.lang.Object, int, java.lang.Object)'> (0x0000000088d37600) 
thrown [s\src\hotspot\share\interpreter\linkResolver.cpp, line 771]
Event: 3.202 Thread 0x0000027f36b72710 Exception <a 'java/lang/NoSuchMethodError'{0x00000000897962d8}: 'java.lang.Object java.lang.invoke.DirectMethodHandle$Holder.newInvokeSpecial(java.lang.Object, int, java.lang.Object)'> (0x00000000897962d8) 
thrown [s\src\hotspot\share\interpreter\linkResolver.cpp, line 771]
Event: 3.203 Thread 0x0000027f36b72710 Exception <a 'java/lang/NoSuchMethodError'{0x000000008979c928}: 'int java.lang.invoke.DirectMethodHandle$Holder.invokeInterface(java.lang.Object, java.lang.Object)'> (0x000000008979c928) 
thrown [s\src\hotspot\share\interpreter\linkResolver.cpp, line 771]
Event: 3.233 Thread 0x0000027f36b72710 Exception <a 'java/lang/NoSuchMethodError'{0x0000000089622e50}: 'java.lang.Object java.lang.invoke.DirectMethodHandle$Holder.newInvokeSpecial(java.lang.Object, java.lang.Object, java.lang.Object, java.lang.Object, java.lang.Object, java.lang.Object)'> (0x0000000089622e50) 
thrown [s\src\hotspot\share\interpreter\linkResolver.cpp, line 771]
Event: 3.425 Thread 0x0000027f36b72710 Exception <a 'java/lang/NoSuchMethodError'{0x000000008907ad20}: 'java.lang.Object java.lang.invoke.DirectMethodHandle$Holder.invokeStaticInit(java.lang.Object, java.lang.Object, java.lang.Object)'> (0x000000008907ad20) 
thrown [s\src\hotspot\share\interpreter\linkResolver.cpp, line 771]
Event: 3.979 Thread 0x0000027f36b72710 Implicit null exception at 0x0000027f41b7048e to 0x0000027f41b706e4
Event: 3.980 Thread 0x0000027f36b72710 Implicit null exception at 0x0000027f41b7fd8f to 0x0000027f41b7fe05
Event: 4.567 Thread 0x0000027f36b72710 Implicit null exception at 0x0000027f41c4924c to 0x0000027f41c49328
Event: 4.567 Thread 0x0000027f36b72710 Implicit null exception at 0x0000027f41d464b9 to 0x0000027f41d47d48
Event: 4.567 Thread 0x0000027f36b72710 Implicit null exception at 0x0000027f41b87fd8 to 0x0000027f41b8806a
Event: 4.633 Thread 0x0000027f36b72710 Implicit null exception at 0x0000027f41dccd3e to 0x0000027f41dccff0
Event: 4.717 Thread 0x0000027f36b72710 Exception <a 'java/lang/NoSuchMethodError'{0x000000008a47cc50}: 'java.lang.Object java.lang.invoke.DirectMethodHandle$Holder.invokeInterface(java.lang.Object, java.lang.Object, java.lang.Object)'> (0x000000008a47cc50) 
thrown [s\src\hotspot\share\interpreter\linkResolver.cpp, line 771]
Event: 4.717 Thread 0x0000027f36b72710 Exception <a 'java/lang/IncompatibleClassChangeError'{0x000000008a4805c0}: Found class java.lang.Object, but interface was expected> (0x000000008a4805c0) 
thrown [s\src\hotspot\share\interpreter\linkResolver.cpp, line 838]
Event: 4.845 Thread 0x0000027f36b72710 Exception <a 'java/lang/NoSuchMethodError'{0x000000008a136320}: 'java.lang.Object java.lang.invoke.DirectMethodHandle$Holder.invokeStatic(java.lang.Object, int, java.lang.Object)'> (0x000000008a136320) 
thrown [s\src\hotspot\share\interpreter\linkResolver.cpp, line 771]

VM Operations (20 events):
Event: 5.073 Executing VM operation: HandshakeAllThreads
Event: 5.073 Executing VM operation: HandshakeAllThreads done
Event: 5.089 Executing VM operation: HandshakeAllThreads
Event: 5.089 Executing VM operation: HandshakeAllThreads done
Event: 5.118 Executing VM operation: ICBufferFull
Event: 5.119 Executing VM operation: ICBufferFull done
Event: 5.246 Executing VM operation: ICBufferFull
Event: 5.246 Executing VM operation: ICBufferFull done
Event: 5.345 Executing VM operation: HandshakeAllThreads
Event: 5.345 Executing VM operation: HandshakeAllThreads done
Event: 5.371 Executing VM operation: G1CollectForAllocation
Event: 5.386 Executing VM operation: G1CollectForAllocation done
Event: 5.445 Executing VM operation: G1PauseRemark
Event: 5.453 Executing VM operation: G1PauseRemark done
Event: 5.468 Executing VM operation: HandshakeAllThreads
Event: 5.468 Executing VM operation: HandshakeAllThreads done
Event: 5.480 Executing VM operation: G1PauseCleanup
Event: 5.480 Executing VM operation: G1PauseCleanup done
Event: 5.486 Executing VM operation: HandshakeAllThreads
Event: 5.486 Executing VM operation: HandshakeAllThreads done

Events (20 events):
Event: 4.460 Thread 0x0000027f50897150 flushing nmethod 0x0000027f3aa0fa10
Event: 4.461 Thread 0x0000027f50897150 flushing nmethod 0x0000027f3aa17e10
Event: 4.461 Thread 0x0000027f50897150 flushing nmethod 0x0000027f3aa46b10
Event: 4.461 Thread 0x0000027f50897150 flushing nmethod 0x0000027f3aa8a690
Event: 4.461 Thread 0x0000027f50897150 flushing nmethod 0x0000027f3aaa5b10
Event: 4.461 Thread 0x0000027f50897150 flushing nmethod 0x0000027f3aaad510
Event: 4.461 Thread 0x0000027f50897150 flushing nmethod 0x0000027f3aae7390
Event: 4.462 Thread 0x0000027f50897150 flushing nmethod 0x0000027f3ab6be10
Event: 4.462 Thread 0x0000027f50897150 flushing nmethod 0x0000027f3aba4010
Event: 4.462 Thread 0x0000027f50897150 flushing nmethod 0x0000027f3abc1110
Event: 4.462 Thread 0x0000027f50897150 flushing nmethod 0x0000027f3abd8d90
Event: 4.462 Thread 0x0000027f50897150 flushing nmethod 0x0000027f3abf1390
Event: 4.463 Thread 0x0000027f50897150 flushing nmethod 0x0000027f3ace7d90
Event: 4.463 Thread 0x0000027f50897150 flushing nmethod 0x0000027f3acee390
Event: 4.463 Thread 0x0000027f50897150 flushing nmethod 0x0000027f3ad08790
Event: 4.463 Thread 0x0000027f50897150 flushing nmethod 0x0000027f3ad0a590
Event: 4.463 Thread 0x0000027f50897150 flushing nmethod 0x0000027f3ad0b890
Event: 4.463 Thread 0x0000027f50897150 flushing nmethod 0x0000027f3ad0d710
Event: 4.463 Thread 0x0000027f50897150 flushing nmethod 0x0000027f3ad0ea10
Event: 4.463 Thread 0x0000027f50897150 flushing nmethod 0x0000027f3ad53e10


Dynamic libraries:
0x00007ff6689e0000 - 0x00007ff6689ea000 	C:\Program Files\Android\Android Studio1\jbr\bin\java.exe
0x00007ff8abd70000 - 0x00007ff8abf68000 	C:\windows\SYSTEM32\ntdll.dll
0x00007ff8aaf70000 - 0x00007ff8ab031000 	C:\windows\System32\KERNEL32.DLL
0x00007ff8a9720000 - 0x00007ff8a9a1d000 	C:\windows\System32\KERNELBASE.dll
0x00007ff8a9c10000 - 0x00007ff8a9d10000 	C:\windows\System32\ucrtbase.dll
0x00007ff892000000 - 0x00007ff892017000 	C:\Program Files\Android\Android Studio1\jbr\bin\jli.dll
0x00007ff889460000 - 0x00007ff88947b000 	C:\Program Files\Android\Android Studio1\jbr\bin\VCRUNTIME140.dll
0x00007ff8a9fc0000 - 0x00007ff8aa15d000 	C:\windows\System32\USER32.dll
0x00007ff8a9be0000 - 0x00007ff8a9c02000 	C:\windows\System32\win32u.dll
0x00007ff892ec0000 - 0x00007ff89315a000 	C:\windows\WinSxS\amd64_microsoft.windows.common-controls_6595b64144ccf1df_6.0.19041.4355_none_60b8b9eb71f62e16\COMCTL32.dll
0x00007ff8ab560000 - 0x00007ff8ab58b000 	C:\windows\System32\GDI32.dll
0x00007ff8aa6a0000 - 0x00007ff8aa73e000 	C:\windows\System32\msvcrt.dll
0x00007ff8a95b0000 - 0x00007ff8a96c7000 	C:\windows\System32\gdi32full.dll
0x00007ff8a9b40000 - 0x00007ff8a9bdd000 	C:\windows\System32\msvcp_win.dll
0x00007ff8abd00000 - 0x00007ff8abd2f000 	C:\windows\System32\IMM32.DLL
0x00007ff8a1f30000 - 0x00007ff8a1f3c000 	C:\Program Files\Android\Android Studio1\jbr\bin\vcruntime140_1.dll
0x00007ff875bd0000 - 0x00007ff875c5d000 	C:\Program Files\Android\Android Studio1\jbr\bin\msvcp140.dll
0x00007ff82b190000 - 0x00007ff82be13000 	C:\Program Files\Android\Android Studio1\jbr\bin\server\jvm.dll
0x00007ff8ab050000 - 0x00007ff8ab100000 	C:\windows\System32\ADVAPI32.dll
0x00007ff8aa5f0000 - 0x00007ff8aa690000 	C:\windows\System32\sechost.dll
0x00007ff8ab360000 - 0x00007ff8ab483000 	C:\windows\System32\RPCRT4.dll
0x00007ff8a9420000 - 0x00007ff8a9447000 	C:\windows\System32\bcrypt.dll
0x00007ff8a1f00000 - 0x00007ff8a1f09000 	C:\windows\SYSTEM32\WSOCK32.dll
0x00007ff8a89a0000 - 0x00007ff8a89eb000 	C:\windows\SYSTEM32\POWRPROF.dll
0x00007ff8aa460000 - 0x00007ff8aa4cb000 	C:\windows\System32\WS2_32.dll
0x00007ff887f90000 - 0x00007ff887fb7000 	C:\windows\SYSTEM32\WINMM.dll
0x00007ff89e600000 - 0x00007ff89e60a000 	C:\windows\SYSTEM32\VERSION.dll
0x00007ff8a8810000 - 0x00007ff8a8822000 	C:\windows\SYSTEM32\UMPDC.dll
0x00007ff8a7c30000 - 0x00007ff8a7c42000 	C:\windows\SYSTEM32\kernel.appcore.dll
0x00007ff8a1ee0000 - 0x00007ff8a1eea000 	C:\Program Files\Android\Android Studio1\jbr\bin\jimage.dll
0x00007ff8a7190000 - 0x00007ff8a7374000 	C:\windows\SYSTEM32\DBGHELP.DLL
0x00007ff88b860000 - 0x00007ff88b894000 	C:\windows\SYSTEM32\dbgcore.DLL
0x00007ff8a9d10000 - 0x00007ff8a9d92000 	C:\windows\System32\bcryptPrimitives.dll
0x00007ff89e890000 - 0x00007ff89e8b5000 	C:\Program Files\Android\Android Studio1\jbr\bin\java.dll
0x00007ff89e870000 - 0x00007ff89e888000 	C:\Program Files\Android\Android Studio1\jbr\bin\zip.dll
0x00007ff8ab590000 - 0x00007ff8abcff000 	C:\windows\System32\SHELL32.dll
0x00007ff8a7480000 - 0x00007ff8a7c1f000 	C:\windows\SYSTEM32\windows.storage.dll
0x00007ff8aa7a0000 - 0x00007ff8aaaf3000 	C:\windows\System32\combase.dll
0x00007ff8a8e40000 - 0x00007ff8a8e6e000 	C:\windows\SYSTEM32\Wldp.dll
0x00007ff8ab490000 - 0x00007ff8ab55d000 	C:\windows\System32\OLEAUT32.dll
0x00007ff8aa4d0000 - 0x00007ff8aa57d000 	C:\windows\System32\SHCORE.dll
0x00007ff8a9da0000 - 0x00007ff8a9df5000 	C:\windows\System32\shlwapi.dll
0x00007ff8a9350000 - 0x00007ff8a9374000 	C:\windows\SYSTEM32\profapi.dll
0x00007ff8985a0000 - 0x00007ff8985b9000 	C:\Program Files\Android\Android Studio1\jbr\bin\net.dll
0x00007ff8a2dc0000 - 0x00007ff8a2ecd000 	C:\windows\SYSTEM32\WINHTTP.dll
0x00007ff8a8ba0000 - 0x00007ff8a8c0a000 	C:\windows\system32\mswsock.dll
0x00007ff892200000 - 0x00007ff892216000 	C:\Program Files\Android\Android Studio1\jbr\bin\nio.dll
0x00007ff8985e0000 - 0x00007ff8985f0000 	C:\Program Files\Android\Android Studio1\jbr\bin\verify.dll

dbghelp: loaded successfully - version: 4.0.5 - missing functions: none
symbol engine: initialized successfully - sym options: 0x614 - pdb path: .;C:\Program Files\Android\Android Studio1\jbr\bin;C:\windows\SYSTEM32;C:\windows\WinSxS\amd64_microsoft.windows.common-controls_6595b64144ccf1df_6.0.19041.4355_none_60b8b9eb71f62e16;C:\Program Files\Android\Android Studio1\jbr\bin\server

VM Arguments:
java_command: org.jetbrains.kotlin.cli.jvm.K2JVMCompiler @C:\Users\a\AndroidStudioProjects\ItsMovieTime\app\build\20240904_7959746061718785661.compiler.options
java_class_path (initial): C:\Users\a\.gradle\caches\modules-2\files-2.1\org.jetbrains.kotlin\kotlin-compiler-embeddable\1.9.0\2c8c3a7402becca891f12739b3e9fd2dc2adbd7a\kotlin-compiler-embeddable-1.9.0.jar;C:\Users\a\.gradle\caches\modules-2\files-2.1\org.jetbrains.kotlin\kotlin-stdlib\1.9.0\8ee15ef0c67dc83d874f412d84378d7f0eb50b63\kotlin-stdlib-1.9.0.jar;C:\Users\a\.gradle\caches\modules-2\files-2.1\org.jetbrains.kotlin\kotlin-script-runtime\1.9.0\4b3102cbbb7e1b58d9d1adf89563f00069ffa7d1\kotlin-script-runtime-1.9.0.jar;C:\Users\a\.gradle\caches\modules-2\files-2.1\org.jetbrains.kotlin\kotlin-reflect\1.6.10\1cbe9c92c12a94eea200d23c2bbaedaf3daf5132\kotlin-reflect-1.6.10.jar;C:\Users\a\.gradle\caches\modules-2\files-2.1\org.jetbrains.kotlin\kotlin-daemon-embeddable\1.9.0\186543f5e28cf8d9a0290fecc2cf34301c40a65c\kotlin-daemon-embeddable-1.9.0.jar;C:\Users\a\.gradle\caches\modules-2\files-2.1\org.jetbrains.intellij.deps\trove4j\1.0.20200330\3afb14d5f9ceb459d724e907a21145e8ff394f02\trove4j-1.0.20200330.jar;C:\Users\a\.gradle\caches\modules-2\files-2.1\org.jetbrains.kotlin\kotlin-stdlib-common\1.9.0\cd65c21cfd1eec4d44ef09f9f52b6d9f8a720636\kotlin-stdlib-common-1.9.0.jar;C:\Users\a\.gradle\caches\modules-2\files-2.1\org.jetbrains\annotations\13.0\919f0dfe192fb4e063e7dacadee7f8bb9a2672a9\annotations-13.0.jar
Launcher Type: SUN_STANDARD

[Global flags]
     intx CICompilerCount                          = 4                                         {product} {ergonomic}
     uint ConcGCThreads                            = 2                                         {product} {ergonomic}
     uint G1ConcRefinementThreads                  = 8                                         {product} {ergonomic}
   size_t G1HeapRegionSize                         = 1048576                                   {product} {ergonomic}
    uintx GCDrainStackTargetSize                   = 64                                        {product} {ergonomic}
   size_t InitialHeapSize                          = 130023424                                 {product} {ergonomic}
   size_t MarkStackSize                            = 4194304                                   {product} {ergonomic}
   size_t MaxHeapSize                              = 2055208960                                {product} {ergonomic}
   size_t MaxNewSize                               = 1233125376                                {product} {ergonomic}
   size_t MinHeapDeltaBytes                        = 1048576                                   {product} {ergonomic}
   size_t MinHeapSize                              = 8388608                                   {product} {ergonomic}
    uintx NonNMethodCodeHeapSize                   = 5839372                                {pd product} {ergonomic}
    uintx NonProfiledCodeHeapSize                  = 122909434                              {pd product} {ergonomic}
    uintx ProfiledCodeHeapSize                     = 122909434                              {pd product} {ergonomic}
    uintx ReservedCodeCacheSize                    = 251658240                              {pd product} {ergonomic}
     bool SegmentedCodeCache                       = true                                      {product} {ergonomic}
   size_t SoftMaxHeapSize                          = 2055208960                             {manageable} {ergonomic}
     bool UseCompressedClassPointers               = true                           {product lp64_product} {ergonomic}
     bool UseCompressedOops                        = true                           {product lp64_product} {ergonomic}
     bool UseG1GC                                  = true                                      {product} {ergonomic}
     bool UseLargePagesIndividualAllocation        = false                                  {pd product} {ergonomic}

Logging:
Log output configuration:
 #0: stdout all=warning uptime,level,tags
 #1: stderr all=off uptime,level,tags

Environment Variables:
PATH=C:\Program Files\Common Files\Oracle\Java\javapath;C:\windows\system32;C:\windows;C:\windows\System32\Wbem;C:\windows\System32\WindowsPowerShell\v1.0\;C:\windows\System32\OpenSSH\;C:\Program Files\Git\cmd;C:\MinGW\bin;C:\ProgramData\chocolatey\bin;C:\Program Files\MySQL\MySQL Server 8.0\bin;C:\Users\a\AppData\Local\Microsoft\WindowsApps;C:\Users\a\AppData\Local\Programs\Microsoft VS Code\bin;C:\Program Files\JetBrains\IntelliJ IDEA Community Edition 2021.3.3\New folder\IntelliJ IDEA Community Edition 2021.3.3\bin;;C:\flutter\bin;
USERNAME=a
OS=Windows_NT
PROCESSOR_IDENTIFIER=Intel64 Family 6 Model 140 Stepping 1, GenuineIntel
TMP=C:\Users\a\AppData\Local\Temp
TEMP=C:\Users\a\AppData\Local\Temp



Periodic native trim disabled

JNI global refs:
JNI global refs: 10, weak refs: 1

JNI global refs memory usage: 843, weak refs: 841

OOME stack traces (most recent first):
Classloader memory used:
Loader jdk.internal.loader.ClassLoaders$AppClassLoader                                 : 6337K
Loader bootstrap                                                                       : 1309K
Loader jdk.internal.reflect.DelegatingClassLoader                                      : 11648B


---------------  S Y S T E M  ---------------

OS:
 Windows 10 , 64 bit Build 19041 (10.0.19041.4717)
OS uptime: 0 days 2:47 hours

CPU: total 8 (initial active 8) (4 cores per cpu, 2 threads per core) family 6 model 140 stepping 1 microcode 0x9a, cx8, cmov, fxsr, ht, mmx, 3dnowpref, sse, sse2, sse3, ssse3, sse4.1, sse4.2, popcnt, lzcnt, tsc, tscinvbit, avx, avx2, aes, erms, clmul, bmi1, bmi2, adx, avx512f, avx512dq, avx512cd, avx512bw, avx512vl, sha, fma, vzeroupper, avx512_vpopcntdq, avx512_vpclmulqdq, avx512_vaes, avx512_vnni, clflush, clflushopt, clwb, avx512_vbmi2, avx512_vbmi
Processor Information for all 8 processors :
  Max Mhz: 2419, Current Mhz: 2419, Mhz Limit: 2419

Memory: 4k page, system-wide physical 7834M (1017M free)
TotalPageFile size 10634M (AvailPageFile size 7M)
current process WorkingSet (physical memory assigned to process): 256M, peak: 273M
current process commit charge ("private bytes"): 300M, peak: 310M

vm_info: OpenJDK 64-Bit Server VM (17.0.9+0--11185874) for windows-amd64 JRE (17.0.9+0--11185874), built on Dec  6 2023 18:57:44 by "androidbuild" with MS VC++ 16.10 / 16.11 (VS2019)

END.
