#
# There is insufficient memory for the Java Runtime Environment to continue.
# Native memory allocation (mmap) failed to map 81788928 bytes for G1 virtual space
# Possible reasons:
#   The system is out of physical RAM or swap space
#   The process is running with CompressedOops enabled, and the Java Heap may be blocking the growth of the native heap
# Possible solutions:
#   Reduce memory load on the system
#   Increase physical memory or swap space
#   Check if swap backing store is full
#   Decrease Java heap size (-Xmx/-Xms)
#   Decrease number of Java threads
#   Decrease Java thread stack sizes (-Xss)
#   Set larger code cache with -XX:ReservedCodeCacheSize=
#   JVM is running with Unscaled Compressed Oops mode in which the Java heap is
#     placed in the first 4GB address space. The Java Heap base address is the
#     maximum limit for the native heap growth. Please use -XX:HeapBaseMinAddress
#     to set the Java Heap base and to place the Java Heap above 4GB virtual address.
# This output file may be truncated or incomplete.
#
#  Out of Memory Error (os_windows.cpp:3825), pid=14420, tid=18136
#
# JRE version: OpenJDK Runtime Environment (17.0.9) (build 17.0.9+0--11185874)
# Java VM: OpenJDK 64-Bit Server VM (17.0.9+0--11185874, mixed mode, tiered, compressed oops, compressed class ptrs, g1 gc, windows-amd64)
# No core dump will be written. Minidumps are not enabled by default on client versions of Windows
#

---------------  S U M M A R Y ------------

Command Line: org.jetbrains.kotlin.cli.jvm.K2JVMCompiler @C:\Users\a\AndroidStudioProjects\ItsMovieTime\app\build\20240713_17369086584719008440.compiler.options

Host: 11th Gen Intel(R) Core(TM) i5-1135G7 @ 2.40GHz, 8 cores, 7G,  Windows 10 , 64 bit Build 19041 (10.0.19041.4597)
Time: Sat Jul 13 19:19:26 2024 India Standard Time elapsed time: 6.710735 seconds (0d 0h 0m 6s)

---------------  T H R E A D  ---------------

Current thread (0x000001fb0083a440):  VMThread "VM Thread" [stack: 0x0000005d0b200000,0x0000005d0b300000] [id=18136]

Stack: [0x0000005d0b200000,0x0000005d0b300000]
Native frames: (J=compiled Java code, j=interpreted, Vv=VM code, C=native code)
V  [jvm.dll+0x6886e9]
V  [jvm.dll+0x841e4a]
V  [jvm.dll+0x843a8e]
V  [jvm.dll+0x8440f3]
V  [jvm.dll+0x24c14f]
V  [jvm.dll+0x685499]
V  [jvm.dll+0x679c2a]
V  [jvm.dll+0x30cf9b]
V  [jvm.dll+0x314446]
V  [jvm.dll+0x36425e]
V  [jvm.dll+0x36448f]
V  [jvm.dll+0x2e2d68]
V  [jvm.dll+0x2e0f44]
V  [jvm.dll+0x2e054c]
V  [jvm.dll+0x3253fb]
V  [jvm.dll+0x8487eb]
V  [jvm.dll+0x849531]
V  [jvm.dll+0x849a4d]
V  [jvm.dll+0x849e24]
V  [jvm.dll+0x849ef0]
V  [jvm.dll+0x7f06aa]
V  [jvm.dll+0x687565]
C  [ucrtbase.dll+0x21bb2]
C  [KERNEL32.DLL+0x17374]
C  [ntdll.dll+0x4cc91]

VM_Operation (0x0000005d0acfcf90): G1CollectForAllocation, mode: safepoint, requested by thread 0x000001fb66c9da10


---------------  P R O C E S S  ---------------

Threads class SMR info:
_java_thread_list=0x000001fb066f8680, length=13, elements={
0x000001fb66c9da10, 0x000001fb0083eaa0, 0x000001fb00841570, 0x000001fb00865440,
0x000001fb00865e00, 0x000001fb008687d0, 0x000001fb00869190, 0x000001fb009e1530,
0x000001fb009e1fe0, 0x000001fb009e5ee0, 0x000001fb00b47ed0, 0x000001fb00b549a0,
0x000001fb06245480
}

Java Threads: ( => current thread )
  0x000001fb66c9da10 JavaThread "main" [_thread_blocked, id=18844, stack(0x0000005d0ac00000,0x0000005d0ad00000)]
  0x000001fb0083eaa0 JavaThread "Reference Handler" daemon [_thread_blocked, id=20316, stack(0x0000005d0b300000,0x0000005d0b400000)]
  0x000001fb00841570 JavaThread "Finalizer" daemon [_thread_blocked, id=3440, stack(0x0000005d0b400000,0x0000005d0b500000)]
  0x000001fb00865440 JavaThread "Signal Dispatcher" daemon [_thread_blocked, id=16276, stack(0x0000005d0b500000,0x0000005d0b600000)]
  0x000001fb00865e00 JavaThread "Attach Listener" daemon [_thread_blocked, id=10496, stack(0x0000005d0b600000,0x0000005d0b700000)]
  0x000001fb008687d0 JavaThread "Service Thread" daemon [_thread_blocked, id=5336, stack(0x0000005d0b700000,0x0000005d0b800000)]
  0x000001fb00869190 JavaThread "Monitor Deflation Thread" daemon [_thread_blocked, id=11500, stack(0x0000005d0b800000,0x0000005d0b900000)]
  0x000001fb009e1530 JavaThread "C2 CompilerThread0" daemon [_thread_blocked, id=7892, stack(0x0000005d0b900000,0x0000005d0ba00000)]
  0x000001fb009e1fe0 JavaThread "C1 CompilerThread0" daemon [_thread_blocked, id=4304, stack(0x0000005d0ba00000,0x0000005d0bb00000)]
  0x000001fb009e5ee0 JavaThread "Sweeper thread" daemon [_thread_blocked, id=5608, stack(0x0000005d0bb00000,0x0000005d0bc00000)]
  0x000001fb00b47ed0 JavaThread "Notification Thread" daemon [_thread_blocked, id=19996, stack(0x0000005d0bc00000,0x0000005d0bd00000)]
  0x000001fb00b549a0 JavaThread "Common-Cleaner" daemon [_thread_blocked, id=15072, stack(0x0000005d0be00000,0x0000005d0bf00000)]
  0x000001fb06245480 JavaThread "C2 CompilerThread1" daemon [_thread_blocked, id=8276, stack(0x0000005d0bf00000,0x0000005d0c000000)]

Other Threads:
=>0x000001fb0083a440 VMThread "VM Thread" [stack: 0x0000005d0b200000,0x0000005d0b300000] [id=18136]
  0x000001fb007dd390 WatcherThread [stack: 0x0000005d0bd00000,0x0000005d0be00000] [id=7008]
  0x000001fb66cf7a60 GCTaskThread "GC Thread#0" [stack: 0x0000005d0ad00000,0x0000005d0ae00000] [id=7964]
  0x000001fb00ce61c0 GCTaskThread "GC Thread#1" [stack: 0x0000005d0c000000,0x0000005d0c100000] [id=13080]
  0x000001fb00ce5400 GCTaskThread "GC Thread#2" [stack: 0x0000005d0c100000,0x0000005d0c200000] [id=980]
  0x000001fb00ce5c40 GCTaskThread "GC Thread#3" [stack: 0x0000005d0c200000,0x0000005d0c300000] [id=20116]
  0x000001fb00ce5980 GCTaskThread "GC Thread#4" [stack: 0x0000005d0c300000,0x0000005d0c400000] [id=18012]
  0x000001fb00ce5f00 GCTaskThread "GC Thread#5" [stack: 0x0000005d0c400000,0x0000005d0c500000] [id=13996]
  0x000001fb00ce6480 GCTaskThread "GC Thread#6" [stack: 0x0000005d0c500000,0x0000005d0c600000] [id=10920]
  0x000001fb00ce4900 GCTaskThread "GC Thread#7" [stack: 0x0000005d0c600000,0x0000005d0c700000] [id=1884]
  0x000001fb66d07eb0 ConcurrentGCThread "G1 Main Marker" [stack: 0x0000005d0ae00000,0x0000005d0af00000] [id=14532]
  0x000001fb66d09070 ConcurrentGCThread "G1 Conc#0" [stack: 0x0000005d0af00000,0x0000005d0b000000] [id=8600]
  0x000001fb00ce4bc0 ConcurrentGCThread "G1 Conc#1" [stack: 0x0000005d0c700000,0x0000005d0c800000] [id=17440]
  0x000001fb66d5e910 ConcurrentGCThread "G1 Refine#0" [stack: 0x0000005d0b000000,0x0000005d0b100000] [id=3144]
  0x000001fb07177200 ConcurrentGCThread "G1 Refine#1" [stack: 0x0000005d0c800000,0x0000005d0c900000] [id=19280]
  0x000001fb07176f10 ConcurrentGCThread "G1 Refine#2" [stack: 0x0000005d0c900000,0x0000005d0ca00000] [id=17804]
  0x000001fb006928a0 ConcurrentGCThread "G1 Service" [stack: 0x0000005d0b100000,0x0000005d0b200000] [id=19808]

Threads with active compile tasks:
C2 CompilerThread0     6723 8978       4       kotlin.text.StringsKt__StringsKt::substringAfter (77 bytes)
C1 CompilerThread0     6723 8980       3       org.jetbrains.kotlin.backend.jvm.mapping.IrTypeCheckerContextForTypeMapping::getPrimitiveType (18 bytes)
C2 CompilerThread1     6723 8944       4       org.jetbrains.kotlin.ir.util.TypeTranslator::buildWithScope (31 bytes)

VM state: at safepoint (normal execution)

VM Mutex/Monitor currently owned by a thread:  ([mutex/lock_event])
[0x000001fb66c9a6d0] Threads_lock - owner thread: 0x000001fb0083a440
[0x000001fb66c994d0] Heap_lock - owner thread: 0x000001fb66c9da10

Heap address: 0x0000000085800000, size: 1960 MB, Compressed Oops mode: 32-bit

CDS archive(s) not mapped
Compressed class space mapped at: 0x0000000100000000-0x0000000140000000, reserved size: 1073741824
Narrow klass base: 0x0000000000000000, Narrow klass shift: 3, Narrow klass range: 0x140000000

GC Precious Log:
 CPUs: 8 total, 8 available
 Memory: 7834M
 Large Page Support: Disabled
 NUMA Support: Disabled
 Compressed Oops: Enabled (32-bit)
 Heap Region Size: 1M
 Heap Min Capacity: 8M
 Heap Initial Capacity: 124M
 Heap Max Capacity: 1960M
 Pre-touch: Disabled
 Parallel Workers: 8
 Concurrent Workers: 2
 Concurrent Refinement Workers: 8
 Periodic GC: Disabled

Heap:
 garbage-first heap   total 126976K, used 60341K [0x0000000085800000, 0x0000000100000000)
  region size 1024K, 1 young (1024K), 1 survivors (1024K)
 Metaspace       used 76581K, committed 76864K, reserved 1179648K
  class space    used 8971K, committed 9088K, reserved 1048576K

Heap Regions: E=young(eden), S=young(survivor), O=old, HS=humongous(starts), HC=humongous(continues), CS=collection set, F=free, OA=open archive, CA=closed archive, TAMS=top-at-mark-start (previous, next)
|   0|0x0000000085800000, 0x0000000085900000, 0x0000000085900000|100%|HS|  |TAMS 0x0000000085900000, 0x0000000085800000| Complete 
|   1|0x0000000085900000, 0x0000000085a00000, 0x0000000085a00000|100%|HC|  |TAMS 0x0000000085a00000, 0x0000000085900000| Complete 
|   2|0x0000000085a00000, 0x0000000085b00000, 0x0000000085b00000|100%|HC|  |TAMS 0x0000000085b00000, 0x0000000085a00000| Complete 
|   3|0x0000000085b00000, 0x0000000085c00000, 0x0000000085c00000|100%|HC|  |TAMS 0x0000000085c00000, 0x0000000085b00000| Complete 
|   4|0x0000000085c00000, 0x0000000085d00000, 0x0000000085d00000|100%| O|  |TAMS 0x0000000085d00000, 0x0000000085c00000| Untracked 
|   5|0x0000000085d00000, 0x0000000085e00000, 0x0000000085e00000|100%| O|  |TAMS 0x0000000085e00000, 0x0000000085d00000| Untracked 
|   6|0x0000000085e00000, 0x0000000085f00000, 0x0000000085f00000|100%| O|  |TAMS 0x0000000085f00000, 0x0000000085e00000| Untracked 
|   7|0x0000000085f00000, 0x0000000086000000, 0x0000000086000000|100%| O|  |TAMS 0x0000000086000000, 0x0000000085f00000| Untracked 
|   8|0x0000000086000000, 0x0000000086100000, 0x0000000086100000|100%| O|  |TAMS 0x0000000086100000, 0x0000000086000000| Untracked 
|   9|0x0000000086100000, 0x0000000086200000, 0x0000000086200000|100%| O|  |TAMS 0x0000000086200000, 0x0000000086100000| Untracked 
|  10|0x0000000086200000, 0x0000000086300000, 0x0000000086300000|100%| O|  |TAMS 0x0000000086300000, 0x0000000086200000| Untracked 
|  11|0x0000000086300000, 0x0000000086400000, 0x0000000086400000|100%| O|  |TAMS 0x0000000086400000, 0x0000000086300000| Untracked 
|  12|0x0000000086400000, 0x0000000086500000, 0x0000000086500000|100%| O|  |TAMS 0x0000000086500000, 0x0000000086400000| Untracked 
|  13|0x0000000086500000, 0x0000000086600000, 0x0000000086600000|100%| O|  |TAMS 0x0000000086600000, 0x0000000086500000| Untracked 
|  14|0x0000000086600000, 0x0000000086700000, 0x0000000086700000|100%| O|  |TAMS 0x0000000086700000, 0x0000000086600000| Untracked 
|  15|0x0000000086700000, 0x0000000086800000, 0x0000000086800000|100%| O|  |TAMS 0x0000000086800000, 0x0000000086700000| Untracked 
|  16|0x0000000086800000, 0x0000000086900000, 0x0000000086900000|100%| O|  |TAMS 0x0000000086900000, 0x0000000086800000| Untracked 
|  17|0x0000000086900000, 0x0000000086900000, 0x0000000086a00000|  0%| F|  |TAMS 0x0000000086900000, 0x0000000086900000| Untracked 
|  18|0x0000000086a00000, 0x0000000086b00000, 0x0000000086b00000|100%| O|  |TAMS 0x0000000086b00000, 0x0000000086a00000| Untracked 
|  19|0x0000000086b00000, 0x0000000086c00000, 0x0000000086c00000|100%| O|  |TAMS 0x0000000086c00000, 0x0000000086b00000| Untracked 
|  20|0x0000000086c00000, 0x0000000086d00000, 0x0000000086d00000|100%| O|  |TAMS 0x0000000086d00000, 0x0000000086c00000| Untracked 
|  21|0x0000000086d00000, 0x0000000086e00000, 0x0000000086e00000|100%| O|  |TAMS 0x0000000086e00000, 0x0000000086d00000| Untracked 
|  22|0x0000000086e00000, 0x0000000086f00000, 0x0000000086f00000|100%| O|  |TAMS 0x0000000086f00000, 0x0000000086e00000| Untracked 
|  23|0x0000000086f00000, 0x0000000087000000, 0x0000000087000000|100%|HS|  |TAMS 0x0000000087000000, 0x0000000086f00000| Complete 
|  24|0x0000000087000000, 0x0000000087100000, 0x0000000087100000|100%|HC|  |TAMS 0x0000000087100000, 0x0000000087000000| Complete 
|  25|0x0000000087100000, 0x0000000087200000, 0x0000000087200000|100%| O|  |TAMS 0x0000000087200000, 0x0000000087100000| Untracked 
|  26|0x0000000087200000, 0x0000000087300000, 0x0000000087300000|100%| O|  |TAMS 0x0000000087300000, 0x0000000087200000| Untracked 
|  27|0x0000000087300000, 0x0000000087400000, 0x0000000087400000|100%| O|  |TAMS 0x0000000087400000, 0x0000000087300000| Untracked 
|  28|0x0000000087400000, 0x0000000087500000, 0x0000000087500000|100%| O|  |TAMS 0x0000000087500000, 0x0000000087400000| Untracked 
|  29|0x0000000087500000, 0x0000000087600000, 0x0000000087600000|100%| O|  |TAMS 0x0000000087600000, 0x0000000087500000| Untracked 
|  30|0x0000000087600000, 0x0000000087700000, 0x0000000087700000|100%| O|  |TAMS 0x0000000087700000, 0x0000000087600000| Untracked 
|  31|0x0000000087700000, 0x0000000087800000, 0x0000000087800000|100%| O|  |TAMS 0x0000000087800000, 0x0000000087700000| Untracked 
|  32|0x0000000087800000, 0x0000000087900000, 0x0000000087900000|100%| O|  |TAMS 0x0000000087900000, 0x0000000087800000| Untracked 
|  33|0x0000000087900000, 0x0000000087a00000, 0x0000000087a00000|100%| O|  |TAMS 0x0000000087a00000, 0x0000000087900000| Untracked 
|  34|0x0000000087a00000, 0x0000000087b00000, 0x0000000087b00000|100%| O|  |TAMS 0x0000000087b00000, 0x0000000087a00000| Untracked 
|  35|0x0000000087b00000, 0x0000000087c00000, 0x0000000087c00000|100%| O|  |TAMS 0x0000000087c00000, 0x0000000087b00000| Untracked 
|  36|0x0000000087c00000, 0x0000000087d00000, 0x0000000087d00000|100%| O|  |TAMS 0x0000000087d00000, 0x0000000087c00000| Untracked 
|  37|0x0000000087d00000, 0x0000000087e00000, 0x0000000087e00000|100%| O|  |TAMS 0x0000000087e00000, 0x0000000087d00000| Untracked 
|  38|0x0000000087e00000, 0x0000000087f00000, 0x0000000087f00000|100%| O|  |TAMS 0x0000000087f00000, 0x0000000087e00000| Untracked 
|  39|0x0000000087f00000, 0x0000000088000000, 0x0000000088000000|100%| O|  |TAMS 0x0000000088000000, 0x0000000087f00000| Untracked 
|  40|0x0000000088000000, 0x0000000088100000, 0x0000000088100000|100%| O|  |TAMS 0x0000000088100000, 0x0000000088000000| Untracked 
|  41|0x0000000088100000, 0x0000000088200000, 0x0000000088200000|100%| O|  |TAMS 0x0000000088200000, 0x0000000088100000| Untracked 
|  42|0x0000000088200000, 0x0000000088300000, 0x0000000088300000|100%| O|  |TAMS 0x0000000088300000, 0x0000000088200000| Untracked 
|  43|0x0000000088300000, 0x0000000088400000, 0x0000000088400000|100%| O|  |TAMS 0x0000000088400000, 0x0000000088300000| Untracked 
|  44|0x0000000088400000, 0x0000000088500000, 0x0000000088500000|100%| O|  |TAMS 0x0000000088500000, 0x0000000088400000| Untracked 
|  45|0x0000000088500000, 0x0000000088600000, 0x0000000088600000|100%| O|  |TAMS 0x0000000088600000, 0x0000000088500000| Untracked 
|  46|0x0000000088600000, 0x0000000088700000, 0x0000000088700000|100%| O|  |TAMS 0x0000000088700000, 0x0000000088600000| Untracked 
|  47|0x0000000088700000, 0x0000000088800000, 0x0000000088800000|100%| O|  |TAMS 0x0000000088800000, 0x0000000088700000| Untracked 
|  48|0x0000000088800000, 0x0000000088900000, 0x0000000088900000|100%| O|  |TAMS 0x0000000088900000, 0x0000000088800000| Untracked 
|  49|0x0000000088900000, 0x0000000088a00000, 0x0000000088a00000|100%| O|  |TAMS 0x0000000088976600, 0x0000000088900000| Untracked 
|  50|0x0000000088a00000, 0x0000000088b00000, 0x0000000088b00000|100%| O|  |TAMS 0x0000000088a00000, 0x0000000088a00000| Untracked 
|  51|0x0000000088b00000, 0x0000000088c00000, 0x0000000088c00000|100%| O|  |TAMS 0x0000000088b00000, 0x0000000088b00000| Untracked 
|  52|0x0000000088c00000, 0x0000000088d00000, 0x0000000088d00000|100%| O|  |TAMS 0x0000000088c00000, 0x0000000088c00000| Untracked 
|  53|0x0000000088d00000, 0x0000000088e00000, 0x0000000088e00000|100%| O|  |TAMS 0x0000000088d00000, 0x0000000088d00000| Untracked 
|  54|0x0000000088e00000, 0x0000000088f00000, 0x0000000088f00000|100%| O|  |TAMS 0x0000000088e00000, 0x0000000088e00000| Untracked 
|  55|0x0000000088f00000, 0x0000000089000000, 0x0000000089000000|100%| O|  |TAMS 0x0000000088f00000, 0x0000000088f00000| Untracked 
|  56|0x0000000089000000, 0x0000000089100000, 0x0000000089100000|100%| O|  |TAMS 0x0000000089000000, 0x0000000089000000| Untracked 
|  57|0x0000000089100000, 0x0000000089200000, 0x0000000089200000|100%| O|  |TAMS 0x0000000089100000, 0x0000000089100000| Untracked 
|  58|0x0000000089200000, 0x0000000089300000, 0x0000000089300000|100%| O|  |TAMS 0x0000000089200000, 0x0000000089200000| Untracked 
|  59|0x0000000089300000, 0x0000000089337e00, 0x0000000089400000| 21%| O|  |TAMS 0x0000000089300000, 0x0000000089300000| Untracked 
|  60|0x0000000089400000, 0x0000000089400000, 0x0000000089500000|  0%| F|  |TAMS 0x0000000089400000, 0x0000000089400000| Untracked 
|  61|0x0000000089500000, 0x0000000089500000, 0x0000000089600000|  0%| F|  |TAMS 0x0000000089500000, 0x0000000089500000| Untracked 
|  62|0x0000000089600000, 0x0000000089600000, 0x0000000089700000|  0%| F|  |TAMS 0x0000000089600000, 0x0000000089600000| Untracked 
|  63|0x0000000089700000, 0x0000000089700000, 0x0000000089800000|  0%| F|  |TAMS 0x0000000089700000, 0x0000000089700000| Untracked 
|  64|0x0000000089800000, 0x0000000089800000, 0x0000000089900000|  0%| F|  |TAMS 0x0000000089800000, 0x0000000089800000| Untracked 
|  65|0x0000000089900000, 0x0000000089900000, 0x0000000089a00000|  0%| F|  |TAMS 0x0000000089900000, 0x0000000089900000| Untracked 
|  66|0x0000000089a00000, 0x0000000089a00000, 0x0000000089b00000|  0%| F|  |TAMS 0x0000000089a00000, 0x0000000089a00000| Untracked 
|  67|0x0000000089b00000, 0x0000000089b00000, 0x0000000089c00000|  0%| F|  |TAMS 0x0000000089b00000, 0x0000000089b00000| Untracked 
|  68|0x0000000089c00000, 0x0000000089c00000, 0x0000000089d00000|  0%| F|  |TAMS 0x0000000089c00000, 0x0000000089c00000| Untracked 
|  69|0x0000000089d00000, 0x0000000089d00000, 0x0000000089e00000|  0%| F|  |TAMS 0x0000000089d00000, 0x0000000089d00000| Untracked 
|  70|0x0000000089e00000, 0x0000000089e00000, 0x0000000089f00000|  0%| F|  |TAMS 0x0000000089e00000, 0x0000000089e00000| Untracked 
|  71|0x0000000089f00000, 0x0000000089f00000, 0x000000008a000000|  0%| F|  |TAMS 0x0000000089f00000, 0x0000000089f00000| Untracked 
|  72|0x000000008a000000, 0x000000008a000000, 0x000000008a100000|  0%| F|  |TAMS 0x000000008a000000, 0x000000008a000000| Untracked 
|  73|0x000000008a100000, 0x000000008a100000, 0x000000008a200000|  0%| F|  |TAMS 0x000000008a100000, 0x000000008a100000| Untracked 
|  74|0x000000008a200000, 0x000000008a200000, 0x000000008a300000|  0%| F|  |TAMS 0x000000008a200000, 0x000000008a200000| Untracked 
|  75|0x000000008a300000, 0x000000008a300000, 0x000000008a400000|  0%| F|  |TAMS 0x000000008a300000, 0x000000008a300000| Untracked 
|  76|0x000000008a400000, 0x000000008a400000, 0x000000008a500000|  0%| F|  |TAMS 0x000000008a400000, 0x000000008a400000| Untracked 
|  77|0x000000008a500000, 0x000000008a500000, 0x000000008a600000|  0%| F|  |TAMS 0x000000008a500000, 0x000000008a500000| Untracked 
|  78|0x000000008a600000, 0x000000008a600000, 0x000000008a700000|  0%| F|  |TAMS 0x000000008a600000, 0x000000008a600000| Untracked 
|  79|0x000000008a700000, 0x000000008a700000, 0x000000008a800000|  0%| F|  |TAMS 0x000000008a700000, 0x000000008a700000| Untracked 
|  80|0x000000008a800000, 0x000000008a800000, 0x000000008a900000|  0%| F|  |TAMS 0x000000008a800000, 0x000000008a800000| Untracked 
|  81|0x000000008a900000, 0x000000008a900000, 0x000000008aa00000|  0%| F|  |TAMS 0x000000008a900000, 0x000000008a900000| Untracked 
|  82|0x000000008aa00000, 0x000000008aa00000, 0x000000008ab00000|  0%| F|  |TAMS 0x000000008aa00000, 0x000000008aa00000| Untracked 
|  83|0x000000008ab00000, 0x000000008ab00000, 0x000000008ac00000|  0%| F|  |TAMS 0x000000008ab00000, 0x000000008ab00000| Untracked 
|  84|0x000000008ac00000, 0x000000008ac00000, 0x000000008ad00000|  0%| F|  |TAMS 0x000000008ac00000, 0x000000008ac00000| Untracked 
|  85|0x000000008ad00000, 0x000000008ad00000, 0x000000008ae00000|  0%| F|  |TAMS 0x000000008ad00000, 0x000000008ad00000| Untracked 
|  86|0x000000008ae00000, 0x000000008ae00000, 0x000000008af00000|  0%| F|  |TAMS 0x000000008ae00000, 0x000000008ae00000| Untracked 
|  87|0x000000008af00000, 0x000000008af00000, 0x000000008b000000|  0%| F|  |TAMS 0x000000008af00000, 0x000000008af00000| Untracked 
|  88|0x000000008b000000, 0x000000008b000000, 0x000000008b100000|  0%| F|  |TAMS 0x000000008b000000, 0x000000008b000000| Untracked 
|  89|0x000000008b100000, 0x000000008b100000, 0x000000008b200000|  0%| F|  |TAMS 0x000000008b100000, 0x000000008b100000| Untracked 
|  90|0x000000008b200000, 0x000000008b200000, 0x000000008b300000|  0%| F|  |TAMS 0x000000008b200000, 0x000000008b200000| Untracked 
|  91|0x000000008b300000, 0x000000008b300000, 0x000000008b400000|  0%| F|  |TAMS 0x000000008b300000, 0x000000008b300000| Untracked 
|  92|0x000000008b400000, 0x000000008b400000, 0x000000008b500000|  0%| F|  |TAMS 0x000000008b400000, 0x000000008b400000| Untracked 
|  93|0x000000008b500000, 0x000000008b500000, 0x000000008b600000|  0%| F|  |TAMS 0x000000008b500000, 0x000000008b500000| Untracked 
|  94|0x000000008b600000, 0x000000008b600000, 0x000000008b700000|  0%| F|  |TAMS 0x000000008b600000, 0x000000008b600000| Untracked 
|  95|0x000000008b700000, 0x000000008b700000, 0x000000008b800000|  0%| F|  |TAMS 0x000000008b700000, 0x000000008b700000| Untracked 
|  96|0x000000008b800000, 0x000000008b800000, 0x000000008b900000|  0%| F|  |TAMS 0x000000008b800000, 0x000000008b800000| Untracked 
|  97|0x000000008b900000, 0x000000008b900000, 0x000000008ba00000|  0%| F|  |TAMS 0x000000008b900000, 0x000000008b900000| Untracked 
|  98|0x000000008ba00000, 0x000000008ba00000, 0x000000008bb00000|  0%| F|  |TAMS 0x000000008ba00000, 0x000000008ba00000| Untracked 
|  99|0x000000008bb00000, 0x000000008bbb5860, 0x000000008bc00000| 70%| S|CS|TAMS 0x000000008bb00000, 0x000000008bb00000| Complete 
| 100|0x000000008bc00000, 0x000000008bc00000, 0x000000008bd00000|  0%| F|  |TAMS 0x000000008bc00000, 0x000000008bc00000| Untracked 
| 101|0x000000008bd00000, 0x000000008bd00000, 0x000000008be00000|  0%| F|  |TAMS 0x000000008bd00000, 0x000000008bd00000| Untracked 
| 102|0x000000008be00000, 0x000000008be00000, 0x000000008bf00000|  0%| F|  |TAMS 0x000000008be00000, 0x000000008be00000| Untracked 
| 103|0x000000008bf00000, 0x000000008bf00000, 0x000000008c000000|  0%| F|  |TAMS 0x000000008bf00000, 0x000000008bf00000| Untracked 
| 104|0x000000008c000000, 0x000000008c000000, 0x000000008c100000|  0%| F|  |TAMS 0x000000008c000000, 0x000000008c000000| Untracked 
| 105|0x000000008c100000, 0x000000008c100000, 0x000000008c200000|  0%| F|  |TAMS 0x000000008c100000, 0x000000008c100000| Untracked 
| 106|0x000000008c200000, 0x000000008c200000, 0x000000008c300000|  0%| F|  |TAMS 0x000000008c200000, 0x000000008c200000| Untracked 
| 107|0x000000008c300000, 0x000000008c300000, 0x000000008c400000|  0%| F|  |TAMS 0x000000008c300000, 0x000000008c300000| Untracked 
| 108|0x000000008c400000, 0x000000008c400000, 0x000000008c500000|  0%| F|  |TAMS 0x000000008c400000, 0x000000008c400000| Untracked 
| 109|0x000000008c500000, 0x000000008c500000, 0x000000008c600000|  0%| F|  |TAMS 0x000000008c500000, 0x000000008c500000| Untracked 
| 110|0x000000008c600000, 0x000000008c600000, 0x000000008c700000|  0%| F|  |TAMS 0x000000008c600000, 0x000000008c600000| Untracked 
| 111|0x000000008c700000, 0x000000008c700000, 0x000000008c800000|  0%| F|  |TAMS 0x000000008c700000, 0x000000008c700000| Untracked 
| 112|0x000000008c800000, 0x000000008c800000, 0x000000008c900000|  0%| F|  |TAMS 0x000000008c800000, 0x000000008c800000| Untracked 
| 113|0x000000008c900000, 0x000000008c900000, 0x000000008ca00000|  0%| F|  |TAMS 0x000000008c900000, 0x000000008c900000| Untracked 
| 114|0x000000008ca00000, 0x000000008ca00000, 0x000000008cb00000|  0%| F|  |TAMS 0x000000008ca00000, 0x000000008ca00000| Untracked 
| 115|0x000000008cb00000, 0x000000008cb00000, 0x000000008cc00000|  0%| F|  |TAMS 0x000000008cb00000, 0x000000008cb00000| Untracked 
| 116|0x000000008cc00000, 0x000000008cc00000, 0x000000008cd00000|  0%| F|  |TAMS 0x000000008cc00000, 0x000000008cc00000| Untracked 
| 117|0x000000008cd00000, 0x000000008cd00000, 0x000000008ce00000|  0%| F|  |TAMS 0x000000008cd00000, 0x000000008cd00000| Untracked 
| 118|0x000000008ce00000, 0x000000008ce00000, 0x000000008cf00000|  0%| F|  |TAMS 0x000000008ce00000, 0x000000008ce00000| Untracked 
| 119|0x000000008cf00000, 0x000000008cf00000, 0x000000008d000000|  0%| F|  |TAMS 0x000000008cf00000, 0x000000008cf00000| Untracked 
| 120|0x000000008d000000, 0x000000008d000000, 0x000000008d100000|  0%| F|  |TAMS 0x000000008d000000, 0x000000008d000000| Untracked 
| 121|0x000000008d100000, 0x000000008d100000, 0x000000008d200000|  0%| F|  |TAMS 0x000000008d100000, 0x000000008d100000| Untracked 
| 122|0x000000008d200000, 0x000000008d200000, 0x000000008d300000|  0%| F|  |TAMS 0x000000008d200000, 0x000000008d200000| Untracked 
| 123|0x000000008d300000, 0x000000008d300000, 0x000000008d400000|  0%| F|  |TAMS 0x000000008d300000, 0x000000008d300000| Untracked 

Card table byte_map: [0x000001fb79890000,0x000001fb79c70000] _byte_map_base: 0x000001fb79464000

Marking Bits (Prev, Next): (CMBitMap*) 0x000001fb66cf8080, (CMBitMap*) 0x000001fb66cf80c0
 Prev Bits: [0x000001fb7a050000, 0x000001fb7bef0000)
 Next Bits: [0x000001fb7bef0000, 0x000001fb7dd90000)

Polling page: 0x000001fb64b80000

Metaspace:

Usage:
  Non-class:     66.02 MB used.
      Class:      8.76 MB used.
       Both:     74.79 MB used.

Virtual space:
  Non-class space:      128.00 MB reserved,      66.19 MB ( 52%) committed,  2 nodes.
      Class space:        1.00 GB reserved,       8.88 MB ( <1%) committed,  1 nodes.
             Both:        1.12 GB reserved,      75.06 MB (  7%) committed. 

Chunk freelists:
   Non-Class:  12.92 MB
       Class:  7.12 MB
        Both:  20.05 MB

MaxMetaspaceSize: unlimited
CompressedClassSpaceSize: 1.00 GB
Initial GC threshold: 21.00 MB
Current GC threshold: 122.12 MB
CDS: off
MetaspaceReclaimPolicy: balanced
 - commit_granule_bytes: 65536.
 - commit_granule_words: 8192.
 - virtual_space_node_default_size: 8388608.
 - enlarge_chunks_in_place: 1.
 - new_chunks_are_fully_committed: 0.
 - uncommit_free_chunks: 1.
 - use_allocation_guard: 0.
 - handle_deallocations: 1.


Internal statistics:

num_allocs_failed_limit: 3.
num_arena_births: 276.
num_arena_deaths: 0.
num_vsnodes_births: 3.
num_vsnodes_deaths: 0.
num_space_committed: 1199.
num_space_uncommitted: 0.
num_chunks_returned_to_freelist: 3.
num_chunks_taken_from_freelist: 2633.
num_chunk_merges: 3.
num_chunk_splits: 2223.
num_chunks_enlarged: 2040.
num_inconsistent_stats: 0.

CodeHeap 'non-profiled nmethods': size=120000Kb used=3739Kb max_used=3739Kb free=116260Kb
 bounds [0x000001fb71c50000, 0x000001fb72000000, 0x000001fb79180000]
CodeHeap 'profiled nmethods': size=120000Kb used=19047Kb max_used=19047Kb free=100952Kb
 bounds [0x000001fb6a180000, 0x000001fb6b420000, 0x000001fb716b0000]
CodeHeap 'non-nmethods': size=5760Kb used=1396Kb max_used=1465Kb free=4363Kb
 bounds [0x000001fb716b0000, 0x000001fb71920000, 0x000001fb71c50000]
 total_blobs=8814 nmethods=8101 adapters=621
 compilation: enabled
              stopped_count=0, restarted_count=0
 full_count=0

Compilation events (20 events):
Event: 6.688 Thread 0x000001fb009e1fe0 nmethod 8965 0x000001fb6b407390 code [0x000001fb6b407620, 0x000001fb6b4080c8]
Event: 6.688 Thread 0x000001fb009e1fe0 8973       3       org.jetbrains.kotlin.types.AbstractTypeMapper::mapType (568 bytes)
Event: 6.690 Thread 0x000001fb06245480 nmethod 8968 0x000001fb71ff5310 code [0x000001fb71ff54a0, 0x000001fb71ff59b8]
Event: 6.690 Thread 0x000001fb06245480 8944       4       org.jetbrains.kotlin.ir.util.TypeTranslator::buildWithScope (31 bytes)
Event: 6.695 Thread 0x000001fb009e1fe0 nmethod 8973 0x000001fb6b408490 code [0x000001fb6b4094c0, 0x000001fb6b412b88]
Event: 6.695 Thread 0x000001fb009e1fe0 8983       3       org.jetbrains.kotlin.backend.jvm.mapping.IrTypeMapper::writeGenericType (322 bytes)
Event: 6.695 Thread 0x000001fb009e1fe0 nmethod 8983 0x000001fb6b415e90 code [0x000001fb6b416260, 0x000001fb6b417978]
Event: 6.695 Thread 0x000001fb009e1fe0 8979       3       org.jetbrains.kotlin.ir.types.IrTypeSystemContext$DefaultImpls::isError (11 bytes)
Event: 6.696 Thread 0x000001fb009e1fe0 nmethod 8979 0x000001fb6b418190 code [0x000001fb6b4183a0, 0x000001fb6b4189f8]
Event: 6.696 Thread 0x000001fb009e1fe0 8969       3       org.jetbrains.kotlin.backend.jvm.lower.BridgeLowering::getJvmMethod (12 bytes)
Event: 6.696 Thread 0x000001fb009e1fe0 nmethod 8969 0x000001fb6b418c90 code [0x000001fb6b418e40, 0x000001fb6b418fa8]
Event: 6.696 Thread 0x000001fb009e1fe0 8970       3       org.jetbrains.kotlin.backend.jvm.caches.BridgeLoweringCache::computeJvmMethod (81 bytes)
Event: 6.696 Thread 0x000001fb009e1fe0 nmethod 8970 0x000001fb6b419090 code [0x000001fb6b4193c0, 0x000001fb6b41a4e8]
Event: 6.696 Thread 0x000001fb009e1fe0 8974       3       org.jetbrains.kotlin.backend.jvm.mapping.IrTypeCheckerContextForTypeMapping::isError (18 bytes)
Event: 6.697 Thread 0x000001fb009e1fe0 nmethod 8974 0x000001fb6b41ab90 code [0x000001fb6b41ada0, 0x000001fb6b41b408]
Event: 6.697 Thread 0x000001fb009e1fe0 8975       3       org.jetbrains.kotlin.backend.jvm.JvmIrTypeSystemContext::isError (6 bytes)
Event: 6.697 Thread 0x000001fb009e1fe0 nmethod 8975 0x000001fb6b41b690 code [0x000001fb6b41b8a0, 0x000001fb6b41bf78]
Event: 6.697 Thread 0x000001fb009e1fe0 8980       3       org.jetbrains.kotlin.backend.jvm.mapping.IrTypeCheckerContextForTypeMapping::getPrimitiveType (18 bytes)
Event: 6.697 Thread 0x000001fb009e1530 nmethod 8940 0x000001fb71ff5c10 code [0x000001fb71ff5e00, 0x000001fb71ff65a8]
Event: 6.697 Thread 0x000001fb009e1530 8978       4       kotlin.text.StringsKt__StringsKt::substringAfter (77 bytes)

GC Heap History (20 events):
Event: 3.498 GC heap after
{Heap after GC invocations=13 (full 0):
 garbage-first heap   total 82944K, used 32296K [0x0000000085800000, 0x0000000100000000)
  region size 1024K, 3 young (3072K), 3 survivors (3072K)
 Metaspace       used 52981K, committed 53184K, reserved 1114112K
  class space    used 6436K, committed 6528K, reserved 1048576K
}
Event: 3.966 GC heap before
{Heap before GC invocations=13 (full 0):
 garbage-first heap   total 82944K, used 59944K [0x0000000085800000, 0x0000000100000000)
  region size 1024K, 30 young (30720K), 3 survivors (3072K)
 Metaspace       used 55662K, committed 55936K, reserved 1114112K
  class space    used 6677K, committed 6784K, reserved 1048576K
}
Event: 3.978 GC heap after
{Heap after GC invocations=14 (full 0):
 garbage-first heap   total 82944K, used 36670K [0x0000000085800000, 0x0000000100000000)
  region size 1024K, 4 young (4096K), 4 survivors (4096K)
 Metaspace       used 55662K, committed 55936K, reserved 1114112K
  class space    used 6677K, committed 6784K, reserved 1048576K
}
Event: 4.231 GC heap before
{Heap before GC invocations=14 (full 0):
 garbage-first heap   total 82944K, used 60222K [0x0000000085800000, 0x0000000100000000)
  region size 1024K, 28 young (28672K), 4 survivors (4096K)
 Metaspace       used 56271K, committed 56512K, reserved 1114112K
  class space    used 6726K, committed 6848K, reserved 1048576K
}
Event: 4.244 GC heap after
{Heap after GC invocations=15 (full 0):
 garbage-first heap   total 82944K, used 41276K [0x0000000085800000, 0x0000000100000000)
  region size 1024K, 4 young (4096K), 4 survivors (4096K)
 Metaspace       used 56271K, committed 56512K, reserved 1114112K
  class space    used 6726K, committed 6848K, reserved 1048576K
}
Event: 4.367 GC heap before
{Heap before GC invocations=15 (full 0):
 garbage-first heap   total 82944K, used 62780K [0x0000000085800000, 0x0000000100000000)
  region size 1024K, 25 young (25600K), 4 survivors (4096K)
 Metaspace       used 57172K, committed 57344K, reserved 1114112K
  class space    used 6845K, committed 6912K, reserved 1048576K
}
Event: 4.377 GC heap after
{Heap after GC invocations=16 (full 0):
 garbage-first heap   total 82944K, used 43718K [0x0000000085800000, 0x0000000100000000)
  region size 1024K, 2 young (2048K), 2 survivors (2048K)
 Metaspace       used 57172K, committed 57344K, reserved 1114112K
  class space    used 6845K, committed 6912K, reserved 1048576K
}
Event: 4.833 GC heap before
{Heap before GC invocations=17 (full 0):
 garbage-first heap   total 82944K, used 64198K [0x0000000085800000, 0x0000000100000000)
  region size 1024K, 22 young (22528K), 2 survivors (2048K)
 Metaspace       used 59286K, committed 59456K, reserved 1114112K
  class space    used 7099K, committed 7168K, reserved 1048576K
}
Event: 4.841 GC heap after
{Heap after GC invocations=18 (full 0):
 garbage-first heap   total 82944K, used 46399K [0x0000000085800000, 0x0000000100000000)
  region size 1024K, 3 young (3072K), 3 survivors (3072K)
 Metaspace       used 59286K, committed 59456K, reserved 1114112K
  class space    used 7099K, committed 7168K, reserved 1048576K
}
Event: 4.853 GC heap before
{Heap before GC invocations=18 (full 0):
 garbage-first heap   total 82944K, used 47423K [0x0000000085800000, 0x0000000100000000)
  region size 1024K, 4 young (4096K), 3 survivors (3072K)
 Metaspace       used 59554K, committed 59776K, reserved 1114112K
  class space    used 7142K, committed 7232K, reserved 1048576K
}
Event: 4.860 GC heap after
{Heap after GC invocations=19 (full 0):
 garbage-first heap   total 103424K, used 46057K [0x0000000085800000, 0x0000000100000000)
  region size 1024K, 1 young (1024K), 1 survivors (1024K)
 Metaspace       used 59554K, committed 59776K, reserved 1114112K
  class space    used 7142K, committed 7232K, reserved 1048576K
}
Event: 5.547 GC heap before
{Heap before GC invocations=19 (full 0):
 garbage-first heap   total 103424K, used 78825K [0x0000000085800000, 0x0000000100000000)
  region size 1024K, 33 young (33792K), 1 survivors (1024K)
 Metaspace       used 64840K, committed 65152K, reserved 1114112K
  class space    used 7767K, committed 7936K, reserved 1048576K
}
Event: 5.556 GC heap after
{Heap after GC invocations=20 (full 0):
 garbage-first heap   total 103424K, used 50091K [0x0000000085800000, 0x0000000100000000)
  region size 1024K, 5 young (5120K), 5 survivors (5120K)
 Metaspace       used 64840K, committed 65152K, reserved 1114112K
  class space    used 7767K, committed 7936K, reserved 1048576K
}
Event: 5.997 GC heap before
{Heap before GC invocations=20 (full 0):
 garbage-first heap   total 103424K, used 78763K [0x0000000085800000, 0x0000000100000000)
  region size 1024K, 33 young (33792K), 5 survivors (5120K)
 Metaspace       used 68774K, committed 69056K, reserved 1114112K
  class space    used 8129K, committed 8256K, reserved 1048576K
}
Event: 6.008 GC heap after
{Heap after GC invocations=21 (full 0):
 garbage-first heap   total 103424K, used 53899K [0x0000000085800000, 0x0000000100000000)
  region size 1024K, 4 young (4096K), 4 survivors (4096K)
 Metaspace       used 68774K, committed 69056K, reserved 1114112K
  class space    used 8129K, committed 8256K, reserved 1048576K
}
Event: 6.415 GC heap before
{Heap before GC invocations=21 (full 0):
 garbage-first heap   total 103424K, used 80523K [0x0000000085800000, 0x0000000100000000)
  region size 1024K, 30 young (30720K), 4 survivors (4096K)
 Metaspace       used 74394K, committed 74688K, reserved 1179648K
  class space    used 8766K, committed 8896K, reserved 1048576K
}
Event: 6.422 GC heap after
{Heap after GC invocations=22 (full 0):
 garbage-first heap   total 103424K, used 55785K [0x0000000085800000, 0x0000000100000000)
  region size 1024K, 3 young (3072K), 3 survivors (3072K)
 Metaspace       used 74394K, committed 74688K, reserved 1179648K
  class space    used 8766K, committed 8896K, reserved 1048576K
}
Event: 6.665 GC heap before
{Heap before GC invocations=23 (full 0):
 garbage-first heap   total 103424K, used 80361K [0x0000000085800000, 0x0000000100000000)
  region size 1024K, 28 young (28672K), 3 survivors (3072K)
 Metaspace       used 76532K, committed 76800K, reserved 1179648K
  class space    used 8971K, committed 9088K, reserved 1048576K
}
Event: 6.678 GC heap after
{Heap after GC invocations=24 (full 0):
 garbage-first heap   total 103424K, used 59831K [0x0000000085800000, 0x0000000100000000)
  region size 1024K, 4 young (4096K), 4 survivors (4096K)
 Metaspace       used 76532K, committed 76800K, reserved 1179648K
  class space    used 8971K, committed 9088K, reserved 1048576K
}
Event: 6.697 GC heap before
{Heap before GC invocations=24 (full 0):
 garbage-first heap   total 103424K, used 60855K [0x0000000085800000, 0x0000000100000000)
  region size 1024K, 5 young (5120K), 4 survivors (4096K)
 Metaspace       used 76581K, committed 76864K, reserved 1179648K
  class space    used 8971K, committed 9088K, reserved 1048576K
}

Dll operation events (2 events):
Event: 0.006 Loaded shared library C:\Program Files\Android\Android Studio1\jbr\bin\java.dll
Event: 1.540 Loaded shared library C:\Program Files\Android\Android Studio1\jbr\bin\verify.dll

Deoptimization events (20 events):
Event: 6.325 Thread 0x000001fb66c9da10 DEOPT PACKING pc=0x000001fb71f0090c sp=0x0000005d0acfc480
Event: 6.325 Thread 0x000001fb66c9da10 DEOPT UNPACKING pc=0x000001fb7170a1a3 sp=0x0000005d0acfc440 mode 2
Event: 6.356 Thread 0x000001fb66c9da10 Uncommon trap: trap_request=0xffffffde fr.pc=0x000001fb71fa0f1c relative=0x000000000000007c
Event: 6.356 Thread 0x000001fb66c9da10 Uncommon trap: reason=class_check action=maybe_recompile pc=0x000001fb71fa0f1c method=org.jetbrains.kotlin.ir.declarations.IrValueParameter.acceptChildren(Lorg/jetbrains/kotlin/ir/visitors/IrElementVisitor;Ljava/lang/Object;)V @ 7 c2
Event: 6.356 Thread 0x000001fb66c9da10 DEOPT PACKING pc=0x000001fb71fa0f1c sp=0x0000005d0acfbb10
Event: 6.356 Thread 0x000001fb66c9da10 DEOPT UNPACKING pc=0x000001fb7170a1a3 sp=0x0000005d0acfbaa8 mode 2
Event: 6.356 Thread 0x000001fb66c9da10 Uncommon trap: trap_request=0xffffffde fr.pc=0x000001fb71fa0f1c relative=0x000000000000007c
Event: 6.356 Thread 0x000001fb66c9da10 Uncommon trap: reason=class_check action=maybe_recompile pc=0x000001fb71fa0f1c method=org.jetbrains.kotlin.ir.declarations.IrValueParameter.acceptChildren(Lorg/jetbrains/kotlin/ir/visitors/IrElementVisitor;Ljava/lang/Object;)V @ 7 c2
Event: 6.356 Thread 0x000001fb66c9da10 DEOPT PACKING pc=0x000001fb71fa0f1c sp=0x0000005d0acfbb10
Event: 6.356 Thread 0x000001fb66c9da10 DEOPT UNPACKING pc=0x000001fb7170a1a3 sp=0x0000005d0acfbaa8 mode 2
Event: 6.363 Thread 0x000001fb66c9da10 DEOPT PACKING pc=0x000001fb6b28981c sp=0x0000005d0acfcbf0
Event: 6.363 Thread 0x000001fb66c9da10 DEOPT UNPACKING pc=0x000001fb7170ace3 sp=0x0000005d0acfc068 mode 0
Event: 6.568 Thread 0x000001fb66c9da10 Uncommon trap: trap_request=0xffffffde fr.pc=0x000001fb71d7c2e8 relative=0x00000000000006a8
Event: 6.568 Thread 0x000001fb66c9da10 Uncommon trap: reason=class_check action=maybe_recompile pc=0x000001fb71d7c2e8 method=java.lang.AbstractStringBuilder.append(Ljava/lang/CharSequence;)Ljava/lang/AbstractStringBuilder; @ 10 c2
Event: 6.568 Thread 0x000001fb66c9da10 DEOPT PACKING pc=0x000001fb71d7c2e8 sp=0x0000005d0acfcea0
Event: 6.568 Thread 0x000001fb66c9da10 DEOPT UNPACKING pc=0x000001fb7170a1a3 sp=0x0000005d0acfce90 mode 2
Event: 6.568 Thread 0x000001fb66c9da10 Uncommon trap: trap_request=0xffffffde fr.pc=0x000001fb71d7c2e8 relative=0x00000000000006a8
Event: 6.568 Thread 0x000001fb66c9da10 Uncommon trap: reason=class_check action=maybe_recompile pc=0x000001fb71d7c2e8 method=java.lang.AbstractStringBuilder.append(Ljava/lang/CharSequence;)Ljava/lang/AbstractStringBuilder; @ 10 c2
Event: 6.568 Thread 0x000001fb66c9da10 DEOPT PACKING pc=0x000001fb71d7c2e8 sp=0x0000005d0acfcea0
Event: 6.568 Thread 0x000001fb66c9da10 DEOPT UNPACKING pc=0x000001fb7170a1a3 sp=0x0000005d0acfce90 mode 2

Classes unloaded (0 events):
No events

Classes redefined (0 events):
No events

Internal exceptions (20 events):
Event: 3.389 Thread 0x000001fb66c9da10 Exception <a 'java/lang/NoSuchMethodError'{0x0000000088cd5a60}: 'java.lang.Object java.lang.invoke.DirectMethodHandle$Holder.newInvokeSpecial(java.lang.Object, java.lang.Object, java.lang.Object, java.lang.Object, int)'> (0x0000000088cd5a60) 
thrown [s\src\hotspot\share\interpreter\linkResolver.cpp, line 771]
Event: 3.390 Thread 0x000001fb66c9da10 Exception <a 'java/lang/NoSuchMethodError'{0x0000000088cdd980}: 'java.lang.Object java.lang.invoke.Invokers$Holder.linkToTargetMethod(java.lang.Object, java.lang.Object, java.lang.Object, int, java.lang.Object)'> (0x0000000088cdd980) 
thrown [s\src\hotspot\share\interpreter\linkResolver.cpp, line 771]
Event: 3.556 Thread 0x000001fb66c9da10 Exception <a 'java/lang/NoSuchMethodError'{0x000000008afc2bb0}: 'java.lang.Object java.lang.invoke.DirectMethodHandle$Holder.newInvokeSpecial(java.lang.Object, java.lang.Object, java.lang.Object, java.lang.Object, java.lang.Object, java.lang.Object)'> (0x000000008afc2bb0) 
thrown [s\src\hotspot\share\interpreter\linkResolver.cpp, line 771]
Event: 3.625 Thread 0x000001fb66c9da10 Exception <a 'java/lang/NoSuchMethodError'{0x000000008a1187c8}: 'java.lang.Object java.lang.invoke.DirectMethodHandle$Holder.invokeStaticInit(java.lang.Object, java.lang.Object, java.lang.Object)'> (0x000000008a1187c8) 
thrown [s\src\hotspot\share\interpreter\linkResolver.cpp, line 771]
Event: 4.304 Thread 0x000001fb66c9da10 Implicit null exception at 0x000001fb71e870b1 to 0x000001fb71e87468
Event: 4.394 Thread 0x000001fb66c9da10 Implicit null exception at 0x000001fb71da454c to 0x000001fb71da4628
Event: 4.453 Thread 0x000001fb66c9da10 Implicit null exception at 0x000001fb71d43a09 to 0x000001fb71d43af0
Event: 4.453 Thread 0x000001fb66c9da10 Implicit null exception at 0x000001fb71cb52d8 to 0x000001fb71cb536a
Event: 4.456 Thread 0x000001fb66c9da10 Implicit null exception at 0x000001fb71ce450f to 0x000001fb71ce4585
Event: 4.603 Thread 0x000001fb66c9da10 Exception <a 'java/lang/NoSuchMethodError'{0x0000000089e9b4f8}: 'java.lang.Object java.lang.invoke.DirectMethodHandle$Holder.invokeInterface(java.lang.Object, java.lang.Object, java.lang.Object)'> (0x0000000089e9b4f8) 
thrown [s\src\hotspot\share\interpreter\linkResolver.cpp, line 771]
Event: 4.604 Thread 0x000001fb66c9da10 Exception <a 'java/lang/IncompatibleClassChangeError'{0x0000000089e9ee68}: Found class java.lang.Object, but interface was expected> (0x0000000089e9ee68) 
thrown [s\src\hotspot\share\interpreter\linkResolver.cpp, line 838]
Event: 4.942 Thread 0x000001fb66c9da10 Exception <a 'java/lang/NoSuchMethodError'{0x000000008babeba0}: 'void java.lang.invoke.DirectMethodHandle$Holder.invokeInterface(java.lang.Object, java.lang.Object)'> (0x000000008babeba0) 
thrown [s\src\hotspot\share\interpreter\linkResolver.cpp, line 771]
Event: 5.034 Thread 0x000001fb66c9da10 Exception <a 'java/lang/IncompatibleClassChangeError'{0x000000008b68de90}: Found class java.lang.Object, but interface was expected> (0x000000008b68de90) 
thrown [s\src\hotspot\share\interpreter\linkResolver.cpp, line 838]
Event: 5.123 Thread 0x000001fb66c9da10 Exception <a 'java/lang/NoSuchMethodError'{0x000000008b1d5188}: 'java.lang.Object java.lang.invoke.DirectMethodHandle$Holder.invokeStatic(java.lang.Object, int, java.lang.Object)'> (0x000000008b1d5188) 
thrown [s\src\hotspot\share\interpreter\linkResolver.cpp, line 771]
Event: 5.375 Thread 0x000001fb66c9da10 Implicit null exception at 0x000001fb71cec06c to 0x000001fb71cec248
Event: 5.426 Thread 0x000001fb66c9da10 Implicit null exception at 0x000001fb71d43956 to 0x000001fb71d43af4
Event: 5.483 Thread 0x000001fb66c9da10 Exception <a 'java/lang/NoSuchMethodError'{0x000000008a075f40}: 'java.lang.Object java.lang.invoke.DirectMethodHandle$Holder.invokeStaticInit(java.lang.Object, java.lang.Object, java.lang.Object, java.lang.Object)'> (0x000000008a075f40) 
thrown [s\src\hotspot\share\interpreter\linkResolver.cpp, line 771]
Event: 5.688 Thread 0x000001fb66c9da10 Exception <a 'java/lang/NoSuchMethodError'{0x000000008b162080}: 'java.lang.Object java.lang.invoke.DirectMethodHandle$Holder.newInvokeSpecial(java.lang.Object, java.lang.Object, java.lang.Object, int, int)'> (0x000000008b162080) 
thrown [s\src\hotspot\share\interpreter\linkResolver.cpp, line 771]
Event: 5.689 Thread 0x000001fb66c9da10 Exception <a 'java/lang/NoSuchMethodError'{0x000000008b165ec0}: 'java.lang.Object java.lang.invoke.DirectMethodHandle$Holder.invokeSpecial(java.lang.Object, java.lang.Object, java.lang.Object, java.lang.Object, int, int)'> (0x000000008b165ec0) 
thrown [s\src\hotspot\share\interpreter\linkResolver.cpp, line 771]
Event: 5.872 Thread 0x000001fb66c9da10 Exception <a 'java/lang/NoSuchMethodError'{0x000000008a65d428}: 'java.lang.Object java.lang.invoke.Invokers$Holder.linkToTargetMethod(java.lang.Object, java.lang.Object, int, int, java.lang.Object, java.lang.Object, java.lang.Object, java.lang.Object, java.lang.Object)'> (0x000000008a65d428) 
thrown [s\src\hotspot\share\interpreter\linkResolver.cpp, line 771]

VM Operations (20 events):
Event: 6.303 Executing VM operation: HandshakeAllThreads done
Event: 6.340 Executing VM operation: ICBufferFull
Event: 6.341 Executing VM operation: ICBufferFull done
Event: 6.354 Executing VM operation: HandshakeAllThreads
Event: 6.354 Executing VM operation: HandshakeAllThreads done
Event: 6.410 Executing VM operation: HandshakeAllThreads
Event: 6.410 Executing VM operation: HandshakeAllThreads done
Event: 6.415 Executing VM operation: HandshakeAllThreads
Event: 6.415 Executing VM operation: HandshakeAllThreads done
Event: 6.415 Executing VM operation: G1CollectForAllocation
Event: 6.422 Executing VM operation: G1CollectForAllocation done
Event: 6.471 Executing VM operation: G1PauseRemark
Event: 6.477 Executing VM operation: G1PauseRemark done
Event: 6.498 Executing VM operation: G1PauseCleanup
Event: 6.498 Executing VM operation: G1PauseCleanup done
Event: 6.620 Executing VM operation: ICBufferFull
Event: 6.620 Executing VM operation: ICBufferFull done
Event: 6.665 Executing VM operation: G1CollectForAllocation
Event: 6.678 Executing VM operation: G1CollectForAllocation done
Event: 6.697 Executing VM operation: G1CollectForAllocation

Events (20 events):
Event: 5.488 loading class jdk/internal/math/FloatingDecimal
Event: 5.489 loading class jdk/internal/math/FloatingDecimal done
Event: 5.489 loading class jdk/internal/math/FloatingDecimal$ExceptionalBinaryToASCIIBuffer
Event: 5.489 loading class jdk/internal/math/FloatingDecimal$BinaryToASCIIConverter
Event: 5.489 loading class jdk/internal/math/FloatingDecimal$BinaryToASCIIConverter done
Event: 5.489 loading class jdk/internal/math/FloatingDecimal$ExceptionalBinaryToASCIIBuffer done
Event: 5.489 loading class jdk/internal/math/FloatingDecimal$BinaryToASCIIBuffer
Event: 5.489 loading class jdk/internal/math/FloatingDecimal$BinaryToASCIIBuffer done
Event: 5.489 loading class jdk/internal/math/FloatingDecimal$1
Event: 5.489 loading class jdk/internal/math/FloatingDecimal$1 done
Event: 5.489 loading class jdk/internal/math/FloatingDecimal$PreparedASCIIToBinaryBuffer
Event: 5.489 loading class jdk/internal/math/FloatingDecimal$ASCIIToBinaryConverter
Event: 5.489 loading class jdk/internal/math/FloatingDecimal$ASCIIToBinaryConverter done
Event: 5.489 loading class jdk/internal/math/FloatingDecimal$PreparedASCIIToBinaryBuffer done
Event: 5.490 loading class jdk/internal/math/FloatingDecimal$ASCIIToBinaryBuffer
Event: 5.490 loading class jdk/internal/math/FloatingDecimal$ASCIIToBinaryBuffer done
Event: 6.113 Thread 0x000001fb009e5ee0 flushing nmethod 0x000001fb71ea9310
Event: 6.116 Thread 0x000001fb009e5ee0 flushing nmethod 0x000001fb6a621510
Event: 6.120 Thread 0x000001fb009e5ee0 flushing nmethod 0x000001fb6abb6110
Event: 6.120 Thread 0x000001fb009e5ee0 flushing nmethod 0x000001fb6abd4290


Dynamic libraries:
0x00007ff7f8c70000 - 0x00007ff7f8c7a000 	C:\Program Files\Android\Android Studio1\jbr\bin\java.exe
0x00007ffae67d0000 - 0x00007ffae69c8000 	C:\windows\SYSTEM32\ntdll.dll
0x00007ffae4b10000 - 0x00007ffae4bd1000 	C:\windows\System32\KERNEL32.DLL
0x00007ffae4250000 - 0x00007ffae4546000 	C:\windows\System32\KERNELBASE.dll
0x00007ffae4120000 - 0x00007ffae4220000 	C:\windows\System32\ucrtbase.dll
0x00007ffaa66e0000 - 0x00007ffaa66f7000 	C:\Program Files\Android\Android Studio1\jbr\bin\jli.dll
0x00007ffadc8f0000 - 0x00007ffadc90b000 	C:\Program Files\Android\Android Studio1\jbr\bin\VCRUNTIME140.dll
0x00007ffae5b30000 - 0x00007ffae5ccf000 	C:\windows\System32\USER32.dll
0x00007ffae4220000 - 0x00007ffae4242000 	C:\windows\System32\win32u.dll
0x00007ffac5c00000 - 0x00007ffac5e9a000 	C:\windows\WinSxS\amd64_microsoft.windows.common-controls_6595b64144ccf1df_6.0.19041.4355_none_60b8b9eb71f62e16\COMCTL32.dll
0x00007ffae5f00000 - 0x00007ffae5f2b000 	C:\windows\System32\GDI32.dll
0x00007ffae48a0000 - 0x00007ffae493e000 	C:\windows\System32\msvcrt.dll
0x00007ffae4550000 - 0x00007ffae4667000 	C:\windows\System32\gdi32full.dll
0x00007ffae4010000 - 0x00007ffae40ad000 	C:\windows\System32\msvcp_win.dll
0x00007ffae4ae0000 - 0x00007ffae4b0f000 	C:\windows\System32\IMM32.DLL
0x00007ffadc8e0000 - 0x00007ffadc8ec000 	C:\Program Files\Android\Android Studio1\jbr\bin\vcruntime140_1.dll
0x00007ffada7a0000 - 0x00007ffada82d000 	C:\Program Files\Android\Android Studio1\jbr\bin\msvcp140.dll
0x00007ffa4d290000 - 0x00007ffa4df13000 	C:\Program Files\Android\Android Studio1\jbr\bin\server\jvm.dll
0x00007ffae5a80000 - 0x00007ffae5b30000 	C:\windows\System32\ADVAPI32.dll
0x00007ffae4be0000 - 0x00007ffae4c80000 	C:\windows\System32\sechost.dll
0x00007ffae60c0000 - 0x00007ffae61e3000 	C:\windows\System32\RPCRT4.dll
0x00007ffae3fe0000 - 0x00007ffae4007000 	C:\windows\System32\bcrypt.dll
0x00007ffae33b0000 - 0x00007ffae33fb000 	C:\windows\SYSTEM32\POWRPROF.dll
0x00007ffade7c0000 - 0x00007ffade7c9000 	C:\windows\SYSTEM32\WSOCK32.dll
0x00007ffae5e90000 - 0x00007ffae5efb000 	C:\windows\System32\WS2_32.dll
0x00007ffad4d40000 - 0x00007ffad4d67000 	C:\windows\SYSTEM32\WINMM.dll
0x00007ffada970000 - 0x00007ffada97a000 	C:\windows\SYSTEM32\VERSION.dll
0x00007ffae3270000 - 0x00007ffae3282000 	C:\windows\SYSTEM32\UMPDC.dll
0x00007ffae2690000 - 0x00007ffae26a2000 	C:\windows\SYSTEM32\kernel.appcore.dll
0x00007ffab2f90000 - 0x00007ffab2f9a000 	C:\Program Files\Android\Android Studio1\jbr\bin\jimage.dll
0x00007ffae1aa0000 - 0x00007ffae1c84000 	C:\windows\SYSTEM32\DBGHELP.DLL
0x00007ffad8400000 - 0x00007ffad8434000 	C:\windows\SYSTEM32\dbgcore.DLL
0x00007ffae46c0000 - 0x00007ffae4742000 	C:\windows\System32\bcryptPrimitives.dll
0x00007ffa5c9f0000 - 0x00007ffa5ca15000 	C:\Program Files\Android\Android Studio1\jbr\bin\java.dll
0x00007ffab29b0000 - 0x00007ffab29c8000 	C:\Program Files\Android\Android Studio1\jbr\bin\zip.dll
0x00007ffae4e90000 - 0x00007ffae55fc000 	C:\windows\System32\SHELL32.dll
0x00007ffae1ee0000 - 0x00007ffae267e000 	C:\windows\SYSTEM32\windows.storage.dll
0x00007ffae5720000 - 0x00007ffae5a73000 	C:\windows\System32\combase.dll
0x00007ffae38a0000 - 0x00007ffae38ce000 	C:\windows\SYSTEM32\Wldp.dll
0x00007ffae6660000 - 0x00007ffae672d000 	C:\windows\System32\OLEAUT32.dll
0x00007ffae4c80000 - 0x00007ffae4d2d000 	C:\windows\System32\SHCORE.dll
0x00007ffae4d30000 - 0x00007ffae4d85000 	C:\windows\System32\shlwapi.dll
0x00007ffae3db0000 - 0x00007ffae3dd4000 	C:\windows\SYSTEM32\profapi.dll
0x00007ffaa67f0000 - 0x00007ffaa6809000 	C:\Program Files\Android\Android Studio1\jbr\bin\net.dll
0x00007ffadd820000 - 0x00007ffadd92a000 	C:\windows\SYSTEM32\WINHTTP.dll
0x00007ffae3600000 - 0x00007ffae366a000 	C:\windows\system32\mswsock.dll
0x00007ffaa67d0000 - 0x00007ffaa67e6000 	C:\Program Files\Android\Android Studio1\jbr\bin\nio.dll
0x00007ffab27a0000 - 0x00007ffab27b0000 	C:\Program Files\Android\Android Studio1\jbr\bin\verify.dll

dbghelp: loaded successfully - version: 4.0.5 - missing functions: none
symbol engine: initialized successfully - sym options: 0x614 - pdb path: .;C:\Program Files\Android\Android Studio1\jbr\bin;C:\windows\SYSTEM32;C:\windows\WinSxS\amd64_microsoft.windows.common-controls_6595b64144ccf1df_6.0.19041.4355_none_60b8b9eb71f62e16;C:\Program Files\Android\Android Studio1\jbr\bin\server

VM Arguments:
java_command: org.jetbrains.kotlin.cli.jvm.K2JVMCompiler @C:\Users\a\AndroidStudioProjects\ItsMovieTime\app\build\20240713_17369086584719008440.compiler.options
java_class_path (initial): C:\Users\a\.gradle\caches\modules-2\files-2.1\org.jetbrains.kotlin\kotlin-compiler-embeddable\1.9.0\2c8c3a7402becca891f12739b3e9fd2dc2adbd7a\kotlin-compiler-embeddable-1.9.0.jar;C:\Users\a\.gradle\caches\modules-2\files-2.1\org.jetbrains.kotlin\kotlin-stdlib\1.9.0\8ee15ef0c67dc83d874f412d84378d7f0eb50b63\kotlin-stdlib-1.9.0.jar;C:\Users\a\.gradle\caches\modules-2\files-2.1\org.jetbrains.kotlin\kotlin-script-runtime\1.9.0\4b3102cbbb7e1b58d9d1adf89563f00069ffa7d1\kotlin-script-runtime-1.9.0.jar;C:\Users\a\.gradle\caches\modules-2\files-2.1\org.jetbrains.kotlin\kotlin-reflect\1.6.10\1cbe9c92c12a94eea200d23c2bbaedaf3daf5132\kotlin-reflect-1.6.10.jar;C:\Users\a\.gradle\caches\modules-2\files-2.1\org.jetbrains.kotlin\kotlin-daemon-embeddable\1.9.0\186543f5e28cf8d9a0290fecc2cf34301c40a65c\kotlin-daemon-embeddable-1.9.0.jar;C:\Users\a\.gradle\caches\modules-2\files-2.1\org.jetbrains.intellij.deps\trove4j\1.0.20200330\3afb14d5f9ceb459d724e907a21145e8ff394f02\trove4j-1.0.20200330.jar;C:\Users\a\.gradle\caches\modules-2\files-2.1\org.jetbrains.kotlin\kotlin-stdlib-common\1.9.0\cd65c21cfd1eec4d44ef09f9f52b6d9f8a720636\kotlin-stdlib-common-1.9.0.jar;C:\Users\a\.gradle\caches\modules-2\files-2.1\org.jetbrains\annotations\13.0\919f0dfe192fb4e063e7dacadee7f8bb9a2672a9\annotations-13.0.jar
Launcher Type: SUN_STANDARD

[Global flags]
     intx CICompilerCount                          = 4                                         {product} {ergonomic}
     uint ConcGCThreads                            = 2                                         {product} {ergonomic}
     uint G1ConcRefinementThreads                  = 8                                         {product} {ergonomic}
   size_t G1HeapRegionSize                         = 1048576                                   {product} {ergonomic}
    uintx GCDrainStackTargetSize                   = 64                                        {product} {ergonomic}
   size_t InitialHeapSize                          = 130023424                                 {product} {ergonomic}
   size_t MarkStackSize                            = 4194304                                   {product} {ergonomic}
   size_t MaxHeapSize                              = 2055208960                                {product} {ergonomic}
   size_t MaxNewSize                               = 1233125376                                {product} {ergonomic}
   size_t MinHeapDeltaBytes                        = 1048576                                   {product} {ergonomic}
   size_t MinHeapSize                              = 8388608                                   {product} {ergonomic}
    uintx NonNMethodCodeHeapSize                   = 5839372                                {pd product} {ergonomic}
    uintx NonProfiledCodeHeapSize                  = 122909434                              {pd product} {ergonomic}
    uintx ProfiledCodeHeapSize                     = 122909434                              {pd product} {ergonomic}
    uintx ReservedCodeCacheSize                    = 251658240                              {pd product} {ergonomic}
     bool SegmentedCodeCache                       = true                                      {product} {ergonomic}
   size_t SoftMaxHeapSize                          = 2055208960                             {manageable} {ergonomic}
     bool UseCompressedClassPointers               = true                           {product lp64_product} {ergonomic}
     bool UseCompressedOops                        = true                           {product lp64_product} {ergonomic}
     bool UseG1GC                                  = true                                      {product} {ergonomic}
     bool UseLargePagesIndividualAllocation        = false                                  {pd product} {ergonomic}

Logging:
Log output configuration:
 #0: stdout all=warning uptime,level,tags
 #1: stderr all=off uptime,level,tags

Environment Variables:
PATH=C:\python 3.10\Scripts\;C:\python 3.10\;C:\Program Files\Common Files\Oracle\Java\javapath;C:\windows\system32;C:\windows;C:\windows\System32\Wbem;C:\windows\System32\WindowsPowerShell\v1.0\;C:\windows\System32\OpenSSH\;C:\Program Files\Git\cmd;C:\MinGW\bin;C:\ProgramData\chocolatey\bin;C:\Program Files\MySQL\MySQL Server 8.0\bin;C:\Program Files\MySQL\MySQL Shell 8.0\bin\;C:\Users\a\AppData\Local\Microsoft\WindowsApps;C:\Users\a\AppData\Local\Programs\Microsoft VS Code\bin;C:\Program Files\JetBrains\IntelliJ IDEA Community Edition 2021.3.3\New folder\IntelliJ IDEA Community Edition 2021.3.3\bin;
USERNAME=a
OS=Windows_NT
PROCESSOR_IDENTIFIER=Intel64 Family 6 Model 140 Stepping 1, GenuineIntel
TMP=C:\Users\a\AppData\Local\Temp
TEMP=C:\Users\a\AppData\Local\Temp



Periodic native trim disabled

JNI global refs:
JNI global refs: 12, weak refs: 16

JNI global refs memory usage: 843, weak refs: 841

OOME stack traces (most recent first):
Classloader memory used:
Loader jdk.internal.loader.ClassLoaders$AppClassLoader                                 : 8200K
Loader bootstrap                                                                       : 1361K
Loader jdk.internal.reflect.DelegatingClassLoader                                      : 10821B


---------------  S Y S T E M  ---------------

OS:
 Windows 10 , 64 bit Build 19041 (10.0.19041.4597)
OS uptime: 1 days 20:55 hours

CPU: total 8 (initial active 8) (4 cores per cpu, 2 threads per core) family 6 model 140 stepping 1 microcode 0x9a, cx8, cmov, fxsr, ht, mmx, 3dnowpref, sse, sse2, sse3, ssse3, sse4.1, sse4.2, popcnt, lzcnt, tsc, tscinvbit, avx, avx2, aes, erms, clmul, bmi1, bmi2, adx, avx512f, avx512dq, avx512cd, avx512bw, avx512vl, sha, fma, vzeroupper, avx512_vpopcntdq, avx512_vpclmulqdq, avx512_vaes, avx512_vnni, clflush, clflushopt, clwb, avx512_vbmi2, avx512_vbmi
Processor Information for processor 0
  Max Mhz: 2419, Current Mhz: 2419, Mhz Limit: 2419
Processor Information for processor 1
  Max Mhz: 2419, Current Mhz: 2419, Mhz Limit: 2419
Processor Information for processor 2
  Max Mhz: 2419, Current Mhz: 2419, Mhz Limit: 2419
Processor Information for processor 3
  Max Mhz: 2419, Current Mhz: 2419, Mhz Limit: 2419
Processor Information for processor 4
  Max Mhz: 2419, Current Mhz: 2419, Mhz Limit: 2419
Processor Information for processor 5
  Max Mhz: 2419, Current Mhz: 1511, Mhz Limit: 2419
Processor Information for processor 6
  Max Mhz: 2419, Current Mhz: 2419, Mhz Limit: 2419
Processor Information for processor 7
  Max Mhz: 2419, Current Mhz: 2419, Mhz Limit: 2419

Memory: 4k page, system-wide physical 7834M (477M free)
TotalPageFile size 10634M (AvailPageFile size 32M)
current process WorkingSet (physical memory assigned to process): 293M, peak: 302M
current process commit charge ("private bytes"): 353M, peak: 432M

vm_info: OpenJDK 64-Bit Server VM (17.0.9+0--11185874) for windows-amd64 JRE (17.0.9+0--11185874), built on Dec  6 2023 18:57:44 by "androidbuild" with MS VC++ 16.10 / 16.11 (VS2019)

END.
