#
# There is insufficient memory for the Java Runtime Environment to continue.
# Native memory allocation (malloc) failed to allocate 996176 bytes for Chunk::new
# Possible reasons:
#   The system is out of physical RAM or swap space
#   The process is running with CompressedOops enabled, and the Java Heap may be blocking the growth of the native heap
# Possible solutions:
#   Reduce memory load on the system
#   Increase physical memory or swap space
#   Check if swap backing store is full
#   Decrease Java heap size (-Xmx/-Xms)
#   Decrease number of Java threads
#   Decrease Java thread stack sizes (-Xss)
#   Set larger code cache with -XX:ReservedCodeCacheSize=
#   JVM is running with Unscaled Compressed Oops mode in which the Java heap is
#     placed in the first 4GB address space. The Java Heap base address is the
#     maximum limit for the native heap growth. Please use -XX:HeapBaseMinAddress
#     to set the Java Heap base and to place the Java Heap above 4GB virtual address.
# This output file may be truncated or incomplete.
#
#  Out of Memory Error (arena.cpp:191), pid=15100, tid=15168
#
# JRE version: OpenJDK Runtime Environment (17.0.9) (build 17.0.9+0--11185874)
# Java VM: OpenJDK 64-Bit Server VM (17.0.9+0--11185874, mixed mode, tiered, compressed oops, compressed class ptrs, g1 gc, windows-amd64)
# No core dump will be written. Minidumps are not enabled by default on client versions of Windows
#

---------------  S U M M A R Y ------------

Command Line: --add-opens=java.base/java.util=ALL-UNNAMED --add-opens=java.base/java.lang=ALL-UNNAMED --add-opens=java.base/java.lang.invoke=ALL-UNNAMED --add-opens=java.prefs/java.util.prefs=ALL-UNNAMED --add-opens=java.base/java.nio.charset=ALL-UNNAMED --add-opens=java.base/java.net=ALL-UNNAMED --add-opens=java.base/java.util.concurrent.atomic=ALL-UNNAMED -Xmx2048m -Dfile.encoding=UTF-8 -Duser.country=IN -Duser.language=en -Duser.variant -javaagent:C:\Users\a\.gradle\wrapper\dists\gradle-8.4-bin\1w5dpkrfk8irigvoxmyhowfim\gradle-8.4\lib\agents\gradle-instrumentation-agent-8.4.jar org.gradle.launcher.daemon.bootstrap.GradleDaemon 8.4

Host: 11th Gen Intel(R) Core(TM) i5-1135G7 @ 2.40GHz, 8 cores, 7G,  Windows 10 , 64 bit Build 19041 (10.0.19041.4717)
Time: Tue Sep  3 14:52:32 2024 India Standard Time elapsed time: 33.306411 seconds (0d 0h 0m 33s)

---------------  T H R E A D  ---------------

Current thread (0x00000219044ea970):  JavaThread "C2 CompilerThread1" daemon [_thread_in_native, id=15168, stack(0x000000d1ecf00000,0x000000d1ed000000)]


Current CompileTask:
C2:  33306 19932       4       org.gradle.internal.component.model.DefaultAttributeMatcher::matches (169 bytes)

Stack: [0x000000d1ecf00000,0x000000d1ed000000]
Native frames: (J=compiled Java code, j=interpreted, Vv=VM code, C=native code)
V  [jvm.dll+0x6886e9]
V  [jvm.dll+0x841e4a]
V  [jvm.dll+0x843a8e]
V  [jvm.dll+0x8440f3]
V  [jvm.dll+0x24c14f]
V  [jvm.dll+0xac44c]
V  [jvm.dll+0xaca9c]
V  [jvm.dll+0x2b376f]
V  [jvm.dll+0x590767]
V  [jvm.dll+0x226762]
V  [jvm.dll+0x21f95e]
V  [jvm.dll+0x21d0c1]
V  [jvm.dll+0x1a674d]
V  [jvm.dll+0x22d088]
V  [jvm.dll+0x22b1c0]
V  [jvm.dll+0x7f62f7]
V  [jvm.dll+0x7f06aa]
V  [jvm.dll+0x687565]
C  [ucrtbase.dll+0x21bb2]
C  [KERNEL32.DLL+0x17374]
C  [ntdll.dll+0x4cc91]


---------------  P R O C E S S  ---------------

Threads class SMR info:
_java_thread_list=0x00000219132f3540, length=56, elements={
0x0000021963da1080, 0x000002197dd72610, 0x000002197dd78100, 0x000002197dc29450,
0x000002197dd93fb0, 0x000002197dd96890, 0x000002197dd97160, 0x000002197dd97d60,
0x000002197dd98670, 0x000002197dd98f80, 0x000002197df01f20, 0x000002197e02ce00,
0x000002197f5d3f20, 0x000002190411a000, 0x0000021904b51350, 0x000002190469ef60,
0x000002197f478aa0, 0x000002197f478590, 0x000002197f476c40, 0x000002197f475800,
0x000002197f476730, 0x000002197f475d10, 0x000002197f476220, 0x0000021906559910,
0x000002190655a840, 0x000002190655ad50, 0x0000021906557fc0, 0x0000021906557ab0,
0x00000219065575a0, 0x000002190655a330, 0x0000021906559400, 0x00000219068b9830,
0x00000219068b9320, 0x00000219048209f0, 0x0000021906c1e430, 0x0000021906c1fd80,
0x00000219059908d0, 0x000002190598e050, 0x00000219059912f0, 0x0000021905990de0,
0x000002190598ea70, 0x0000021905993150, 0x000002190598f9a0, 0x000002190598e560,
0x0000021905993660, 0x00000219044ea970, 0x000002190598ef80, 0x00000219059903c0,
0x0000021905992c40, 0x000002190598d630, 0x000002190598feb0, 0x0000021905992730,
0x0000021905991d10, 0x0000021905993b70, 0x0000021905992220, 0x000002190598db40
}

Java Threads: ( => current thread )
  0x0000021963da1080 JavaThread "main" [_thread_blocked, id=15812, stack(0x000000d1e9300000,0x000000d1e9400000)]
  0x000002197dd72610 JavaThread "Reference Handler" daemon [_thread_blocked, id=10320, stack(0x000000d1e9a00000,0x000000d1e9b00000)]
  0x000002197dd78100 JavaThread "Finalizer" daemon [_thread_blocked, id=11300, stack(0x000000d1e9b00000,0x000000d1e9c00000)]
  0x000002197dc29450 JavaThread "Signal Dispatcher" daemon [_thread_blocked, id=12748, stack(0x000000d1e9c00000,0x000000d1e9d00000)]
  0x000002197dd93fb0 JavaThread "Attach Listener" daemon [_thread_blocked, id=12336, stack(0x000000d1e9d00000,0x000000d1e9e00000)]
  0x000002197dd96890 JavaThread "Service Thread" daemon [_thread_blocked, id=16728, stack(0x000000d1e9e00000,0x000000d1e9f00000)]
  0x000002197dd97160 JavaThread "Monitor Deflation Thread" daemon [_thread_blocked, id=6648, stack(0x000000d1e9f00000,0x000000d1ea000000)]
  0x000002197dd97d60 JavaThread "C2 CompilerThread0" daemon [_thread_in_native, id=13540, stack(0x000000d1ea000000,0x000000d1ea100000)]
  0x000002197dd98670 JavaThread "C1 CompilerThread0" daemon [_thread_blocked, id=3676, stack(0x000000d1ea100000,0x000000d1ea200000)]
  0x000002197dd98f80 JavaThread "Sweeper thread" daemon [_thread_blocked, id=10616, stack(0x000000d1ea200000,0x000000d1ea300000)]
  0x000002197df01f20 JavaThread "Common-Cleaner" daemon [_thread_blocked, id=14420, stack(0x000000d1ea300000,0x000000d1ea400000)]
  0x000002197e02ce00 JavaThread "Notification Thread" daemon [_thread_blocked, id=16304, stack(0x000000d1ea400000,0x000000d1ea500000)]
  0x000002197f5d3f20 JavaThread "Daemon health stats" [_thread_blocked, id=15148, stack(0x000000d1eac00000,0x000000d1ead00000)]
  0x000002190411a000 JavaThread "Incoming local TCP Connector on port 56292" [_thread_in_native, id=10612, stack(0x000000d1ead00000,0x000000d1eae00000)]
  0x0000021904b51350 JavaThread "Daemon periodic checks" [_thread_blocked, id=13756, stack(0x000000d1eae00000,0x000000d1eaf00000)]
  0x000002190469ef60 JavaThread "Daemon" [_thread_blocked, id=8492, stack(0x000000d1eaf00000,0x000000d1eb000000)]
  0x000002197f478aa0 JavaThread "Daemon worker" [_thread_in_vm, id=13824, stack(0x000000d1eb200000,0x000000d1eb300000)]
  0x000002197f478590 JavaThread "Cache worker for journal cache (C:\Users\a\.gradle\caches\journal-1)" [_thread_blocked, id=14576, stack(0x000000d1ea700000,0x000000d1ea800000)]
  0x000002197f476c40 JavaThread "File lock request listener" [_thread_in_native, id=14132, stack(0x000000d1eba00000,0x000000d1ebb00000)]
  0x000002197f475800 JavaThread "Cache worker for file hash cache (C:\Users\a\.gradle\caches\8.4\fileHashes)" [_thread_blocked, id=10220, stack(0x000000d1ebb00000,0x000000d1ebc00000)]
  0x000002197f476730 JavaThread "File watcher server" daemon [_thread_in_native, id=1976, stack(0x000000d1ebd00000,0x000000d1ebe00000)]
  0x000002197f475d10 JavaThread "File watcher consumer" daemon [_thread_blocked, id=3700, stack(0x000000d1ebe00000,0x000000d1ebf00000)]
  0x000002197f476220 JavaThread "jar transforms" [_thread_blocked, id=7796, stack(0x000000d1ebf00000,0x000000d1ec000000)]
  0x0000021906559910 JavaThread "jar transforms Thread 2" [_thread_blocked, id=9292, stack(0x000000d1ec000000,0x000000d1ec100000)]
  0x000002190655a840 JavaThread "jar transforms Thread 3" [_thread_blocked, id=1448, stack(0x000000d1ec100000,0x000000d1ec200000)]
  0x000002190655ad50 JavaThread "jar transforms Thread 4" [_thread_blocked, id=15064, stack(0x000000d1ec200000,0x000000d1ec300000)]
  0x0000021906557fc0 JavaThread "jar transforms Thread 5" [_thread_blocked, id=10084, stack(0x000000d1ec300000,0x000000d1ec400000)]
  0x0000021906557ab0 JavaThread "jar transforms Thread 6" [_thread_blocked, id=15968, stack(0x000000d1ec400000,0x000000d1ec500000)]
  0x00000219065575a0 JavaThread "jar transforms Thread 7" [_thread_blocked, id=9576, stack(0x000000d1ec500000,0x000000d1ec600000)]
  0x000002190655a330 JavaThread "jar transforms Thread 8" [_thread_blocked, id=15752, stack(0x000000d1ec600000,0x000000d1ec700000)]
  0x0000021906559400 JavaThread "Cache worker for file content cache (C:\Users\a\.gradle\caches\8.4\fileContent)" [_thread_blocked, id=12652, stack(0x000000d1ecb00000,0x000000d1ecc00000)]
  0x00000219068b9830 JavaThread "Cache worker for execution history cache (C:\Users\a\.gradle\caches\8.4\executionHistory)" [_thread_blocked, id=14444, stack(0x000000d1ecd00000,0x000000d1ece00000)]
  0x00000219068b9320 JavaThread "Cache worker for kotlin-dsl (C:\Users\a\.gradle\caches\8.4\kotlin-dsl)" [_thread_blocked, id=4872, stack(0x000000d1ece00000,0x000000d1ecf00000)]
  0x00000219048209f0 JavaThread "Memory manager" [_thread_blocked, id=13148, stack(0x000000d1eda00000,0x000000d1edb00000)]
  0x0000021906c1e430 JavaThread "pool-3-thread-1" [_thread_blocked, id=6052, stack(0x000000d1edc00000,0x000000d1edd00000)]
  0x0000021906c1fd80 JavaThread "included builds" [_thread_blocked, id=13784, stack(0x000000d1edd00000,0x000000d1ede00000)]
  0x00000219059908d0 JavaThread "Handler for socket connection from /127.0.0.1:56292 to /127.0.0.1:56299" [_thread_in_native, id=11316, stack(0x000000d1eb100000,0x000000d1eb200000)]
  0x000002190598e050 JavaThread "Cancel handler" [_thread_blocked, id=12992, stack(0x000000d1eb300000,0x000000d1eb400000)]
  0x00000219059912f0 JavaThread "Asynchronous log dispatcher for DefaultDaemonConnection: socket connection from /127.0.0.1:56292 to /127.0.0.1:56299" [_thread_blocked, id=11284, stack(0x000000d1eb400000,0x000000d1eb500000)]
  0x0000021905990de0 JavaThread "Stdin handler" [_thread_blocked, id=15068, stack(0x000000d1eb500000,0x000000d1eb600000)]
  0x000002190598ea70 JavaThread "Daemon client event forwarder" [_thread_blocked, id=15364, stack(0x000000d1ebc00000,0x000000d1ebd00000)]
  0x0000021905993150 JavaThread "Cache worker for checksums cache (C:\Users\a\AndroidStudioProjects\ItsMovieTime\.gradle\8.4\checksums)" [_thread_blocked, id=17036, stack(0x000000d1ec700000,0x000000d1ec800000)]
  0x000002190598f9a0 JavaThread "Cache worker for file hash cache (C:\Users\a\AndroidStudioProjects\ItsMovieTime\.gradle\8.4\fileHashes)" [_thread_blocked, id=13180, stack(0x000000d1ec900000,0x000000d1eca00000)]
  0x000002190598e560 JavaThread "Cache worker for cache directory md-supplier (C:\Users\a\.gradle\caches\8.4\md-supplier)" [_thread_blocked, id=12156, stack(0x000000d1eca00000,0x000000d1ecb00000)]
  0x0000021905993660 JavaThread "Cache worker for cache directory md-rule (C:\Users\a\.gradle\caches\8.4\md-rule)" [_thread_blocked, id=15000, stack(0x000000d1ecc00000,0x000000d1ecd00000)]
=>0x00000219044ea970 JavaThread "C2 CompilerThread1" daemon [_thread_in_native, id=15168, stack(0x000000d1ecf00000,0x000000d1ed000000)]
  0x000002190598ef80 JavaThread "Cache worker for dependencies-accessors (C:\Users\a\AndroidStudioProjects\ItsMovieTime\.gradle\8.4\dependencies-accessors)" [_thread_blocked, id=2496, stack(0x000000d1ed000000,0x000000d1ed100000)]
  0x00000219059903c0 JavaThread "Cache worker for Build Output Cleanup Cache (C:\Users\a\AndroidStudioProjects\ItsMovieTime\.gradle\buildOutputCleanup)" [_thread_blocked, id=11584, stack(0x000000d1ed100000,0x000000d1ed200000)]
  0x0000021905992c40 JavaThread "Unconstrained build operations" [_thread_blocked, id=1772, stack(0x000000d1ed200000,0x000000d1ed300000)]
  0x000002190598d630 JavaThread "Unconstrained build operations Thread 2" [_thread_blocked, id=12240, stack(0x000000d1ed300000,0x000000d1ed400000)]
  0x000002190598feb0 JavaThread "Unconstrained build operations Thread 3" [_thread_blocked, id=5280, stack(0x000000d1ed400000,0x000000d1ed500000)]
  0x0000021905992730 JavaThread "Unconstrained build operations Thread 4" [_thread_blocked, id=12740, stack(0x000000d1ed500000,0x000000d1ed600000)]
  0x0000021905991d10 JavaThread "Unconstrained build operations Thread 5" [_thread_blocked, id=10856, stack(0x000000d1ed600000,0x000000d1ed700000)]
  0x0000021905993b70 JavaThread "Unconstrained build operations Thread 6" [_thread_blocked, id=12772, stack(0x000000d1ed700000,0x000000d1ed800000)]
  0x0000021905992220 JavaThread "Unconstrained build operations Thread 7" [_thread_blocked, id=10824, stack(0x000000d1edb00000,0x000000d1edc00000)]
  0x000002190598db40 JavaThread "build event listener" [_thread_blocked, id=17200, stack(0x000000d1ede00000,0x000000d1edf00000)]

Other Threads:
  0x000002197dc14160 VMThread "VM Thread" [stack: 0x000000d1e9900000,0x000000d1e9a00000] [id=16456]
  0x0000021963da1f50 WatcherThread [stack: 0x000000d1ea500000,0x000000d1ea600000] [id=3468]
  0x0000021963dfd300 GCTaskThread "GC Thread#0" [stack: 0x000000d1e9400000,0x000000d1e9500000] [id=988]
  0x000002197f1214b0 GCTaskThread "GC Thread#1" [stack: 0x000000d1ea800000,0x000000d1ea900000] [id=17252]
  0x000002197eb2ae50 GCTaskThread "GC Thread#2" [stack: 0x000000d1ea900000,0x000000d1eaa00000] [id=11260]
  0x000002197eb2b520 GCTaskThread "GC Thread#3" [stack: 0x000000d1eaa00000,0x000000d1eab00000] [id=15972]
  0x000002197f0c1fc0 GCTaskThread "GC Thread#4" [stack: 0x000000d1eab00000,0x000000d1eac00000] [id=11320]
  0x00000219049dd6c0 GCTaskThread "GC Thread#5" [stack: 0x000000d1eb600000,0x000000d1eb700000] [id=9692]
  0x0000021904d71470 GCTaskThread "GC Thread#6" [stack: 0x000000d1eb700000,0x000000d1eb800000] [id=8884]
  0x0000021904a72980 GCTaskThread "GC Thread#7" [stack: 0x000000d1eb800000,0x000000d1eb900000] [id=13320]
  0x0000021963e0e160 ConcurrentGCThread "G1 Main Marker" [stack: 0x000000d1e9500000,0x000000d1e9600000] [id=12032]
  0x0000021963e0ea90 ConcurrentGCThread "G1 Conc#0" [stack: 0x000000d1e9600000,0x000000d1e9700000] [id=2896]
  0x0000021904186330 ConcurrentGCThread "G1 Conc#1" [stack: 0x000000d1eb900000,0x000000d1eba00000] [id=10512]
  0x0000021963e5dbf0 ConcurrentGCThread "G1 Refine#0" [stack: 0x000000d1e9700000,0x000000d1e9800000] [id=14012]
  0x00000219071786b0 ConcurrentGCThread "G1 Refine#1" [stack: 0x000000d1ec800000,0x000000d1ec900000] [id=14968]
  0x000002190770ddd0 ConcurrentGCThread "G1 Refine#2" [stack: 0x000000d1ed800000,0x000000d1ed900000] [id=12040]
  0x000002190770f550 ConcurrentGCThread "G1 Refine#3" [stack: 0x000000d1ed900000,0x000000d1eda00000] [id=14268]
  0x000002197da6f690 ConcurrentGCThread "G1 Service" [stack: 0x000000d1e9800000,0x000000d1e9900000] [id=15768]

Threads with active compile tasks:
C2 CompilerThread0    33323 20053       4       org.gradle.internal.service.DefaultServiceRegistry$OwnServices::putServiceType (48 bytes)
C2 CompilerThread1    33323 19932       4       org.gradle.internal.component.model.DefaultAttributeMatcher::matches (169 bytes)

VM state: not at safepoint (normal execution)

VM Mutex/Monitor currently owned by a thread:  ([mutex/lock_event])
[0x0000021961d3ba60] Metaspace_lock - owner thread: 0x000002197f478aa0

Heap address: 0x0000000080000000, size: 2048 MB, Compressed Oops mode: 32-bit

CDS archive(s) not mapped
Compressed class space mapped at: 0x0000000100000000-0x0000000140000000, reserved size: 1073741824
Narrow klass base: 0x0000000000000000, Narrow klass shift: 3, Narrow klass range: 0x140000000

GC Precious Log:
 CPUs: 8 total, 8 available
 Memory: 7834M
 Large Page Support: Disabled
 NUMA Support: Disabled
 Compressed Oops: Enabled (32-bit)
 Heap Region Size: 1M
 Heap Min Capacity: 8M
 Heap Initial Capacity: 124M
 Heap Max Capacity: 2G
 Pre-touch: Disabled
 Parallel Workers: 8
 Concurrent Workers: 2
 Concurrent Refinement Workers: 8
 Periodic GC: Disabled

Heap:
 garbage-first heap   total 337920K, used 284070K [0x0000000080000000, 0x0000000100000000)
  region size 1024K, 31 young (31744K), 1 survivors (1024K)
 Metaspace       used 190563K, committed 191680K, reserved 1245184K
  class space    used 24547K, committed 25088K, reserved 1048576K

Heap Regions: E=young(eden), S=young(survivor), O=old, HS=humongous(starts), HC=humongous(continues), CS=collection set, F=free, OA=open archive, CA=closed archive, TAMS=top-at-mark-start (previous, next)
|   0|0x0000000080000000, 0x0000000080100000, 0x0000000080100000|100%|HS|  |TAMS 0x0000000080100000, 0x0000000080000000| Complete 
|   1|0x0000000080100000, 0x0000000080200000, 0x0000000080200000|100%|HC|  |TAMS 0x0000000080200000, 0x0000000080100000| Complete 
|   2|0x0000000080200000, 0x0000000080300000, 0x0000000080300000|100%|HC|  |TAMS 0x0000000080300000, 0x0000000080200000| Complete 
|   3|0x0000000080300000, 0x0000000080400000, 0x0000000080400000|100%|HC|  |TAMS 0x0000000080400000, 0x0000000080300000| Complete 
|   4|0x0000000080400000, 0x0000000080500000, 0x0000000080500000|100%| O|  |TAMS 0x0000000080500000, 0x0000000080400000| Untracked 
|   5|0x0000000080500000, 0x0000000080600000, 0x0000000080600000|100%| O|  |TAMS 0x0000000080600000, 0x0000000080500000| Untracked 
|   6|0x0000000080600000, 0x0000000080700000, 0x0000000080700000|100%| O|  |TAMS 0x0000000080700000, 0x0000000080600000| Untracked 
|   7|0x0000000080700000, 0x0000000080800000, 0x0000000080800000|100%| O|  |TAMS 0x0000000080800000, 0x0000000080700000| Untracked 
|   8|0x0000000080800000, 0x0000000080900000, 0x0000000080900000|100%| O|  |TAMS 0x0000000080900000, 0x0000000080800000| Untracked 
|   9|0x0000000080900000, 0x0000000080a00000, 0x0000000080a00000|100%| O|  |TAMS 0x0000000080a00000, 0x0000000080900000| Untracked 
|  10|0x0000000080a00000, 0x0000000080b00000, 0x0000000080b00000|100%| O|  |TAMS 0x0000000080b00000, 0x0000000080a00000| Untracked 
|  11|0x0000000080b00000, 0x0000000080c00000, 0x0000000080c00000|100%| O|  |TAMS 0x0000000080c00000, 0x0000000080b00000| Untracked 
|  12|0x0000000080c00000, 0x0000000080d00000, 0x0000000080d00000|100%| O|  |TAMS 0x0000000080d00000, 0x0000000080c00000| Untracked 
|  13|0x0000000080d00000, 0x0000000080e00000, 0x0000000080e00000|100%| O|  |TAMS 0x0000000080e00000, 0x0000000080d00000| Untracked 
|  14|0x0000000080e00000, 0x0000000080f00000, 0x0000000080f00000|100%| O|  |TAMS 0x0000000080f00000, 0x0000000080e00000| Untracked 
|  15|0x0000000080f00000, 0x0000000081000000, 0x0000000081000000|100%| O|  |TAMS 0x0000000081000000, 0x0000000080f00000| Untracked 
|  16|0x0000000081000000, 0x0000000081100000, 0x0000000081100000|100%| O|  |TAMS 0x0000000081100000, 0x0000000081000000| Untracked 
|  17|0x0000000081100000, 0x0000000081200000, 0x0000000081200000|100%| O|  |TAMS 0x0000000081200000, 0x0000000081100000| Untracked 
|  18|0x0000000081200000, 0x0000000081300000, 0x0000000081300000|100%| O|  |TAMS 0x0000000081300000, 0x0000000081200000| Untracked 
|  19|0x0000000081300000, 0x0000000081400000, 0x0000000081400000|100%| O|  |TAMS 0x0000000081400000, 0x0000000081300000| Untracked 
|  20|0x0000000081400000, 0x0000000081500000, 0x0000000081500000|100%|HS|  |TAMS 0x0000000081500000, 0x0000000081400000| Complete 
|  21|0x0000000081500000, 0x0000000081600000, 0x0000000081600000|100%|HC|  |TAMS 0x0000000081600000, 0x0000000081500000| Complete 
|  22|0x0000000081600000, 0x0000000081700000, 0x0000000081700000|100%|HS|  |TAMS 0x0000000081700000, 0x0000000081600000| Complete 
|  23|0x0000000081700000, 0x0000000081800000, 0x0000000081800000|100%|HC|  |TAMS 0x0000000081800000, 0x0000000081700000| Complete 
|  24|0x0000000081800000, 0x0000000081900000, 0x0000000081900000|100%|HC|  |TAMS 0x0000000081900000, 0x0000000081800000| Complete 
|  25|0x0000000081900000, 0x0000000081a00000, 0x0000000081a00000|100%|HS|  |TAMS 0x0000000081a00000, 0x0000000081900000| Complete 
|  26|0x0000000081a00000, 0x0000000081b00000, 0x0000000081b00000|100%|HC|  |TAMS 0x0000000081b00000, 0x0000000081a00000| Complete 
|  27|0x0000000081b00000, 0x0000000081c00000, 0x0000000081c00000|100%|HC|  |TAMS 0x0000000081c00000, 0x0000000081b00000| Complete 
|  28|0x0000000081c00000, 0x0000000081d00000, 0x0000000081d00000|100%|HS|  |TAMS 0x0000000081d00000, 0x0000000081c00000| Complete 
|  29|0x0000000081d00000, 0x0000000081e00000, 0x0000000081e00000|100%|HC|  |TAMS 0x0000000081e00000, 0x0000000081d00000| Complete 
|  30|0x0000000081e00000, 0x0000000081f00000, 0x0000000081f00000|100%|HC|  |TAMS 0x0000000081f00000, 0x0000000081e00000| Complete 
|  31|0x0000000081f00000, 0x0000000082000000, 0x0000000082000000|100%| O|  |TAMS 0x0000000082000000, 0x0000000081f00000| Untracked 
|  32|0x0000000082000000, 0x0000000082100000, 0x0000000082100000|100%| O|  |TAMS 0x0000000082100000, 0x0000000082000000| Untracked 
|  33|0x0000000082100000, 0x0000000082200000, 0x0000000082200000|100%| O|  |TAMS 0x0000000082200000, 0x0000000082100000| Untracked 
|  34|0x0000000082200000, 0x0000000082300000, 0x0000000082300000|100%| O|  |TAMS 0x0000000082300000, 0x0000000082200000| Untracked 
|  35|0x0000000082300000, 0x0000000082400000, 0x0000000082400000|100%| O|  |TAMS 0x0000000082400000, 0x0000000082300000| Untracked 
|  36|0x0000000082400000, 0x0000000082500000, 0x0000000082500000|100%| O|  |TAMS 0x0000000082500000, 0x0000000082400000| Untracked 
|  37|0x0000000082500000, 0x0000000082600000, 0x0000000082600000|100%| O|  |TAMS 0x0000000082600000, 0x0000000082500000| Untracked 
|  38|0x0000000082600000, 0x0000000082700000, 0x0000000082700000|100%| O|  |TAMS 0x0000000082600000, 0x0000000082600000| Untracked 
|  39|0x0000000082700000, 0x0000000082800000, 0x0000000082800000|100%| O|  |TAMS 0x0000000082800000, 0x0000000082700000| Untracked 
|  40|0x0000000082800000, 0x0000000082900000, 0x0000000082900000|100%| O|  |TAMS 0x0000000082900000, 0x0000000082800000| Untracked 
|  41|0x0000000082900000, 0x0000000082a00000, 0x0000000082a00000|100%| O|  |TAMS 0x0000000082a00000, 0x0000000082900000| Untracked 
|  42|0x0000000082a00000, 0x0000000082b00000, 0x0000000082b00000|100%| O|  |TAMS 0x0000000082b00000, 0x0000000082a00000| Untracked 
|  43|0x0000000082b00000, 0x0000000082c00000, 0x0000000082c00000|100%| O|  |TAMS 0x0000000082c00000, 0x0000000082b00000| Untracked 
|  44|0x0000000082c00000, 0x0000000082d00000, 0x0000000082d00000|100%| O|  |TAMS 0x0000000082d00000, 0x0000000082c00000| Untracked 
|  45|0x0000000082d00000, 0x0000000082e00000, 0x0000000082e00000|100%|HS|  |TAMS 0x0000000082e00000, 0x0000000082d00000| Complete 
|  46|0x0000000082e00000, 0x0000000082f00000, 0x0000000082f00000|100%|HC|  |TAMS 0x0000000082f00000, 0x0000000082e00000| Complete 
|  47|0x0000000082f00000, 0x0000000083000000, 0x0000000083000000|100%|HC|  |TAMS 0x0000000083000000, 0x0000000082f00000| Complete 
|  48|0x0000000083000000, 0x0000000083100000, 0x0000000083100000|100%| O|  |TAMS 0x0000000083100000, 0x0000000083000000| Untracked 
|  49|0x0000000083100000, 0x0000000083200000, 0x0000000083200000|100%| O|  |TAMS 0x0000000083200000, 0x0000000083100000| Untracked 
|  50|0x0000000083200000, 0x0000000083300000, 0x0000000083300000|100%| O|  |TAMS 0x0000000083300000, 0x0000000083200000| Untracked 
|  51|0x0000000083300000, 0x0000000083400000, 0x0000000083400000|100%| O|  |TAMS 0x0000000083400000, 0x0000000083300000| Untracked 
|  52|0x0000000083400000, 0x0000000083500000, 0x0000000083500000|100%| O|  |TAMS 0x0000000083500000, 0x0000000083400000| Untracked 
|  53|0x0000000083500000, 0x0000000083600000, 0x0000000083600000|100%| O|  |TAMS 0x0000000083600000, 0x0000000083500000| Untracked 
|  54|0x0000000083600000, 0x0000000083700000, 0x0000000083700000|100%| O|  |TAMS 0x0000000083700000, 0x0000000083600000| Untracked 
|  55|0x0000000083700000, 0x0000000083800000, 0x0000000083800000|100%| O|  |TAMS 0x0000000083800000, 0x0000000083700000| Untracked 
|  56|0x0000000083800000, 0x0000000083900000, 0x0000000083900000|100%| O|  |TAMS 0x0000000083900000, 0x0000000083800000| Untracked 
|  57|0x0000000083900000, 0x0000000083a00000, 0x0000000083a00000|100%| O|  |TAMS 0x0000000083a00000, 0x0000000083900000| Untracked 
|  58|0x0000000083a00000, 0x0000000083b00000, 0x0000000083b00000|100%| O|  |TAMS 0x0000000083b00000, 0x0000000083a00000| Untracked 
|  59|0x0000000083b00000, 0x0000000083c00000, 0x0000000083c00000|100%| O|  |TAMS 0x0000000083c00000, 0x0000000083b00000| Untracked 
|  60|0x0000000083c00000, 0x0000000083d00000, 0x0000000083d00000|100%| O|  |TAMS 0x0000000083d00000, 0x0000000083c00000| Untracked 
|  61|0x0000000083d00000, 0x0000000083e00000, 0x0000000083e00000|100%| O|  |TAMS 0x0000000083e00000, 0x0000000083d00000| Untracked 
|  62|0x0000000083e00000, 0x0000000083f00000, 0x0000000083f00000|100%| O|  |TAMS 0x0000000083f00000, 0x0000000083e00000| Untracked 
|  63|0x0000000083f00000, 0x0000000084000000, 0x0000000084000000|100%| O|  |TAMS 0x0000000083f00000, 0x0000000083f00000| Untracked 
|  64|0x0000000084000000, 0x0000000084100000, 0x0000000084100000|100%| O|  |TAMS 0x0000000084100000, 0x0000000084000000| Untracked 
|  65|0x0000000084100000, 0x0000000084200000, 0x0000000084200000|100%| O|  |TAMS 0x0000000084200000, 0x0000000084100000| Untracked 
|  66|0x0000000084200000, 0x0000000084300000, 0x0000000084300000|100%| O|  |TAMS 0x0000000084300000, 0x0000000084200000| Untracked 
|  67|0x0000000084300000, 0x0000000084400000, 0x0000000084400000|100%| O|  |TAMS 0x0000000084400000, 0x0000000084300000| Untracked 
|  68|0x0000000084400000, 0x0000000084500000, 0x0000000084500000|100%| O|  |TAMS 0x0000000084500000, 0x0000000084400000| Untracked 
|  69|0x0000000084500000, 0x0000000084600000, 0x0000000084600000|100%| O|  |TAMS 0x0000000084600000, 0x0000000084500000| Untracked 
|  70|0x0000000084600000, 0x0000000084700000, 0x0000000084700000|100%| O|  |TAMS 0x0000000084700000, 0x0000000084600000| Untracked 
|  71|0x0000000084700000, 0x0000000084800000, 0x0000000084800000|100%| O|  |TAMS 0x0000000084800000, 0x0000000084700000| Untracked 
|  72|0x0000000084800000, 0x0000000084900000, 0x0000000084900000|100%| O|  |TAMS 0x0000000084900000, 0x0000000084800000| Untracked 
|  73|0x0000000084900000, 0x0000000084a00000, 0x0000000084a00000|100%| O|  |TAMS 0x0000000084a00000, 0x0000000084900000| Untracked 
|  74|0x0000000084a00000, 0x0000000084b00000, 0x0000000084b00000|100%| O|  |TAMS 0x0000000084b00000, 0x0000000084a00000| Untracked 
|  75|0x0000000084b00000, 0x0000000084c00000, 0x0000000084c00000|100%| O|  |TAMS 0x0000000084c00000, 0x0000000084b00000| Untracked 
|  76|0x0000000084c00000, 0x0000000084d00000, 0x0000000084d00000|100%| O|  |TAMS 0x0000000084d00000, 0x0000000084c00000| Untracked 
|  77|0x0000000084d00000, 0x0000000084e00000, 0x0000000084e00000|100%| O|  |TAMS 0x0000000084e00000, 0x0000000084d00000| Untracked 
|  78|0x0000000084e00000, 0x0000000084f00000, 0x0000000084f00000|100%| O|  |TAMS 0x0000000084f00000, 0x0000000084e00000| Untracked 
|  79|0x0000000084f00000, 0x0000000085000000, 0x0000000085000000|100%| O|  |TAMS 0x0000000085000000, 0x0000000084f00000| Untracked 
|  80|0x0000000085000000, 0x0000000085100000, 0x0000000085100000|100%| O|  |TAMS 0x0000000085100000, 0x0000000085000000| Untracked 
|  81|0x0000000085100000, 0x0000000085200000, 0x0000000085200000|100%| O|  |TAMS 0x0000000085200000, 0x0000000085100000| Untracked 
|  82|0x0000000085200000, 0x0000000085300000, 0x0000000085300000|100%| O|  |TAMS 0x0000000085300000, 0x0000000085200000| Untracked 
|  83|0x0000000085300000, 0x0000000085400000, 0x0000000085400000|100%| O|  |TAMS 0x0000000085400000, 0x0000000085300000| Untracked 
|  84|0x0000000085400000, 0x0000000085500000, 0x0000000085500000|100%| O|  |TAMS 0x0000000085500000, 0x0000000085400000| Untracked 
|  85|0x0000000085500000, 0x0000000085600000, 0x0000000085600000|100%| O|  |TAMS 0x0000000085600000, 0x0000000085500000| Untracked 
|  86|0x0000000085600000, 0x0000000085700000, 0x0000000085700000|100%| O|  |TAMS 0x0000000085700000, 0x0000000085600000| Untracked 
|  87|0x0000000085700000, 0x0000000085800000, 0x0000000085800000|100%| O|  |TAMS 0x0000000085800000, 0x0000000085700000| Untracked 
|  88|0x0000000085800000, 0x0000000085900000, 0x0000000085900000|100%| O|  |TAMS 0x0000000085900000, 0x0000000085800000| Untracked 
|  89|0x0000000085900000, 0x0000000085a00000, 0x0000000085a00000|100%| O|  |TAMS 0x0000000085a00000, 0x0000000085900000| Untracked 
|  90|0x0000000085a00000, 0x0000000085b00000, 0x0000000085b00000|100%| O|  |TAMS 0x0000000085b00000, 0x0000000085a00000| Untracked 
|  91|0x0000000085b00000, 0x0000000085c00000, 0x0000000085c00000|100%| O|  |TAMS 0x0000000085c00000, 0x0000000085b00000| Untracked 
|  92|0x0000000085c00000, 0x0000000085d00000, 0x0000000085d00000|100%| O|  |TAMS 0x0000000085d00000, 0x0000000085c00000| Untracked 
|  93|0x0000000085d00000, 0x0000000085e00000, 0x0000000085e00000|100%| O|  |TAMS 0x0000000085e00000, 0x0000000085d00000| Untracked 
|  94|0x0000000085e00000, 0x0000000085f00000, 0x0000000085f00000|100%| O|  |TAMS 0x0000000085f00000, 0x0000000085e00000| Untracked 
|  95|0x0000000085f00000, 0x0000000086000000, 0x0000000086000000|100%| O|  |TAMS 0x0000000086000000, 0x0000000085f00000| Untracked 
|  96|0x0000000086000000, 0x0000000086100000, 0x0000000086100000|100%| O|  |TAMS 0x0000000086000000, 0x0000000086000000| Untracked 
|  97|0x0000000086100000, 0x0000000086200000, 0x0000000086200000|100%| O|  |TAMS 0x0000000086100000, 0x0000000086100000| Untracked 
|  98|0x0000000086200000, 0x0000000086300000, 0x0000000086300000|100%| O|  |TAMS 0x0000000086200000, 0x0000000086200000| Untracked 
|  99|0x0000000086300000, 0x0000000086400000, 0x0000000086400000|100%| O|  |TAMS 0x0000000086300000, 0x0000000086300000| Untracked 
| 100|0x0000000086400000, 0x0000000086500000, 0x0000000086500000|100%| O|  |TAMS 0x0000000086400000, 0x0000000086400000| Untracked 
| 101|0x0000000086500000, 0x0000000086600000, 0x0000000086600000|100%| O|  |TAMS 0x0000000086500000, 0x0000000086500000| Untracked 
| 102|0x0000000086600000, 0x0000000086700000, 0x0000000086700000|100%|HS|  |TAMS 0x0000000086700000, 0x0000000086600000| Complete 
| 103|0x0000000086700000, 0x0000000086800000, 0x0000000086800000|100%|HS|  |TAMS 0x0000000086800000, 0x0000000086700000| Complete 
| 104|0x0000000086800000, 0x0000000086900000, 0x0000000086900000|100%|HS|  |TAMS 0x0000000086900000, 0x0000000086800000| Complete 
| 105|0x0000000086900000, 0x0000000086a00000, 0x0000000086a00000|100%|HC|  |TAMS 0x0000000086a00000, 0x0000000086900000| Complete 
| 106|0x0000000086a00000, 0x0000000086b00000, 0x0000000086b00000|100%|HS|  |TAMS 0x0000000086b00000, 0x0000000086a00000| Complete 
| 107|0x0000000086b00000, 0x0000000086c00000, 0x0000000086c00000|100%|HS|  |TAMS 0x0000000086c00000, 0x0000000086b00000| Complete 
| 108|0x0000000086c00000, 0x0000000086d00000, 0x0000000086d00000|100%|HC|  |TAMS 0x0000000086d00000, 0x0000000086c00000| Complete 
| 109|0x0000000086d00000, 0x0000000086e00000, 0x0000000086e00000|100%|HC|  |TAMS 0x0000000086e00000, 0x0000000086d00000| Complete 
| 110|0x0000000086e00000, 0x0000000086f00000, 0x0000000086f00000|100%|HC|  |TAMS 0x0000000086f00000, 0x0000000086e00000| Complete 
| 111|0x0000000086f00000, 0x0000000087000000, 0x0000000087000000|100%|HS|  |TAMS 0x0000000087000000, 0x0000000086f00000| Complete 
| 112|0x0000000087000000, 0x0000000087100000, 0x0000000087100000|100%| O|  |TAMS 0x0000000087100000, 0x0000000087000000| Untracked 
| 113|0x0000000087100000, 0x0000000087200000, 0x0000000087200000|100%| O|  |TAMS 0x0000000087200000, 0x0000000087100000| Untracked 
| 114|0x0000000087200000, 0x0000000087300000, 0x0000000087300000|100%| O|  |TAMS 0x0000000087300000, 0x0000000087200000| Untracked 
| 115|0x0000000087300000, 0x0000000087400000, 0x0000000087400000|100%| O|  |TAMS 0x0000000087400000, 0x0000000087300000| Untracked 
| 116|0x0000000087400000, 0x0000000087500000, 0x0000000087500000|100%| O|  |TAMS 0x0000000087500000, 0x0000000087400000| Untracked 
| 117|0x0000000087500000, 0x0000000087600000, 0x0000000087600000|100%| O|  |TAMS 0x0000000087600000, 0x0000000087500000| Untracked 
| 118|0x0000000087600000, 0x0000000087700000, 0x0000000087700000|100%| O|  |TAMS 0x0000000087700000, 0x0000000087600000| Untracked 
| 119|0x0000000087700000, 0x0000000087800000, 0x0000000087800000|100%| O|  |TAMS 0x0000000087800000, 0x0000000087700000| Untracked 
| 120|0x0000000087800000, 0x0000000087900000, 0x0000000087900000|100%| O|  |TAMS 0x0000000087800000, 0x0000000087800000| Untracked 
| 121|0x0000000087900000, 0x0000000087a00000, 0x0000000087a00000|100%| O|  |TAMS 0x0000000087900000, 0x0000000087900000| Untracked 
| 122|0x0000000087a00000, 0x0000000087b00000, 0x0000000087b00000|100%|HS|  |TAMS 0x0000000087b00000, 0x0000000087a00000| Complete 
| 123|0x0000000087b00000, 0x0000000087c00000, 0x0000000087c00000|100%|HC|  |TAMS 0x0000000087c00000, 0x0000000087b00000| Complete 
| 124|0x0000000087c00000, 0x0000000087d00000, 0x0000000087d00000|100%| O|  |TAMS 0x0000000087d00000, 0x0000000087c00000| Untracked 
| 125|0x0000000087d00000, 0x0000000087e00000, 0x0000000087e00000|100%|HS|  |TAMS 0x0000000087e00000, 0x0000000087d00000| Complete 
| 126|0x0000000087e00000, 0x0000000087f00000, 0x0000000087f00000|100%| O|  |TAMS 0x0000000087f00000, 0x0000000087e00000| Untracked 
| 127|0x0000000087f00000, 0x0000000088000000, 0x0000000088000000|100%| O|  |TAMS 0x0000000088000000, 0x0000000087f00000| Untracked 
| 128|0x0000000088000000, 0x0000000088100000, 0x0000000088100000|100%| O|  |TAMS 0x0000000088100000, 0x0000000088000000| Untracked 
| 129|0x0000000088100000, 0x0000000088200000, 0x0000000088200000|100%| O|  |TAMS 0x0000000088200000, 0x0000000088100000| Untracked 
| 130|0x0000000088200000, 0x0000000088300000, 0x0000000088300000|100%| O|  |TAMS 0x0000000088300000, 0x0000000088200000| Untracked 
| 131|0x0000000088300000, 0x0000000088400000, 0x0000000088400000|100%| O|  |TAMS 0x0000000088400000, 0x0000000088300000| Untracked 
| 132|0x0000000088400000, 0x0000000088500000, 0x0000000088500000|100%| O|  |TAMS 0x0000000088500000, 0x0000000088400000| Untracked 
| 133|0x0000000088500000, 0x0000000088600000, 0x0000000088600000|100%| O|  |TAMS 0x0000000088500000, 0x0000000088500000| Untracked 
| 134|0x0000000088600000, 0x0000000088700000, 0x0000000088700000|100%| O|  |TAMS 0x0000000088700000, 0x0000000088600000| Untracked 
| 135|0x0000000088700000, 0x0000000088800000, 0x0000000088800000|100%| O|  |TAMS 0x0000000088700000, 0x0000000088700000| Untracked 
| 136|0x0000000088800000, 0x0000000088900000, 0x0000000088900000|100%| O|  |TAMS 0x0000000088900000, 0x0000000088800000| Untracked 
| 137|0x0000000088900000, 0x0000000088a00000, 0x0000000088a00000|100%| O|  |TAMS 0x0000000088900000, 0x0000000088900000| Untracked 
| 138|0x0000000088a00000, 0x0000000088b00000, 0x0000000088b00000|100%| O|  |TAMS 0x0000000088b00000, 0x0000000088a00000| Untracked 
| 139|0x0000000088b00000, 0x0000000088c00000, 0x0000000088c00000|100%|HS|  |TAMS 0x0000000088c00000, 0x0000000088b00000| Complete 
| 140|0x0000000088c00000, 0x0000000088d00000, 0x0000000088d00000|100%|HC|  |TAMS 0x0000000088d00000, 0x0000000088c00000| Complete 
| 141|0x0000000088d00000, 0x0000000088e00000, 0x0000000088e00000|100%|HC|  |TAMS 0x0000000088e00000, 0x0000000088d00000| Complete 
| 142|0x0000000088e00000, 0x0000000088f00000, 0x0000000088f00000|100%|HC|  |TAMS 0x0000000088f00000, 0x0000000088e00000| Complete 
| 143|0x0000000088f00000, 0x0000000089000000, 0x0000000089000000|100%| O|  |TAMS 0x0000000089000000, 0x0000000088f00000| Untracked 
| 144|0x0000000089000000, 0x0000000089100000, 0x0000000089100000|100%| O|  |TAMS 0x0000000089100000, 0x0000000089000000| Untracked 
| 145|0x0000000089100000, 0x0000000089200000, 0x0000000089200000|100%| O|  |TAMS 0x0000000089200000, 0x0000000089100000| Untracked 
| 146|0x0000000089200000, 0x0000000089300000, 0x0000000089300000|100%| O|  |TAMS 0x0000000089300000, 0x0000000089200000| Untracked 
| 147|0x0000000089300000, 0x0000000089400000, 0x0000000089400000|100%| O|  |TAMS 0x0000000089400000, 0x0000000089300000| Untracked 
| 148|0x0000000089400000, 0x0000000089500000, 0x0000000089500000|100%| O|  |TAMS 0x0000000089500000, 0x0000000089400000| Untracked 
| 149|0x0000000089500000, 0x0000000089600000, 0x0000000089600000|100%| O|  |TAMS 0x0000000089600000, 0x0000000089500000| Untracked 
| 150|0x0000000089600000, 0x0000000089700000, 0x0000000089700000|100%| O|  |TAMS 0x0000000089700000, 0x0000000089600000| Untracked 
| 151|0x0000000089700000, 0x0000000089800000, 0x0000000089800000|100%| O|  |TAMS 0x0000000089800000, 0x0000000089700000| Untracked 
| 152|0x0000000089800000, 0x0000000089900000, 0x0000000089900000|100%| O|  |TAMS 0x0000000089900000, 0x0000000089800000| Untracked 
| 153|0x0000000089900000, 0x0000000089a00000, 0x0000000089a00000|100%| O|  |TAMS 0x0000000089a00000, 0x0000000089900000| Untracked 
| 154|0x0000000089a00000, 0x0000000089b00000, 0x0000000089b00000|100%| O|  |TAMS 0x0000000089b00000, 0x0000000089a00000| Untracked 
| 155|0x0000000089b00000, 0x0000000089c00000, 0x0000000089c00000|100%| O|  |TAMS 0x0000000089c00000, 0x0000000089b00000| Untracked 
| 156|0x0000000089c00000, 0x0000000089d00000, 0x0000000089d00000|100%| O|  |TAMS 0x0000000089d00000, 0x0000000089c00000| Untracked 
| 157|0x0000000089d00000, 0x0000000089e00000, 0x0000000089e00000|100%| O|  |TAMS 0x0000000089e00000, 0x0000000089d00000| Untracked 
| 158|0x0000000089e00000, 0x0000000089f00000, 0x0000000089f00000|100%| O|  |TAMS 0x0000000089f00000, 0x0000000089e00000| Untracked 
| 159|0x0000000089f00000, 0x000000008a000000, 0x000000008a000000|100%| O|  |TAMS 0x000000008a000000, 0x0000000089f00000| Untracked 
| 160|0x000000008a000000, 0x000000008a100000, 0x000000008a100000|100%| O|  |TAMS 0x000000008a100000, 0x000000008a000000| Untracked 
| 161|0x000000008a100000, 0x000000008a200000, 0x000000008a200000|100%| O|  |TAMS 0x000000008a1cd200, 0x000000008a100000| Untracked 
| 162|0x000000008a200000, 0x000000008a300000, 0x000000008a300000|100%| O|  |TAMS 0x000000008a200000, 0x000000008a200000| Untracked 
| 163|0x000000008a300000, 0x000000008a400000, 0x000000008a400000|100%| O|  |TAMS 0x000000008a300000, 0x000000008a300000| Untracked 
| 164|0x000000008a400000, 0x000000008a500000, 0x000000008a500000|100%| O|  |TAMS 0x000000008a400000, 0x000000008a400000| Untracked 
| 165|0x000000008a500000, 0x000000008a600000, 0x000000008a600000|100%|HS|  |TAMS 0x000000008a500000, 0x000000008a500000| Complete 
| 166|0x000000008a600000, 0x000000008a700000, 0x000000008a700000|100%|HC|  |TAMS 0x000000008a600000, 0x000000008a600000| Complete 
| 167|0x000000008a700000, 0x000000008a800000, 0x000000008a800000|100%|HS|  |TAMS 0x000000008a700000, 0x000000008a700000| Complete 
| 168|0x000000008a800000, 0x000000008a900000, 0x000000008a900000|100%|HC|  |TAMS 0x000000008a800000, 0x000000008a800000| Complete 
| 169|0x000000008a900000, 0x000000008aa00000, 0x000000008aa00000|100%|HC|  |TAMS 0x000000008a900000, 0x000000008a900000| Complete 
| 170|0x000000008aa00000, 0x000000008ab00000, 0x000000008ab00000|100%|HS|  |TAMS 0x000000008aa00000, 0x000000008aa00000| Complete 
| 171|0x000000008ab00000, 0x000000008ac00000, 0x000000008ac00000|100%|HC|  |TAMS 0x000000008ab00000, 0x000000008ab00000| Complete 
| 172|0x000000008ac00000, 0x000000008ad00000, 0x000000008ad00000|100%|HC|  |TAMS 0x000000008ac00000, 0x000000008ac00000| Complete 
| 173|0x000000008ad00000, 0x000000008ae00000, 0x000000008ae00000|100%|HS|  |TAMS 0x000000008ad00000, 0x000000008ad00000| Complete 
| 174|0x000000008ae00000, 0x000000008af00000, 0x000000008af00000|100%|HC|  |TAMS 0x000000008ae00000, 0x000000008ae00000| Complete 
| 175|0x000000008af00000, 0x000000008b000000, 0x000000008b000000|100%|HC|  |TAMS 0x000000008af00000, 0x000000008af00000| Complete 
| 176|0x000000008b000000, 0x000000008b100000, 0x000000008b100000|100%| O|  |TAMS 0x000000008b000000, 0x000000008b000000| Untracked 
| 177|0x000000008b100000, 0x000000008b200000, 0x000000008b200000|100%| O|  |TAMS 0x000000008b100000, 0x000000008b100000| Untracked 
| 178|0x000000008b200000, 0x000000008b300000, 0x000000008b300000|100%| O|  |TAMS 0x000000008b200000, 0x000000008b200000| Untracked 
| 179|0x000000008b300000, 0x000000008b400000, 0x000000008b400000|100%| O|  |TAMS 0x000000008b300000, 0x000000008b300000| Untracked 
| 180|0x000000008b400000, 0x000000008b500000, 0x000000008b500000|100%| O|  |TAMS 0x000000008b400000, 0x000000008b400000| Untracked 
| 181|0x000000008b500000, 0x000000008b600000, 0x000000008b600000|100%| O|  |TAMS 0x000000008b500000, 0x000000008b500000| Untracked 
| 182|0x000000008b600000, 0x000000008b700000, 0x000000008b700000|100%| O|  |TAMS 0x000000008b600000, 0x000000008b600000| Untracked 
| 183|0x000000008b700000, 0x000000008b800000, 0x000000008b800000|100%| O|  |TAMS 0x000000008b700000, 0x000000008b700000| Untracked 
| 184|0x000000008b800000, 0x000000008b900000, 0x000000008b900000|100%| O|  |TAMS 0x000000008b800000, 0x000000008b800000| Untracked 
| 185|0x000000008b900000, 0x000000008ba00000, 0x000000008ba00000|100%| O|  |TAMS 0x000000008b900000, 0x000000008b900000| Untracked 
| 186|0x000000008ba00000, 0x000000008bb00000, 0x000000008bb00000|100%| O|  |TAMS 0x000000008ba00000, 0x000000008ba00000| Untracked 
| 187|0x000000008bb00000, 0x000000008bc00000, 0x000000008bc00000|100%| O|  |TAMS 0x000000008bb00000, 0x000000008bb00000| Untracked 
| 188|0x000000008bc00000, 0x000000008bd00000, 0x000000008bd00000|100%| O|  |TAMS 0x000000008bc00000, 0x000000008bc00000| Untracked 
| 189|0x000000008bd00000, 0x000000008be00000, 0x000000008be00000|100%| O|  |TAMS 0x000000008bd00000, 0x000000008bd00000| Untracked 
| 190|0x000000008be00000, 0x000000008bf00000, 0x000000008bf00000|100%| O|  |TAMS 0x000000008be00000, 0x000000008be00000| Untracked 
| 191|0x000000008bf00000, 0x000000008c000000, 0x000000008c000000|100%| O|  |TAMS 0x000000008bf00000, 0x000000008bf00000| Untracked 
| 192|0x000000008c000000, 0x000000008c100000, 0x000000008c100000|100%| O|  |TAMS 0x000000008c000000, 0x000000008c000000| Untracked 
| 193|0x000000008c100000, 0x000000008c200000, 0x000000008c200000|100%| O|  |TAMS 0x000000008c100000, 0x000000008c100000| Untracked 
| 194|0x000000008c200000, 0x000000008c300000, 0x000000008c300000|100%| O|  |TAMS 0x000000008c200000, 0x000000008c200000| Untracked 
| 195|0x000000008c300000, 0x000000008c400000, 0x000000008c400000|100%| O|  |TAMS 0x000000008c300000, 0x000000008c300000| Untracked 
| 196|0x000000008c400000, 0x000000008c500000, 0x000000008c500000|100%| O|  |TAMS 0x000000008c400000, 0x000000008c400000| Untracked 
| 197|0x000000008c500000, 0x000000008c600000, 0x000000008c600000|100%| O|  |TAMS 0x000000008c500000, 0x000000008c500000| Untracked 
| 198|0x000000008c600000, 0x000000008c700000, 0x000000008c700000|100%| O|  |TAMS 0x000000008c600000, 0x000000008c600000| Untracked 
| 199|0x000000008c700000, 0x000000008c800000, 0x000000008c800000|100%| O|  |TAMS 0x000000008c700000, 0x000000008c700000| Untracked 
| 200|0x000000008c800000, 0x000000008c900000, 0x000000008c900000|100%| O|  |TAMS 0x000000008c800000, 0x000000008c800000| Untracked 
| 201|0x000000008c900000, 0x000000008ca00000, 0x000000008ca00000|100%| O|  |TAMS 0x000000008c900000, 0x000000008c900000| Untracked 
| 202|0x000000008ca00000, 0x000000008cb00000, 0x000000008cb00000|100%| O|  |TAMS 0x000000008ca00000, 0x000000008ca00000| Untracked 
| 203|0x000000008cb00000, 0x000000008cc00000, 0x000000008cc00000|100%| O|  |TAMS 0x000000008cb00000, 0x000000008cb00000| Untracked 
| 204|0x000000008cc00000, 0x000000008cd00000, 0x000000008cd00000|100%| O|  |TAMS 0x000000008cc00000, 0x000000008cc00000| Untracked 
| 205|0x000000008cd00000, 0x000000008ce00000, 0x000000008ce00000|100%| O|  |TAMS 0x000000008cd00000, 0x000000008cd00000| Untracked 
| 206|0x000000008ce00000, 0x000000008cf00000, 0x000000008cf00000|100%| O|  |TAMS 0x000000008ce00000, 0x000000008ce00000| Untracked 
| 207|0x000000008cf00000, 0x000000008d000000, 0x000000008d000000|100%| O|  |TAMS 0x000000008cf00000, 0x000000008cf00000| Untracked 
| 208|0x000000008d000000, 0x000000008d100000, 0x000000008d100000|100%| O|  |TAMS 0x000000008d000000, 0x000000008d000000| Untracked 
| 209|0x000000008d100000, 0x000000008d200000, 0x000000008d200000|100%| O|  |TAMS 0x000000008d100000, 0x000000008d100000| Untracked 
| 210|0x000000008d200000, 0x000000008d300000, 0x000000008d300000|100%| O|  |TAMS 0x000000008d200000, 0x000000008d200000| Untracked 
| 211|0x000000008d300000, 0x000000008d400000, 0x000000008d400000|100%| O|  |TAMS 0x000000008d300000, 0x000000008d300000| Untracked 
| 212|0x000000008d400000, 0x000000008d500000, 0x000000008d500000|100%| O|  |TAMS 0x000000008d400000, 0x000000008d400000| Untracked 
| 213|0x000000008d500000, 0x000000008d600000, 0x000000008d600000|100%| O|  |TAMS 0x000000008d500000, 0x000000008d500000| Untracked 
| 214|0x000000008d600000, 0x000000008d700000, 0x000000008d700000|100%| O|  |TAMS 0x000000008d600000, 0x000000008d600000| Untracked 
| 215|0x000000008d700000, 0x000000008d800000, 0x000000008d800000|100%| O|  |TAMS 0x000000008d700000, 0x000000008d700000| Untracked 
| 216|0x000000008d800000, 0x000000008d900000, 0x000000008d900000|100%| O|  |TAMS 0x000000008d800000, 0x000000008d800000| Untracked 
| 217|0x000000008d900000, 0x000000008da00000, 0x000000008da00000|100%| O|  |TAMS 0x000000008d900000, 0x000000008d900000| Untracked 
| 218|0x000000008da00000, 0x000000008db00000, 0x000000008db00000|100%| O|  |TAMS 0x000000008da00000, 0x000000008da00000| Untracked 
| 219|0x000000008db00000, 0x000000008dc00000, 0x000000008dc00000|100%| O|  |TAMS 0x000000008db00000, 0x000000008db00000| Untracked 
| 220|0x000000008dc00000, 0x000000008dd00000, 0x000000008dd00000|100%| O|  |TAMS 0x000000008dc00000, 0x000000008dc00000| Untracked 
| 221|0x000000008dd00000, 0x000000008de00000, 0x000000008de00000|100%| O|  |TAMS 0x000000008dd00000, 0x000000008dd00000| Untracked 
| 222|0x000000008de00000, 0x000000008df00000, 0x000000008df00000|100%| O|  |TAMS 0x000000008de00000, 0x000000008de00000| Untracked 
| 223|0x000000008df00000, 0x000000008e000000, 0x000000008e000000|100%| O|  |TAMS 0x000000008df00000, 0x000000008df00000| Untracked 
| 224|0x000000008e000000, 0x000000008e100000, 0x000000008e100000|100%| O|  |TAMS 0x000000008e000000, 0x000000008e000000| Untracked 
| 225|0x000000008e100000, 0x000000008e200000, 0x000000008e200000|100%| O|  |TAMS 0x000000008e100000, 0x000000008e100000| Untracked 
| 226|0x000000008e200000, 0x000000008e300000, 0x000000008e300000|100%| O|  |TAMS 0x000000008e200000, 0x000000008e200000| Untracked 
| 227|0x000000008e300000, 0x000000008e400000, 0x000000008e400000|100%| O|  |TAMS 0x000000008e300000, 0x000000008e300000| Untracked 
| 228|0x000000008e400000, 0x000000008e500000, 0x000000008e500000|100%| O|  |TAMS 0x000000008e400000, 0x000000008e400000| Untracked 
| 229|0x000000008e500000, 0x000000008e600000, 0x000000008e600000|100%| O|  |TAMS 0x000000008e500000, 0x000000008e500000| Untracked 
| 230|0x000000008e600000, 0x000000008e700000, 0x000000008e700000|100%| O|  |TAMS 0x000000008e600000, 0x000000008e600000| Untracked 
| 231|0x000000008e700000, 0x000000008e800000, 0x000000008e800000|100%| O|  |TAMS 0x000000008e700000, 0x000000008e700000| Untracked 
| 232|0x000000008e800000, 0x000000008e900000, 0x000000008e900000|100%| O|  |TAMS 0x000000008e800000, 0x000000008e800000| Untracked 
| 233|0x000000008e900000, 0x000000008ea00000, 0x000000008ea00000|100%| O|  |TAMS 0x000000008e900000, 0x000000008e900000| Untracked 
| 234|0x000000008ea00000, 0x000000008eb00000, 0x000000008eb00000|100%| O|  |TAMS 0x000000008ea00000, 0x000000008ea00000| Untracked 
| 235|0x000000008eb00000, 0x000000008ec00000, 0x000000008ec00000|100%| O|  |TAMS 0x000000008eb00000, 0x000000008eb00000| Untracked 
| 236|0x000000008ec00000, 0x000000008ed00000, 0x000000008ed00000|100%| O|  |TAMS 0x000000008ec00000, 0x000000008ec00000| Untracked 
| 237|0x000000008ed00000, 0x000000008ee00000, 0x000000008ee00000|100%| O|  |TAMS 0x000000008ed00000, 0x000000008ed00000| Untracked 
| 238|0x000000008ee00000, 0x000000008ef00000, 0x000000008ef00000|100%| O|  |TAMS 0x000000008ee00000, 0x000000008ee00000| Untracked 
| 239|0x000000008ef00000, 0x000000008f000000, 0x000000008f000000|100%| O|  |TAMS 0x000000008ef00000, 0x000000008ef00000| Untracked 
| 240|0x000000008f000000, 0x000000008f100000, 0x000000008f100000|100%| O|  |TAMS 0x000000008f000000, 0x000000008f000000| Untracked 
| 241|0x000000008f100000, 0x000000008f200000, 0x000000008f200000|100%| O|  |TAMS 0x000000008f100000, 0x000000008f100000| Untracked 
| 242|0x000000008f200000, 0x000000008f300000, 0x000000008f300000|100%| O|  |TAMS 0x000000008f200000, 0x000000008f200000| Untracked 
| 243|0x000000008f300000, 0x000000008f400000, 0x000000008f400000|100%| O|  |TAMS 0x000000008f300000, 0x000000008f300000| Untracked 
| 244|0x000000008f400000, 0x000000008f500000, 0x000000008f500000|100%| O|  |TAMS 0x000000008f400000, 0x000000008f400000| Untracked 
| 245|0x000000008f500000, 0x000000008f600000, 0x000000008f600000|100%| O|  |TAMS 0x000000008f500000, 0x000000008f500000| Untracked 
| 246|0x000000008f600000, 0x000000008f700000, 0x000000008f700000|100%| O|  |TAMS 0x000000008f600000, 0x000000008f600000| Untracked 
| 247|0x000000008f700000, 0x000000008f800000, 0x000000008f800000|100%| O|  |TAMS 0x000000008f700000, 0x000000008f700000| Untracked 
| 248|0x000000008f800000, 0x000000008f880a00, 0x000000008f900000| 50%| O|  |TAMS 0x000000008f800000, 0x000000008f800000| Untracked 
| 249|0x000000008f900000, 0x000000008f900000, 0x000000008fa00000|  0%| F|  |TAMS 0x000000008f900000, 0x000000008f900000| Untracked 
| 250|0x000000008fa00000, 0x000000008fa00000, 0x000000008fb00000|  0%| F|  |TAMS 0x000000008fa00000, 0x000000008fa00000| Untracked 
| 251|0x000000008fb00000, 0x000000008fb00000, 0x000000008fc00000|  0%| F|  |TAMS 0x000000008fb00000, 0x000000008fb00000| Untracked 
| 252|0x000000008fc00000, 0x000000008fc00000, 0x000000008fd00000|  0%| F|  |TAMS 0x000000008fc00000, 0x000000008fc00000| Untracked 
| 253|0x000000008fd00000, 0x000000008fd00000, 0x000000008fe00000|  0%| F|  |TAMS 0x000000008fd00000, 0x000000008fd00000| Untracked 
| 254|0x000000008fe00000, 0x000000008fe00000, 0x000000008ff00000|  0%| F|  |TAMS 0x000000008fe00000, 0x000000008fe00000| Untracked 
| 255|0x000000008ff00000, 0x000000008ff00000, 0x0000000090000000|  0%| F|  |TAMS 0x000000008ff00000, 0x000000008ff00000| Untracked 
| 256|0x0000000090000000, 0x0000000090000000, 0x0000000090100000|  0%| F|  |TAMS 0x0000000090000000, 0x0000000090000000| Untracked 
| 257|0x0000000090100000, 0x0000000090100000, 0x0000000090200000|  0%| F|  |TAMS 0x0000000090100000, 0x0000000090100000| Untracked 
| 258|0x0000000090200000, 0x0000000090200000, 0x0000000090300000|  0%| F|  |TAMS 0x0000000090200000, 0x0000000090200000| Untracked 
| 259|0x0000000090300000, 0x0000000090300000, 0x0000000090400000|  0%| F|  |TAMS 0x0000000090300000, 0x0000000090300000| Untracked 
| 260|0x0000000090400000, 0x0000000090400000, 0x0000000090500000|  0%| F|  |TAMS 0x0000000090400000, 0x0000000090400000| Untracked 
| 261|0x0000000090500000, 0x0000000090500000, 0x0000000090600000|  0%| F|  |TAMS 0x0000000090500000, 0x0000000090500000| Untracked 
| 262|0x0000000090600000, 0x0000000090600000, 0x0000000090700000|  0%| F|  |TAMS 0x0000000090600000, 0x0000000090600000| Untracked 
| 263|0x0000000090700000, 0x0000000090700000, 0x0000000090800000|  0%| F|  |TAMS 0x0000000090700000, 0x0000000090700000| Untracked 
| 264|0x0000000090800000, 0x0000000090800000, 0x0000000090900000|  0%| F|  |TAMS 0x0000000090800000, 0x0000000090800000| Untracked 
| 265|0x0000000090900000, 0x0000000090900000, 0x0000000090a00000|  0%| F|  |TAMS 0x0000000090900000, 0x0000000090900000| Untracked 
| 266|0x0000000090a00000, 0x0000000090a00000, 0x0000000090b00000|  0%| F|  |TAMS 0x0000000090a00000, 0x0000000090a00000| Untracked 
| 267|0x0000000090b00000, 0x0000000090b00000, 0x0000000090c00000|  0%| F|  |TAMS 0x0000000090b00000, 0x0000000090b00000| Untracked 
| 268|0x0000000090c00000, 0x0000000090c00000, 0x0000000090d00000|  0%| F|  |TAMS 0x0000000090c00000, 0x0000000090c00000| Untracked 
| 269|0x0000000090d00000, 0x0000000090d00000, 0x0000000090e00000|  0%| F|  |TAMS 0x0000000090d00000, 0x0000000090d00000| Untracked 
| 270|0x0000000090e00000, 0x0000000090e00000, 0x0000000090f00000|  0%| F|  |TAMS 0x0000000090e00000, 0x0000000090e00000| Untracked 
| 271|0x0000000090f00000, 0x0000000090f00000, 0x0000000091000000|  0%| F|  |TAMS 0x0000000090f00000, 0x0000000090f00000| Untracked 
| 272|0x0000000091000000, 0x0000000091000000, 0x0000000091100000|  0%| F|  |TAMS 0x0000000091000000, 0x0000000091000000| Untracked 
| 273|0x0000000091100000, 0x0000000091100000, 0x0000000091200000|  0%| F|  |TAMS 0x0000000091100000, 0x0000000091100000| Untracked 
| 274|0x0000000091200000, 0x0000000091200000, 0x0000000091300000|  0%| F|  |TAMS 0x0000000091200000, 0x0000000091200000| Untracked 
| 275|0x0000000091300000, 0x0000000091300000, 0x0000000091400000|  0%| F|  |TAMS 0x0000000091300000, 0x0000000091300000| Untracked 
| 276|0x0000000091400000, 0x0000000091400000, 0x0000000091500000|  0%| F|  |TAMS 0x0000000091400000, 0x0000000091400000| Untracked 
| 277|0x0000000091500000, 0x0000000091500000, 0x0000000091600000|  0%| F|  |TAMS 0x0000000091500000, 0x0000000091500000| Untracked 
| 278|0x0000000091600000, 0x0000000091600000, 0x0000000091700000|  0%| F|  |TAMS 0x0000000091600000, 0x0000000091600000| Untracked 
| 279|0x0000000091700000, 0x0000000091700000, 0x0000000091800000|  0%| F|  |TAMS 0x0000000091700000, 0x0000000091700000| Untracked 
| 280|0x0000000091800000, 0x0000000091800000, 0x0000000091900000|  0%| F|  |TAMS 0x0000000091800000, 0x0000000091800000| Untracked 
| 281|0x0000000091900000, 0x0000000091900000, 0x0000000091a00000|  0%| F|  |TAMS 0x0000000091900000, 0x0000000091900000| Untracked 
| 282|0x0000000091a00000, 0x0000000091a00000, 0x0000000091b00000|  0%| F|  |TAMS 0x0000000091a00000, 0x0000000091a00000| Untracked 
| 283|0x0000000091b00000, 0x0000000091b00000, 0x0000000091c00000|  0%| F|  |TAMS 0x0000000091b00000, 0x0000000091b00000| Untracked 
| 284|0x0000000091c00000, 0x0000000091c00000, 0x0000000091d00000|  0%| F|  |TAMS 0x0000000091c00000, 0x0000000091c00000| Untracked 
| 285|0x0000000091d00000, 0x0000000091d00000, 0x0000000091e00000|  0%| F|  |TAMS 0x0000000091d00000, 0x0000000091d00000| Untracked 
| 286|0x0000000091e00000, 0x0000000091e00000, 0x0000000091f00000|  0%| F|  |TAMS 0x0000000091e00000, 0x0000000091e00000| Untracked 
| 287|0x0000000091f00000, 0x0000000091f00000, 0x0000000092000000|  0%| F|  |TAMS 0x0000000091f00000, 0x0000000091f00000| Untracked 
| 288|0x0000000092000000, 0x0000000092000000, 0x0000000092100000|  0%| F|  |TAMS 0x0000000092000000, 0x0000000092000000| Untracked 
| 289|0x0000000092100000, 0x0000000092100000, 0x0000000092200000|  0%| F|  |TAMS 0x0000000092100000, 0x0000000092100000| Untracked 
| 290|0x0000000092200000, 0x0000000092200000, 0x0000000092300000|  0%| F|  |TAMS 0x0000000092200000, 0x0000000092200000| Untracked 
| 291|0x0000000092300000, 0x0000000092300000, 0x0000000092400000|  0%| F|  |TAMS 0x0000000092300000, 0x0000000092300000| Untracked 
| 292|0x0000000092400000, 0x0000000092400000, 0x0000000092500000|  0%| F|  |TAMS 0x0000000092400000, 0x0000000092400000| Untracked 
| 293|0x0000000092500000, 0x0000000092500000, 0x0000000092600000|  0%| F|  |TAMS 0x0000000092500000, 0x0000000092500000| Untracked 
| 294|0x0000000092600000, 0x00000000926e9090, 0x0000000092700000| 91%| S|CS|TAMS 0x0000000092600000, 0x0000000092600000| Complete 
| 295|0x0000000092700000, 0x0000000092700000, 0x0000000092800000|  0%| F|  |TAMS 0x0000000092700000, 0x0000000092700000| Untracked 
| 296|0x0000000092800000, 0x0000000092800000, 0x0000000092900000|  0%| F|  |TAMS 0x0000000092800000, 0x0000000092800000| Untracked 
| 297|0x0000000092900000, 0x0000000092900000, 0x0000000092a00000|  0%| F|  |TAMS 0x0000000092900000, 0x0000000092900000| Untracked 
| 298|0x0000000092a00000, 0x0000000092a00000, 0x0000000092b00000|  0%| F|  |TAMS 0x0000000092a00000, 0x0000000092a00000| Untracked 
| 299|0x0000000092b00000, 0x0000000092b00000, 0x0000000092c00000|  0%| F|  |TAMS 0x0000000092b00000, 0x0000000092b00000| Untracked 
| 300|0x0000000092c00000, 0x0000000092c75060, 0x0000000092d00000| 45%| E|  |TAMS 0x0000000092c00000, 0x0000000092c00000| Complete 
| 301|0x0000000092d00000, 0x0000000092e00000, 0x0000000092e00000|100%| E|CS|TAMS 0x0000000092d00000, 0x0000000092d00000| Complete 
| 302|0x0000000092e00000, 0x0000000092f00000, 0x0000000092f00000|100%| E|CS|TAMS 0x0000000092e00000, 0x0000000092e00000| Complete 
| 303|0x0000000092f00000, 0x0000000093000000, 0x0000000093000000|100%| E|CS|TAMS 0x0000000092f00000, 0x0000000092f00000| Complete 
| 304|0x0000000093000000, 0x0000000093100000, 0x0000000093100000|100%| E|CS|TAMS 0x0000000093000000, 0x0000000093000000| Complete 
| 305|0x0000000093100000, 0x0000000093200000, 0x0000000093200000|100%| E|CS|TAMS 0x0000000093100000, 0x0000000093100000| Complete 
| 306|0x0000000093200000, 0x0000000093300000, 0x0000000093300000|100%| E|CS|TAMS 0x0000000093200000, 0x0000000093200000| Complete 
| 307|0x0000000093300000, 0x0000000093400000, 0x0000000093400000|100%| E|  |TAMS 0x0000000093300000, 0x0000000093300000| Complete 
| 308|0x0000000093400000, 0x0000000093500000, 0x0000000093500000|100%| E|CS|TAMS 0x0000000093400000, 0x0000000093400000| Complete 
| 309|0x0000000093500000, 0x0000000093600000, 0x0000000093600000|100%| E|CS|TAMS 0x0000000093500000, 0x0000000093500000| Complete 
| 310|0x0000000093600000, 0x0000000093700000, 0x0000000093700000|100%| E|CS|TAMS 0x0000000093600000, 0x0000000093600000| Complete 
| 311|0x0000000093700000, 0x0000000093800000, 0x0000000093800000|100%| E|CS|TAMS 0x0000000093700000, 0x0000000093700000| Complete 
| 312|0x0000000093800000, 0x0000000093900000, 0x0000000093900000|100%| E|CS|TAMS 0x0000000093800000, 0x0000000093800000| Complete 
| 313|0x0000000093900000, 0x0000000093a00000, 0x0000000093a00000|100%| E|CS|TAMS 0x0000000093900000, 0x0000000093900000| Complete 
| 314|0x0000000093a00000, 0x0000000093b00000, 0x0000000093b00000|100%| E|CS|TAMS 0x0000000093a00000, 0x0000000093a00000| Complete 
| 315|0x0000000093b00000, 0x0000000093c00000, 0x0000000093c00000|100%| E|CS|TAMS 0x0000000093b00000, 0x0000000093b00000| Complete 
| 316|0x0000000093c00000, 0x0000000093d00000, 0x0000000093d00000|100%| E|CS|TAMS 0x0000000093c00000, 0x0000000093c00000| Complete 
| 317|0x0000000093d00000, 0x0000000093e00000, 0x0000000093e00000|100%| E|CS|TAMS 0x0000000093d00000, 0x0000000093d00000| Complete 
| 318|0x0000000093e00000, 0x0000000093f00000, 0x0000000093f00000|100%| E|CS|TAMS 0x0000000093e00000, 0x0000000093e00000| Complete 
| 319|0x0000000093f00000, 0x0000000094000000, 0x0000000094000000|100%| E|CS|TAMS 0x0000000093f00000, 0x0000000093f00000| Complete 
| 320|0x0000000094000000, 0x0000000094100000, 0x0000000094100000|100%| E|CS|TAMS 0x0000000094000000, 0x0000000094000000| Complete 
| 321|0x0000000094100000, 0x0000000094200000, 0x0000000094200000|100%| E|CS|TAMS 0x0000000094100000, 0x0000000094100000| Complete 
| 322|0x0000000094200000, 0x0000000094300000, 0x0000000094300000|100%| E|CS|TAMS 0x0000000094200000, 0x0000000094200000| Complete 
| 323|0x0000000094300000, 0x0000000094400000, 0x0000000094400000|100%| E|CS|TAMS 0x0000000094300000, 0x0000000094300000| Complete 
| 324|0x0000000094400000, 0x0000000094500000, 0x0000000094500000|100%| E|CS|TAMS 0x0000000094400000, 0x0000000094400000| Complete 
| 325|0x0000000094500000, 0x0000000094600000, 0x0000000094600000|100%| E|CS|TAMS 0x0000000094500000, 0x0000000094500000| Complete 
| 326|0x0000000094600000, 0x0000000094700000, 0x0000000094700000|100%| E|CS|TAMS 0x0000000094600000, 0x0000000094600000| Complete 
| 327|0x0000000094700000, 0x0000000094800000, 0x0000000094800000|100%| E|CS|TAMS 0x0000000094700000, 0x0000000094700000| Complete 
| 328|0x0000000094800000, 0x0000000094900000, 0x0000000094900000|100%| E|CS|TAMS 0x0000000094800000, 0x0000000094800000| Complete 
| 329|0x0000000094900000, 0x0000000094a00000, 0x0000000094a00000|100%| E|CS|TAMS 0x0000000094900000, 0x0000000094900000| Complete 

Card table byte_map: [0x00000219769b0000,0x0000021976db0000] _byte_map_base: 0x00000219765b0000

Marking Bits (Prev, Next): (CMBitMap*) 0x0000021963dfd870, (CMBitMap*) 0x0000021963dfd830
 Prev Bits: [0x00000219791b0000, 0x000002197b1b0000)
 Next Bits: [0x00000219771b0000, 0x00000219791b0000)

Polling page: 0x0000021963560000

Metaspace:

Usage:
  Non-class:    162.13 MB used.
      Class:     23.97 MB used.
       Both:    186.10 MB used.

Virtual space:
  Non-class space:      192.00 MB reserved,     162.69 MB ( 85%) committed,  3 nodes.
      Class space:        1.00 GB reserved,      24.50 MB (  2%) committed,  1 nodes.
             Both:        1.19 GB reserved,     187.19 MB ( 15%) committed. 

Chunk freelists:
   Non-Class:  12.70 MB
       Class:  7.37 MB
        Both:  20.07 MB

MaxMetaspaceSize: unlimited
CompressedClassSpaceSize: 1.00 GB
Initial GC threshold: 21.00 MB
Current GC threshold: 230.44 MB
CDS: off
MetaspaceReclaimPolicy: balanced
 - commit_granule_bytes: 65536.
 - commit_granule_words: 8192.
 - virtual_space_node_default_size: 8388608.
 - enlarge_chunks_in_place: 1.
 - new_chunks_are_fully_committed: 0.
 - uncommit_free_chunks: 1.
 - use_allocation_guard: 0.
 - handle_deallocations: 1.


Internal statistics:

num_allocs_failed_limit: 9.
num_arena_births: 1818.
num_arena_deaths: 0.
num_vsnodes_births: 4.
num_vsnodes_deaths: 0.
num_space_committed: 2991.
num_space_uncommitted: 0.
num_chunks_returned_to_freelist: 9.
num_chunks_taken_from_freelist: 8965.
num_chunk_merges: 6.
num_chunk_splits: 6357.
num_chunks_enlarged: 4626.
num_inconsistent_stats: 0.

CodeHeap 'non-profiled nmethods': size=120000Kb used=11360Kb max_used=11360Kb free=108639Kb
 bounds [0x000002196ed50000, 0x000002196f870000, 0x0000021976280000]
CodeHeap 'profiled nmethods': size=120000Kb used=34344Kb max_used=34344Kb free=85656Kb
 bounds [0x0000021967280000, 0x0000021969410000, 0x000002196e7b0000]
CodeHeap 'non-nmethods': size=5760Kb used=2659Kb max_used=2710Kb free=3100Kb
 bounds [0x000002196e7b0000, 0x000002196ea60000, 0x000002196ed50000]
 total_blobs=18306 nmethods=17085 adapters=1130
 compilation: enabled
              stopped_count=0, restarted_count=0
 full_count=0

Compilation events (20 events):
Event: 33.293 Thread 0x000002197dd98670 nmethod 20060 0x00000219693f8390 code [0x00000219693f85e0, 0x00000219693f8ed8]
Event: 33.293 Thread 0x000002197dd98670 20061       3       org.gradle.api.internal.provider.Providers::ofNullable (13 bytes)
Event: 33.293 Thread 0x000002197dd98670 nmethod 20061 0x00000219693f9210 code [0x00000219693f9400, 0x00000219693f9988]
Event: 33.293 Thread 0x000002197dd98670 20062       3       org.gradle.api.internal.provider.sources.AbstractPropertyValueSource::<init> (5 bytes)
Event: 33.293 Thread 0x000002197dd98670 nmethod 20062 0x00000219693f9b90 code [0x00000219693f9d20, 0x00000219693f9e78]
Event: 33.293 Thread 0x000002197dd98670 20057       3       com.android.build.gradle.options.ProjectOptions$OptionValue$$Lambda$1363/0x0000000100fe1db8::<init> (15 bytes)
Event: 33.294 Thread 0x000002197dd98670 nmethod 20057 0x00000219693f9f10 code [0x00000219693fa0c0, 0x00000219693fa2d8]
Event: 33.294 Thread 0x000002197dd98670 20064       3       org.gradle.api.internal.provider.DefaultProviderFactory::gradleProperty (9 bytes)
Event: 33.294 Thread 0x000002197dd98670 nmethod 20064 0x00000219693fa390 code [0x00000219693fa600, 0x00000219693fb298]
Event: 33.294 Thread 0x000002197dd98670 20065       3       org.gradle.api.internal.provider.DefaultProviderFactory::gradleProperty (13 bytes)
Event: 33.295 Thread 0x000002197dd98670 nmethod 20065 0x00000219693fb710 code [0x00000219693fb940, 0x00000219693fc188]
Event: 33.295 Thread 0x000002197dd98670 20070       3       org.gradle.internal.service.DefaultServiceRegistry::<init> (9 bytes)
Event: 33.295 Thread 0x000002197dd98670 nmethod 20070 0x00000219693fc490 code [0x00000219693fc640, 0x00000219693fc788]
Event: 33.295 Thread 0x000002197dd98670 20069       3       com.android.build.gradle.options.ProjectOptions$OptionValue::setValue (42 bytes)
Event: 33.296 Thread 0x000002197dd98670 nmethod 20069 0x00000219693fc810 code [0x00000219693fcb60, 0x00000219693fe208]
Event: 33.296 Thread 0x000002197dd98670 20066   !   3       jdk.internal.reflect.GeneratedSerializationConstructorAccessor56::newInstance (49 bytes)
Event: 33.297 Thread 0x000002197dd98670 nmethod 20066 0x00000219693fea10 code [0x00000219693febe0, 0x00000219693fefe8]
Event: 33.297 Thread 0x000002197dd98670 20067       3       org.gradle.api.internal.provider.sources.GradlePropertyValueSource$Parameters$Inject::$gradleInit (10 bytes)
Event: 33.305 Thread 0x000002197dd98670 nmethod 20067 0x00000219693ff210 code [0x00000219693ff4e0, 0x00000219694004c8]
Event: 33.305 Thread 0x000002197dd98670 20074       3       org.gradle.api.internal.provider.AbstractMinimalProvider::unpackState (5 bytes)

GC Heap History (20 events):
Event: 19.294 GC heap before
{Heap before GC invocations=61 (full 0):
 garbage-first heap   total 337920K, used 286681K [0x0000000080000000, 0x0000000100000000)
  region size 1024K, 78 young (79872K), 7 survivors (7168K)
 Metaspace       used 160735K, committed 161728K, reserved 1245184K
  class space    used 20951K, committed 21440K, reserved 1048576K
}
Event: 19.298 GC heap after
{Heap after GC invocations=62 (full 0):
 garbage-first heap   total 337920K, used 216392K [0x0000000080000000, 0x0000000100000000)
  region size 1024K, 7 young (7168K), 7 survivors (7168K)
 Metaspace       used 160735K, committed 161728K, reserved 1245184K
  class space    used 20951K, committed 21440K, reserved 1048576K
}
Event: 19.723 GC heap before
{Heap before GC invocations=62 (full 0):
 garbage-first heap   total 337920K, used 302408K [0x0000000080000000, 0x0000000100000000)
  region size 1024K, 76 young (77824K), 7 survivors (7168K)
 Metaspace       used 161141K, committed 162112K, reserved 1245184K
  class space    used 21015K, committed 21440K, reserved 1048576K
}
Event: 19.731 GC heap after
{Heap after GC invocations=63 (full 0):
 garbage-first heap   total 337920K, used 224204K [0x0000000080000000, 0x0000000100000000)
  region size 1024K, 10 young (10240K), 10 survivors (10240K)
 Metaspace       used 161141K, committed 162112K, reserved 1245184K
  class space    used 21015K, committed 21440K, reserved 1048576K
}
Event: 20.309 GC heap before
{Heap before GC invocations=63 (full 0):
 garbage-first heap   total 337920K, used 283596K [0x0000000080000000, 0x0000000100000000)
  region size 1024K, 67 young (68608K), 10 survivors (10240K)
 Metaspace       used 168096K, committed 169024K, reserved 1245184K
  class space    used 21894K, committed 22336K, reserved 1048576K
}
Event: 20.315 GC heap after
{Heap after GC invocations=64 (full 0):
 garbage-first heap   total 337920K, used 227300K [0x0000000080000000, 0x0000000100000000)
  region size 1024K, 3 young (3072K), 3 survivors (3072K)
 Metaspace       used 168096K, committed 169024K, reserved 1245184K
  class space    used 21894K, committed 22336K, reserved 1048576K
}
Event: 20.928 GC heap before
{Heap before GC invocations=64 (full 0):
 garbage-first heap   total 337920K, used 285668K [0x0000000080000000, 0x0000000100000000)
  region size 1024K, 60 young (61440K), 3 survivors (3072K)
 Metaspace       used 172893K, committed 173824K, reserved 1245184K
  class space    used 22482K, committed 22912K, reserved 1048576K
}
Event: 20.935 GC heap after
{Heap after GC invocations=65 (full 0):
 garbage-first heap   total 337920K, used 231205K [0x0000000080000000, 0x0000000100000000)
  region size 1024K, 7 young (7168K), 7 survivors (7168K)
 Metaspace       used 172893K, committed 173824K, reserved 1245184K
  class space    used 22482K, committed 22912K, reserved 1048576K
}
Event: 21.208 GC heap before
{Heap before GC invocations=65 (full 0):
 garbage-first heap   total 337920K, used 286501K [0x0000000080000000, 0x0000000100000000)
  region size 1024K, 62 young (63488K), 7 survivors (7168K)
 Metaspace       used 173243K, committed 174208K, reserved 1245184K
  class space    used 22510K, committed 22976K, reserved 1048576K
}
Event: 21.217 GC heap after
{Heap after GC invocations=66 (full 0):
 garbage-first heap   total 337920K, used 237671K [0x0000000080000000, 0x0000000100000000)
  region size 1024K, 7 young (7168K), 7 survivors (7168K)
 Metaspace       used 173243K, committed 174208K, reserved 1245184K
  class space    used 22510K, committed 22976K, reserved 1048576K
}
Event: 21.709 GC heap before
{Heap before GC invocations=66 (full 0):
 garbage-first heap   total 337920K, used 285799K [0x0000000080000000, 0x0000000100000000)
  region size 1024K, 55 young (56320K), 7 survivors (7168K)
 Metaspace       used 174767K, committed 175744K, reserved 1245184K
  class space    used 22708K, committed 23168K, reserved 1048576K
}
Event: 21.717 GC heap after
{Heap after GC invocations=67 (full 0):
 garbage-first heap   total 337920K, used 242224K [0x0000000080000000, 0x0000000100000000)
  region size 1024K, 6 young (6144K), 6 survivors (6144K)
 Metaspace       used 174767K, committed 175744K, reserved 1245184K
  class space    used 22708K, committed 23168K, reserved 1048576K
}
Event: 22.353 GC heap before
{Heap before GC invocations=67 (full 0):
 garbage-first heap   total 337920K, used 287280K [0x0000000080000000, 0x0000000100000000)
  region size 1024K, 50 young (51200K), 6 survivors (6144K)
 Metaspace       used 177498K, committed 178560K, reserved 1245184K
  class space    used 23022K, committed 23488K, reserved 1048576K
}
Event: 22.361 GC heap after
{Heap after GC invocations=68 (full 0):
 garbage-first heap   total 337920K, used 247985K [0x0000000080000000, 0x0000000100000000)
  region size 1024K, 6 young (6144K), 6 survivors (6144K)
 Metaspace       used 177498K, committed 178560K, reserved 1245184K
  class space    used 23022K, committed 23488K, reserved 1048576K
}
Event: 23.829 GC heap before
{Heap before GC invocations=68 (full 0):
 garbage-first heap   total 337920K, used 288945K [0x0000000080000000, 0x0000000100000000)
  region size 1024K, 46 young (47104K), 6 survivors (6144K)
 Metaspace       used 183639K, committed 184576K, reserved 1245184K
  class space    used 23802K, committed 24256K, reserved 1048576K
}
Event: 23.835 GC heap after
{Heap after GC invocations=69 (full 0):
 garbage-first heap   total 337920K, used 251549K [0x0000000080000000, 0x0000000100000000)
  region size 1024K, 4 young (4096K), 4 survivors (4096K)
 Metaspace       used 183639K, committed 184576K, reserved 1245184K
  class space    used 23802K, committed 24256K, reserved 1048576K
}
Event: 24.245 GC heap before
{Heap before GC invocations=69 (full 0):
 garbage-first heap   total 337920K, used 289437K [0x0000000080000000, 0x0000000100000000)
  region size 1024K, 42 young (43008K), 4 survivors (4096K)
 Metaspace       used 186539K, committed 187584K, reserved 1245184K
  class space    used 24174K, committed 24704K, reserved 1048576K
}
Event: 24.250 GC heap after
{Heap after GC invocations=70 (full 0):
 garbage-first heap   total 337920K, used 254424K [0x0000000080000000, 0x0000000100000000)
  region size 1024K, 4 young (4096K), 4 survivors (4096K)
 Metaspace       used 186539K, committed 187584K, reserved 1245184K
  class space    used 24174K, committed 24704K, reserved 1048576K
}
Event: 33.022 GC heap before
{Heap before GC invocations=70 (full 0):
 garbage-first heap   total 337920K, used 289240K [0x0000000080000000, 0x0000000100000000)
  region size 1024K, 39 young (39936K), 4 survivors (4096K)
 Metaspace       used 190123K, committed 191296K, reserved 1245184K
  class space    used 24498K, committed 25088K, reserved 1048576K
}
Event: 33.024 GC heap after
{Heap after GC invocations=71 (full 0):
 garbage-first heap   total 337920K, used 255398K [0x0000000080000000, 0x0000000100000000)
  region size 1024K, 1 young (1024K), 1 survivors (1024K)
 Metaspace       used 190123K, committed 191296K, reserved 1245184K
  class space    used 24498K, committed 25088K, reserved 1048576K
}

Dll operation events (3 events):
Event: 0.004 Loaded shared library C:\Program Files\Android\Android Studio1\jbr\bin\java.dll
Event: 0.088 Loaded shared library C:\Program Files\Android\Android Studio1\jbr\bin\zip.dll
Event: 0.263 Loaded shared library C:\Program Files\Android\Android Studio1\jbr\bin\verify.dll

Deoptimization events (20 events):
Event: 33.094 Thread 0x000002197f478aa0 Uncommon trap: trap_request=0xffffffde fr.pc=0x000002196f018004 relative=0x0000000000002904
Event: 33.094 Thread 0x000002197f478aa0 Uncommon trap: reason=class_check action=maybe_recompile pc=0x000002196f018004 method=org.gradle.api.internal.attributes.DefaultCompatibilityRuleChain.execute(Lorg/gradle/api/internal/attributes/CompatibilityCheckResult;)V @ 25 c2
Event: 33.094 Thread 0x000002197f478aa0 DEOPT PACKING pc=0x000002196f018004 sp=0x000000d1eb2f7b60
Event: 33.094 Thread 0x000002197f478aa0 DEOPT UNPACKING pc=0x000002196e80a1a3 sp=0x000000d1eb2f7aa0 mode 2
Event: 33.238 Thread 0x000002197f478aa0 Uncommon trap: trap_request=0xffffff45 fr.pc=0x000002196f5c8110 relative=0x0000000000000670
Event: 33.238 Thread 0x000002197f478aa0 Uncommon trap: reason=unstable_if action=reinterpret pc=0x000002196f5c8110 method=java.util.concurrent.FutureTask.awaitDone(ZJ)I @ 38 c2
Event: 33.238 Thread 0x000002197f478aa0 DEOPT PACKING pc=0x000002196f5c8110 sp=0x000000d1eb2f9010
Event: 33.238 Thread 0x000002197f478aa0 DEOPT UNPACKING pc=0x000002196e80a1a3 sp=0x000000d1eb2f8f90 mode 2
Event: 33.241 Thread 0x000002190655a330 Uncommon trap: trap_request=0xffffff45 fr.pc=0x000002196f85f4a0 relative=0x0000000000000460
Event: 33.241 Thread 0x000002190655a330 Uncommon trap: reason=unstable_if action=reinterpret pc=0x000002196f85f4a0 method=java.util.concurrent.ConcurrentLinkedQueue.offer(Ljava/lang/Object;)Z @ 96 c2
Event: 33.241 Thread 0x000002190655a330 DEOPT PACKING pc=0x000002196f85f4a0 sp=0x000000d1ec6fe930
Event: 33.241 Thread 0x000002190655a330 DEOPT UNPACKING pc=0x000002196e80a1a3 sp=0x000000d1ec6fe838 mode 2
Event: 33.249 Thread 0x000002197f478aa0 Uncommon trap: trap_request=0xffffffde fr.pc=0x000002196f4f4f6c relative=0x0000000000000a0c
Event: 33.249 Thread 0x000002197f478aa0 Uncommon trap: reason=class_check action=maybe_recompile pc=0x000002196f4f4f6c method=org.gradle.tooling.internal.provider.runner.ClientBuildEventGenerator$Enabled.accept(Lorg/gradle/internal/operations/BuildOperationDescriptor;)Lorg/gradle/tooling/intern
Event: 33.249 Thread 0x000002197f478aa0 DEOPT PACKING pc=0x000002196f4f4f6c sp=0x000000d1eb2fabf0
Event: 33.249 Thread 0x000002197f478aa0 DEOPT UNPACKING pc=0x000002196e80a1a3 sp=0x000000d1eb2fab18 mode 2
Event: 33.251 Thread 0x000002190598ea70 Uncommon trap: trap_request=0xffffff45 fr.pc=0x000002196f826eec relative=0x0000000000006eec
Event: 33.251 Thread 0x000002190598ea70 Uncommon trap: reason=unstable_if action=reinterpret pc=0x000002196f826eec method=java.io.ObjectOutputStream.writeOrdinaryObject(Ljava/lang/Object;Ljava/io/ObjectStreamClass;Z)V @ 134 c2
Event: 33.251 Thread 0x000002190598ea70 DEOPT PACKING pc=0x000002196f826eec sp=0x000000d1ebcfe550
Event: 33.251 Thread 0x000002190598ea70 DEOPT UNPACKING pc=0x000002196e80a1a3 sp=0x000000d1ebcfe4f0 mode 2

Classes unloaded (0 events):
No events

Classes redefined (0 events):
No events

Internal exceptions (20 events):
Event: 24.124 Thread 0x00000219079af540 Exception <a 'sun/nio/fs/WindowsException'{0x0000000093000ec8}> (0x0000000093000ec8) 
thrown [s\src\hotspot\share\prims\jni.cpp, line 517]
Event: 24.126 Thread 0x000002197f478aa0 Exception <a 'java/lang/NoSuchMethodError'{0x00000000931cc938}: 'void java.lang.invoke.DirectMethodHandle$Holder.invokeSpecial(java.lang.Object, java.lang.Object, int)'> (0x00000000931cc938) 
thrown [s\src\hotspot\share\interpreter\linkResolver.cpp, line 771]
Event: 24.215 Thread 0x000002197f478aa0 Implicit null exception at 0x000002196f74868f to 0x000002196f7486dc
Event: 33.001 Thread 0x000002197f478aa0 Exception <a 'sun/nio/fs/WindowsException'{0x0000000092dbfa18}> (0x0000000092dbfa18) 
thrown [s\src\hotspot\share\prims\jni.cpp, line 517]
Event: 33.002 Thread 0x000002197f478aa0 Exception <a 'sun/nio/fs/WindowsException'{0x0000000092dc0f80}> (0x0000000092dc0f80) 
thrown [s\src\hotspot\share\prims\jni.cpp, line 517]
Event: 33.003 Thread 0x000002197f478aa0 Exception <a 'sun/nio/fs/WindowsException'{0x0000000092dc24e8}> (0x0000000092dc24e8) 
thrown [s\src\hotspot\share\prims\jni.cpp, line 517]
Event: 33.003 Thread 0x000002197f478aa0 Exception <a 'sun/nio/fs/WindowsException'{0x0000000092dc3a20}> (0x0000000092dc3a20) 
thrown [s\src\hotspot\share\prims\jni.cpp, line 517]
Event: 33.041 Thread 0x000002197f478aa0 Exception <a 'sun/nio/fs/WindowsException'{0x00000000947ad260}> (0x00000000947ad260) 
thrown [s\src\hotspot\share\prims\jni.cpp, line 517]
Event: 33.041 Thread 0x000002197f478aa0 Exception <a 'sun/nio/fs/WindowsException'{0x00000000947ad400}> (0x00000000947ad400) 
thrown [s\src\hotspot\share\prims\jni.cpp, line 517]
Event: 33.041 Thread 0x000002197f478aa0 Exception <a 'sun/nio/fs/WindowsException'{0x00000000947afbe8}> (0x00000000947afbe8) 
thrown [s\src\hotspot\share\prims\jni.cpp, line 517]
Event: 33.041 Thread 0x000002197f478aa0 Exception <a 'sun/nio/fs/WindowsException'{0x00000000947afe10}> (0x00000000947afe10) 
thrown [s\src\hotspot\share\prims\jni.cpp, line 517]
Event: 33.042 Thread 0x000002197f478aa0 Exception <a 'sun/nio/fs/WindowsException'{0x00000000947b3f28}> (0x00000000947b3f28) 
thrown [s\src\hotspot\share\prims\jni.cpp, line 517]
Event: 33.042 Thread 0x000002197f478aa0 Exception <a 'sun/nio/fs/WindowsException'{0x00000000947b4150}> (0x00000000947b4150) 
thrown [s\src\hotspot\share\prims\jni.cpp, line 517]
Event: 33.055 Thread 0x000002190598ea70 Exception <a 'java/lang/NoSuchMethodError'{0x00000000945784e0}: static Lorg/gradle/internal/build/event/types/DefaultProjectConfigurationDescriptor;.<clinit>()V> (0x00000000945784e0) 
thrown [s\src\hotspot\share\prims\jni.cpp, line 1108]
Event: 33.247 Thread 0x000002197f478aa0 Exception <a 'java/lang/NoSuchMethodError'{0x00000000935b6038}: 'long java.lang.invoke.DirectMethodHandle$Holder.invokeVirtual(java.lang.Object, java.lang.Object)'> (0x00000000935b6038) 
thrown [s\src\hotspot\share\interpreter\linkResolver.cpp, line 771]
Event: 33.250 Thread 0x000002190598ea70 Exception <a 'java/lang/NoSuchMethodError'{0x00000000932c5668}: static Lorg/gradle/internal/build/event/types/DefaultProjectConfigurationSuccessResult;.<clinit>()V> (0x00000000932c5668) 
thrown [s\src\hotspot\share\prims\jni.cpp, line 1108]
Event: 33.250 Thread 0x000002190598ea70 Exception <a 'java/lang/NoSuchMethodError'{0x00000000932c65d0}: static Lorg/gradle/internal/build/event/types/AbstractProjectConfigurationResult;.<clinit>()V> (0x00000000932c65d0) 
thrown [s\src\hotspot\share\prims\jni.cpp, line 1108]
Event: 33.250 Thread 0x000002190598ea70 Exception <a 'java/lang/NoSuchMethodError'{0x00000000932d0338}: static Lorg/gradle/internal/build/event/types/DefaultPluginApplicationResult;.<clinit>()V> (0x00000000932d0338) 
thrown [s\src\hotspot\share\prims\jni.cpp, line 1108]
Event: 33.250 Thread 0x000002190598ea70 Exception <a 'java/lang/NoSuchMethodError'{0x00000000932dad20}: static Lorg/gradle/internal/build/event/types/DefaultBinaryPluginIdentifier;.<clinit>()V> (0x00000000932dad20) 
thrown [s\src\hotspot\share\prims\jni.cpp, line 1108]
Event: 33.252 Thread 0x000002190598ea70 Exception <a 'java/lang/NoSuchMethodError'{0x00000000932f0538}: static Lorg/gradle/internal/build/event/types/DefaultScriptPluginIdentifier;.<clinit>()V> (0x00000000932f0538) 
thrown [s\src\hotspot\share\prims\jni.cpp, line 1108]

VM Operations (20 events):
Event: 24.019 Executing VM operation: HandshakeAllThreads
Event: 24.020 Executing VM operation: HandshakeAllThreads done
Event: 24.131 Executing VM operation: HandshakeAllThreads
Event: 24.138 Executing VM operation: HandshakeAllThreads done
Event: 24.218 Executing VM operation: ICBufferFull
Event: 24.218 Executing VM operation: ICBufferFull done
Event: 24.245 Executing VM operation: G1CollectForAllocation
Event: 24.250 Executing VM operation: G1CollectForAllocation done
Event: 25.253 Executing VM operation: Cleanup
Event: 25.253 Executing VM operation: Cleanup done
Event: 27.273 Executing VM operation: Cleanup
Event: 27.273 Executing VM operation: Cleanup done
Event: 33.012 Executing VM operation: HandshakeAllThreads
Event: 33.012 Executing VM operation: HandshakeAllThreads done
Event: 33.012 Executing VM operation: Cleanup
Event: 33.012 Executing VM operation: Cleanup done
Event: 33.022 Executing VM operation: G1CollectForAllocation
Event: 33.024 Executing VM operation: G1CollectForAllocation done
Event: 33.075 Executing VM operation: ICBufferFull
Event: 33.076 Executing VM operation: ICBufferFull done

Events (20 events):
Event: 33.026 Thread 0x000002197dd98f80 flushing nmethod 0x0000021967cb4210
Event: 33.028 Thread 0x000002197dd98f80 flushing nmethod 0x00000219680a7c10
Event: 33.033 Thread 0x000002190598ef80 Thread added: 0x000002190598ef80
Event: 33.033 Thread 0x000002197dd98f80 flushing nmethod 0x0000021968b7a510
Event: 33.034 Thread 0x000002197dd98f80 flushing nmethod 0x0000021968ca0b10
Event: 33.036 Thread 0x000002197dd98f80 flushing nmethod 0x0000021968f40090
Event: 33.036 Thread 0x000002197dd98f80 flushing nmethod 0x0000021968f7a890
Event: 33.084 Thread 0x00000219059903c0 Thread added: 0x00000219059903c0
Event: 33.223 Thread 0x0000021905992c40 Thread added: 0x0000021905992c40
Event: 33.224 Thread 0x000002190598d630 Thread added: 0x000002190598d630
Event: 33.224 Thread 0x000002190598feb0 Thread added: 0x000002190598feb0
Event: 33.224 Thread 0x0000021905992730 Thread added: 0x0000021905992730
Event: 33.224 Thread 0x0000021905991d10 Thread added: 0x0000021905991d10
Event: 33.224 Thread 0x0000021905993b70 Thread added: 0x0000021905993b70
Event: 33.224 Thread 0x0000021905992220 Thread added: 0x0000021905992220
Event: 33.248 loading class java/util/stream/SortedOps$RefSortingSink
Event: 33.248 loading class java/util/stream/SortedOps$RefSortingSink done
Event: 33.251 loading class java/time/Ser
Event: 33.251 loading class java/time/Ser done
Event: 33.288 Thread 0x000002190598db40 Thread added: 0x000002190598db40


Dynamic libraries:
0x00007ff7b26d0000 - 0x00007ff7b26da000 	C:\Program Files\Android\Android Studio1\jbr\bin\java.exe
0x00007ffb18330000 - 0x00007ffb18528000 	C:\windows\SYSTEM32\ntdll.dll
0x00007ffb172c0000 - 0x00007ffb17381000 	C:\windows\System32\KERNEL32.DLL
0x00007ffb15bd0000 - 0x00007ffb15ecd000 	C:\windows\System32\KERNELBASE.dll
0x00007ffb16230000 - 0x00007ffb16330000 	C:\windows\System32\ucrtbase.dll
0x00007ffb0ba80000 - 0x00007ffb0ba97000 	C:\Program Files\Android\Android Studio1\jbr\bin\jli.dll
0x00007ffb17f80000 - 0x00007ffb1811d000 	C:\windows\System32\USER32.dll
0x00007ffb03fc0000 - 0x00007ffb03fdb000 	C:\Program Files\Android\Android Studio1\jbr\bin\VCRUNTIME140.dll
0x00007ffb16330000 - 0x00007ffb16352000 	C:\windows\System32\win32u.dll
0x00007ffb14d90000 - 0x00007ffb1502a000 	C:\windows\WinSxS\amd64_microsoft.windows.common-controls_6595b64144ccf1df_6.0.19041.4355_none_60b8b9eb71f62e16\COMCTL32.dll
0x00007ffb170f0000 - 0x00007ffb1711b000 	C:\windows\System32\GDI32.dll
0x00007ffb18250000 - 0x00007ffb182ee000 	C:\windows\System32\msvcrt.dll
0x00007ffb16060000 - 0x00007ffb16177000 	C:\windows\System32\gdi32full.dll
0x00007ffb15b30000 - 0x00007ffb15bcd000 	C:\windows\System32\msvcp_win.dll
0x00007ffb173f0000 - 0x00007ffb1741f000 	C:\windows\System32\IMM32.DLL
0x00007ffb0b530000 - 0x00007ffb0b53c000 	C:\Program Files\Android\Android Studio1\jbr\bin\vcruntime140_1.dll
0x00007ffaf5620000 - 0x00007ffaf56ad000 	C:\Program Files\Android\Android Studio1\jbr\bin\msvcp140.dll
0x00007ffac4fa0000 - 0x00007ffac5c23000 	C:\Program Files\Android\Android Studio1\jbr\bin\server\jvm.dll
0x00007ffb167d0000 - 0x00007ffb16880000 	C:\windows\System32\ADVAPI32.dll
0x00007ffb16360000 - 0x00007ffb16400000 	C:\windows\System32\sechost.dll
0x00007ffb17180000 - 0x00007ffb172a3000 	C:\windows\System32\RPCRT4.dll
0x00007ffb15ed0000 - 0x00007ffb15ef7000 	C:\windows\System32\bcrypt.dll
0x00007ffb153c0000 - 0x00007ffb153c9000 	C:\windows\SYSTEM32\WSOCK32.dll
0x00007ffb155c0000 - 0x00007ffb1560b000 	C:\windows\SYSTEM32\POWRPROF.dll
0x00007ffb16520000 - 0x00007ffb1658b000 	C:\windows\System32\WS2_32.dll
0x00007ffaee8a0000 - 0x00007ffaee8c7000 	C:\windows\SYSTEM32\WINMM.dll
0x00007ffb0b1d0000 - 0x00007ffb0b1da000 	C:\windows\SYSTEM32\VERSION.dll
0x00007ffb15120000 - 0x00007ffb15132000 	C:\windows\SYSTEM32\UMPDC.dll
0x00007ffb133a0000 - 0x00007ffb133b2000 	C:\windows\SYSTEM32\kernel.appcore.dll
0x00007ffb0e4e0000 - 0x00007ffb0e4ea000 	C:\Program Files\Android\Android Studio1\jbr\bin\jimage.dll
0x00007ffb153d0000 - 0x00007ffb155b4000 	C:\windows\SYSTEM32\DBGHELP.DLL
0x00007ffb15310000 - 0x00007ffb15344000 	C:\windows\SYSTEM32\dbgcore.DLL
0x00007ffb15aa0000 - 0x00007ffb15b22000 	C:\windows\System32\bcryptPrimitives.dll
0x00007ffb0bad0000 - 0x00007ffb0bade000 	C:\Program Files\Android\Android Studio1\jbr\bin\instrument.dll
0x00007ffb0bc00000 - 0x00007ffb0bc25000 	C:\Program Files\Android\Android Studio1\jbr\bin\java.dll
0x00007ffb0bb30000 - 0x00007ffb0bb48000 	C:\Program Files\Android\Android Studio1\jbr\bin\zip.dll
0x00007ffb17740000 - 0x00007ffb17eaf000 	C:\windows\System32\SHELL32.dll
0x00007ffb133e0000 - 0x00007ffb13b7f000 	C:\windows\SYSTEM32\windows.storage.dll
0x00007ffb16d90000 - 0x00007ffb170e3000 	C:\windows\System32\combase.dll
0x00007ffb14cf0000 - 0x00007ffb14d1e000 	C:\windows\SYSTEM32\Wldp.dll
0x00007ffb17eb0000 - 0x00007ffb17f7d000 	C:\windows\System32\OLEAUT32.dll
0x00007ffb16720000 - 0x00007ffb167cd000 	C:\windows\System32\SHCORE.dll
0x00007ffb17450000 - 0x00007ffb174a5000 	C:\windows\System32\shlwapi.dll
0x00007ffb15910000 - 0x00007ffb15934000 	C:\windows\SYSTEM32\profapi.dll
0x00007ffb0bb10000 - 0x00007ffb0bb29000 	C:\Program Files\Android\Android Studio1\jbr\bin\net.dll
0x00007ffb0f160000 - 0x00007ffb0f26d000 	C:\windows\SYSTEM32\WINHTTP.dll
0x00007ffb14a60000 - 0x00007ffb14aca000 	C:\windows\system32\mswsock.dll
0x00007ffb0baa0000 - 0x00007ffb0bab6000 	C:\Program Files\Android\Android Studio1\jbr\bin\nio.dll
0x00007ffb0d6b0000 - 0x00007ffb0d6c0000 	C:\Program Files\Android\Android Studio1\jbr\bin\verify.dll
0x00007ffb0bc50000 - 0x00007ffb0bc77000 	C:\Users\a\.gradle\native\c067742578af261105cb4f569cf0c3c89f3d7b1fecec35dd04571415982c5e48\windows-amd64\native-platform.dll
0x00007ffad1800000 - 0x00007ffad1944000 	C:\Users\a\.gradle\native\38dada09dfb8b06ba9b0570ebf7e218e3eb74d4ef43ca46872605cf95ebc2f47\windows-amd64\native-platform-file-events.dll
0x00007ffb0e1c0000 - 0x00007ffb0e1c9000 	C:\Program Files\Android\Android Studio1\jbr\bin\management.dll
0x00007ffb0d9a0000 - 0x00007ffb0d9ab000 	C:\Program Files\Android\Android Studio1\jbr\bin\management_ext.dll
0x00007ffb16cf0000 - 0x00007ffb16cf8000 	C:\windows\System32\PSAPI.DLL
0x00007ffb15740000 - 0x00007ffb15758000 	C:\windows\SYSTEM32\CRYPTSP.dll
0x00007ffb14370000 - 0x00007ffb143a4000 	C:\windows\system32\rsaenh.dll
0x00007ffb158c0000 - 0x00007ffb158ee000 	C:\windows\SYSTEM32\USERENV.dll
0x00007ffb14c90000 - 0x00007ffb14c9c000 	C:\windows\SYSTEM32\CRYPTBASE.dll
0x00007ffb14750000 - 0x00007ffb1478b000 	C:\windows\SYSTEM32\IPHLPAPI.DLL
0x00007ffb17420000 - 0x00007ffb17428000 	C:\windows\System32\NSI.dll
0x00007ffb0aab0000 - 0x00007ffb0aac7000 	C:\windows\SYSTEM32\dhcpcsvc6.DLL
0x00007ffb0be20000 - 0x00007ffb0be3d000 	C:\windows\SYSTEM32\dhcpcsvc.DLL
0x00007ffb14790000 - 0x00007ffb1485a000 	C:\windows\SYSTEM32\DNSAPI.dll
0x00007ffb0d800000 - 0x00007ffb0d807000 	C:\windows\system32\wshunix.dll
0x00007ffae6620000 - 0x00007ffae6637000 	C:\windows\system32\napinsp.dll
0x00007ffadd2e0000 - 0x00007ffadd2fb000 	C:\windows\system32\pnrpnsp.dll
0x00007ffb0f3b0000 - 0x00007ffb0f3c5000 	C:\windows\system32\wshbth.dll
0x00007ffb0f280000 - 0x00007ffb0f29d000 	C:\windows\system32\NLAapi.dll
0x00007ffadd2c0000 - 0x00007ffadd2d2000 	C:\windows\System32\winrnr.dll
0x00007ffb0e5c0000 - 0x00007ffb0e5ca000 	C:\Windows\System32\rasadhlp.dll
0x00007ffb0a340000 - 0x00007ffb0a3c0000 	C:\windows\System32\fwpuclnt.dll

dbghelp: loaded successfully - version: 4.0.5 - missing functions: none
symbol engine: initialized successfully - sym options: 0x614 - pdb path: .;C:\Program Files\Android\Android Studio1\jbr\bin;C:\windows\SYSTEM32;C:\windows\WinSxS\amd64_microsoft.windows.common-controls_6595b64144ccf1df_6.0.19041.4355_none_60b8b9eb71f62e16;C:\Program Files\Android\Android Studio1\jbr\bin\server;C:\Users\a\.gradle\native\c067742578af261105cb4f569cf0c3c89f3d7b1fecec35dd04571415982c5e48\windows-amd64;C:\Users\a\.gradle\native\38dada09dfb8b06ba9b0570ebf7e218e3eb74d4ef43ca46872605cf95ebc2f47\windows-amd64

VM Arguments:
jvm_args: --add-opens=java.base/java.util=ALL-UNNAMED --add-opens=java.base/java.lang=ALL-UNNAMED --add-opens=java.base/java.lang.invoke=ALL-UNNAMED --add-opens=java.prefs/java.util.prefs=ALL-UNNAMED --add-opens=java.base/java.nio.charset=ALL-UNNAMED --add-opens=java.base/java.net=ALL-UNNAMED --add-opens=java.base/java.util.concurrent.atomic=ALL-UNNAMED -Xmx2048m -Dfile.encoding=UTF-8 -Duser.country=IN -Duser.language=en -Duser.variant -javaagent:C:\Users\a\.gradle\wrapper\dists\gradle-8.4-bin\1w5dpkrfk8irigvoxmyhowfim\gradle-8.4\lib\agents\gradle-instrumentation-agent-8.4.jar 
java_command: org.gradle.launcher.daemon.bootstrap.GradleDaemon 8.4
java_class_path (initial): C:\Users\a\.gradle\wrapper\dists\gradle-8.4-bin\1w5dpkrfk8irigvoxmyhowfim\gradle-8.4\lib\gradle-launcher-8.4.jar
Launcher Type: SUN_STANDARD

[Global flags]
     intx CICompilerCount                          = 4                                         {product} {ergonomic}
     uint ConcGCThreads                            = 2                                         {product} {ergonomic}
     uint G1ConcRefinementThreads                  = 8                                         {product} {ergonomic}
   size_t G1HeapRegionSize                         = 1048576                                   {product} {ergonomic}
    uintx GCDrainStackTargetSize                   = 64                                        {product} {ergonomic}
   size_t InitialHeapSize                          = 130023424                                 {product} {ergonomic}
   size_t MarkStackSize                            = 4194304                                   {product} {ergonomic}
   size_t MaxHeapSize                              = 2147483648                                {product} {command line}
   size_t MaxNewSize                               = 1287651328                                {product} {ergonomic}
   size_t MinHeapDeltaBytes                        = 1048576                                   {product} {ergonomic}
   size_t MinHeapSize                              = 8388608                                   {product} {ergonomic}
    uintx NonNMethodCodeHeapSize                   = 5839372                                {pd product} {ergonomic}
    uintx NonProfiledCodeHeapSize                  = 122909434                              {pd product} {ergonomic}
    uintx ProfiledCodeHeapSize                     = 122909434                              {pd product} {ergonomic}
    uintx ReservedCodeCacheSize                    = 251658240                              {pd product} {ergonomic}
     bool SegmentedCodeCache                       = true                                      {product} {ergonomic}
   size_t SoftMaxHeapSize                          = 2147483648                             {manageable} {ergonomic}
     bool UseCompressedClassPointers               = true                           {product lp64_product} {ergonomic}
     bool UseCompressedOops                        = true                           {product lp64_product} {ergonomic}
     bool UseG1GC                                  = true                                      {product} {ergonomic}
     bool UseLargePagesIndividualAllocation        = false                                  {pd product} {ergonomic}

Logging:
Log output configuration:
 #0: stdout all=warning uptime,level,tags
 #1: stderr all=off uptime,level,tags

Environment Variables:
PATH=C:\Program Files\Common Files\Oracle\Java\javapath;C:\windows\system32;C:\windows;C:\windows\System32\Wbem;C:\windows\System32\WindowsPowerShell\v1.0\;C:\windows\System32\OpenSSH\;C:\Program Files\Git\cmd;C:\MinGW\bin;C:\ProgramData\chocolatey\bin;C:\Program Files\MySQL\MySQL Server 8.0\bin;C:\Users\a\AppData\Local\Microsoft\WindowsApps;C:\Users\a\AppData\Local\Programs\Microsoft VS Code\bin;C:\Program Files\JetBrains\IntelliJ IDEA Community Edition 2021.3.3\New folder\IntelliJ IDEA Community Edition 2021.3.3\bin;;C:\flutter\bin;
USERNAME=a
OS=Windows_NT
PROCESSOR_IDENTIFIER=Intel64 Family 6 Model 140 Stepping 1, GenuineIntel
TMP=C:\Users\a\AppData\Local\Temp
TEMP=C:\Users\a\AppData\Local\Temp



Periodic native trim disabled

JNI global refs:
JNI global refs: 30, weak refs: 3

JNI global refs memory usage: 843, weak refs: 841

OOME stack traces (most recent first):
Classloader memory used:
