#
# There is insufficient memory for the Java Runtime Environment to continue.
# Native memory allocation (mmap) failed to map 343932928 bytes for G1 virtual space
# Possible reasons:
#   The system is out of physical RAM or swap space
#   The process is running with CompressedOops enabled, and the Java Heap may be blocking the growth of the native heap
# Possible solutions:
#   Reduce memory load on the system
#   Increase physical memory or swap space
#   Check if swap backing store is full
#   Decrease Java heap size (-Xmx/-Xms)
#   Decrease number of Java threads
#   Decrease Java thread stack sizes (-Xss)
#   Set larger code cache with -XX:ReservedCodeCacheSize=
#   JVM is running with Unscaled Compressed Oops mode in which the Java heap is
#     placed in the first 4GB address space. The Java Heap base address is the
#     maximum limit for the native heap growth. Please use -XX:HeapBaseMinAddress
#     to set the Java Heap base and to place the Java Heap above 4GB virtual address.
# This output file may be truncated or incomplete.
#
#  Out of Memory Error (os_windows.cpp:3825), pid=15668, tid=11452
#
# JRE version: OpenJDK Runtime Environment (17.0.9) (build 17.0.9+0--11185874)
# Java VM: OpenJDK 64-Bit Server VM (17.0.9+0--11185874, mixed mode, tiered, compressed oops, compressed class ptrs, g1 gc, windows-amd64)
# No core dump will be written. Minidumps are not enabled by default on client versions of Windows
#

---------------  S U M M A R Y ------------

Command Line: --add-opens=java.base/java.util=ALL-UNNAMED --add-opens=java.base/java.lang=ALL-UNNAMED --add-opens=java.base/java.lang.invoke=ALL-UNNAMED --add-opens=java.prefs/java.util.prefs=ALL-UNNAMED --add-opens=java.base/java.nio.charset=ALL-UNNAMED --add-opens=java.base/java.net=ALL-UNNAMED --add-opens=java.base/java.util.concurrent.atomic=ALL-UNNAMED -Xmx2048m -Dfile.encoding=UTF-8 -Duser.country=IN -Duser.language=en -Duser.variant -javaagent:C:\Users\a\.gradle\wrapper\dists\gradle-8.4-bin\1w5dpkrfk8irigvoxmyhowfim\gradle-8.4\lib\agents\gradle-instrumentation-agent-8.4.jar org.gradle.launcher.daemon.bootstrap.GradleDaemon 8.4

Host: 11th Gen Intel(R) Core(TM) i5-1135G7 @ 2.40GHz, 8 cores, 7G,  Windows 10 , 64 bit Build 19041 (10.0.19041.4717)
Time: Tue Sep  3 22:02:03 2024 India Standard Time elapsed time: 7.026913 seconds (0d 0h 0m 7s)

---------------  T H R E A D  ---------------

Current thread (0x000001b76c75b3f0):  VMThread "VM Thread" [stack: 0x0000000486400000,0x0000000486500000] [id=11452]

Stack: [0x0000000486400000,0x0000000486500000]
Native frames: (J=compiled Java code, j=interpreted, Vv=VM code, C=native code)
V  [jvm.dll+0x6886e9]
V  [jvm.dll+0x841e4a]
V  [jvm.dll+0x843a8e]
V  [jvm.dll+0x8440f3]
V  [jvm.dll+0x24c14f]
V  [jvm.dll+0x685499]
V  [jvm.dll+0x679c2a]
V  [jvm.dll+0x30cf9b]
V  [jvm.dll+0x314446]
V  [jvm.dll+0x36425e]
V  [jvm.dll+0x36448f]
V  [jvm.dll+0x2e2d68]
V  [jvm.dll+0x2e0f44]
V  [jvm.dll+0x2e054c]
V  [jvm.dll+0x3253fb]
V  [jvm.dll+0x8487eb]
V  [jvm.dll+0x849531]
V  [jvm.dll+0x849a4d]
V  [jvm.dll+0x849e24]
V  [jvm.dll+0x849ef0]
V  [jvm.dll+0x7f06aa]
V  [jvm.dll+0x687565]
C  [ucrtbase.dll+0x21bb2]
C  [KERNEL32.DLL+0x17374]
C  [ntdll.dll+0x4cc91]

VM_Operation (0x0000000487cf2220): G1CollectForAllocation, mode: safepoint, requested by thread 0x000001b773da0150


---------------  P R O C E S S  ---------------

Threads class SMR info:
_java_thread_list=0x000001b773df3480, length=52, elements={
0x000001b7528de250, 0x000001b76c741490, 0x000001b76c746f80, 0x000001b76c768260,
0x000001b76c768b30, 0x000001b76c769400, 0x000001b76c8d7020, 0x000001b76c8d7c20,
0x000001b76c8e4710, 0x000001b76c8e5230, 0x000001b76c9db7d0, 0x000001b76cba9770,
0x000001b773604930, 0x000001b772b91490, 0x000001b772160020, 0x000001b773ab7630,
0x000001b773ab7b10, 0x000001b773d9fc70, 0x000001b773da0150, 0x000001b772cb5750,
0x000001b772cb4820, 0x000001b772cb38f0, 0x000001b772cb4310, 0x000001b772cb5c60,
0x000001b772cb2ed0, 0x000001b772cb33e0, 0x000001b772cb4d30, 0x000001b772cb5240,
0x000001b7740fced0, 0x000001b7740fbfa0, 0x000001b7740fa140, 0x000001b7740fab60,
0x000001b7740ff240, 0x000001b774100170, 0x000001b7740fb070, 0x000001b7740fc9c0,
0x000001b7740fc4b0, 0x000001b774100680, 0x000001b7740fde00, 0x000001b7740ffc60,
0x000001b7740fe820, 0x000001b774101ac0, 0x000001b7740fd3e0, 0x000001b774100b90,
0x000001b7740fa650, 0x000001b772311730, 0x000001b772315900, 0x000001b772311c40,
0x000001b7723153f0, 0x000001b772316320, 0x000001b772312150, 0x000001b774014340
}

Java Threads: ( => current thread )
  0x000001b7528de250 JavaThread "main" [_thread_blocked, id=11592, stack(0x0000000485e00000,0x0000000485f00000)]
  0x000001b76c741490 JavaThread "Reference Handler" daemon [_thread_blocked, id=2320, stack(0x0000000486500000,0x0000000486600000)]
  0x000001b76c746f80 JavaThread "Finalizer" daemon [_thread_blocked, id=13980, stack(0x0000000486600000,0x0000000486700000)]
  0x000001b76c768260 JavaThread "Signal Dispatcher" daemon [_thread_blocked, id=14856, stack(0x0000000486700000,0x0000000486800000)]
  0x000001b76c768b30 JavaThread "Attach Listener" daemon [_thread_blocked, id=13324, stack(0x0000000486800000,0x0000000486900000)]
  0x000001b76c769400 JavaThread "Service Thread" daemon [_thread_blocked, id=10112, stack(0x0000000486900000,0x0000000486a00000)]
  0x000001b76c8d7020 JavaThread "Monitor Deflation Thread" daemon [_thread_blocked, id=15952, stack(0x0000000486a00000,0x0000000486b00000)]
  0x000001b76c8d7c20 JavaThread "C2 CompilerThread0" daemon [_thread_blocked, id=5176, stack(0x0000000486b00000,0x0000000486c00000)]
  0x000001b76c8e4710 JavaThread "C1 CompilerThread0" daemon [_thread_blocked, id=6872, stack(0x0000000486c00000,0x0000000486d00000)]
  0x000001b76c8e5230 JavaThread "Sweeper thread" daemon [_thread_blocked, id=8400, stack(0x0000000486d00000,0x0000000486e00000)]
  0x000001b76c9db7d0 JavaThread "Common-Cleaner" daemon [_thread_blocked, id=14608, stack(0x0000000486e00000,0x0000000486f00000)]
  0x000001b76cba9770 JavaThread "Notification Thread" daemon [_thread_blocked, id=8100, stack(0x0000000486f00000,0x0000000487000000)]
  0x000001b773604930 JavaThread "Daemon health stats" [_thread_blocked, id=15048, stack(0x0000000487600000,0x0000000487700000)]
  0x000001b772b91490 JavaThread "Incoming local TCP Connector on port 58500" [_thread_in_native, id=9068, stack(0x0000000487700000,0x0000000487800000)]
  0x000001b772160020 JavaThread "Daemon periodic checks" [_thread_blocked, id=2792, stack(0x0000000487800000,0x0000000487900000)]
  0x000001b773ab7630 JavaThread "Daemon" [_thread_blocked, id=14300, stack(0x0000000487900000,0x0000000487a00000)]
  0x000001b773ab7b10 JavaThread "Handler for socket connection from /127.0.0.1:58500 to /127.0.0.1:58501" [_thread_in_native, id=16496, stack(0x0000000487a00000,0x0000000487b00000)]
  0x000001b773d9fc70 JavaThread "Cancel handler" [_thread_blocked, id=17856, stack(0x0000000487b00000,0x0000000487c00000)]
  0x000001b773da0150 JavaThread "Daemon worker" [_thread_blocked, id=17808, stack(0x0000000487c00000,0x0000000487d00000)]
  0x000001b772cb5750 JavaThread "Asynchronous log dispatcher for DefaultDaemonConnection: socket connection from /127.0.0.1:58500 to /127.0.0.1:58501" [_thread_blocked, id=10852, stack(0x0000000487d00000,0x0000000487e00000)]
  0x000001b772cb4820 JavaThread "Stdin handler" [_thread_blocked, id=4352, stack(0x0000000487e00000,0x0000000487f00000)]
  0x000001b772cb38f0 JavaThread "Daemon client event forwarder" [_thread_blocked, id=11416, stack(0x0000000487f00000,0x0000000488000000)]
  0x000001b772cb4310 JavaThread "Cache worker for journal cache (C:\Users\a\.gradle\caches\journal-1)" [_thread_blocked, id=16648, stack(0x0000000488400000,0x0000000488500000)]
  0x000001b772cb5c60 JavaThread "File lock request listener" [_thread_in_native, id=16032, stack(0x0000000488500000,0x0000000488600000)]
  0x000001b772cb2ed0 JavaThread "Cache worker for file hash cache (C:\Users\a\.gradle\caches\8.4\fileHashes)" [_thread_blocked, id=14372, stack(0x0000000488600000,0x0000000488700000)]
  0x000001b772cb33e0 JavaThread "File watcher server" daemon [_thread_blocked, id=12124, stack(0x0000000488700000,0x0000000488800000)]
  0x000001b772cb4d30 JavaThread "File watcher consumer" daemon [_thread_blocked, id=12940, stack(0x0000000488800000,0x0000000488900000)]
  0x000001b772cb5240 JavaThread "jar transforms" [_thread_blocked, id=12572, stack(0x0000000488900000,0x0000000488a00000)]
  0x000001b7740fced0 JavaThread "jar transforms Thread 2" [_thread_blocked, id=10984, stack(0x0000000488a00000,0x0000000488b00000)]
  0x000001b7740fbfa0 JavaThread "jar transforms Thread 3" [_thread_blocked, id=5704, stack(0x0000000488b00000,0x0000000488c00000)]
  0x000001b7740fa140 JavaThread "jar transforms Thread 4" [_thread_blocked, id=15268, stack(0x0000000488c00000,0x0000000488d00000)]
  0x000001b7740fab60 JavaThread "jar transforms Thread 5" [_thread_blocked, id=11300, stack(0x0000000488d00000,0x0000000488e00000)]
  0x000001b7740ff240 JavaThread "jar transforms Thread 6" [_thread_blocked, id=8236, stack(0x0000000488e00000,0x0000000488f00000)]
  0x000001b774100170 JavaThread "jar transforms Thread 7" [_thread_blocked, id=12444, stack(0x0000000488f00000,0x0000000489000000)]
  0x000001b7740fb070 JavaThread "jar transforms Thread 8" [_thread_blocked, id=8792, stack(0x0000000489000000,0x0000000489100000)]
  0x000001b7740fc9c0 JavaThread "Cache worker for checksums cache (C:\Users\a\AndroidStudioProjects\ItsMovieTime\.gradle\8.4\checksums)" [_thread_blocked, id=17400, stack(0x0000000489100000,0x0000000489200000)]
  0x000001b7740fc4b0 JavaThread "Cache worker for file hash cache (C:\Users\a\AndroidStudioProjects\ItsMovieTime\.gradle\8.4\fileHashes)" [_thread_blocked, id=9516, stack(0x0000000489300000,0x0000000489400000)]
  0x000001b774100680 JavaThread "Cache worker for cache directory md-supplier (C:\Users\a\.gradle\caches\8.4\md-supplier)" [_thread_blocked, id=15180, stack(0x0000000489400000,0x0000000489500000)]
  0x000001b7740fde00 JavaThread "Cache worker for file content cache (C:\Users\a\.gradle\caches\8.4\fileContent)" [_thread_blocked, id=12820, stack(0x0000000489500000,0x0000000489600000)]
  0x000001b7740ffc60 JavaThread "Cache worker for cache directory md-rule (C:\Users\a\.gradle\caches\8.4\md-rule)" [_thread_blocked, id=2484, stack(0x0000000489600000,0x0000000489700000)]
  0x000001b7740fe820 JavaThread "Cache worker for execution history cache (C:\Users\a\.gradle\caches\8.4\executionHistory)" [_thread_blocked, id=14676, stack(0x0000000489700000,0x0000000489800000)]
  0x000001b774101ac0 JavaThread "Cache worker for kotlin-dsl (C:\Users\a\.gradle\caches\8.4\kotlin-dsl)" [_thread_blocked, id=18008, stack(0x0000000489800000,0x0000000489900000)]
  0x000001b7740fd3e0 JavaThread "Cache worker for dependencies-accessors (C:\Users\a\AndroidStudioProjects\ItsMovieTime\.gradle\8.4\dependencies-accessors)" [_thread_blocked, id=18160, stack(0x0000000489900000,0x0000000489a00000)]
  0x000001b774100b90 JavaThread "Cache worker for Build Output Cleanup Cache (C:\Users\a\AndroidStudioProjects\ItsMovieTime\.gradle\buildOutputCleanup)" [_thread_blocked, id=12828, stack(0x0000000489a00000,0x0000000489b00000)]
  0x000001b7740fa650 JavaThread "Unconstrained build operations" [_thread_blocked, id=17992, stack(0x0000000489b00000,0x0000000489c00000)]
  0x000001b772311730 JavaThread "Unconstrained build operations Thread 2" [_thread_blocked, id=10912, stack(0x0000000489c00000,0x0000000489d00000)]
  0x000001b772315900 JavaThread "Unconstrained build operations Thread 3" [_thread_blocked, id=11884, stack(0x0000000489d00000,0x0000000489e00000)]
  0x000001b772311c40 JavaThread "Unconstrained build operations Thread 4" [_thread_blocked, id=11940, stack(0x0000000489e00000,0x0000000489f00000)]
  0x000001b7723153f0 JavaThread "Unconstrained build operations Thread 5" [_thread_blocked, id=1260, stack(0x0000000489f00000,0x000000048a000000)]
  0x000001b772316320 JavaThread "Unconstrained build operations Thread 6" [_thread_blocked, id=9836, stack(0x000000048a000000,0x000000048a100000)]
  0x000001b772312150 JavaThread "Unconstrained build operations Thread 7" [_thread_blocked, id=12696, stack(0x000000048a100000,0x000000048a200000)]
  0x000001b774014340 JavaThread "C2 CompilerThread1" daemon [_thread_blocked, id=8160, stack(0x0000000487100000,0x0000000487200000)]

Other Threads:
=>0x000001b76c75b3f0 VMThread "VM Thread" [stack: 0x0000000486400000,0x0000000486500000] [id=11452]
  0x000001b7528df120 WatcherThread [stack: 0x0000000487000000,0x0000000487100000] [id=13844]
  0x000001b75293c410 GCTaskThread "GC Thread#0" [stack: 0x0000000485f00000,0x0000000486000000] [id=8440]
  0x000001b771a65a60 GCTaskThread "GC Thread#1" [stack: 0x0000000487200000,0x0000000487300000] [id=10608]
  0x000001b771d07950 GCTaskThread "GC Thread#2" [stack: 0x0000000487300000,0x0000000487400000] [id=10580]
  0x000001b771dcf770 GCTaskThread "GC Thread#3" [stack: 0x0000000487400000,0x0000000487500000] [id=13096]
  0x000001b771dcdb80 GCTaskThread "GC Thread#4" [stack: 0x0000000487500000,0x0000000487600000] [id=13536]
  0x000001b77334aae0 GCTaskThread "GC Thread#5" [stack: 0x0000000488000000,0x0000000488100000] [id=17188]
  0x000001b773349fe0 GCTaskThread "GC Thread#6" [stack: 0x0000000488100000,0x0000000488200000] [id=16200]
  0x000001b77334a2a0 GCTaskThread "GC Thread#7" [stack: 0x0000000488200000,0x0000000488300000] [id=11004]
  0x000001b75294d270 ConcurrentGCThread "G1 Main Marker" [stack: 0x0000000486000000,0x0000000486100000] [id=10192]
  0x000001b75294e340 ConcurrentGCThread "G1 Conc#0" [stack: 0x0000000486100000,0x0000000486200000] [id=12688]
  0x000001b77334a560 ConcurrentGCThread "G1 Conc#1" [stack: 0x0000000488300000,0x0000000488400000] [id=4340]
  0x000001b75299e7f0 ConcurrentGCThread "G1 Refine#0" [stack: 0x0000000486200000,0x0000000486300000] [id=13132]
  0x000001b771f07670 ConcurrentGCThread "G1 Refine#1" [stack: 0x0000000489200000,0x0000000489300000] [id=1380]
  0x000001b775150350 ConcurrentGCThread "G1 Refine#2" [stack: 0x000000048a200000,0x000000048a300000] [id=9244]
  0x000001b775152980 ConcurrentGCThread "G1 Refine#3" [stack: 0x000000048a300000,0x000000048a400000] [id=12040]
  0x000001b7751520b0 ConcurrentGCThread "G1 Refine#4" [stack: 0x000000048a400000,0x000000048a500000] [id=10756]
  0x000001b775151ad0 ConcurrentGCThread "G1 Refine#5" [stack: 0x000000048a500000,0x000000048a600000] [id=13476]
  0x000001b76c5a8250 ConcurrentGCThread "G1 Service" [stack: 0x0000000486300000,0x0000000486400000] [id=15672]

Threads with active compile tasks:

VM state: at safepoint (normal execution)

VM Mutex/Monitor currently owned by a thread:  ([mutex/lock_event])
[0x000001b7528da7a0] Threads_lock - owner thread: 0x000001b76c75b3f0
[0x000001b7528d8af0] Heap_lock - owner thread: 0x000001b773da0150

Heap address: 0x0000000080000000, size: 2048 MB, Compressed Oops mode: 32-bit

CDS archive(s) not mapped
Compressed class space mapped at: 0x0000000100000000-0x0000000140000000, reserved size: 1073741824
Narrow klass base: 0x0000000000000000, Narrow klass shift: 3, Narrow klass range: 0x140000000

GC Precious Log:
 CPUs: 8 total, 8 available
 Memory: 7834M
 Large Page Support: Disabled
 NUMA Support: Disabled
 Compressed Oops: Enabled (32-bit)
 Heap Region Size: 1M
 Heap Min Capacity: 8M
 Heap Initial Capacity: 124M
 Heap Max Capacity: 2G
 Pre-touch: Disabled
 Parallel Workers: 8
 Concurrent Workers: 2
 Concurrent Refinement Workers: 8
 Periodic GC: Disabled

Heap:
 garbage-first heap   total 167936K, used 98293K [0x0000000080000000, 0x0000000100000000)
  region size 1024K, 5 young (5120K), 5 survivors (5120K)
 Metaspace       used 80400K, committed 81088K, reserved 1179648K
  class space    used 11291K, committed 11584K, reserved 1048576K

Heap Regions: E=young(eden), S=young(survivor), O=old, HS=humongous(starts), HC=humongous(continues), CS=collection set, F=free, OA=open archive, CA=closed archive, TAMS=top-at-mark-start (previous, next)
|   0|0x0000000080000000, 0x0000000080100000, 0x0000000080100000|100%|HS|  |TAMS 0x0000000080100000, 0x0000000080100000| Complete 
|   1|0x0000000080100000, 0x0000000080200000, 0x0000000080200000|100%|HC|  |TAMS 0x0000000080200000, 0x0000000080200000| Complete 
|   2|0x0000000080200000, 0x0000000080300000, 0x0000000080300000|100%|HC|  |TAMS 0x0000000080300000, 0x0000000080300000| Complete 
|   3|0x0000000080300000, 0x0000000080400000, 0x0000000080400000|100%|HC|  |TAMS 0x0000000080400000, 0x0000000080400000| Complete 
|   4|0x0000000080400000, 0x0000000080500000, 0x0000000080500000|100%| O|  |TAMS 0x0000000080500000, 0x0000000080500000| Untracked 
|   5|0x0000000080500000, 0x0000000080600000, 0x0000000080600000|100%| O|  |TAMS 0x0000000080600000, 0x0000000080600000| Untracked 
|   6|0x0000000080600000, 0x0000000080700000, 0x0000000080700000|100%| O|  |TAMS 0x0000000080700000, 0x0000000080700000| Untracked 
|   7|0x0000000080700000, 0x0000000080800000, 0x0000000080800000|100%| O|  |TAMS 0x0000000080800000, 0x0000000080800000| Untracked 
|   8|0x0000000080800000, 0x0000000080900000, 0x0000000080900000|100%| O|  |TAMS 0x0000000080900000, 0x0000000080900000| Untracked 
|   9|0x0000000080900000, 0x0000000080a00000, 0x0000000080a00000|100%| O|  |TAMS 0x0000000080a00000, 0x0000000080a00000| Untracked 
|  10|0x0000000080a00000, 0x0000000080b00000, 0x0000000080b00000|100%| O|  |TAMS 0x0000000080a00000, 0x0000000080b00000| Untracked 
|  11|0x0000000080b00000, 0x0000000080c00000, 0x0000000080c00000|100%| O|  |TAMS 0x0000000080c00000, 0x0000000080c00000| Untracked 
|  12|0x0000000080c00000, 0x0000000080d00000, 0x0000000080d00000|100%| O|  |TAMS 0x0000000080d00000, 0x0000000080d00000| Untracked 
|  13|0x0000000080d00000, 0x0000000080e00000, 0x0000000080e00000|100%| O|  |TAMS 0x0000000080e00000, 0x0000000080e00000| Untracked 
|  14|0x0000000080e00000, 0x0000000080f00000, 0x0000000080f00000|100%| O|  |TAMS 0x0000000080f00000, 0x0000000080f00000| Untracked 
|  15|0x0000000080f00000, 0x0000000081000000, 0x0000000081000000|100%| O|  |TAMS 0x0000000081000000, 0x0000000081000000| Untracked 
|  16|0x0000000081000000, 0x0000000081100000, 0x0000000081100000|100%| O|  |TAMS 0x0000000081100000, 0x0000000081100000| Untracked 
|  17|0x0000000081100000, 0x0000000081200000, 0x0000000081200000|100%| O|  |TAMS 0x0000000081200000, 0x0000000081200000| Untracked 
|  18|0x0000000081200000, 0x0000000081300000, 0x0000000081300000|100%| O|  |TAMS 0x0000000081300000, 0x0000000081300000| Untracked 
|  19|0x0000000081300000, 0x0000000081400000, 0x0000000081400000|100%| O|  |TAMS 0x0000000081400000, 0x0000000081400000| Untracked 
|  20|0x0000000081400000, 0x0000000081500000, 0x0000000081500000|100%|HS|  |TAMS 0x0000000081500000, 0x0000000081500000| Complete 
|  21|0x0000000081500000, 0x0000000081600000, 0x0000000081600000|100%|HC|  |TAMS 0x0000000081600000, 0x0000000081600000| Complete 
|  22|0x0000000081600000, 0x0000000081700000, 0x0000000081700000|100%|HS|  |TAMS 0x0000000081700000, 0x0000000081700000| Complete 
|  23|0x0000000081700000, 0x0000000081800000, 0x0000000081800000|100%|HC|  |TAMS 0x0000000081800000, 0x0000000081800000| Complete 
|  24|0x0000000081800000, 0x0000000081900000, 0x0000000081900000|100%|HC|  |TAMS 0x0000000081900000, 0x0000000081900000| Complete 
|  25|0x0000000081900000, 0x0000000081a00000, 0x0000000081a00000|100%|HS|  |TAMS 0x0000000081a00000, 0x0000000081a00000| Complete 
|  26|0x0000000081a00000, 0x0000000081b00000, 0x0000000081b00000|100%|HC|  |TAMS 0x0000000081b00000, 0x0000000081b00000| Complete 
|  27|0x0000000081b00000, 0x0000000081c00000, 0x0000000081c00000|100%|HC|  |TAMS 0x0000000081c00000, 0x0000000081c00000| Complete 
|  28|0x0000000081c00000, 0x0000000081d00000, 0x0000000081d00000|100%|HS|  |TAMS 0x0000000081d00000, 0x0000000081d00000| Complete 
|  29|0x0000000081d00000, 0x0000000081e00000, 0x0000000081e00000|100%|HC|  |TAMS 0x0000000081e00000, 0x0000000081e00000| Complete 
|  30|0x0000000081e00000, 0x0000000081f00000, 0x0000000081f00000|100%|HC|  |TAMS 0x0000000081f00000, 0x0000000081f00000| Complete 
|  31|0x0000000081f00000, 0x0000000082000000, 0x0000000082000000|100%| O|  |TAMS 0x0000000082000000, 0x0000000082000000| Untracked 
|  32|0x0000000082000000, 0x0000000082100000, 0x0000000082100000|100%| O|  |TAMS 0x0000000082100000, 0x0000000082100000| Untracked 
|  33|0x0000000082100000, 0x0000000082200000, 0x0000000082200000|100%| O|  |TAMS 0x0000000082200000, 0x0000000082200000| Untracked 
|  34|0x0000000082200000, 0x0000000082300000, 0x0000000082300000|100%| O|  |TAMS 0x0000000082300000, 0x0000000082300000| Untracked 
|  35|0x0000000082300000, 0x0000000082400000, 0x0000000082400000|100%| O|  |TAMS 0x0000000082400000, 0x0000000082400000| Untracked 
|  36|0x0000000082400000, 0x0000000082500000, 0x0000000082500000|100%| O|  |TAMS 0x0000000082500000, 0x0000000082500000| Untracked 
|  37|0x0000000082500000, 0x0000000082600000, 0x0000000082600000|100%| O|  |TAMS 0x0000000082600000, 0x0000000082600000| Untracked 
|  38|0x0000000082600000, 0x0000000082700000, 0x0000000082700000|100%| O|  |TAMS 0x0000000082700000, 0x0000000082700000| Untracked 
|  39|0x0000000082700000, 0x0000000082800000, 0x0000000082800000|100%| O|  |TAMS 0x0000000082800000, 0x0000000082800000| Untracked 
|  40|0x0000000082800000, 0x0000000082900000, 0x0000000082900000|100%| O|  |TAMS 0x0000000082900000, 0x0000000082900000| Untracked 
|  41|0x0000000082900000, 0x0000000082a00000, 0x0000000082a00000|100%| O|  |TAMS 0x0000000082a00000, 0x0000000082a00000| Untracked 
|  42|0x0000000082a00000, 0x0000000082b00000, 0x0000000082b00000|100%| O|  |TAMS 0x0000000082b00000, 0x0000000082b00000| Untracked 
|  43|0x0000000082b00000, 0x0000000082c00000, 0x0000000082c00000|100%| O|  |TAMS 0x0000000082c00000, 0x0000000082c00000| Untracked 
|  44|0x0000000082c00000, 0x0000000082d00000, 0x0000000082d00000|100%| O|  |TAMS 0x0000000082d00000, 0x0000000082d00000| Untracked 
|  45|0x0000000082d00000, 0x0000000082e00000, 0x0000000082e00000|100%| O|  |TAMS 0x0000000082e00000, 0x0000000082e00000| Untracked 
|  46|0x0000000082e00000, 0x0000000082f00000, 0x0000000082f00000|100%|HS|  |TAMS 0x0000000082f00000, 0x0000000082f00000| Complete 
|  47|0x0000000082f00000, 0x0000000083000000, 0x0000000083000000|100%|HC|  |TAMS 0x0000000083000000, 0x0000000083000000| Complete 
|  48|0x0000000083000000, 0x0000000083100000, 0x0000000083100000|100%|HC|  |TAMS 0x0000000083100000, 0x0000000083100000| Complete 
|  49|0x0000000083100000, 0x0000000083200000, 0x0000000083200000|100%| O|  |TAMS 0x0000000083200000, 0x0000000083200000| Untracked 
|  50|0x0000000083200000, 0x0000000083300000, 0x0000000083300000|100%| O|  |TAMS 0x0000000083300000, 0x0000000083300000| Untracked 
|  51|0x0000000083300000, 0x0000000083400000, 0x0000000083400000|100%| O|  |TAMS 0x0000000083400000, 0x0000000083400000| Untracked 
|  52|0x0000000083400000, 0x0000000083500000, 0x0000000083500000|100%| O|  |TAMS 0x0000000083500000, 0x0000000083500000| Untracked 
|  53|0x0000000083500000, 0x0000000083600000, 0x0000000083600000|100%| O|  |TAMS 0x0000000083600000, 0x0000000083600000| Untracked 
|  54|0x0000000083600000, 0x0000000083700000, 0x0000000083700000|100%| O|  |TAMS 0x0000000083700000, 0x0000000083700000| Untracked 
|  55|0x0000000083700000, 0x0000000083800000, 0x0000000083800000|100%| O|  |TAMS 0x0000000083800000, 0x0000000083800000| Untracked 
|  56|0x0000000083800000, 0x0000000083900000, 0x0000000083900000|100%| O|  |TAMS 0x0000000083900000, 0x0000000083900000| Untracked 
|  57|0x0000000083900000, 0x0000000083a00000, 0x0000000083a00000|100%| O|  |TAMS 0x0000000083a00000, 0x0000000083a00000| Untracked 
|  58|0x0000000083a00000, 0x0000000083b00000, 0x0000000083b00000|100%| O|  |TAMS 0x0000000083b00000, 0x0000000083b00000| Untracked 
|  59|0x0000000083b00000, 0x0000000083c00000, 0x0000000083c00000|100%| O|  |TAMS 0x0000000083c00000, 0x0000000083c00000| Untracked 
|  60|0x0000000083c00000, 0x0000000083d00000, 0x0000000083d00000|100%| O|  |TAMS 0x0000000083d00000, 0x0000000083d00000| Untracked 
|  61|0x0000000083d00000, 0x0000000083e00000, 0x0000000083e00000|100%| O|  |TAMS 0x0000000083e00000, 0x0000000083e00000| Untracked 
|  62|0x0000000083e00000, 0x0000000083f00000, 0x0000000083f00000|100%| O|  |TAMS 0x0000000083f00000, 0x0000000083f00000| Untracked 
|  63|0x0000000083f00000, 0x0000000084000000, 0x0000000084000000|100%| O|  |TAMS 0x0000000084000000, 0x0000000084000000| Untracked 
|  64|0x0000000084000000, 0x0000000084100000, 0x0000000084100000|100%| O|  |TAMS 0x0000000084100000, 0x0000000084100000| Untracked 
|  65|0x0000000084100000, 0x0000000084200000, 0x0000000084200000|100%| O|  |TAMS 0x0000000084200000, 0x0000000084200000| Untracked 
|  66|0x0000000084200000, 0x0000000084300000, 0x0000000084300000|100%| O|  |TAMS 0x0000000084300000, 0x0000000084300000| Untracked 
|  67|0x0000000084300000, 0x0000000084400000, 0x0000000084400000|100%| O|  |TAMS 0x0000000084400000, 0x0000000084400000| Untracked 
|  68|0x0000000084400000, 0x0000000084500000, 0x0000000084500000|100%| O|  |TAMS 0x0000000084500000, 0x0000000084500000| Untracked 
|  69|0x0000000084500000, 0x0000000084600000, 0x0000000084600000|100%| O|  |TAMS 0x0000000084600000, 0x0000000084600000| Untracked 
|  70|0x0000000084600000, 0x0000000084700000, 0x0000000084700000|100%| O|  |TAMS 0x0000000084700000, 0x0000000084700000| Untracked 
|  71|0x0000000084700000, 0x0000000084800000, 0x0000000084800000|100%| O|  |TAMS 0x0000000084700000, 0x0000000084700000| Untracked 
|  72|0x0000000084800000, 0x0000000084900000, 0x0000000084900000|100%| O|  |TAMS 0x0000000084800000, 0x0000000084900000| Untracked 
|  73|0x0000000084900000, 0x0000000084a00000, 0x0000000084a00000|100%| O|  |TAMS 0x0000000084900000, 0x0000000084a00000| Untracked 
|  74|0x0000000084a00000, 0x0000000084b00000, 0x0000000084b00000|100%| O|  |TAMS 0x0000000084b00000, 0x0000000084b00000| Untracked 
|  75|0x0000000084b00000, 0x0000000084c00000, 0x0000000084c00000|100%| O|  |TAMS 0x0000000084c00000, 0x0000000084c00000| Untracked 
|  76|0x0000000084c00000, 0x0000000084d00000, 0x0000000084d00000|100%| O|  |TAMS 0x0000000084d00000, 0x0000000084d00000| Untracked 
|  77|0x0000000084d00000, 0x0000000084e00000, 0x0000000084e00000|100%| O|  |TAMS 0x0000000084e00000, 0x0000000084e00000| Untracked 
|  78|0x0000000084e00000, 0x0000000084f00000, 0x0000000084f00000|100%| O|  |TAMS 0x0000000084f00000, 0x0000000084f00000| Untracked 
|  79|0x0000000084f00000, 0x0000000085000000, 0x0000000085000000|100%| O|  |TAMS 0x0000000085000000, 0x0000000085000000| Untracked 
|  80|0x0000000085000000, 0x0000000085000000, 0x0000000085100000|  0%| F|  |TAMS 0x0000000085000000, 0x0000000085000000| Untracked 
|  81|0x0000000085100000, 0x0000000085100000, 0x0000000085200000|  0%| F|  |TAMS 0x0000000085100000, 0x0000000085100000| Untracked 
|  82|0x0000000085200000, 0x0000000085200000, 0x0000000085300000|  0%| F|  |TAMS 0x0000000085200000, 0x0000000085200000| Untracked 
|  83|0x0000000085300000, 0x0000000085300000, 0x0000000085400000|  0%| F|  |TAMS 0x0000000085300000, 0x0000000085300000| Untracked 
|  84|0x0000000085400000, 0x0000000085500000, 0x0000000085500000|100%| O|  |TAMS 0x0000000085400000, 0x0000000085500000| Untracked 
|  85|0x0000000085500000, 0x0000000085600000, 0x0000000085600000|100%| O|  |TAMS 0x0000000085500000, 0x0000000085600000| Untracked 
|  86|0x0000000085600000, 0x0000000085700000, 0x0000000085700000|100%| O|  |TAMS 0x0000000085600000, 0x0000000085700000| Untracked 
|  87|0x0000000085700000, 0x0000000085800000, 0x0000000085800000|100%| O|  |TAMS 0x0000000085700000, 0x0000000085800000| Untracked 
|  88|0x0000000085800000, 0x0000000085900000, 0x0000000085900000|100%| O|  |TAMS 0x0000000085800000, 0x0000000085900000| Untracked 
|  89|0x0000000085900000, 0x0000000085a00000, 0x0000000085a00000|100%| O|  |TAMS 0x0000000085900000, 0x0000000085a00000| Untracked 
|  90|0x0000000085a00000, 0x0000000085b00000, 0x0000000085b00000|100%| O|  |TAMS 0x0000000085a00000, 0x0000000085a98600| Untracked 
|  91|0x0000000085b00000, 0x0000000085bfd600, 0x0000000085c00000| 98%| O|  |TAMS 0x0000000085b00000, 0x0000000085b00000| Untracked 
|  92|0x0000000085c00000, 0x0000000085c00000, 0x0000000085d00000|  0%| F|  |TAMS 0x0000000085c00000, 0x0000000085c00000| Untracked 
|  93|0x0000000085d00000, 0x0000000085d00000, 0x0000000085e00000|  0%| F|  |TAMS 0x0000000085d00000, 0x0000000085d00000| Untracked 
|  94|0x0000000085e00000, 0x0000000085e00000, 0x0000000085f00000|  0%| F|  |TAMS 0x0000000085e00000, 0x0000000085e00000| Untracked 
|  95|0x0000000085f00000, 0x0000000085f00000, 0x0000000086000000|  0%| F|  |TAMS 0x0000000085f00000, 0x0000000085f00000| Untracked 
|  96|0x0000000086000000, 0x0000000086000000, 0x0000000086100000|  0%| F|  |TAMS 0x0000000086000000, 0x0000000086000000| Untracked 
|  97|0x0000000086100000, 0x0000000086100000, 0x0000000086200000|  0%| F|  |TAMS 0x0000000086100000, 0x0000000086100000| Untracked 
|  98|0x0000000086200000, 0x0000000086200000, 0x0000000086300000|  0%| F|  |TAMS 0x0000000086200000, 0x0000000086200000| Untracked 
|  99|0x0000000086300000, 0x0000000086300000, 0x0000000086400000|  0%| F|  |TAMS 0x0000000086300000, 0x0000000086300000| Untracked 
| 100|0x0000000086400000, 0x0000000086400000, 0x0000000086500000|  0%| F|  |TAMS 0x0000000086400000, 0x0000000086400000| Untracked 
| 101|0x0000000086500000, 0x0000000086500000, 0x0000000086600000|  0%| F|  |TAMS 0x0000000086500000, 0x0000000086500000| Untracked 
| 102|0x0000000086600000, 0x0000000086600000, 0x0000000086700000|  0%| F|  |TAMS 0x0000000086600000, 0x0000000086600000| Untracked 
| 103|0x0000000086700000, 0x0000000086700000, 0x0000000086800000|  0%| F|  |TAMS 0x0000000086700000, 0x0000000086700000| Untracked 
| 104|0x0000000086800000, 0x0000000086800000, 0x0000000086900000|  0%| F|  |TAMS 0x0000000086800000, 0x0000000086800000| Untracked 
| 105|0x0000000086900000, 0x0000000086900000, 0x0000000086a00000|  0%| F|  |TAMS 0x0000000086900000, 0x0000000086900000| Untracked 
| 106|0x0000000086a00000, 0x0000000086a00000, 0x0000000086b00000|  0%| F|  |TAMS 0x0000000086a00000, 0x0000000086a00000| Untracked 
| 107|0x0000000086b00000, 0x0000000086b00000, 0x0000000086c00000|  0%| F|  |TAMS 0x0000000086b00000, 0x0000000086b00000| Untracked 
| 108|0x0000000086c00000, 0x0000000086c00000, 0x0000000086d00000|  0%| F|  |TAMS 0x0000000086c00000, 0x0000000086c00000| Untracked 
| 109|0x0000000086d00000, 0x0000000086d00000, 0x0000000086e00000|  0%| F|  |TAMS 0x0000000086d00000, 0x0000000086d00000| Untracked 
| 110|0x0000000086e00000, 0x0000000086e00000, 0x0000000086f00000|  0%| F|  |TAMS 0x0000000086e00000, 0x0000000086e00000| Untracked 
| 111|0x0000000086f00000, 0x0000000086f00000, 0x0000000087000000|  0%| F|  |TAMS 0x0000000086f00000, 0x0000000086f00000| Untracked 
| 112|0x0000000087000000, 0x0000000087000000, 0x0000000087100000|  0%| F|  |TAMS 0x0000000087000000, 0x0000000087000000| Untracked 
| 113|0x0000000087100000, 0x0000000087100000, 0x0000000087200000|  0%| F|  |TAMS 0x0000000087100000, 0x0000000087100000| Untracked 
| 114|0x0000000087200000, 0x0000000087200000, 0x0000000087300000|  0%| F|  |TAMS 0x0000000087200000, 0x0000000087200000| Untracked 
| 115|0x0000000087300000, 0x0000000087300000, 0x0000000087400000|  0%| F|  |TAMS 0x0000000087300000, 0x0000000087300000| Untracked 
| 116|0x0000000087400000, 0x0000000087400000, 0x0000000087500000|  0%| F|  |TAMS 0x0000000087400000, 0x0000000087400000| Untracked 
| 117|0x0000000087500000, 0x0000000087500000, 0x0000000087600000|  0%| F|  |TAMS 0x0000000087500000, 0x0000000087500000| Untracked 
| 118|0x0000000087600000, 0x0000000087600000, 0x0000000087700000|  0%| F|  |TAMS 0x0000000087600000, 0x0000000087600000| Untracked 
| 119|0x0000000087700000, 0x0000000087700000, 0x0000000087800000|  0%| F|  |TAMS 0x0000000087700000, 0x0000000087700000| Untracked 
| 120|0x0000000087800000, 0x0000000087800000, 0x0000000087900000|  0%| F|  |TAMS 0x0000000087800000, 0x0000000087800000| Untracked 
| 121|0x0000000087900000, 0x0000000087900000, 0x0000000087a00000|  0%| F|  |TAMS 0x0000000087900000, 0x0000000087900000| Untracked 
| 122|0x0000000087a00000, 0x0000000087b00000, 0x0000000087b00000|100%| S|CS|TAMS 0x0000000087a00000, 0x0000000087a00000| Complete 
| 123|0x0000000087b00000, 0x0000000087c00000, 0x0000000087c00000|100%| S|CS|TAMS 0x0000000087b00000, 0x0000000087b00000| Complete 
| 124|0x0000000087c00000, 0x0000000087d00000, 0x0000000087d00000|100%| S|CS|TAMS 0x0000000087c00000, 0x0000000087c00000| Complete 
| 125|0x0000000087d00000, 0x0000000087e00000, 0x0000000087e00000|100%| S|CS|TAMS 0x0000000087d00000, 0x0000000087d00000| Complete 
| 126|0x0000000087e00000, 0x0000000087f00000, 0x0000000087f00000|100%| S|CS|TAMS 0x0000000087e00000, 0x0000000087e00000| Complete 
| 127|0x0000000087f00000, 0x0000000087f00000, 0x0000000088000000|  0%| F|  |TAMS 0x0000000087f00000, 0x0000000087f00000| Untracked 
| 128|0x0000000088000000, 0x0000000088000000, 0x0000000088100000|  0%| F|  |TAMS 0x0000000088000000, 0x0000000088000000| Untracked 
| 129|0x0000000088100000, 0x0000000088100000, 0x0000000088200000|  0%| F|  |TAMS 0x0000000088100000, 0x0000000088100000| Untracked 
| 130|0x0000000088200000, 0x0000000088200000, 0x0000000088300000|  0%| F|  |TAMS 0x0000000088200000, 0x0000000088200000| Untracked 
| 131|0x0000000088300000, 0x0000000088300000, 0x0000000088400000|  0%| F|  |TAMS 0x0000000088300000, 0x0000000088300000| Untracked 
| 132|0x0000000088400000, 0x0000000088400000, 0x0000000088500000|  0%| F|  |TAMS 0x0000000088400000, 0x0000000088400000| Untracked 
| 133|0x0000000088500000, 0x0000000088500000, 0x0000000088600000|  0%| F|  |TAMS 0x0000000088500000, 0x0000000088500000| Untracked 
| 134|0x0000000088600000, 0x0000000088600000, 0x0000000088700000|  0%| F|  |TAMS 0x0000000088600000, 0x0000000088600000| Untracked 
| 135|0x0000000088700000, 0x0000000088700000, 0x0000000088800000|  0%| F|  |TAMS 0x0000000088700000, 0x0000000088700000| Untracked 
| 136|0x0000000088800000, 0x0000000088800000, 0x0000000088900000|  0%| F|  |TAMS 0x0000000088800000, 0x0000000088800000| Untracked 
| 137|0x0000000088900000, 0x0000000088900000, 0x0000000088a00000|  0%| F|  |TAMS 0x0000000088900000, 0x0000000088900000| Untracked 
| 138|0x0000000088a00000, 0x0000000088a00000, 0x0000000088b00000|  0%| F|  |TAMS 0x0000000088a00000, 0x0000000088a00000| Untracked 
| 139|0x0000000088b00000, 0x0000000088b00000, 0x0000000088c00000|  0%| F|  |TAMS 0x0000000088b00000, 0x0000000088b00000| Untracked 
| 140|0x0000000088c00000, 0x0000000088c00000, 0x0000000088d00000|  0%| F|  |TAMS 0x0000000088c00000, 0x0000000088c00000| Untracked 
| 141|0x0000000088d00000, 0x0000000088d00000, 0x0000000088e00000|  0%| F|  |TAMS 0x0000000088d00000, 0x0000000088d00000| Untracked 
| 142|0x0000000088e00000, 0x0000000088e00000, 0x0000000088f00000|  0%| F|  |TAMS 0x0000000088e00000, 0x0000000088e00000| Untracked 
| 143|0x0000000088f00000, 0x0000000088f00000, 0x0000000089000000|  0%| F|  |TAMS 0x0000000088f00000, 0x0000000088f00000| Untracked 
| 144|0x0000000089000000, 0x0000000089000000, 0x0000000089100000|  0%| F|  |TAMS 0x0000000089000000, 0x0000000089000000| Untracked 
| 145|0x0000000089100000, 0x0000000089100000, 0x0000000089200000|  0%| F|  |TAMS 0x0000000089100000, 0x0000000089100000| Untracked 
| 146|0x0000000089200000, 0x0000000089200000, 0x0000000089300000|  0%| F|  |TAMS 0x0000000089200000, 0x0000000089200000| Untracked 
| 147|0x0000000089300000, 0x0000000089300000, 0x0000000089400000|  0%| F|  |TAMS 0x0000000089300000, 0x0000000089300000| Untracked 
| 148|0x0000000089400000, 0x0000000089400000, 0x0000000089500000|  0%| F|  |TAMS 0x0000000089400000, 0x0000000089400000| Untracked 
| 149|0x0000000089500000, 0x0000000089500000, 0x0000000089600000|  0%| F|  |TAMS 0x0000000089500000, 0x0000000089500000| Untracked 
| 150|0x0000000089600000, 0x0000000089600000, 0x0000000089700000|  0%| F|  |TAMS 0x0000000089600000, 0x0000000089600000| Untracked 
| 151|0x0000000089700000, 0x0000000089700000, 0x0000000089800000|  0%| F|  |TAMS 0x0000000089700000, 0x0000000089700000| Untracked 
| 152|0x0000000089800000, 0x0000000089800000, 0x0000000089900000|  0%| F|  |TAMS 0x0000000089800000, 0x0000000089800000| Untracked 
| 153|0x0000000089900000, 0x0000000089900000, 0x0000000089a00000|  0%| F|  |TAMS 0x0000000089900000, 0x0000000089900000| Untracked 
| 154|0x0000000089a00000, 0x0000000089a00000, 0x0000000089b00000|  0%| F|  |TAMS 0x0000000089a00000, 0x0000000089a00000| Untracked 
| 155|0x0000000089b00000, 0x0000000089b00000, 0x0000000089c00000|  0%| F|  |TAMS 0x0000000089b00000, 0x0000000089b00000| Untracked 
| 156|0x0000000089c00000, 0x0000000089c00000, 0x0000000089d00000|  0%| F|  |TAMS 0x0000000089c00000, 0x0000000089c00000| Untracked 
| 157|0x0000000089d00000, 0x0000000089d00000, 0x0000000089e00000|  0%| F|  |TAMS 0x0000000089d00000, 0x0000000089d00000| Untracked 
| 158|0x0000000089e00000, 0x0000000089e00000, 0x0000000089f00000|  0%| F|  |TAMS 0x0000000089e00000, 0x0000000089e00000| Untracked 
| 159|0x0000000089f00000, 0x0000000089f00000, 0x000000008a000000|  0%| F|  |TAMS 0x0000000089f00000, 0x0000000089f00000| Untracked 
| 160|0x000000008a000000, 0x000000008a000000, 0x000000008a100000|  0%| F|  |TAMS 0x000000008a000000, 0x000000008a000000| Untracked 
|2045|0x00000000ffd00000, 0x00000000ffe00000, 0x00000000ffe00000|100%| O|  |TAMS 0x00000000ffe00000, 0x00000000ffe00000| Untracked 
|2046|0x00000000ffe00000, 0x00000000fff00000, 0x00000000fff00000|100%| O|  |TAMS 0x00000000fff00000, 0x00000000fff00000| Untracked 
|2047|0x00000000fff00000, 0x0000000100000000, 0x0000000100000000|100%| O|  |TAMS 0x0000000100000000, 0x0000000100000000| Untracked 

Card table byte_map: [0x000001b7654f0000,0x000001b7658f0000] _byte_map_base: 0x000001b7650f0000

Marking Bits (Prev, Next): (CMBitMap*) 0x000001b75293c980, (CMBitMap*) 0x000001b75293c940
 Prev Bits: [0x000001b767cf0000, 0x000001b769cf0000)
 Next Bits: [0x000001b765cf0000, 0x000001b767cf0000)

Polling page: 0x000001b750840000

Metaspace:

Usage:
  Non-class:     67.49 MB used.
      Class:     11.03 MB used.
       Both:     78.52 MB used.

Virtual space:
  Non-class space:      128.00 MB reserved,      67.88 MB ( 53%) committed,  2 nodes.
      Class space:        1.00 GB reserved,      11.31 MB (  1%) committed,  1 nodes.
             Both:        1.12 GB reserved,      79.19 MB (  7%) committed. 

Chunk freelists:
   Non-Class:  11.77 MB
       Class:  4.72 MB
        Both:  16.48 MB

MaxMetaspaceSize: unlimited
CompressedClassSpaceSize: 1.00 GB
Initial GC threshold: 21.00 MB
Current GC threshold: 129.00 MB
CDS: off
MetaspaceReclaimPolicy: balanced
 - commit_granule_bytes: 65536.
 - commit_granule_words: 8192.
 - virtual_space_node_default_size: 8388608.
 - enlarge_chunks_in_place: 1.
 - new_chunks_are_fully_committed: 0.
 - uncommit_free_chunks: 1.
 - use_allocation_guard: 0.
 - handle_deallocations: 1.


Internal statistics:

num_allocs_failed_limit: 3.
num_arena_births: 802.
num_arena_deaths: 0.
num_vsnodes_births: 3.
num_vsnodes_deaths: 0.
num_space_committed: 1265.
num_space_uncommitted: 0.
num_chunks_returned_to_freelist: 3.
num_chunks_taken_from_freelist: 3572.
num_chunk_merges: 3.
num_chunk_splits: 2506.
num_chunks_enlarged: 1835.
num_inconsistent_stats: 0.

CodeHeap 'non-profiled nmethods': size=120000Kb used=3532Kb max_used=3532Kb free=116467Kb
 bounds [0x000001b75d890000, 0x000001b75dc10000, 0x000001b764dc0000]
CodeHeap 'profiled nmethods': size=120000Kb used=12343Kb max_used=12343Kb free=107656Kb
 bounds [0x000001b755dc0000, 0x000001b7569d0000, 0x000001b75d2f0000]
CodeHeap 'non-nmethods': size=5760Kb used=2382Kb max_used=2412Kb free=3377Kb
 bounds [0x000001b75d2f0000, 0x000001b75d560000, 0x000001b75d890000]
 total_blobs=7370 nmethods=6469 adapters=813
 compilation: enabled
              stopped_count=0, restarted_count=0
 full_count=0

Compilation events (20 events):
Event: 6.995 Thread 0x000001b76c8e4710 7211       3       java.lang.ClassLoader::getParent (32 bytes)
Event: 6.995 Thread 0x000001b76c8e4710 nmethod 7211 0x000001b7569c7590 code [0x000001b7569c77c0, 0x000001b7569c8178]
Event: 6.995 Thread 0x000001b76c8e4710 7212       3       java.net.URLClassLoader$3::next (66 bytes)
Event: 6.995 Thread 0x000001b76c8e4710 nmethod 7212 0x000001b7569c8490 code [0x000001b7569c86e0, 0x000001b7569c8fc8]
Event: 6.995 Thread 0x000001b76c8e4710 7213       3       java.io.InputStreamReader::read (11 bytes)
Event: 6.995 Thread 0x000001b76c8e4710 nmethod 7213 0x000001b7569c9310 code [0x000001b7569c94c0, 0x000001b7569c9628]
Event: 7.005 Thread 0x000001b76c8d7c20 7214       4       java.lang.ClassLoader::postDefineClass (39 bytes)
Event: 7.005 Thread 0x000001b76c8e4710 7217       3       kotlin.reflect.jvm.internal.ClassValueCache::get (71 bytes)
Event: 7.006 Thread 0x000001b76c8e4710 nmethod 7217 0x000001b7569c9710 code [0x000001b7569c99c0, 0x000001b7569ca7a8]
Event: 7.006 Thread 0x000001b76c8e4710 7215       3       kotlin.jvm.internal.Reflection::getOrCreateKotlinClass (8 bytes)
Event: 7.006 Thread 0x000001b76c8e4710 nmethod 7215 0x000001b7569cac10 code [0x000001b7569caec0, 0x000001b7569cba78]
Event: 7.006 Thread 0x000001b76c8e4710 7216       3       kotlin.reflect.jvm.internal.ReflectionFactoryImpl::getOrCreateKotlinClass (5 bytes)
Event: 7.006 Thread 0x000001b76c8e4710 nmethod 7216 0x000001b7569cbe90 code [0x000001b7569cc120, 0x000001b7569ccc78]
Event: 7.011 Thread 0x000001b76c8e4710 7218       3       kotlin.properties.ObservableProperty::<init> (10 bytes)
Event: 7.011 Thread 0x000001b76c8e4710 nmethod 7218 0x000001b7569cd090 code [0x000001b7569cd220, 0x000001b7569cd3d8]
Event: 7.012 Thread 0x000001b76c8e4710 7219       3       org.jetbrains.kotlin.renderer.DescriptorRendererOptionsImpl::property (20 bytes)
Event: 7.012 Thread 0x000001b76c8e4710 nmethod 7219 0x000001b7569cd490 code [0x000001b7569cd640, 0x000001b7569cd978]
Event: 7.012 Thread 0x000001b76c8e4710 7220       3       org.jetbrains.kotlin.renderer.DescriptorRendererOptionsImpl$property$$inlined$vetoable$1::<init> (11 bytes)
Event: 7.012 Thread 0x000001b76c8d7c20 nmethod 7214 0x000001b75dc02090 code [0x000001b75dc02280, 0x000001b75dc02c00]
Event: 7.012 Thread 0x000001b76c8e4710 nmethod 7220 0x000001b7569cda90 code [0x000001b7569cdc40, 0x000001b7569cdeb8]

GC Heap History (20 events):
Event: 5.538 GC heap after
{Heap after GC invocations=26 (full 0):
 garbage-first heap   total 107520K, used 63008K [0x0000000080000000, 0x0000000100000000)
  region size 1024K, 4 young (4096K), 4 survivors (4096K)
 Metaspace       used 60747K, committed 61376K, reserved 1114112K
  class space    used 8291K, committed 8576K, reserved 1048576K
}
Event: 5.743 GC heap before
{Heap before GC invocations=27 (full 0):
 garbage-first heap   total 112640K, used 86560K [0x0000000080000000, 0x0000000100000000)
  region size 1024K, 28 young (28672K), 4 survivors (4096K)
 Metaspace       used 62928K, committed 63552K, reserved 1114112K
  class space    used 8659K, committed 8960K, reserved 1048576K
}
Event: 5.746 GC heap after
{Heap after GC invocations=28 (full 0):
 garbage-first heap   total 112640K, used 65490K [0x0000000080000000, 0x0000000100000000)
  region size 1024K, 3 young (3072K), 3 survivors (3072K)
 Metaspace       used 62928K, committed 63552K, reserved 1114112K
  class space    used 8659K, committed 8960K, reserved 1048576K
}
Event: 5.930 GC heap before
{Heap before GC invocations=28 (full 0):
 garbage-first heap   total 112640K, used 90066K [0x0000000080000000, 0x0000000100000000)
  region size 1024K, 28 young (28672K), 3 survivors (3072K)
 Metaspace       used 66606K, committed 67200K, reserved 1114112K
  class space    used 9514K, committed 9792K, reserved 1048576K
}
Event: 5.932 GC heap after
{Heap after GC invocations=29 (full 0):
 garbage-first heap   total 137216K, used 66397K [0x0000000080000000, 0x0000000100000000)
  region size 1024K, 1 young (1024K), 1 survivors (1024K)
 Metaspace       used 66606K, committed 67200K, reserved 1114112K
  class space    used 9514K, committed 9792K, reserved 1048576K
}
Event: 6.269 GC heap before
{Heap before GC invocations=30 (full 0):
 garbage-first heap   total 137216K, used 111453K [0x0000000080000000, 0x0000000100000000)
  region size 1024K, 45 young (46080K), 1 survivors (1024K)
 Metaspace       used 72386K, committed 73024K, reserved 1114112K
  class space    used 10287K, committed 10560K, reserved 1048576K
}
Event: 6.271 GC heap after
{Heap after GC invocations=31 (full 0):
 garbage-first heap   total 137216K, used 67251K [0x0000000080000000, 0x0000000100000000)
  region size 1024K, 2 young (2048K), 2 survivors (2048K)
 Metaspace       used 72386K, committed 73024K, reserved 1114112K
  class space    used 10287K, committed 10560K, reserved 1048576K
}
Event: 6.591 GC heap before
{Heap before GC invocations=31 (full 0):
 garbage-first heap   total 137216K, used 107187K [0x0000000080000000, 0x0000000100000000)
  region size 1024K, 42 young (43008K), 2 survivors (2048K)
 Metaspace       used 78337K, committed 78976K, reserved 1179648K
  class space    used 11045K, committed 11328K, reserved 1048576K
}
Event: 6.593 GC heap after
{Heap after GC invocations=32 (full 0):
 garbage-first heap   total 137216K, used 68063K [0x0000000080000000, 0x0000000100000000)
  region size 1024K, 3 young (3072K), 3 survivors (3072K)
 Metaspace       used 78337K, committed 78976K, reserved 1179648K
  class space    used 11045K, committed 11328K, reserved 1048576K
}
Event: 6.749 GC heap before
{Heap before GC invocations=33 (full 0):
 garbage-first heap   total 137216K, used 123359K [0x0000000080000000, 0x0000000100000000)
  region size 1024K, 48 young (49152K), 3 survivors (3072K)
 Metaspace       used 78655K, committed 79360K, reserved 1179648K
  class space    used 11053K, committed 11328K, reserved 1048576K
}
Event: 6.760 GC heap after
{Heap after GC invocations=34 (full 0):
 garbage-first heap   total 140288K, used 81400K [0x0000000080000000, 0x0000000100000000)
  region size 1024K, 6 young (6144K), 6 survivors (6144K)
 Metaspace       used 78655K, committed 79360K, reserved 1179648K
  class space    used 11053K, committed 11328K, reserved 1048576K
}
Event: 6.763 GC heap before
{Heap before GC invocations=34 (full 0):
 garbage-first heap   total 140288K, used 82424K [0x0000000080000000, 0x0000000100000000)
  region size 1024K, 7 young (7168K), 6 survivors (6144K)
 Metaspace       used 78655K, committed 79360K, reserved 1179648K
  class space    used 11053K, committed 11328K, reserved 1048576K
}
Event: 6.768 GC heap after
{Heap after GC invocations=35 (full 0):
 garbage-first heap   total 140288K, used 82944K [0x0000000080000000, 0x0000000100000000)
  region size 1024K, 1 young (1024K), 1 survivors (1024K)
 Metaspace       used 78655K, committed 79360K, reserved 1179648K
  class space    used 11053K, committed 11328K, reserved 1048576K
}
Event: 6.770 GC heap before
{Heap before GC invocations=35 (full 0):
 garbage-first heap   total 140288K, used 82944K [0x0000000080000000, 0x0000000100000000)
  region size 1024K, 2 young (2048K), 1 survivors (1024K)
 Metaspace       used 78656K, committed 79360K, reserved 1179648K
  class space    used 11053K, committed 11328K, reserved 1048576K
}
Event: 6.771 GC heap after
{Heap after GC invocations=36 (full 0):
 garbage-first heap   total 140288K, used 82645K [0x0000000080000000, 0x0000000100000000)
  region size 1024K, 1 young (1024K), 1 survivors (1024K)
 Metaspace       used 78656K, committed 79360K, reserved 1179648K
  class space    used 11053K, committed 11328K, reserved 1048576K
}
Event: 6.857 GC heap before
{Heap before GC invocations=37 (full 0):
 garbage-first heap   total 167936K, used 118485K [0x0000000080000000, 0x0000000100000000)
  region size 1024K, 29 young (29696K), 1 survivors (1024K)
 Metaspace       used 78661K, committed 79360K, reserved 1179648K
  class space    used 11054K, committed 11328K, reserved 1048576K
}
Event: 6.862 GC heap after
{Heap after GC invocations=38 (full 0):
 garbage-first heap   total 167936K, used 94966K [0x0000000080000000, 0x0000000100000000)
  region size 1024K, 4 young (4096K), 4 survivors (4096K)
 Metaspace       used 78661K, committed 79360K, reserved 1179648K
  class space    used 11054K, committed 11328K, reserved 1048576K
}
Event: 6.867 GC heap before
{Heap before GC invocations=38 (full 0):
 garbage-first heap   total 167936K, used 99062K [0x0000000080000000, 0x0000000100000000)
  region size 1024K, 8 young (8192K), 4 survivors (4096K)
 Metaspace       used 78661K, committed 79360K, reserved 1179648K
  class space    used 11054K, committed 11328K, reserved 1048576K
}
Event: 6.870 GC heap after
{Heap after GC invocations=39 (full 0):
 garbage-first heap   total 167936K, used 95841K [0x0000000080000000, 0x0000000100000000)
  region size 1024K, 1 young (1024K), 1 survivors (1024K)
 Metaspace       used 78661K, committed 79360K, reserved 1179648K
  class space    used 11054K, committed 11328K, reserved 1048576K
}
Event: 7.020 GC heap before
{Heap before GC invocations=39 (full 0):
 garbage-first heap   total 167936K, used 129633K [0x0000000080000000, 0x0000000100000000)
  region size 1024K, 34 young (34816K), 1 survivors (1024K)
 Metaspace       used 80400K, committed 81088K, reserved 1179648K
  class space    used 11291K, committed 11584K, reserved 1048576K
}

Dll operation events (3 events):
Event: 0.006 Loaded shared library C:\Program Files\Android\Android Studio1\jbr\bin\java.dll
Event: 0.115 Loaded shared library C:\Program Files\Android\Android Studio1\jbr\bin\zip.dll
Event: 0.417 Loaded shared library C:\Program Files\Android\Android Studio1\jbr\bin\verify.dll

Deoptimization events (20 events):
Event: 6.843 Thread 0x000001b773da0150 DEOPT PACKING pc=0x000001b75d91bc18 sp=0x0000000487cf4380
Event: 6.843 Thread 0x000001b773da0150 DEOPT UNPACKING pc=0x000001b75d34a1a3 sp=0x0000000487cf42b8 mode 2
Event: 6.843 Thread 0x000001b773da0150 Uncommon trap: trap_request=0xffffff45 fr.pc=0x000001b75dbb8038 relative=0x0000000000000a78
Event: 6.843 Thread 0x000001b773da0150 Uncommon trap: reason=unstable_if action=reinterpret pc=0x000001b75dbb8038 method=java.lang.String.lastIndexOf(II)I @ 4 c2
Event: 6.843 Thread 0x000001b773da0150 DEOPT PACKING pc=0x000001b75dbb8038 sp=0x0000000487cf4330
Event: 6.843 Thread 0x000001b773da0150 DEOPT UNPACKING pc=0x000001b75d34a1a3 sp=0x0000000487cf4240 mode 2
Event: 6.843 Thread 0x000001b773da0150 Uncommon trap: trap_request=0xffffff45 fr.pc=0x000001b75d8c95c0 relative=0x00000000000004a0
Event: 6.843 Thread 0x000001b773da0150 Uncommon trap: reason=unstable_if action=reinterpret pc=0x000001b75d8c95c0 method=java.lang.String.substring(II)Ljava/lang/String; @ 31 c2
Event: 6.844 Thread 0x000001b773da0150 DEOPT PACKING pc=0x000001b75d8c95c0 sp=0x0000000487cf42c0
Event: 6.844 Thread 0x000001b773da0150 DEOPT UNPACKING pc=0x000001b75d34a1a3 sp=0x0000000487cf4290 mode 2
Event: 6.844 Thread 0x000001b773da0150 Uncommon trap: trap_request=0xffffff45 fr.pc=0x000001b75d970830 relative=0x0000000000000490
Event: 6.844 Thread 0x000001b773da0150 Uncommon trap: reason=unstable_if action=reinterpret pc=0x000001b75d970830 method=java.lang.String.substring(II)Ljava/lang/String; @ 31 c2
Event: 6.844 Thread 0x000001b773da0150 DEOPT PACKING pc=0x000001b75d970830 sp=0x0000000487cf42c0
Event: 6.844 Thread 0x000001b773da0150 DEOPT UNPACKING pc=0x000001b75d34a1a3 sp=0x0000000487cf4220 mode 2
Event: 6.871 Thread 0x000001b773da0150 DEOPT PACKING pc=0x000001b75695ff82 sp=0x0000000487cf4610
Event: 6.871 Thread 0x000001b773da0150 DEOPT UNPACKING pc=0x000001b75d34ace3 sp=0x0000000487cf3b60 mode 0
Event: 6.885 Thread 0x000001b773da0150 DEOPT PACKING pc=0x000001b75695ff82 sp=0x0000000487cf4610
Event: 6.885 Thread 0x000001b773da0150 DEOPT UNPACKING pc=0x000001b75d34ace3 sp=0x0000000487cf3b60 mode 0
Event: 6.897 Thread 0x000001b773da0150 DEOPT PACKING pc=0x000001b75695ff82 sp=0x0000000487cf4610
Event: 6.897 Thread 0x000001b773da0150 DEOPT UNPACKING pc=0x000001b75d34ace3 sp=0x0000000487cf3b60 mode 0

Classes unloaded (0 events):
No events

Classes redefined (0 events):
No events

Internal exceptions (20 events):
Event: 5.657 Thread 0x000001b773da0150 Exception <a 'java/lang/NoSuchMethodError'{0x0000000085ec7a30}: 'java.lang.Object java.lang.invoke.DirectMethodHandle$Holder.invokeStaticInit(java.lang.Object, int)'> (0x0000000085ec7a30) 
thrown [s\src\hotspot\share\interpreter\linkResolver.cpp, line 771]
Event: 5.725 Thread 0x000001b773da0150 Implicit null exception at 0x000001b75d9fc193 to 0x000001b75d9fc2e8
Event: 5.928 Thread 0x000001b773da0150 Implicit null exception at 0x000001b75d8cb272 to 0x000001b75d8cb8b4
Event: 5.992 Thread 0x000001b773da0150 Implicit null exception at 0x000001b75d8e72f2 to 0x000001b75d8e7948
Event: 6.101 Thread 0x000001b773da0150 Exception <a 'sun/nio/fs/WindowsException'{0x0000000086d04bc8}> (0x0000000086d04bc8) 
thrown [s\src\hotspot\share\prims\jni.cpp, line 517]
Event: 6.101 Thread 0x000001b773da0150 Exception <a 'sun/nio/fs/WindowsException'{0x0000000086d06c30}> (0x0000000086d06c30) 
thrown [s\src\hotspot\share\prims\jni.cpp, line 517]
Event: 6.155 Thread 0x000001b773da0150 Exception <a 'java/lang/NoSuchMethodError'{0x0000000086656038}: 'long java.lang.invoke.DirectMethodHandle$Holder.invokeStatic(java.lang.Object)'> (0x0000000086656038) 
thrown [s\src\hotspot\share\interpreter\linkResolver.cpp, line 771]
Event: 6.156 Thread 0x000001b773da0150 Exception <a 'java/lang/NoSuchMethodError'{0x000000008665ae80}: 'long java.lang.invoke.DirectMethodHandle$Holder.invokeStaticInit(java.lang.Object)'> (0x000000008665ae80) 
thrown [s\src\hotspot\share\interpreter\linkResolver.cpp, line 771]
Event: 6.194 Thread 0x000001b773da0150 Exception <a 'java/lang/NoSuchMethodError'{0x00000000861b8f68}: 'long java.lang.invoke.Invokers$Holder.invoke_MT(java.lang.Object, java.lang.Object, java.lang.Object, java.lang.Object)'> (0x00000000861b8f68) 
thrown [s\src\hotspot\share\interpreter\linkResolver.cpp, line 771]
Event: 6.194 Thread 0x000001b773da0150 Exception <a 'java/lang/NoSuchMethodError'{0x00000000861c25b8}: 'int java.lang.invoke.Invokers$Holder.invoke_MT(java.lang.Object, java.lang.Object, java.lang.Object, java.lang.Object)'> (0x00000000861c25b8) 
thrown [s\src\hotspot\share\interpreter\linkResolver.cpp, line 771]
Event: 6.195 Thread 0x000001b773da0150 Exception <a 'java/lang/NoSuchMethodError'{0x00000000861d3088}: 'void java.lang.invoke.DelegatingMethodHandle$Holder.reinvoke_L(java.lang.Object, java.lang.Object, java.lang.Object, long, java.lang.Object)'> (0x00000000861d3088) 
thrown [s\src\hotspot\share\interpreter\linkResolver.cpp, line 771]
Event: 6.195 Thread 0x000001b773da0150 Exception <a 'java/lang/NoSuchMethodError'{0x00000000861dbc60}: 'java.lang.Object java.lang.invoke.DirectMethodHandle$Holder.invokeSpecial(java.lang.Object, java.lang.Object, java.lang.Object, java.lang.Object, long)'> (0x00000000861dbc60) 
thrown [s\src\hotspot\share\interpreter\linkResolver.cpp, line 771]
Event: 6.195 Thread 0x000001b773da0150 Exception <a 'java/lang/NoSuchMethodError'{0x00000000861ec600}: 'int java.lang.invoke.DelegatingMethodHandle$Holder.reinvoke_L(java.lang.Object, java.lang.Object, java.lang.Object, long, java.lang.Object, java.lang.Object)'> (0x00000000861ec600) 
thrown [s\src\hotspot\share\interpreter\linkResolver.cpp, line 771]
Event: 6.196 Thread 0x000001b773da0150 Exception <a 'java/lang/NoSuchMethodError'{0x00000000861fc8e8}: 'int java.lang.invoke.DelegatingMethodHandle$Holder.reinvoke_L(java.lang.Object, java.lang.Object, java.lang.Object, long, int, int)'> (0x00000000861fc8e8) 
thrown [s\src\hotspot\share\interpreter\linkResolver.cpp, line 771]
Event: 6.196 Thread 0x000001b773da0150 Exception <a 'java/lang/NoSuchMethodError'{0x000000008600ce20}: 'int java.lang.invoke.DelegatingMethodHandle$Holder.reinvoke_L(java.lang.Object, java.lang.Object, java.lang.Object, long, long, long)'> (0x000000008600ce20) 
thrown [s\src\hotspot\share\interpreter\linkResolver.cpp, line 771]
Event: 6.196 Thread 0x000001b773da0150 Exception <a 'java/lang/NoSuchMethodError'{0x000000008601cb90}: 'int java.lang.invoke.DelegatingMethodHandle$Holder.reinvoke_L(java.lang.Object, java.lang.Object, java.lang.Object, long, int)'> (0x000000008601cb90) 
thrown [s\src\hotspot\share\interpreter\linkResolver.cpp, line 771]
Event: 6.559 Thread 0x000001b773da0150 Exception <a 'java/lang/NoSuchMethodError'{0x0000000086259320}: 'java.lang.Object java.lang.invoke.Invokers$Holder.invokeExact_MT(java.lang.Object, java.lang.Object, long, java.lang.Object)'> (0x0000000086259320) 
thrown [s\src\hotspot\share\interpreter\linkResolver.cpp, line 771]
Event: 6.580 Thread 0x000001b773da0150 Exception <a 'java/lang/NoSuchMethodError'{0x00000000860dc070}: 'java.lang.Object java.lang.invoke.Invokers$Holder.invoke_MT(java.lang.Object, java.lang.Object, java.lang.Object)'> (0x00000000860dc070) 
thrown [s\src\hotspot\share\interpreter\linkResolver.cpp, line 771]
Event: 6.718 Thread 0x000001b773da0150 Implicit null exception at 0x000001b75dbc498d to 0x000001b75dbc685c
Event: 6.721 Thread 0x000001b773da0150 Implicit null exception at 0x000001b75dbc7c99 to 0x000001b75dbc8c7c

VM Operations (20 events):
Event: 6.625 Executing VM operation: G1PauseRemark done
Event: 6.638 Executing VM operation: G1PauseCleanup
Event: 6.638 Executing VM operation: G1PauseCleanup done
Event: 6.749 Executing VM operation: G1CollectForAllocation
Event: 6.760 Executing VM operation: G1CollectForAllocation done
Event: 6.763 Executing VM operation: G1CollectForAllocation
Event: 6.768 Executing VM operation: G1CollectForAllocation done
Event: 6.770 Executing VM operation: G1TryInitiateConcMark
Event: 6.771 Executing VM operation: G1TryInitiateConcMark done
Event: 6.794 Executing VM operation: HandshakeAllThreads
Event: 6.795 Executing VM operation: HandshakeAllThreads done
Event: 6.816 Executing VM operation: G1PauseRemark
Event: 6.817 Executing VM operation: G1PauseRemark done
Event: 6.836 Executing VM operation: G1PauseCleanup
Event: 6.836 Executing VM operation: G1PauseCleanup done
Event: 6.857 Executing VM operation: G1CollectForAllocation
Event: 6.862 Executing VM operation: G1CollectForAllocation done
Event: 6.867 Executing VM operation: G1CollectForAllocation
Event: 6.870 Executing VM operation: G1CollectForAllocation done
Event: 7.020 Executing VM operation: G1CollectForAllocation

Events (20 events):
Event: 6.576 loading class java/io/IOError done
Event: 6.580 loading class java/nio/channels/FileChannel$MapMode
Event: 6.580 loading class java/nio/channels/FileChannel$MapMode done
Event: 6.580 loading class jdk/internal/misc/ExtendedMapMode
Event: 6.580 loading class jdk/internal/misc/ExtendedMapMode done
Event: 6.581 loading class sun/nio/ch/FileChannelImpl$DefaultUnmapper
Event: 6.581 loading class sun/nio/ch/FileChannelImpl$Unmapper
Event: 6.581 loading class jdk/internal/access/foreign/UnmapperProxy
Event: 6.581 loading class jdk/internal/access/foreign/UnmapperProxy done
Event: 6.581 loading class sun/nio/ch/FileChannelImpl$Unmapper done
Event: 6.581 loading class sun/nio/ch/FileChannelImpl$DefaultUnmapper done
Event: 6.581 loading class sun/nio/ch/Util$4
Event: 6.581 loading class sun/nio/ch/Util$4 done
Event: 6.581 loading class jdk/internal/access/foreign/MemorySegmentProxy
Event: 6.581 loading class jdk/internal/access/foreign/MemorySegmentProxy done
Event: 6.582 loading class java/io/UTFDataFormatException
Event: 6.582 loading class java/io/UTFDataFormatException done
Event: 6.795 Thread 0x000001b76c8e5230 flushing nmethod 0x000001b75d91b890
Event: 6.913 loading class java/nio/channels/NonWritableChannelException
Event: 6.913 loading class java/nio/channels/NonWritableChannelException done


Dynamic libraries:
0x00007ff6ae490000 - 0x00007ff6ae49a000 	C:\Program Files\Android\Android Studio1\jbr\bin\java.exe
0x00007ffb60ff0000 - 0x00007ffb611e8000 	C:\windows\SYSTEM32\ntdll.dll
0x00007ffb5ff40000 - 0x00007ffb60001000 	C:\windows\System32\KERNEL32.DLL
0x00007ffb5ea80000 - 0x00007ffb5ed7d000 	C:\windows\System32\KERNELBASE.dll
0x00007ffb5e740000 - 0x00007ffb5e840000 	C:\windows\System32\ucrtbase.dll
0x00007ffb4eab0000 - 0x00007ffb4eacb000 	C:\Program Files\Android\Android Studio1\jbr\bin\VCRUNTIME140.dll
0x00007ffb54f80000 - 0x00007ffb54f97000 	C:\Program Files\Android\Android Studio1\jbr\bin\jli.dll
0x00007ffb5fd40000 - 0x00007ffb5fedd000 	C:\windows\System32\USER32.dll
0x00007ffb43690000 - 0x00007ffb4392a000 	C:\windows\WinSxS\amd64_microsoft.windows.common-controls_6595b64144ccf1df_6.0.19041.4355_none_60b8b9eb71f62e16\COMCTL32.dll
0x00007ffb5e8b0000 - 0x00007ffb5e8d2000 	C:\windows\System32\win32u.dll
0x00007ffb5f050000 - 0x00007ffb5f0ee000 	C:\windows\System32\msvcrt.dll
0x00007ffb605f0000 - 0x00007ffb6061b000 	C:\windows\System32\GDI32.dll
0x00007ffb5e8e0000 - 0x00007ffb5e9f7000 	C:\windows\System32\gdi32full.dll
0x00007ffb5e6a0000 - 0x00007ffb5e73d000 	C:\windows\System32\msvcp_win.dll
0x00007ffb5f020000 - 0x00007ffb5f04f000 	C:\windows\System32\IMM32.DLL
0x00007ffb56470000 - 0x00007ffb5647c000 	C:\Program Files\Android\Android Studio1\jbr\bin\vcruntime140_1.dll
0x00007ffb21180000 - 0x00007ffb2120d000 	C:\Program Files\Android\Android Studio1\jbr\bin\msvcp140.dll
0x00007ffb14e70000 - 0x00007ffb15af3000 	C:\Program Files\Android\Android Studio1\jbr\bin\server\jvm.dll
0x00007ffb600e0000 - 0x00007ffb60190000 	C:\windows\System32\ADVAPI32.dll
0x00007ffb60400000 - 0x00007ffb604a0000 	C:\windows\System32\sechost.dll
0x00007ffb60190000 - 0x00007ffb602b3000 	C:\windows\System32\RPCRT4.dll
0x00007ffb5ea00000 - 0x00007ffb5ea27000 	C:\windows\System32\bcrypt.dll
0x00007ffb58fe0000 - 0x00007ffb58fe9000 	C:\windows\SYSTEM32\WSOCK32.dll
0x00007ffb42a40000 - 0x00007ffb42a67000 	C:\windows\SYSTEM32\WINMM.dll
0x00007ffb5dc20000 - 0x00007ffb5dc6b000 	C:\windows\SYSTEM32\POWRPROF.dll
0x00007ffb56290000 - 0x00007ffb5629a000 	C:\windows\SYSTEM32\VERSION.dll
0x00007ffb60da0000 - 0x00007ffb60e0b000 	C:\windows\System32\WS2_32.dll
0x00007ffb5da90000 - 0x00007ffb5daa2000 	C:\windows\SYSTEM32\UMPDC.dll
0x00007ffb5c700000 - 0x00007ffb5c712000 	C:\windows\SYSTEM32\kernel.appcore.dll
0x00007ffb57110000 - 0x00007ffb5711a000 	C:\Program Files\Android\Android Studio1\jbr\bin\jimage.dll
0x00007ffb5c430000 - 0x00007ffb5c614000 	C:\windows\SYSTEM32\DBGHELP.DLL
0x00007ffb3f880000 - 0x00007ffb3f8b4000 	C:\windows\SYSTEM32\dbgcore.DLL
0x00007ffb5ef90000 - 0x00007ffb5f012000 	C:\windows\System32\bcryptPrimitives.dll
0x00007ffb56af0000 - 0x00007ffb56afe000 	C:\Program Files\Android\Android Studio1\jbr\bin\instrument.dll
0x00007ffb4ead0000 - 0x00007ffb4eaf5000 	C:\Program Files\Android\Android Studio1\jbr\bin\java.dll
0x00007ffb56fc0000 - 0x00007ffb56fd8000 	C:\Program Files\Android\Android Studio1\jbr\bin\zip.dll
0x00007ffb5f160000 - 0x00007ffb5f8cf000 	C:\windows\System32\SHELL32.dll
0x00007ffb5c720000 - 0x00007ffb5cebf000 	C:\windows\SYSTEM32\windows.storage.dll
0x00007ffb60870000 - 0x00007ffb60bc3000 	C:\windows\System32\combase.dll
0x00007ffb5e0c0000 - 0x00007ffb5e0ee000 	C:\windows\SYSTEM32\Wldp.dll
0x00007ffb60010000 - 0x00007ffb600dd000 	C:\windows\System32\OLEAUT32.dll
0x00007ffb604a0000 - 0x00007ffb6054d000 	C:\windows\System32\SHCORE.dll
0x00007ffb5fee0000 - 0x00007ffb5ff35000 	C:\windows\System32\shlwapi.dll
0x00007ffb5e5d0000 - 0x00007ffb5e5f4000 	C:\windows\SYSTEM32\profapi.dll
0x00007ffb56f20000 - 0x00007ffb56f39000 	C:\Program Files\Android\Android Studio1\jbr\bin\net.dll
0x00007ffb58030000 - 0x00007ffb5813d000 	C:\windows\SYSTEM32\WINHTTP.dll
0x00007ffb5de20000 - 0x00007ffb5de8a000 	C:\windows\system32\mswsock.dll
0x00007ffb55540000 - 0x00007ffb55556000 	C:\Program Files\Android\Android Studio1\jbr\bin\nio.dll
0x00007ffb56ef0000 - 0x00007ffb56f00000 	C:\Program Files\Android\Android Studio1\jbr\bin\verify.dll
0x00007ffb56a60000 - 0x00007ffb56a87000 	C:\Users\a\.gradle\native\c067742578af261105cb4f569cf0c3c89f3d7b1fecec35dd04571415982c5e48\windows-amd64\native-platform.dll
0x00007ffb368f0000 - 0x00007ffb36a34000 	C:\Users\a\.gradle\native\38dada09dfb8b06ba9b0570ebf7e218e3eb74d4ef43ca46872605cf95ebc2f47\windows-amd64\native-platform-file-events.dll
0x00007ffb57040000 - 0x00007ffb57049000 	C:\Program Files\Android\Android Studio1\jbr\bin\management.dll
0x00007ffb56f60000 - 0x00007ffb56f6b000 	C:\Program Files\Android\Android Studio1\jbr\bin\management_ext.dll
0x00007ffb60fa0000 - 0x00007ffb60fa8000 	C:\windows\System32\PSAPI.DLL
0x00007ffb5e010000 - 0x00007ffb5e028000 	C:\windows\SYSTEM32\CRYPTSP.dll
0x00007ffb5d6d0000 - 0x00007ffb5d704000 	C:\windows\system32\rsaenh.dll
0x00007ffb5e580000 - 0x00007ffb5e5ae000 	C:\windows\SYSTEM32\USERENV.dll
0x00007ffb5e030000 - 0x00007ffb5e03c000 	C:\windows\SYSTEM32\CRYPTBASE.dll
0x00007ffb5dab0000 - 0x00007ffb5daeb000 	C:\windows\SYSTEM32\IPHLPAPI.DLL
0x00007ffb5f0f0000 - 0x00007ffb5f0f8000 	C:\windows\System32\NSI.dll
0x00007ffb563f0000 - 0x00007ffb56407000 	C:\windows\SYSTEM32\dhcpcsvc6.DLL
0x00007ffb56830000 - 0x00007ffb5684d000 	C:\windows\SYSTEM32\dhcpcsvc.DLL
0x00007ffb5daf0000 - 0x00007ffb5dbba000 	C:\windows\SYSTEM32\DNSAPI.dll
0x00007ffb57340000 - 0x00007ffb57347000 	C:\windows\system32\wshunix.dll

dbghelp: loaded successfully - version: 4.0.5 - missing functions: none
symbol engine: initialized successfully - sym options: 0x614 - pdb path: .;C:\Program Files\Android\Android Studio1\jbr\bin;C:\windows\SYSTEM32;C:\windows\WinSxS\amd64_microsoft.windows.common-controls_6595b64144ccf1df_6.0.19041.4355_none_60b8b9eb71f62e16;C:\Program Files\Android\Android Studio1\jbr\bin\server;C:\Users\a\.gradle\native\c067742578af261105cb4f569cf0c3c89f3d7b1fecec35dd04571415982c5e48\windows-amd64;C:\Users\a\.gradle\native\38dada09dfb8b06ba9b0570ebf7e218e3eb74d4ef43ca46872605cf95ebc2f47\windows-amd64

VM Arguments:
jvm_args: --add-opens=java.base/java.util=ALL-UNNAMED --add-opens=java.base/java.lang=ALL-UNNAMED --add-opens=java.base/java.lang.invoke=ALL-UNNAMED --add-opens=java.prefs/java.util.prefs=ALL-UNNAMED --add-opens=java.base/java.nio.charset=ALL-UNNAMED --add-opens=java.base/java.net=ALL-UNNAMED --add-opens=java.base/java.util.concurrent.atomic=ALL-UNNAMED -Xmx2048m -Dfile.encoding=UTF-8 -Duser.country=IN -Duser.language=en -Duser.variant -javaagent:C:\Users\a\.gradle\wrapper\dists\gradle-8.4-bin\1w5dpkrfk8irigvoxmyhowfim\gradle-8.4\lib\agents\gradle-instrumentation-agent-8.4.jar 
java_command: org.gradle.launcher.daemon.bootstrap.GradleDaemon 8.4
java_class_path (initial): C:\Users\a\.gradle\wrapper\dists\gradle-8.4-bin\1w5dpkrfk8irigvoxmyhowfim\gradle-8.4\lib\gradle-launcher-8.4.jar
Launcher Type: SUN_STANDARD

[Global flags]
     intx CICompilerCount                          = 4                                         {product} {ergonomic}
     uint ConcGCThreads                            = 2                                         {product} {ergonomic}
     uint G1ConcRefinementThreads                  = 8                                         {product} {ergonomic}
   size_t G1HeapRegionSize                         = 1048576                                   {product} {ergonomic}
    uintx GCDrainStackTargetSize                   = 64                                        {product} {ergonomic}
   size_t InitialHeapSize                          = 130023424                                 {product} {ergonomic}
   size_t MarkStackSize                            = 4194304                                   {product} {ergonomic}
   size_t MaxHeapSize                              = 2147483648                                {product} {command line}
   size_t MaxNewSize                               = 1287651328                                {product} {ergonomic}
   size_t MinHeapDeltaBytes                        = 1048576                                   {product} {ergonomic}
   size_t MinHeapSize                              = 8388608                                   {product} {ergonomic}
    uintx NonNMethodCodeHeapSize                   = 5839372                                {pd product} {ergonomic}
    uintx NonProfiledCodeHeapSize                  = 122909434                              {pd product} {ergonomic}
    uintx ProfiledCodeHeapSize                     = 122909434                              {pd product} {ergonomic}
    uintx ReservedCodeCacheSize                    = 251658240                              {pd product} {ergonomic}
     bool SegmentedCodeCache                       = true                                      {product} {ergonomic}
   size_t SoftMaxHeapSize                          = 2147483648                             {manageable} {ergonomic}
     bool UseCompressedClassPointers               = true                           {product lp64_product} {ergonomic}
     bool UseCompressedOops                        = true                           {product lp64_product} {ergonomic}
     bool UseG1GC                                  = true                                      {product} {ergonomic}
     bool UseLargePagesIndividualAllocation        = false                                  {pd product} {ergonomic}

Logging:
Log output configuration:
 #0: stdout all=warning uptime,level,tags
 #1: stderr all=off uptime,level,tags

Environment Variables:
PATH=C:\Program Files\Common Files\Oracle\Java\javapath;C:\windows\system32;C:\windows;C:\windows\System32\Wbem;C:\windows\System32\WindowsPowerShell\v1.0\;C:\windows\System32\OpenSSH\;C:\Program Files\Git\cmd;C:\MinGW\bin;C:\ProgramData\chocolatey\bin;C:\Program Files\MySQL\MySQL Server 8.0\bin;C:\Users\a\AppData\Local\Microsoft\WindowsApps;C:\Users\a\AppData\Local\Programs\Microsoft VS Code\bin;C:\Program Files\JetBrains\IntelliJ IDEA Community Edition 2021.3.3\New folder\IntelliJ IDEA Community Edition 2021.3.3\bin;;C:\flutter\bin;
USERNAME=a
OS=Windows_NT
PROCESSOR_IDENTIFIER=Intel64 Family 6 Model 140 Stepping 1, GenuineIntel
TMP=C:\Users\a\AppData\Local\Temp
TEMP=C:\Users\a\AppData\Local\Temp



Periodic native trim disabled

JNI global refs:
JNI global refs: 26, weak refs: 0

JNI global refs memory usage: 843, weak refs: 841

OOME stack traces (most recent first):
Classloader memory used:
Loader org.gradle.internal.classloader.VisitableURLClassLoader                         : 6120K
Loader bootstrap                                                                       : 2511K
Loader org.gradle.initialization.MixInLegacyTypesClassLoader                           : 1057K
Loader org.gradle.internal.classloader.VisitableURLClassLoader$InstrumentingVisitableURLClassLoader: 101042B
Loader org.gradle.internal.classloader.VisitableURLClassLoader                         : 85065B
Loader jdk.internal.loader.ClassLoaders$PlatformClassLoader                            : 66185B
Loader jdk.internal.jrtfs.JrtFileSystemProvider$JrtFsLoader                            : 37707B
Loader jdk.internal.reflect.DelegatingClassLoader                                      : 33491B
Loader jdk.internal.loader.ClassLoaders$AppClassLoader                                 : 28460B
Loader org.gradle.groovy.scripts.internal.DefaultScriptCompilationHandler$ScriptClassLoader: 10919B
Loader org.codehaus.groovy.runtime.callsite.CallSiteClassLoader                        : 6362B

Classes loaded by more than one classloader:
Class org.gradle.internal.Cast                                                        : loaded 3 times (x 69B)
Class Program                                                                         : loaded 3 times (x 70B)
Class org.gradle.api.GradleException                                                  : loaded 3 times (x 80B)
Class org.gradle.internal.classpath.ClassPath                                         : loaded 2 times (x 68B)
Class org.gradle.api.internal.classpath.DefaultModuleRegistry                         : loaded 2 times (x 84B)
Class org.gradle.internal.exceptions.NonGradleCauseExceptionsHolder                   : loaded 2 times (x 68B)
Class Settings_gradle$1$1                                                             : loaded 2 times (x 72B)
Class com.intellij.openapi.externalSystem.model.ExternalSystemException               : loaded 2 times (x 84B)
Class jdk.internal.jimage.BasicImageReader$1                                          : loaded 2 times (x 75B)
Class org.gradle.api.Action                                                           : loaded 2 times (x 68B)
Class org.jetbrains.kotlin.idea.gradleTooling.model.samWithReceiver.SamWithReceiverModel: loaded 2 times (x 68B)
Class org.jetbrains.plugins.gradle.model.ExternalProject                              : loaded 2 times (x 68B)
Class org.jetbrains.plugins.gradle.model.IntelliJSettings                             : loaded 2 times (x 68B)
Class jdk.internal.jimage.ImageBufferCache$1                                          : loaded 2 times (x 78B)
Class jdk.internal.jimage.ImageBufferCache$2                                          : loaded 2 times (x 89B)
Class org.jetbrains.kotlin.idea.gradleTooling.KotlinMPPGradleModel                    : loaded 2 times (x 68B)
Class org.gradle.api.internal.DefaultClassPathProvider                                : loaded 2 times (x 74B)
Class org.gradle.internal.installation.GradleInstallation$1                           : loaded 2 times (x 73B)
Class jdk.internal.jrtfs.SystemImage$1                                                : loaded 2 times (x 76B)
Class jdk.internal.jrtfs.SystemImage$2                                                : loaded 2 times (x 74B)
Class org.gradle.internal.exceptions.DefaultMultiCauseException                       : loaded 2 times (x 89B)
Class org.gradle.tooling.model.UnsupportedMethodException                             : loaded 2 times (x 80B)
Class sync_studio_tooling24739_9d0l6b505njtak67csgjxqmg                               : loaded 2 times (x 177B)
Class org.gradle.internal.time.MonotonicClock                                         : loaded 2 times (x 75B)
Class org.gradle.internal.classloader.FilteringClassLoader                            : loaded 2 times (x 103B)
Class jdk.internal.jimage.ImageReader$Resource                                        : loaded 2 times (x 82B)
Class jdk.internal.jrtfs.SystemImage                                                  : loaded 2 times (x 72B)
Class org.gradle.tooling.model.Model                                                  : loaded 2 times (x 68B)
Class org.gradle.internal.classpath.DefaultClassPath$ImmutableUniqueList$Builder      : loaded 2 times (x 73B)
Class org.jetbrains.kotlin.idea.gradleTooling.KotlinSourceSetContainer                : loaded 2 times (x 68B)
Class jdk.internal.jrtfs.JrtDirectoryStream$1                                         : loaded 2 times (x 81B)
Class org.gradle.internal.classloader.ClassLoaderVisitor                              : loaded 2 times (x 74B)
Class org.gradle.internal.time.DefaultCountdownTimer                                  : loaded 2 times (x 86B)
Class org.gradle.internal.service.DefaultServiceLocator                               : loaded 2 times (x 81B)
Class org.gradle.internal.service.UnknownServiceException                             : loaded 2 times (x 81B)
Class org.jetbrains.plugins.gradle.model.DependencyAccessorsModel                     : loaded 2 times (x 68B)
Class org.gradle.internal.classloader.DefaultClassLoaderFactory                       : loaded 2 times (x 80B)
Class jdk.internal.jimage.ImageReader$SharedImageReader                               : loaded 2 times (x 93B)
Class org.jetbrains.plugins.gradle.model.GradleExtensions                             : loaded 2 times (x 68B)
Class jdk.internal.jimage.decompressor.ZipDecompressorFactory                         : loaded 2 times (x 72B)
Class org.jetbrains.plugins.gradle.model.VersionCatalogsModel                         : loaded 2 times (x 68B)
Class org.gradle.internal.classloader.VisitableURLClassLoader$Spec                    : loaded 2 times (x 72B)
Class org.gradle.tooling.model.ProjectModel                                           : loaded 2 times (x 68B)
Class org.jetbrains.plugins.gradle.model.MavenRepositoryModel                         : loaded 2 times (x 68B)
Class org.gradle.tooling.internal.gradle.DefaultProjectIdentifier                     : loaded 2 times (x 84B)
Class org.gradle.util.GradleVersion                                                   : loaded 2 times (x 81B)
Class org.jetbrains.plugins.gradle.model.RepositoriesModel                            : loaded 2 times (x 68B)
Class kotlin.jvm.internal.markers.KMappedMarker                                       : loaded 2 times (x 68B)
Class org.gradle.api.internal.ClassPathProvider                                       : loaded 2 times (x 68B)
Class org.gradle.internal.classloader.ClasspathUtil$1                                 : loaded 2 times (x 74B)
Class org.gradle.internal.classloader.ClassLoaderFactory                              : loaded 2 times (x 68B)
Class jdk.internal.jimage.ImageHeader                                                 : loaded 2 times (x 69B)
Class org.gradle.api.internal.classpath.ManifestUtil                                  : loaded 2 times (x 69B)
Class org.gradle.api.specs.Spec                                                       : loaded 2 times (x 68B)
Class org.gradle.tooling.internal.gradle.GradleBuildIdentity                          : loaded 2 times (x 68B)
Class org.gradle.internal.IoActions                                                   : loaded 2 times (x 69B)
Class jdk.internal.jimage.decompressor.StringSharingDecompressorFactory               : loaded 2 times (x 72B)
Class org.gradle.api.internal.classpath.EffectiveClassPath                            : loaded 2 times (x 88B)
Class kotlin.jvm.internal.DefaultConstructorMarker                                    : loaded 2 times (x 69B)
Class org.jetbrains.kotlin.idea.gradleTooling.model.annotation.AnnotationBasedPluginModel: loaded 2 times (x 68B)
Class org.jetbrains.kotlin.idea.gradleTooling.model.assignment.AssignmentModel        : loaded 2 times (x 68B)
Class org.gradle.internal.installation.CurrentGradleInstallation                      : loaded 2 times (x 71B)
Class org.gradle.internal.agents.InstrumentingClassLoader                             : loaded 2 times (x 68B)
Class org.gradle.internal.installation.CurrentGradleInstallationLocator               : loaded 2 times (x 69B)
Class org.gradle.api.internal.classpath.Module                                        : loaded 2 times (x 68B)
Class org.gradle.internal.service.CachingServiceLocator                               : loaded 2 times (x 80B)
Class org.gradle.internal.time.Timer                                                  : loaded 2 times (x 68B)
Class org.jetbrains.kotlin.idea.gradleTooling.KotlinDslScriptAdditionalTask           : loaded 2 times (x 68B)
Class org.jetbrains.plugins.gradle.model.tests.ExternalTestsModel                     : loaded 2 times (x 68B)
Class org.gradle.internal.classpath.DefaultClassPath                                  : loaded 2 times (x 88B)
Class jdk.internal.jimage.BasicImageReader                                            : loaded 2 times (x 93B)
Class com.intellij.openapi.externalSystem.model.project.dependencies.ProjectDependencies: loaded 2 times (x 68B)
Class org.jetbrains.kotlin.idea.gradleTooling.PrepareKotlinIdeImportTaskModel         : loaded 2 times (x 68B)
Class jdk.internal.jimage.ImageLocation                                               : loaded 2 times (x 88B)
Class org.gradle.internal.impldep.com.google.common.base.Preconditions                : loaded 2 times (x 69B)
Class kotlin.jvm.functions.Function1                                                  : loaded 2 times (x 68B)
Class sync_studio_tooling24739_9d0l6b505njtak67csgjxqmg$_run_closure1                 : loaded 2 times (x 137B)
Class jdk.internal.jimage.ImageReader$Node                                            : loaded 2 times (x 82B)
Class org.gradle.internal.time.Time                                                   : loaded 2 times (x 69B)
Class jdk.internal.jimage.decompressor.CompressedResourceHeader                       : loaded 2 times (x 69B)
Class org.gradle.internal.time.TimeSource$1                                           : loaded 2 times (x 75B)
Class jdk.internal.jrtfs.JrtPath                                                      : loaded 2 times (x 116B)
Class jdk.internal.jimage.ImageStrings                                                : loaded 2 times (x 68B)
Class jdk.internal.jrtfs.JrtFileAttributes                                            : loaded 2 times (x 81B)
Class org.gradle.internal.classloader.SystemClassLoaderSpec                           : loaded 2 times (x 69B)
Class ijInit2_8go0oocmtrwgcqrcxzt7nf124                                               : loaded 2 times (x 177B)
Class jdk.internal.jimage.decompressor.ResourceDecompressorRepository                 : loaded 2 times (x 69B)
Class kotlin.Function                                                                 : loaded 2 times (x 68B)
Class org.gradle.api.UncheckedIOException                                             : loaded 2 times (x 80B)
Class jdk.internal.jimage.decompressor.ResourceDecompressor$StringsProvider           : loaded 2 times (x 68B)
Class org.gradle.api.internal.classpath.ModuleRegistry                                : loaded 2 times (x 68B)
Class jdk.internal.jimage.decompressor.Decompressor                                   : loaded 2 times (x 70B)
Class jdk.internal.jrtfs.JrtFileSystem                                                : loaded 2 times (x 100B)
Class org.gradle.tooling.internal.gradle.GradleProjectIdentity                        : loaded 2 times (x 68B)
Class jdk.internal.jrtfs.JrtFileSystemProvider                                        : loaded 2 times (x 97B)
Class org.gradle.internal.time.CountdownTimer                                         : loaded 2 times (x 68B)
Class org.gradle.internal.time.Clock                                                  : loaded 2 times (x 68B)
Class org.gradle.internal.classloader.ClasspathUtil                                   : loaded 2 times (x 69B)
Class jdk.internal.jrtfs.JrtDirectoryStream                                           : loaded 2 times (x 87B)
Class org.gradle.tooling.model.BuildIdentifier                                        : loaded 2 times (x 68B)
Class jdk.internal.jimage.decompressor.ResourceDecompressor                           : loaded 2 times (x 68B)
Class org.gradle.api.internal.DefaultClassPathRegistry                                : loaded 2 times (x 74B)
Class org.gradle.api.internal.classpath.DefaultModuleRegistry$DefaultModule           : loaded 2 times (x 84B)
Class org.gradle.internal.time.TimeSource                                             : loaded 2 times (x 68B)
Class org.jetbrains.kotlin.android.synthetic.idea.AndroidExtensionsGradleModel        : loaded 2 times (x 68B)
Class org.gradle.api.internal.classpath.UnknownModuleException                        : loaded 2 times (x 80B)
Class org.jetbrains.plugins.gradle.model.IntelliJProjectSettings                      : loaded 2 times (x 68B)
Class org.gradle.internal.service.ServiceLookupException                              : loaded 2 times (x 80B)
Class jdk.internal.jimage.ImageStringsReader                                          : loaded 2 times (x 78B)
Class org.gradle.cache.GlobalCache                                                    : loaded 2 times (x 68B)
Class jdk.internal.jimage.decompressor.ResourceDecompressorFactory                    : loaded 2 times (x 72B)
Class org.jetbrains.kotlin.idea.gradleTooling.model.lombok.LombokModel                : loaded 2 times (x 68B)
Class org.gradle.tooling.model.ProjectIdentifier                                      : loaded 2 times (x 68B)
Class [Lorg.gradle.api.internal.ClassPathProvider;                                    : loaded 2 times (x 67B)
Class jdk.internal.jimage.ImageReader$SharedImageReader$LocationVisitor               : loaded 2 times (x 68B)
Class org.gradle.internal.operations.MultipleBuildOperationFailures                   : loaded 2 times (x 89B)
Class org.gradle.util.internal.GUtil                                                  : loaded 2 times (x 69B)
Class jdk.internal.jimage.decompressor.ZipDecompressor                                : loaded 2 times (x 73B)
Class org.jetbrains.plugins.gradle.model.AnnotationProcessingModel                    : loaded 2 times (x 68B)
Class org.gradle.internal.classloader.ClassLoaderSpec                                 : loaded 2 times (x 69B)
Class org.jetbrains.plugins.gradle.model.BuildScriptClasspathModel                    : loaded 2 times (x 68B)
Class org.gradle.internal.classloader.VisitableURLClassLoader                         : loaded 2 times (x 115B)
Class org.gradle.internal.installation.GradleInstallation                             : loaded 2 times (x 73B)
Class org.gradle.api.internal.ClassPathRegistry                                       : loaded 2 times (x 68B)
Class org.gradle.internal.classloader.VisitableURLClassLoader$InstrumentingVisitableURLClassLoader: loaded 2 times (x 121B)
Class org.gradle.internal.classloader.ClassLoaderHierarchy                            : loaded 2 times (x 68B)
Class org.gradle.internal.exceptions.MultiCauseException                              : loaded 2 times (x 68B)
Class jdk.internal.jimage.ImageReader                                                 : loaded 2 times (x 73B)
Class org.jetbrains.kotlin.idea.gradleTooling.model.parcelize.ParcelizeGradleModel    : loaded 2 times (x 68B)
Class org.gradle.internal.InternalTransformer                                         : loaded 2 times (x 68B)
Class org.jetbrains.kotlin.idea.gradleTooling.model.noarg.NoArgModel                  : loaded 2 times (x 68B)
Class org.jetbrains.kotlin.idea.gradleTooling.KotlinGradleModel                       : loaded 2 times (x 68B)
Class org.gradle.tooling.internal.gradle.DefaultBuildIdentifier                       : loaded 2 times (x 77B)
Class org.gradle.internal.service.ServiceLocator                                      : loaded 2 times (x 68B)
Class Settings_gradle$1                                                               : loaded 2 times (x 72B)
Class org.jetbrains.kotlin.idea.gradleTooling.model.allopen.AllOpenModel              : loaded 2 times (x 68B)
Class org.gradle.internal.classpath.DefaultClassPath$ImmutableUniqueList              : loaded 2 times (x 159B)
Class jdk.internal.jimage.ImageBufferCache                                            : loaded 2 times (x 69B)
Class org.gradle.internal.time.DefaultTimer                                           : loaded 2 times (x 78B)
Class org.gradle.internal.classpath.TransformedClassPath                              : loaded 2 times (x 94B)
Class Settings_gradle                                                                 : loaded 2 times (x 126B)
Class jdk.internal.jimage.ImageReader$Directory                                       : loaded 2 times (x 82B)


---------------  S Y S T E M  ---------------

OS:
 Windows 10 , 64 bit Build 19041 (10.0.19041.4717)
OS uptime: 0 days 6:50 hours

CPU: total 8 (initial active 8) (4 cores per cpu, 2 threads per core) family 6 model 140 stepping 1 microcode 0x9a, cx8, cmov, fxsr, ht, mmx, 3dnowpref, sse, sse2, sse3, ssse3, sse4.1, sse4.2, popcnt, lzcnt, tsc, tscinvbit, avx, avx2, aes, erms, clmul, bmi1, bmi2, adx, avx512f, avx512dq, avx512cd, avx512bw, avx512vl, sha, fma, vzeroupper, avx512_vpopcntdq, avx512_vpclmulqdq, avx512_vaes, avx512_vnni, clflush, clflushopt, clwb, avx512_vbmi2, avx512_vbmi
Processor Information for all 8 processors :
  Max Mhz: 2419, Current Mhz: 2419, Mhz Limit: 2419

Memory: 4k page, system-wide physical 7834M (446M free)
TotalPageFile size 10634M (AvailPageFile size 24M)
current process WorkingSet (physical memory assigned to process): 376M, peak: 376M
current process commit charge ("private bytes"): 408M, peak: 738M

vm_info: OpenJDK 64-Bit Server VM (17.0.9+0--11185874) for windows-amd64 JRE (17.0.9+0--11185874), built on Dec  6 2023 18:57:44 by "androidbuild" with MS VC++ 16.10 / 16.11 (VS2019)

END.
